00000000                                     1  		*Area Istruzioni
00000000                                     2  
00009000                                     3  		ORG		$9000
00009000                                     4  START
00009000  =00000004                          5  N		EQU	 	4
00009000                                     6  B		DS.B 	 	N
00009004  207C 00008000                      7  		MOVEA.L 	#A,A0
0000900A  227C 00009000                      8  		MOVEA.L 	#B,A1
00009010                                     9  
00009010  123C 0000                         10  		MOVE.B 	#0,D1
00009014  B23C 0004                         11  FOR		CMP.B		#N,D1
00009018  6C00 000C                         12  		BGE		FINE
0000901C  12D8                              13  		MOVE.B	(A0)+,(A1)+
0000901E  5201                              14  		ADD.B		#1,D1
00009020  4EF9 00009014                     15  		JMP		FOR
00009026                                    16  
00009026  4EF9 00009026                     17  FINE		JMP		FINE
0000902C                                    18  		
0000902C                                    19  		
0000902C                                    20  		*Area Dati
00008000                                    21  		ORG		$8000
00008000                                    22  
00008000                                    23  
00008000  04 02 07 01                       24  A		DC.B 	 	4,2,7,1
00008004                                    25  
00008004                                    26  
00008004                                    27  
00008004                                    28  		END		START

No errors detected
No warnings generated
