2023-07-19 12:24:00,491 [INFO] Activator:176 - 


2023-07-19 12:24:00,506 [INFO] Activator:177 - !SESSION log4j initialized
2023-07-19 12:24:06,342 [INFO] LogOutputStream:77 - [STDOUT_REDIRECT] 
2023-07-19 12:24:32,675 [ERROR] LogOutputStream:75 - [STDERR_REDIRECT] SLF4J: Failed to load class "org.slf4j.impl.StaticLoggerBinder".
2023-07-19 12:24:32,675 [ERROR] LogOutputStream:75 - [STDERR_REDIRECT] SLF4J: Defaulting to no-operation (NOP) logger implementation
2023-07-19 12:24:32,683 [ERROR] LogOutputStream:75 - [STDERR_REDIRECT] SLF4J: See http://www.slf4j.org/codes.html#StaticLoggerBinder for further details.
2023-07-19 12:46:54,834 [INFO] Activator:176 - 


2023-07-19 12:46:54,834 [INFO] Activator:177 - !SESSION log4j initialized
2023-07-19 12:47:00,859 [INFO] LogOutputStream:77 - [STDOUT_REDIRECT] 
2023-07-19 12:47:24,174 [ERROR] LogOutputStream:75 - [STDERR_REDIRECT] SLF4J: Failed to load class "org.slf4j.impl.StaticLoggerBinder".
2023-07-19 12:47:24,174 [ERROR] LogOutputStream:75 - [STDERR_REDIRECT] SLF4J: Defaulting to no-operation (NOP) logger implementation
2023-07-19 12:47:24,174 [ERROR] LogOutputStream:75 - [STDERR_REDIRECT] SLF4J: See http://www.slf4j.org/codes.html#StaticLoggerBinder for further details.
2023-07-19 13:02:57,278 [INFO] Activator:176 - 


2023-07-19 13:02:57,280 [INFO] Activator:177 - !SESSION log4j initialized
2023-07-19 13:03:02,306 [INFO] LogOutputStream:77 - [STDOUT_REDIRECT] 
2023-07-19 13:03:24,298 [ERROR] LogOutputStream:75 - [STDERR_REDIRECT] SLF4J: Failed to load class "org.slf4j.impl.StaticLoggerBinder".
2023-07-19 13:03:24,298 [ERROR] LogOutputStream:75 - [STDERR_REDIRECT] SLF4J: Defaulting to no-operation (NOP) logger implementation
2023-07-19 13:03:24,299 [ERROR] LogOutputStream:75 - [STDERR_REDIRECT] SLF4J: See http://www.slf4j.org/codes.html#StaticLoggerBinder for further details.
2023-07-19 13:23:50,304 [INFO] Activator:176 - 


2023-07-19 13:23:50,306 [INFO] Activator:177 - !SESSION log4j initialized
2023-07-19 13:23:55,088 [INFO] LogOutputStream:77 - [STDOUT_REDIRECT] 
2023-07-19 13:36:30,873 [INFO] Activator:176 - 


2023-07-19 13:36:30,876 [INFO] Activator:177 - !SESSION log4j initialized
2023-07-19 13:36:35,754 [INFO] LogOutputStream:77 - [STDOUT_REDIRECT] 
2023-07-19 13:36:58,656 [ERROR] LogOutputStream:75 - [STDERR_REDIRECT] SLF4J: Failed to load class "org.slf4j.impl.StaticLoggerBinder".
2023-07-19 13:36:58,657 [ERROR] LogOutputStream:75 - [STDERR_REDIRECT] SLF4J: Defaulting to no-operation (NOP) logger implementation
2023-07-19 13:36:58,658 [ERROR] LogOutputStream:75 - [STDERR_REDIRECT] SLF4J: See http://www.slf4j.org/codes.html#StaticLoggerBinder for further details.
2023-07-19 13:39:30,917 [INFO] Activator:176 - 


2023-07-19 13:39:30,919 [INFO] Activator:177 - !SESSION log4j initialized
2023-07-19 13:39:35,777 [INFO] LogOutputStream:77 - [STDOUT_REDIRECT] 
2023-07-19 13:39:57,871 [ERROR] LogOutputStream:75 - [STDERR_REDIRECT] SLF4J: Failed to load class "org.slf4j.impl.StaticLoggerBinder".
2023-07-19 13:39:57,872 [ERROR] LogOutputStream:75 - [STDERR_REDIRECT] SLF4J: Defaulting to no-operation (NOP) logger implementation
2023-07-19 13:39:57,874 [ERROR] LogOutputStream:75 - [STDERR_REDIRECT] SLF4J: See http://www.slf4j.org/codes.html#StaticLoggerBinder for further details.
2023-07-19 13:46:07,398 [INFO] Activator:176 - 


2023-07-19 13:46:07,400 [INFO] Activator:177 - !SESSION log4j initialized
2023-07-19 13:46:11,631 [INFO] LogOutputStream:77 - [STDOUT_REDIRECT] 
2023-07-19 13:46:33,404 [ERROR] LogOutputStream:75 - [STDERR_REDIRECT] SLF4J: Failed to load class "org.slf4j.impl.StaticLoggerBinder".
2023-07-19 13:46:33,405 [ERROR] LogOutputStream:75 - [STDERR_REDIRECT] SLF4J: Defaulting to no-operation (NOP) logger implementation
2023-07-19 13:46:33,406 [ERROR] LogOutputStream:75 - [STDERR_REDIRECT] SLF4J: See http://www.slf4j.org/codes.html#StaticLoggerBinder for further details.
