2023-06-10 10:12:23,107 [INFO] Activator:176 - 


2023-06-10 10:12:23,117 [INFO] Activator:177 - !SESSION log4j initialized
2023-06-10 10:12:29,269 [INFO] LogOutputStream:77 - [STDOUT_REDIRECT] 
2023-06-10 10:12:53,253 [ERROR] LogOutputStream:75 - [STDERR_REDIRECT] SLF4J: Failed to load class "org.slf4j.impl.StaticLoggerBinder".
2023-06-10 10:12:53,255 [ERROR] LogOutputStream:75 - [STDERR_REDIRECT] SLF4J: Defaulting to no-operation (NOP) logger implementation
2023-06-10 10:12:53,257 [ERROR] LogOutputStream:75 - [STDERR_REDIRECT] SLF4J: See http://www.slf4j.org/codes.html#StaticLoggerBinder for further details.
2023-06-10 13:40:10,894 [INFO] Activator:176 - 


2023-06-10 13:40:10,896 [INFO] Activator:177 - !SESSION log4j initialized
2023-06-10 13:40:16,191 [INFO] LogOutputStream:77 - [STDOUT_REDIRECT] 
2023-06-10 13:40:39,898 [ERROR] LogOutputStream:75 - [STDERR_REDIRECT] SLF4J: Failed to load class "org.slf4j.impl.StaticLoggerBinder".
2023-06-10 13:40:39,898 [ERROR] LogOutputStream:75 - [STDERR_REDIRECT] SLF4J: Defaulting to no-operation (NOP) logger implementation
2023-06-10 13:40:39,900 [ERROR] LogOutputStream:75 - [STDERR_REDIRECT] SLF4J: See http://www.slf4j.org/codes.html#StaticLoggerBinder for further details.
2023-06-10 16:32:04,661 [INFO] Activator:176 - 


2023-06-10 16:32:04,661 [INFO] Activator:177 - !SESSION log4j initialized
2023-06-10 16:32:09,076 [INFO] LogOutputStream:77 - [STDOUT_REDIRECT] 
2023-06-10 16:32:31,101 [ERROR] LogOutputStream:75 - [STDERR_REDIRECT] SLF4J: Failed to load class "org.slf4j.impl.StaticLoggerBinder".
2023-06-10 16:32:31,101 [ERROR] LogOutputStream:75 - [STDERR_REDIRECT] SLF4J: Defaulting to no-operation (NOP) logger implementation
2023-06-10 16:32:31,101 [ERROR] LogOutputStream:75 - [STDERR_REDIRECT] SLF4J: See http://www.slf4j.org/codes.html#StaticLoggerBinder for further details.
2023-06-10 16:44:29,366 [INFO] Activator:176 - 


2023-06-10 16:44:29,368 [INFO] Activator:177 - !SESSION log4j initialized
2023-06-10 16:44:34,314 [INFO] LogOutputStream:77 - [STDOUT_REDIRECT] 
2023-06-10 16:44:56,191 [ERROR] LogOutputStream:75 - [STDERR_REDIRECT] SLF4J: Failed to load class "org.slf4j.impl.StaticLoggerBinder".
2023-06-10 16:44:56,191 [ERROR] LogOutputStream:75 - [STDERR_REDIRECT] SLF4J: Defaulting to no-operation (NOP) logger implementation
2023-06-10 16:44:56,192 [ERROR] LogOutputStream:75 - [STDERR_REDIRECT] SLF4J: See http://www.slf4j.org/codes.html#StaticLoggerBinder for further details.
2023-06-10 17:16:46,813 [INFO] Activator:176 - 


2023-06-10 17:16:46,818 [INFO] Activator:177 - !SESSION log4j initialized
2023-06-10 17:16:51,324 [INFO] LogOutputStream:77 - [STDOUT_REDIRECT] 
2023-06-10 17:17:13,383 [ERROR] LogOutputStream:75 - [STDERR_REDIRECT] SLF4J: Failed to load class "org.slf4j.impl.StaticLoggerBinder".
2023-06-10 17:17:13,388 [ERROR] LogOutputStream:75 - [STDERR_REDIRECT] SLF4J: Defaulting to no-operation (NOP) logger implementation
2023-06-10 17:17:13,388 [ERROR] LogOutputStream:75 - [STDERR_REDIRECT] SLF4J: See http://www.slf4j.org/codes.html#StaticLoggerBinder for further details.
2023-06-10 18:53:40,713 [INFO] Activator:176 - 


2023-06-10 18:53:40,723 [INFO] Activator:177 - !SESSION log4j initialized
2023-06-10 18:53:46,294 [INFO] LogOutputStream:77 - [STDOUT_REDIRECT] 
2023-06-10 18:54:11,378 [ERROR] LogOutputStream:75 - [STDERR_REDIRECT] SLF4J: Failed to load class "org.slf4j.impl.StaticLoggerBinder".
2023-06-10 18:54:11,378 [ERROR] LogOutputStream:75 - [STDERR_REDIRECT] SLF4J: Defaulting to no-operation (NOP) logger implementation
2023-06-10 18:54:11,378 [ERROR] LogOutputStream:75 - [STDERR_REDIRECT] SLF4J: See http://www.slf4j.org/codes.html#StaticLoggerBinder for further details.
