00000000                                     1  **********AREA    DATI ***************
00008000                                     2  			ORG		$8000
00008000                                     3  MSG			DS.B		6
00008006  00                                 4  CONT			DC.B		0
00008007  06                                 5  DIM			DC.B		6
00008008                                     6  
00008008                                     7  **********AREA MAIN ****************
00008008                                     8  		
00008200                                     9  			ORG		$8200
00008200  =00002004                         10  PIAAD			EQU		$2004			;registro dato PIA-A
00008200  =00002005                         11  PIAAC			EQU		$2005			;registro stato\controllo PIA-A
00008200                                    12  
00008200  =00002008                         13  PIAAD1			EQU		$2008			;registro dato PIA-A1
00008200  =00002009                         14  PIAAC1			EQU		$2009			;registro stato\controllo PIA-A1
00008200                                    15  
00008200  4EB9 0000823E                     16  MAIN			JSR		PIA_A_INIT
00008206                                    17  			
00008206  40C0                              18  			MOVE.W	SR,D0			;legge il registro di stato
00008208  0240 D8FF                         19  			ANDI.W	#$D8FF,D0 		;maschera per reg stato (stato utente, int abilitati)
0000820C  46C0                              20  			MOVE.W	D0,SR			;pone liv int a 000
0000820E  0C39 0003 00008006                21  WAITISR1		CMP.B		#3,CONT
00008216  66F6                              22  			BNE		WAITISR1
00008218  4EB9 00008258                     23  			JSR		PIA1_A_INIT
0000821E                                    24  			
0000821E                                    25  			*inizializzo i registri 
0000821E                                    26  		
0000821E  227C 00002009                     27  			MOVEA.L	#PIAAC1,A1
00008224  247C 00002008                     28  			MOVEA.L	#PIAAD1,A2
0000822A  207C 00008000                     29  			MOVEA.L	#MSG,A0
00008230                                    30  	
00008230                                    31  			
00008230                                    32  			
00008230                                    33  
00008230  1212                              34  			MOVE.B	(A2),D1 	;lettura fittizia, in maniera tale da partire da uno stato noto
00008232                                    35  
00008232  0C39 0006 00008006                36  WAITISR2		CMP.B		#6,CONT
0000823A  66F6                              37  			BNE		WAITISR2
0000823C                                    38  
0000823C                                    39  
0000823C                                    40  			
0000823C  60FE                              41  LOOP			BRA		LOOP
0000823E                                    42  
0000823E                                    43  
0000823E                                    44  ********SUBROUTINE INIT PIA*******
0000823E  11FC 0000 2005                    45  PIA_A_INIT		MOVE.B	#0,PIAAC		;inizializzo a zero il registro stato\controllo
00008244  11FC 0000 2004                    46  			MOVE.B	#0,PIAAD		;inizializzo a zero il registro dato
0000824A  11FC 0000 2009                    47  			MOVE.B	#%00000000,PIAAC1	;definisco il modo di funzionamento
00008250  11FC 0025 2005                    48  			MOVE.B	#%00100101,PIAAC	;definisco il modo di funzionamento
00008256  4E75                              49  			RTS
00008258                                    50  
00008258  11FC 0000 2009                    51  PIA1_A_INIT		MOVE.B	#0,PIAAC1		;inizializzo a zero il registro stato\controllo
0000825E  11FC 0000 2008                    52  			MOVE.B	#$00,PIAAD1		;inizializzo a zero il registro dato
00008264  11FC 0000 2005                    53  			MOVE.B	#%00000000,PIAAC	;definisco il modo di funzionamento
0000826A  11FC 0025 2009                    54  			MOVE.B	#%00100101,PIAAC1	;definisco il modo di funzionamento
00008270  4E75                              55  			RTS
00008272                                    56  			
00008272                                    57  ***ISR, ricezione messaggio MSG
00008700                                    58  ISR1			ORG		$8700
00008700                                    59  			
00008700  48E7 80C0                         60  			MOVEM.L	D0/A0-A1,-(SP)		;salvo il contesto
00008704                                    61  			
00008704                                    62  			*inizializzo i registri che mi servono	
00008704  227C 00002004                     63  			MOVEA.L	#PIAAD,A1
0000870A  207C 00008000                     64  			MOVEA.L	#MSG,A0			;indirizzo area di salvataggio
00008710  1039 00008006                     65  			MOVE.B	CONT,D0			;contatore corrente degli elementi ricevuti
00008716                                    66  
00008716                                    67  		
00008716                                    68  
00008716                                    69  		
00008716  1191 0000                         70  RICEZIONE		MOVE.B	(A1),(A0,D0)			;carattere corrente da trasferire in D2;
0000871A  5200                              71  			ADD.B		#1,D0				;aggiorno il contatore degli elementi trasmessi
0000871C  13C0 00008006                     72  			MOVE.B	D0,CONT
00008722                                    73  
00008722  4CDF 0301                         74  			MOVEM.L	(SP)+,A0-A1/D0		;ripristino il contesto
00008726  4E73                              75  			RTE
00008728                                    76  
00008728                                    77  ***ISR, trasmissione messaggio MSG
00008800                                    78  ISR2			ORG		$8800
00008800                                    79  			
00008800  48E7 80C0                         80  			MOVEM.L	D0/A0-A1,-(SP)			;salvo il contesto
00008804                                    81  			
00008804                                    82  			*inizializzo i registri che mi servono	
00008804  227C 00002008                     83  			MOVEA.L	#PIAAD1,A1
0000880A  207C 00008000                     84  			MOVEA.L	#MSG,A0			;indirizzo area di salvataggio
00008810  1039 00008006                     85  			MOVE.B	CONT,D0			;contatore corrente degli elementi ricevuti
00008816                                    86  
00008816                                    87  		
00008816                                    88  
00008816                                    89  		
00008816  1191 0000                         90  			MOVE.B	(A1),(A0,D0)			;carattere corrente da trasferire in D2;
0000881A  5200                              91  			ADD.B		#1,D0				;aggiorno il contatore degli elementi trasmessi
0000881C  13C0 00008006                     92  			MOVE.B	D0,CONT
00008822                                    93  
00008822  4CDF 0301                         94  			MOVEM.L	(SP)+,A0-A1/D0		;ripristino il contesto
00008826  4E73                              95  			RTE
00008828                                    96  
00008828                                    97  
00008828                                    98  			END		MAIN

No errors detected
No warnings generated
