2023-05-18 16:59:41,766 [INFO] Activator:176 - 


2023-05-18 16:59:41,771 [INFO] Activator:177 - !SESSION log4j initialized
2023-05-18 16:59:45,014 [INFO] LogOutputStream:77 - [STDOUT_REDIRECT] 
2023-05-18 17:00:04,047 [INFO] ApplicationProperties:184 - Using Application install path: C:\ST\STM32CubeIDE_1.12.0\STM32CubeIDE\plugins\com.st.stm32cube.common.mx_6.8.0.202302231600
2023-05-18 17:00:04,074 [INFO] DbMcusXml:78 - Set database path to: C:\ST\STM32CubeIDE_1.12.0\STM32CubeIDE\plugins\com.st.stm32cube.common.mx_6.8.0.202302231600\\db\/mcu/
2023-05-18 17:00:04,074 [INFO] ApiDb:274 - Set plugin database path to: C:\ST\STM32CubeIDE_1.12.0\STM32CubeIDE\plugins\com.st.stm32cube.common.mx_6.8.0.202302231600\\db\/plugins/boardmanager/
2023-05-18 17:00:04,081 [WARN] ApiDb:259 - Overriding images path with different value:  => C:\ST\STM32CubeIDE_1.12.0\STM32CubeIDE\plugins\com.st.stm32cube.common.mx_6.8.0.202302231600\\db\/plugins/mcufinder/images/
2023-05-18 17:00:04,089 [INFO] ApiDb:250 - Set database path to: C:\Users\Utente\.stmcufinder\plugins\mcufinder//mcu/
2023-05-18 17:00:04,098 [INFO] DbMcusAds:125 - Set database path to: C:\Users\Utente\.stmcufinder\plugins\mcufinder//mcu/
2023-05-18 17:00:04,364 [INFO] CrossReferenceDbSqlite:203 - Set database path to: C:\Users\Utente\.stmcufinder\plugins\mcufinder//mcu/cs/
2023-05-18 17:00:04,531 [INFO] RulesReader:64 - Compatibility file has been processed (293 Rules)
2023-05-18 17:00:04,647 [INFO] DbMcusXml:78 - Set database path to: C:\ST\STM32CubeIDE_1.12.0\STM32CubeIDE\plugins\com.st.stm32cube.common.mx_6.8.0.202302231600\\db\/mcu/
2023-05-18 17:00:04,647 [INFO] ApiDb:274 - Set plugin database path to: C:\ST\STM32CubeIDE_1.12.0\STM32CubeIDE\plugins\com.st.stm32cube.common.mx_6.8.0.202302231600\\db\/plugins/boardmanager/
2023-05-18 17:00:04,647 [INFO] ApiDb:261 - Set plugin images path to: C:\ST\STM32CubeIDE_1.12.0\STM32CubeIDE\plugins\com.st.stm32cube.common.mx_6.8.0.202302231600\\db\/plugins/mcufinder/images/
2023-05-18 17:00:04,647 [WARN] DbFile:41 - Overriding database path with different value: C:\Users\Utente\.stmcufinder\plugins\mcufinder/ => C:\Users\Utente\.stmcufinder\plugins\mcufinder
2023-05-18 17:00:04,647 [INFO] ApiDb:250 - Set database path to: C:\Users\Utente\.stmcufinder\plugins\mcufinder//mcu/
2023-05-18 17:00:04,647 [WARN] DbFile:41 - Overriding database path with different value: C:\Users\Utente\.stmcufinder\plugins\mcufinder/ => C:\Users\Utente\.stmcufinder\plugins\mcufinder
2023-05-18 17:00:04,649 [INFO] DbMcusAds:125 - Set database path to: C:\Users\Utente\.stmcufinder\plugins\mcufinder//mcu/
2023-05-18 17:00:04,649 [WARN] DbFile:41 - Overriding database path with different value: C:\Users\Utente\.stmcufinder\plugins\mcufinder/ => C:\Users\Utente\.stmcufinder\plugins\mcufinder
2023-05-18 17:00:04,649 [WARN] DbFile:41 - Overriding database path with different value: C:\Users\Utente\.stmcufinder\plugins\mcufinder/ => C:\Users\Utente\.stmcufinder\plugins\mcufinder
2023-05-18 17:00:04,649 [INFO] CrossReferenceDbSqlite:203 - Set database path to: C:\Users\Utente\.stmcufinder\plugins\mcufinder//mcu/cs/
2023-05-18 17:00:04,742 [INFO] MainPanel:253 - HeapMemory: 268435456
2023-05-18 17:00:04,840 [INFO] DbMcusXml:78 - Set database path to: C:\ST\STM32CubeIDE_1.12.0\STM32CubeIDE\plugins\com.st.stm32cube.common.mx_6.8.0.202302231600\\db\/mcu/
2023-05-18 17:00:04,840 [INFO] ApiDb:274 - Set plugin database path to: C:\ST\STM32CubeIDE_1.12.0\STM32CubeIDE\plugins\com.st.stm32cube.common.mx_6.8.0.202302231600\\db\/plugins/boardmanager/
2023-05-18 17:00:04,840 [INFO] ApiDb:261 - Set plugin images path to: C:\ST\STM32CubeIDE_1.12.0\STM32CubeIDE\plugins\com.st.stm32cube.common.mx_6.8.0.202302231600\\db\/plugins/mcufinder/images/
2023-05-18 17:00:04,840 [WARN] DbFile:41 - Overriding database path with different value: C:\Users\Utente\.stmcufinder\plugins\mcufinder/ => C:\Users\Utente\.stmcufinder\plugins\mcufinder
2023-05-18 17:00:04,840 [INFO] ApiDb:250 - Set database path to: C:\Users\Utente\.stmcufinder\plugins\mcufinder//mcu/
2023-05-18 17:00:04,840 [WARN] DbFile:41 - Overriding database path with different value: C:\Users\Utente\.stmcufinder\plugins\mcufinder/ => C:\Users\Utente\.stmcufinder\plugins\mcufinder
2023-05-18 17:00:04,840 [INFO] DbMcusAds:125 - Set database path to: C:\Users\Utente\.stmcufinder\plugins\mcufinder//mcu/
2023-05-18 17:00:04,840 [WARN] DbFile:41 - Overriding database path with different value: C:\Users\Utente\.stmcufinder\plugins\mcufinder/ => C:\Users\Utente\.stmcufinder\plugins\mcufinder
2023-05-18 17:00:04,840 [WARN] DbFile:41 - Overriding database path with different value: C:\Users\Utente\.stmcufinder\plugins\mcufinder/ => C:\Users\Utente\.stmcufinder\plugins\mcufinder
2023-05-18 17:00:04,840 [INFO] CrossReferenceDbSqlite:203 - Set database path to: C:\Users\Utente\.stmcufinder\plugins\mcufinder//mcu/cs/
2023-05-18 17:00:04,872 [INFO] ApplicationProperties:184 - Using Application install path: C:\ST\STM32CubeIDE_1.12.0\STM32CubeIDE\plugins\com.st.stm32cube.common.mx_6.8.0.202302231600
2023-05-18 17:00:04,873 [INFO] PluginManage:196 - Search for loadable plugins [exclusion list=, ]
2023-05-18 17:00:04,875 [INFO] PluginManage:310 - Check plugin analytics
2023-05-18 17:00:05,047 [INFO] AnalyticsPlugin:253 - Accepted Software Licenses: 
2023-05-18 17:00:05,047 [INFO] AnalyticsPlugin:255 - Accepted CMSIS Pack Licenses: STMicroelectronics.X-CUBE-ALGOBUILD.1.3.0
2023-05-18 17:00:05,047 [INFO] AnalyticsPlugin:257 - Accepted Firmware Licenses: 
2023-05-18 17:00:05,065 [INFO] PluginManage:359 - Loaded plugin analytics (category:tool,tabindex:-1)
2023-05-18 17:00:05,065 [INFO] PluginManage:310 - Check plugin cadmodel
2023-05-18 17:00:05,065 [INFO] CADModel:105 - Init CAD model plugin
2023-05-18 17:00:05,065 [INFO] PluginManage:359 - Loaded plugin cadmodel (category:power,tabindex:5)
2023-05-18 17:00:05,073 [INFO] PluginManage:310 - Check plugin clock
2023-05-18 17:00:05,081 [INFO] PluginManage:359 - Loaded plugin clock (category:base,tabindex:2)
2023-05-18 17:00:05,081 [INFO] PluginManage:310 - Check plugin ddr
2023-05-18 17:00:05,081 [INFO] PluginManage:359 - Loaded plugin ddr (category:tool,tabindex:6)
2023-05-18 17:00:05,081 [INFO] PluginManage:310 - Check plugin filemanager
2023-05-18 17:00:05,264 [INFO] PluginManage:359 - Loaded plugin filemanager (category:base,tabindex:10)
2023-05-18 17:00:05,264 [INFO] PluginManage:310 - Check plugin ipmanager
2023-05-18 17:00:05,283 [INFO] PluginManage:359 - Loaded plugin ipmanager (category:base,tabindex:5)
2023-05-18 17:00:05,283 [INFO] PluginManage:310 - Check plugin lpbam
2023-05-18 17:00:05,294 [INFO] PluginManage:359 - Loaded plugin lpbam (category:base,tabindex:0)
2023-05-18 17:00:05,294 [INFO] PluginManage:310 - Check plugin pinoutandconfiguration
2023-05-18 17:00:05,302 [INFO] PluginManage:359 - Loaded plugin pinoutandconfiguration (category:base,tabindex:1)
2023-05-18 17:00:05,302 [INFO] PluginManage:310 - Check plugin pinoutconfig
2023-05-18 17:00:05,376 [WARN] SupportedApi:132 - Cannot load RTOS API schema: s4s-elt-must-match.1: The content of 'definitions' must match (annotation?, (simpleType | complexType)?, (unique | key | keyref)*)). A problem was found starting at: attribute.
2023-05-18 17:00:05,555 [INFO] PluginManage:359 - Loaded plugin pinoutconfig (category:base,tabindex:0)
2023-05-18 17:00:05,555 [INFO] PluginManage:310 - Check plugin power
2023-05-18 17:00:05,578 [INFO] PluginManage:359 - Loaded plugin power (category:power,tabindex:4)
2023-05-18 17:00:05,578 [INFO] PluginManage:310 - Check plugin projectmanager
2023-05-18 17:00:05,603 [INFO] PluginManage:359 - Loaded plugin projectmanager (category:projectmanager,tabindex:3)
2023-05-18 17:00:05,603 [INFO] PluginManage:310 - Check plugin thirdparty
2023-05-18 17:00:05,815 [INFO] PluginManage:359 - Loaded plugin thirdparty (category:base,tabindex:-1)
2023-05-18 17:00:05,815 [INFO] PluginManage:310 - Check plugin tools
2023-05-18 17:00:05,815 [WARN] IntegrityCheckThread:84 - waiting for thirdparty lock release [integrity check]
2023-05-18 17:00:05,815 [INFO] IntegrityCheckThread:86 - entering critical section [integrity check]
2023-05-18 17:00:05,823 [INFO] ThirdPartyUpdaterWithRetryManager:70 - Updater plugin not ready yet. [1/15]
2023-05-18 17:00:05,823 [INFO] PluginManage:359 - Loaded plugin tools (category:base,tabindex:7)
2023-05-18 17:00:05,823 [INFO] PluginManage:310 - Check plugin tutovideos
2023-05-18 17:00:06,048 [INFO] PluginManage:359 - Loaded plugin tutovideos (category:base,tabindex:-1)
2023-05-18 17:00:06,048 [INFO] PluginManage:310 - Check plugin updater
2023-05-18 17:00:06,072 [INFO] PluginManage:359 - Loaded plugin updater (category:base,tabindex:12)
2023-05-18 17:00:06,073 [INFO] PluginManage:283 - PluginManage : Loaded plugins [15]
2023-05-18 17:00:06,361 [INFO] PinOutPanel:1499 - setPackage(No Configuration,No Configuration)
2023-05-18 17:00:06,432 [INFO] CADModel:165 - CPN selected for project level
2023-05-18 17:00:06,432 [INFO] CADModel:114 - Register for checkConnection events
2023-05-18 17:00:06,456 [INFO] IPUIPlugin:80 - create IPUIPlugin
2023-05-18 17:00:06,456 [INFO] PluginManager:220 - loadIPPluginJar : add adc
2023-05-18 17:00:06,456 [INFO] IPUIPlugin:80 - create IPUIPlugin
2023-05-18 17:00:06,456 [INFO] PluginManager:220 - loadIPPluginJar : add aes
2023-05-18 17:00:06,456 [INFO] IPUIPlugin:80 - create IPUIPlugin
2023-05-18 17:00:06,456 [INFO] PluginManager:220 - loadIPPluginJar : add can
2023-05-18 17:00:06,464 [INFO] IPUIPlugin:80 - create IPUIPlugin
2023-05-18 17:00:06,464 [INFO] PluginManager:220 - loadIPPluginJar : add comp
2023-05-18 17:00:06,464 [INFO] IPUIPlugin:80 - create IPUIPlugin
2023-05-18 17:00:06,464 [INFO] PluginManager:220 - loadIPPluginJar : add cryp
2023-05-18 17:00:06,464 [INFO] IPUIPlugin:80 - create IPUIPlugin
2023-05-18 17:00:06,464 [INFO] PluginManager:220 - loadIPPluginJar : add dfsdm
2023-05-18 17:00:06,472 [INFO] IPUIPlugin:80 - create IPUIPlugin
2023-05-18 17:00:06,481 [INFO] PluginManager:220 - loadIPPluginJar : add dma
2023-05-18 17:00:06,481 [INFO] IPUIPlugin:80 - create IPUIPlugin
2023-05-18 17:00:06,481 [INFO] PluginManager:220 - loadIPPluginJar : add dma3
2023-05-18 17:00:06,481 [INFO] IPUIPlugin:80 - create IPUIPlugin
2023-05-18 17:00:06,481 [INFO] PluginManager:220 - loadIPPluginJar : add fatfs
2023-05-18 17:00:06,489 [INFO] IPUIPlugin:80 - create IPUIPlugin
2023-05-18 17:00:06,489 [INFO] PluginManager:220 - loadIPPluginJar : add fmc
2023-05-18 17:00:06,497 [INFO] IPUIPlugin:80 - create IPUIPlugin
2023-05-18 17:00:06,497 [INFO] PluginManager:220 - loadIPPluginJar : add freertos
2023-05-18 17:00:06,497 [INFO] IPUIPlugin:80 - create IPUIPlugin
2023-05-18 17:00:06,497 [INFO] PluginManager:220 - loadIPPluginJar : add genericplugin
2023-05-18 17:00:06,497 [INFO] IPUIPlugin:80 - create IPUIPlugin
2023-05-18 17:00:06,497 [INFO] PluginManager:220 - loadIPPluginJar : add gfxmmu
2023-05-18 17:00:06,505 [INFO] IPUIPlugin:80 - create IPUIPlugin
2023-05-18 17:00:06,505 [INFO] PluginManager:220 - loadIPPluginJar : add gic
2023-05-18 17:00:06,505 [INFO] IPUIPlugin:80 - create IPUIPlugin
2023-05-18 17:00:06,505 [INFO] PluginManager:220 - loadIPPluginJar : add gpio
2023-05-18 17:00:06,513 [INFO] IPUIPlugin:80 - create IPUIPlugin
2023-05-18 17:00:06,513 [INFO] PluginManager:220 - loadIPPluginJar : add gtzc
2023-05-18 17:00:06,513 [INFO] IPUIPlugin:80 - create IPUIPlugin
2023-05-18 17:00:06,513 [INFO] PluginManager:220 - loadIPPluginJar : add hash
2023-05-18 17:00:06,513 [INFO] IPUIPlugin:80 - create IPUIPlugin
2023-05-18 17:00:06,513 [INFO] PluginManager:220 - loadIPPluginJar : add i2c
2023-05-18 17:00:06,521 [INFO] IPUIPlugin:80 - create IPUIPlugin
2023-05-18 17:00:06,521 [INFO] PluginManager:220 - loadIPPluginJar : add i2s
2023-05-18 17:00:06,521 [INFO] IPUIPlugin:80 - create IPUIPlugin
2023-05-18 17:00:06,521 [INFO] PluginManager:220 - loadIPPluginJar : add i3c
2023-05-18 17:00:06,530 [INFO] IPUIPlugin:80 - create IPUIPlugin
2023-05-18 17:00:06,530 [INFO] PluginManager:220 - loadIPPluginJar : add ipddr
2023-05-18 17:00:06,538 [INFO] IPUIPlugin:80 - create IPUIPlugin
2023-05-18 17:00:06,538 [INFO] PluginManager:220 - loadIPPluginJar : add linkedlist
2023-05-18 17:00:06,538 [INFO] IPUIPlugin:80 - create IPUIPlugin
2023-05-18 17:00:06,538 [INFO] PluginManager:220 - loadIPPluginJar : add lorawan
2023-05-18 17:00:06,546 [INFO] IPUIPlugin:80 - create IPUIPlugin
2023-05-18 17:00:06,546 [INFO] PluginManager:220 - loadIPPluginJar : add ltdc
2023-05-18 17:00:06,554 [INFO] IPUIPlugin:80 - create IPUIPlugin
2023-05-18 17:00:06,554 [INFO] PluginManager:220 - loadIPPluginJar : add mdma
2023-05-18 17:00:06,562 [INFO] IPUIPlugin:80 - create IPUIPlugin
2023-05-18 17:00:06,562 [INFO] PluginManager:220 - loadIPPluginJar : add nvic
2023-05-18 17:00:06,570 [INFO] IPUIPlugin:80 - create IPUIPlugin
2023-05-18 17:00:06,570 [INFO] PluginManager:220 - loadIPPluginJar : add opamp
2023-05-18 17:00:06,572 [INFO] IPUIPlugin:80 - create IPUIPlugin
2023-05-18 17:00:06,572 [INFO] PluginManager:220 - loadIPPluginJar : add openamp
2023-05-18 17:00:06,581 [INFO] IPUIPlugin:80 - create IPUIPlugin
2023-05-18 17:00:06,581 [INFO] PluginManager:220 - loadIPPluginJar : add pdm2pcm
2023-05-18 17:00:06,589 [INFO] IPUIPlugin:80 - create IPUIPlugin
2023-05-18 17:00:06,589 [INFO] PluginManager:220 - loadIPPluginJar : add plateformsettings
2023-05-18 17:00:06,598 [INFO] IPUIPlugin:80 - create IPUIPlugin
2023-05-18 17:00:06,598 [INFO] PluginManager:220 - loadIPPluginJar : add quadspi
2023-05-18 17:00:06,598 [INFO] IPUIPlugin:80 - create IPUIPlugin
2023-05-18 17:00:06,598 [INFO] PluginManager:220 - loadIPPluginJar : add resmgrutility
2023-05-18 17:00:06,606 [INFO] IPUIPlugin:80 - create IPUIPlugin
2023-05-18 17:00:06,606 [INFO] PluginManager:220 - loadIPPluginJar : add sai
2023-05-18 17:00:06,606 [INFO] IPUIPlugin:80 - create IPUIPlugin
2023-05-18 17:00:06,606 [INFO] PluginManager:220 - loadIPPluginJar : add spi
2023-05-18 17:00:06,614 [INFO] IPUIPlugin:80 - create IPUIPlugin
2023-05-18 17:00:06,614 [INFO] PluginManager:220 - loadIPPluginJar : add stm32_wpan
2023-05-18 17:00:06,614 [INFO] IPUIPlugin:80 - create IPUIPlugin
2023-05-18 17:00:06,614 [INFO] PluginManager:220 - loadIPPluginJar : add tim
2023-05-18 17:00:06,622 [INFO] IPUIPlugin:80 - create IPUIPlugin
2023-05-18 17:00:06,622 [INFO] PluginManager:220 - loadIPPluginJar : add touchsensing
2023-05-18 17:00:06,622 [INFO] IPUIPlugin:80 - create IPUIPlugin
2023-05-18 17:00:06,622 [INFO] PluginManager:220 - loadIPPluginJar : add tracer_emb
2023-05-18 17:00:06,622 [INFO] IPUIPlugin:80 - create IPUIPlugin
2023-05-18 17:00:06,622 [INFO] PluginManager:220 - loadIPPluginJar : add ts
2023-05-18 17:00:06,622 [INFO] IPUIPlugin:80 - create IPUIPlugin
2023-05-18 17:00:06,622 [INFO] PluginManager:220 - loadIPPluginJar : add tsc
2023-05-18 17:00:06,631 [INFO] IPUIPlugin:80 - create IPUIPlugin
2023-05-18 17:00:06,631 [INFO] PluginManager:220 - loadIPPluginJar : add ucpd
2023-05-18 17:00:06,631 [INFO] IPUIPlugin:80 - create IPUIPlugin
2023-05-18 17:00:06,631 [INFO] PluginManager:220 - loadIPPluginJar : add usart
2023-05-18 17:00:06,639 [INFO] IPUIPlugin:80 - create IPUIPlugin
2023-05-18 17:00:06,639 [INFO] PluginManager:220 - loadIPPluginJar : add usbx
2023-05-18 17:00:06,781 [INFO] CADModel:165 - CPN selected for project level
2023-05-18 17:00:06,785 [INFO] CADModel:114 - Register for checkConnection events
2023-05-18 17:00:06,785 [FATAL] Updater:308 - Updater called before beeing initialized
2023-05-18 17:00:06,785 [ERROR] CADModel:125 - Updater not yet initialized, retry later 
2023-05-18 17:00:06,955 [INFO] CADModel:165 - CPN selected for project level
2023-05-18 17:00:06,955 [INFO] CADModel:114 - Register for checkConnection events
2023-05-18 17:00:06,955 [FATAL] Updater:308 - Updater called before beeing initialized
2023-05-18 17:00:06,955 [ERROR] CADModel:125 - Updater not yet initialized, retry later 
2023-05-18 17:00:06,965 [FATAL] Updater:308 - Updater called before beeing initialized
2023-05-18 17:00:07,118 [FATAL] Updater:308 - Updater called before beeing initialized
2023-05-18 17:00:07,131 [INFO] DbMcusAds:53 - JSON generation date=Tue Mar 07 09:50:54 CET 2023 (1678179054945)
2023-05-18 17:00:07,131 [FATAL] Updater:308 - Updater called before beeing initialized
2023-05-18 17:00:07,174 [WARN] DetailPanel:346 - Failed to get advertising image, set to default
2023-05-18 17:00:07,320 [FATAL] Updater:308 - Updater called before beeing initialized
2023-05-18 17:00:07,322 [FATAL] Updater:308 - Updater called before beeing initialized
2023-05-18 17:00:07,322 [FATAL] Updater:308 - Updater called before beeing initialized
2023-05-18 17:00:07,322 [WARN] DetailPanel:346 - Failed to get advertising image, set to default
2023-05-18 17:00:07,323 [FATAL] Updater:308 - Updater called before beeing initialized
2023-05-18 17:00:07,391 [ERROR] Updater:1120 - MainUpdater not yet initialized. External WinMGr cannot be set.
2023-05-18 17:00:07,391 [INFO] Updater:1056 - Updater Version found : 6.8.0
2023-05-18 17:00:07,415 [INFO] ApplicationProperties:184 - Using Application install path: C:\ST\STM32CubeIDE_1.12.0\STM32CubeIDE\plugins\com.st.stm32cube.common.mx_6.8.0.202302231600
2023-05-18 17:00:07,685 [INFO] MainUpdater:2854 - connection check result : 10
2023-05-18 17:00:07,686 [INFO] MainUpdater:283 - Updater Check For Update Now.
2023-05-18 17:00:07,687 [INFO] MicroXplorer:498 - Change Database Version : DB.6.0.80
2023-05-18 17:00:07,899 [INFO] CheckServerUpdateThread:120 - End of CheckServer Thread
2023-05-18 17:00:07,908 [INFO] MainUpdater:2854 - connection check result : 10
2023-05-18 17:00:08,231 [INFO] ApiDb:581 - Connected to CubeFinder SQLite database (C:\Users\Utente\.stmcufinder\plugins\mcufinder\mcu\cube-finder-db.db)
2023-05-18 17:00:08,306 [INFO] ApiDb:668 - CubeFinder database Data Model version=2.1
2023-05-18 17:00:08,306 [INFO] ApiDb:669 - CubeFinder database Configuration version=3.0.35
2023-05-18 17:00:08,306 [INFO] ApiDb:670 - CubeFinder database generation date=2023-04-03 (1680511692)
2023-05-18 17:00:08,306 [INFO] ApiDb:671 - CubeFinder database FW Pack versions=[FP-ATR-ASTRA1_V2.0.0, STM32Cube_FW_C0_V1.0.1, STM32Cube_FW_F0_V1.11.4, STM32Cube_FW_F3_V1.11.4, STM32Cube_FW_F4_V1.27.1, STM32Cube_FW_F7_V1.17.0, STM32Cube_FW_G0_V1.6.1, STM32Cube_FW_G4_V1.5.1, STM32Cube_FW_H5_V0.5.1, STM32Cube_FW_H5_V1.0.0, STM32Cube_FW_H7_V1.11.0, STM32Cube_FW_L0_V1.12.2, STM32Cube_FW_L5_V1.5.0, STM32Cube_FW_U5_V1.2.0, STM32Cube_FW_WBA_V1.0.0, STM32Cube_FW_WBA_V1.0.0RC1, STM32Cube_FW_WBA_V1.0.0RC3, STM32Cube_FW_WB_V1.15.0RC1, STM32Cube_FW_WB_V1.16.0, STM32Cube_FW_WB_V1.16.0RC2, STM32Cube_FW_WL_V1.3.0, X-CUBE-ALGOBUILD_V1.3.0, X-CUBE-ALS_V1.0.1, X-CUBE-AZRTOS-F4_V1.1.0, X-CUBE-AZRTOS-F7_V1.1.0, X-CUBE-AZRTOS-G0_V1.1.0, X-CUBE-AZRTOS-G4_V1.0.0, X-CUBE-AZRTOS-H7_V3.0.0, X-CUBE-AZRTOS-L4_V1.0.0, X-CUBE-AZRTOS-L5_V1.1.0, X-CUBE-AZRTOS-WB_V1.1.0, X-CUBE-AZRTOS-WL_V1.0.0, X-CUBE-BLE1_V6.2.4, X-CUBE-BLE2_V3.3.0, X-CUBE-BLEMGR_V1.3.0, X-CUBE-EEPRMA1_V4.1.0, X-CUBE-FREERTOS_V1.0.1, X-CUBE-GNSS1_V6.0.0, X-CUBE-MEMS1_V9.1.0, X-CUBE-MEMS1_V9.4.0, X-CUBE-MEMS1_V9.5.0, X-CUBE-NFC4_V3.0.0, X-CUBE-NFC7_V1.0.0, X-CUBE-SFXS2LP1_V4.0.0, X-CUBE-SUBG2_V5.0.0]
2023-05-18 17:00:08,442 [INFO] DbBoardsSqlite:226 - include board P-NUCLEO-WB55-NUCLEO as a kit item of type 'Nucleo-64'
2023-05-18 17:00:08,442 [INFO] DbBoardsSqlite:226 - include board P-NUCLEO-WB55-USBDONGLE as a kit item of type 'Nucleo USB Dongle'
2023-05-18 17:00:08,442 [INFO] DbBoardsSqlite:226 - include board STEVAL-IDP005V1 as a kit item of type 'Evaluation Board'
2023-05-18 17:00:08,442 [INFO] DbBoardsSqlite:226 - include board STEVAL-IDP005V2 as a kit item of type 'Evaluation Board'
2023-05-18 17:00:08,519 [INFO] ApiDb:240 - Found 297 in-development CPN: [B-G473E-ZEST1S, B-WB1M-WPAN1, B-WL5M-SUBG1, NUCLEO-C031C6, NUCLEO-H503RB, NUCLEO-H563ZI, NUCLEO-U545RE-Q, NUCLEO-U5A5ZJ-Q, NUCLEO-WBA52CG, STEVAL-PROTEUS1, STEVAL-STWINBX1, STM320518-EVAL, STM32C0116-DK, STM32C011D6Y3TR, STM32C011D6Y6TR, STM32C011F4P3, STM32C011F4P6, STM32C011F4U3, STM32C011F4U6TR, STM32C011F6P3, STM32C011F6P6, STM32C011F6U3, STM32C011F6U6TR, STM32C011J4M3, STM32C011J4M6, STM32C011J6M3, STM32C011J6M6, STM32C0316-DK, STM32C031C4T3, STM32C031C4T6, STM32C031C4U3, STM32C031C4U6, STM32C031C6T3, STM32C031C6T6, STM32C031C6U3, STM32C031C6U6, STM32C031F4P3, STM32C031F4P6, STM32C031F6P3, STM32C031F6P6, STM32C031G4U3, STM32C031G4U6, STM32C031G6U3, STM32C031G6U6, STM32C031K4T3, STM32C031K4T6, STM32C031K4U3, STM32C031K4U6, STM32C031K6T3, STM32C031K6T6, STM32C031K6U3, STM32C031K6U6, STM32G071K8TXN, STM32G071K8UXN, STM32G081GBU6N, STM32G081KBT6N, STM32G081KBUXN, STM32G0B1CCT6N, STM32G0B1KCT6, STM32G0B1NEY6TR, STM32G0B1RCT6N, STM32G0C1CCT6, STM32G0C1CCT6N, STM32G0C1CCU6N, STM32G0C1CET6N, STM32G0C1CEU6N, STM32G0C1KCT6, STM32G0C1NEY6TR, STM32G0C1RCI6N, STM32G0C1RCT6N, STM32G0C1REI6N, STM32G0C1RET6N, STM32G0C1VCI6, STM32G0C1VEI6, STM32G471CCT6, STM32G471CCU6, STM32G471CET3, STM32G471CET6, STM32G471CEU3, STM32G471CEU6, STM32G471MCT6, STM32G471MET3, STM32G471MET6, STM32G471MEY6TR, STM32G471QCT6, STM32G471QET3, STM32G471RCT6, STM32G471RET3, STM32G471RET6, STM32G471VCH6, STM32G471VCI6, STM32G471VCT6, STM32G471VEH3, STM32G471VEH6, STM32G471VEI3, STM32G471VEI6, STM32G471VET3, STM32G471VET6, STM32G474CCT6, STM32H503CBT6, STM32H503CBU6, STM32H503EBY6TR, STM32H503KBU6, STM32H503RBT6, STM32H562AGI6, STM32H562AII6, STM32H562IGK6, STM32H562IGT6, STM32H562IIK6, STM32H562IIT6, STM32H562RGT6, STM32H562RGV6, STM32H562RIT6, STM32H562RIV6, STM32H562VGT6, STM32H562VIT6, STM32H562ZGT6, STM32H562ZIT6, STM32H563AGI6, STM32H563AII3Q, STM32H563AII6, STM32H563IGK6, STM32H563IGT6, STM32H563IIK3Q, STM32H563IIK6, STM32H563IIT3Q, STM32H563IIT6, STM32H563MIY3QTR, STM32H563RGT6, STM32H563RGV6, STM32H563RIT6, STM32H563RIV6, STM32H563VGT6, STM32H563VIT3Q, STM32H563VIT6, STM32H563ZGT6, STM32H563ZIT3Q, STM32H563ZIT6, STM32H573AII3Q, STM32H573AII6, STM32H573I-DK, STM32H573IIK3Q, STM32H573IIK6, STM32H573IIT3Q, STM32H573IIT6, STM32H573MIY3QTR, STM32H573RIT6, STM32H573RIV6, STM32H573VIT3Q, STM32H573VIT6, STM32H573ZIT3Q, STM32H573ZIT6, STM32L4R5QGI6STR, STM32MP131AAE3, STM32MP131AAF3, STM32MP131AAG3, STM32MP131CAE3, STM32MP131CAF3, STM32MP131CAG3, STM32MP131DAE7, STM32MP131DAF7, STM32MP131DAG7, STM32MP131FAE7, STM32MP131FAF7, STM32MP131FAG7, STM32MP133AAE3, STM32MP133AAF3, STM32MP133AAG3, STM32MP133CAE3, STM32MP133CAF3, STM32MP133CAG3, STM32MP133DAE7, STM32MP133DAF7, STM32MP133DAG7, STM32MP133FAE7, STM32MP133FAF7, STM32MP133FAG7, STM32MP135AAE3, STM32MP135AAF3, STM32MP135AAG3, STM32MP135CAE3, STM32MP135CAF3, STM32MP135CAG3, STM32MP135DAE7, STM32MP135DAF7, STM32MP135DAG7, STM32MP135F-DK, STM32MP135FAE7, STM32MP135FAF7, STM32MP135FAF7T, STM32MP135FAF7U, STM32MP135FAG7, STM32U535CBT6, STM32U535CBT6Q, STM32U535CBU6, STM32U535CBU6Q, STM32U535CCT6, STM32U535CCT6Q, STM32U535CCU6, STM32U535CCU6Q, STM32U535CET6, STM32U535CET6Q, STM32U535CEU6, STM32U535CEU6Q, STM32U535JEY6QTR, STM32U535NCY6QTR, STM32U535NEY6QTR, STM32U535RBI6, STM32U535RBI6Q, STM32U535RBT6, STM32U535RBT6Q, STM32U535RCI6, STM32U535RCI6Q, STM32U535RCT6, STM32U535RCT6Q, STM32U535REI6, STM32U535REI6Q, STM32U535RET6, STM32U535RET6Q, STM32U535VCI6, STM32U535VCI6Q, STM32U535VCT6, STM32U535VCT6Q, STM32U535VEI6, STM32U535VEI6Q, STM32U535VET6, STM32U535VET6Q, STM32U545CET6, STM32U545CET6Q, STM32U545CEU6, STM32U545CEU6Q, STM32U545JEY6QTR, STM32U545NEY6QTR, STM32U545REI6, STM32U545REI6Q, STM32U545RET6, STM32U545RET6Q, STM32U545VEI6, STM32U545VEI6Q, STM32U545VET6, STM32U545VET6Q, STM32U595AIH6, STM32U595AIH6Q, STM32U595AJH6, STM32U595AJH6Q, STM32U595QII6, STM32U595QII6Q, STM32U595QJI6, STM32U595QJI6Q, STM32U595RIT6, STM32U595RIT6Q, STM32U595RJT6, STM32U595RJT6Q, STM32U595VIT6, STM32U595VIT6Q, STM32U595VJT6, STM32U595VJT6Q, STM32U595ZIT6, STM32U595ZIT6Q, STM32U595ZIY6QTR, STM32U595ZJT6, STM32U595ZJT6Q, STM32U595ZJY6QTR, STM32U599BJY6QTR, STM32U599NIH6Q, STM32U599NJH6Q, STM32U599VIT6Q, STM32U599VJT6, STM32U599VJT6Q, STM32U599ZIT6Q, STM32U599ZIY6QTR, STM32U599ZJT6Q, STM32U599ZJY6QTR, STM32U5A5AJH6, STM32U5A5AJH6Q, STM32U5A5QJI6, STM32U5A5QJI6Q, STM32U5A5RJT6, STM32U5A5RJT6Q, STM32U5A5VJT6, STM32U5A5VJT6Q, STM32U5A5ZJT6, STM32U5A5ZJT6Q, STM32U5A5ZJY6QTR, STM32U5A9BJY6QTR, STM32U5A9J-DK, STM32U5A9NJH6Q, STM32U5A9VJT6Q, STM32U5A9ZJT6Q, STM32U5A9ZJY6QTR, STM32WB1MMCH6, STM32WBA52CEU6, STM32WBA52CEU6T, STM32WBA52CGU6, STM32WBA52CGU6T, STM32WL5MOCH6, STM32WL5MOCH6TR]
2023-05-18 17:00:08,724 [INFO] BoardInfo:880 - No configuration file found for board P-NUCLEO-WB55
2023-05-18 17:00:08,724 [INFO] DbBoards:157 - Kit is not supported: P-NUCLEO-WB55
2023-05-18 17:00:08,731 [INFO] BoardInfo:880 - No configuration file found for board STEVAL-BFA001V1B
2023-05-18 17:00:08,731 [INFO] DbBoards:157 - Kit is not supported: STEVAL-BFA001V1B
2023-05-18 17:00:08,739 [INFO] BoardInfo:880 - No configuration file found for board STEVAL-BFA001V2B
2023-05-18 17:00:08,739 [INFO] DbBoards:157 - Kit is not supported: STEVAL-BFA001V2B
2023-05-18 17:00:08,992 [INFO] DbBoards:161 - Found 187 boards, 184 are supported
2023-05-18 17:00:08,997 [INFO] ApiDb:668 - CubeFinder database Data Model version=2.1
2023-05-18 17:00:08,998 [INFO] ApiDb:669 - CubeFinder database Configuration version=3.0.35
2023-05-18 17:00:08,998 [INFO] ApiDb:670 - CubeFinder database generation date=2023-04-03 (1680511692)
2023-05-18 17:00:08,998 [INFO] ApiDb:671 - CubeFinder database FW Pack versions=[FP-ATR-ASTRA1_V2.0.0, STM32Cube_FW_C0_V1.0.1, STM32Cube_FW_F0_V1.11.4, STM32Cube_FW_F3_V1.11.4, STM32Cube_FW_F4_V1.27.1, STM32Cube_FW_F7_V1.17.0, STM32Cube_FW_G0_V1.6.1, STM32Cube_FW_G4_V1.5.1, STM32Cube_FW_H5_V0.5.1, STM32Cube_FW_H5_V1.0.0, STM32Cube_FW_H7_V1.11.0, STM32Cube_FW_L0_V1.12.2, STM32Cube_FW_L5_V1.5.0, STM32Cube_FW_U5_V1.2.0, STM32Cube_FW_WBA_V1.0.0, STM32Cube_FW_WBA_V1.0.0RC1, STM32Cube_FW_WBA_V1.0.0RC3, STM32Cube_FW_WB_V1.15.0RC1, STM32Cube_FW_WB_V1.16.0, STM32Cube_FW_WB_V1.16.0RC2, STM32Cube_FW_WL_V1.3.0, X-CUBE-ALGOBUILD_V1.3.0, X-CUBE-ALS_V1.0.1, X-CUBE-AZRTOS-F4_V1.1.0, X-CUBE-AZRTOS-F7_V1.1.0, X-CUBE-AZRTOS-G0_V1.1.0, X-CUBE-AZRTOS-G4_V1.0.0, X-CUBE-AZRTOS-H7_V3.0.0, X-CUBE-AZRTOS-L4_V1.0.0, X-CUBE-AZRTOS-L5_V1.1.0, X-CUBE-AZRTOS-WB_V1.1.0, X-CUBE-AZRTOS-WL_V1.0.0, X-CUBE-BLE1_V6.2.4, X-CUBE-BLE2_V3.3.0, X-CUBE-BLEMGR_V1.3.0, X-CUBE-EEPRMA1_V4.1.0, X-CUBE-FREERTOS_V1.0.1, X-CUBE-GNSS1_V6.0.0, X-CUBE-MEMS1_V9.1.0, X-CUBE-MEMS1_V9.4.0, X-CUBE-MEMS1_V9.5.0, X-CUBE-NFC4_V3.0.0, X-CUBE-NFC7_V1.0.0, X-CUBE-SFXS2LP1_V4.0.0, X-CUBE-SUBG2_V5.0.0]
2023-05-18 17:00:09,082 [WARN] PackLoader:240 - Cannot read IP mode file for STMicroelectronics.X-CUBE-GNSS1.6.0.0
2023-05-18 17:00:09,141 [WARN] PackLoader:240 - Cannot read IP mode file for STMicroelectronics.X-CUBE-AZRTOS-F4.1.1.0
2023-05-18 17:00:09,171 [WARN] PackLoader:240 - Cannot read IP mode file for STMicroelectronics.X-CUBE-SMBUS.2.1.0
2023-05-18 17:00:09,228 [WARN] PackLoader:240 - Cannot read IP mode file for STMicroelectronics.X-CUBE-AZRTOS-F7.1.1.0
2023-05-18 17:00:09,394 [WARN] PackLoader:240 - Cannot read IP mode file for STMicroelectronics.X-CUBE-MEMS1.9.6.0
2023-05-18 17:00:09,764 [ERROR] RealEvaluatedCondition:428 - Found unsupported composite condition: CLASS='Data Exchange' GROUP='STM32_MetaDataManager'
2023-05-18 17:00:09,764 [ERROR] RealEvaluatedCondition:428 - Found unsupported composite condition: GROUP='STM32_MetaDataManager' CLASS='Data Exchange'
2023-05-18 17:00:09,768 [WARN] PackLoader:240 - Cannot read IP mode file for STMicroelectronics.FP-SNS-MOTENV1.4.3.0
2023-05-18 17:00:09,780 [WARN] PackLoader:240 - Cannot read IP mode file for STMicroelectronics.FP-SNS-FLIGHT1.5.0.0
2023-05-18 17:00:09,792 [WARN] PackLoader:240 - Cannot read IP mode file for STMicroelectronics.X-CUBE-BLE1.6.2.4
2023-05-18 17:00:09,811 [WARN] PackLoader:240 - Cannot read IP mode file for emotas.I-CUBE-CANOPEN.1.1.3
2023-05-18 17:00:09,827 [WARN] PackLoader:240 - Cannot read IP mode file for STMicroelectronics.X-CUBE-BLEMGR.2.0.0
2023-05-18 17:00:09,865 [WARN] ConditionMgr:438 - getConditionDescription Invalid condition id : UX DEVICE CLASS RTOS Condition cause : null
2023-05-18 17:00:09,865 [WARN] ConditionMgr:438 - getConditionDescription Invalid condition id : UX DEVICE CLASS RTOS Condition cause : null
2023-05-18 17:00:09,870 [WARN] PackLoader:240 - Cannot read IP mode file for STMicroelectronics.X-CUBE-AZRTOS-H7.3.1.0
2023-05-18 17:00:09,870 [WARN] ConditionMgr:1039 - genDependencies : Invalid condition id : UX DEVICE CLASS RTOS Condition cause : null
2023-05-18 17:00:09,875 [WARN] ConditionMgr:1039 - genDependencies : Invalid condition id : UX DEVICE CLASS RTOS Condition cause : null
2023-05-18 17:00:09,876 [WARN] ConditionMgr:1039 - genDependencies : Invalid condition id : UX DEVICE CLASS RTOS Condition cause : null
2023-05-18 17:00:09,876 [WARN] ConditionMgr:1039 - genDependencies : Invalid condition id : UX DEVICE CLASS RTOS Condition cause : null
2023-05-18 17:00:09,876 [WARN] ConditionMgr:1039 - genDependencies : Invalid condition id : UX DEVICE CLASS RTOS Condition cause : null
2023-05-18 17:00:09,920 [WARN] PackLoader:240 - Cannot read IP mode file for STMicroelectronics.X-CUBE-DISPLAY.3.0.0
2023-05-18 17:00:09,936 [WARN] PackLoader:240 - Cannot read IP mode file for wolfSSL.I-CUBE-wolfSSL.5.5.4
2023-05-18 17:00:09,944 [WARN] PackLoader:240 - Cannot read IP mode file for STMicroelectronics.X-CUBE-NFC7.1.0.0
2023-05-18 17:00:09,956 [WARN] PackLoader:240 - Cannot read IP mode file for STMicroelectronics.X-CUBE-EEPRMA1.4.1.0
2023-05-18 17:00:09,975 [WARN] PackLoader:240 - Cannot read IP mode file for WES.I-CUBE-Cesium.1.3.0
2023-05-18 17:00:10,000 [WARN] PackLoader:240 - Cannot read IP mode file for STMicroelectronics.X-CUBE-SFXS2LP1.4.0.0
2023-05-18 17:00:10,018 [WARN] PackLoader:240 - Cannot read IP mode file for STMicroelectronics.X-CUBE-BLE2.3.3.0
2023-05-18 17:00:10,059 [WARN] PackLoader:240 - Cannot read IP mode file for STMicroelectronics.X-CUBE-AZRTOS-H7.3.0.0
2023-05-18 17:00:10,075 [WARN] PackLoader:240 - Cannot read IP mode file for STMicroelectronics.X-CUBE-ISPU.1.1.0
2023-05-18 17:00:10,085 [WARN] PackLoader:240 - Cannot read IP mode file for RoweBots.I-CUBE-UNISONRTOS.5.5.0-4
2023-05-18 17:00:10,106 [WARN] PackLoader:240 - Cannot read IP mode file for STMicroelectronics.X-CUBE-AI.8.0.0
2023-05-18 17:00:10,123 [WARN] PackLoader:240 - Cannot read IP mode file for STMicroelectronics.X-CUBE-FREERTOS.1.0.0
2023-05-18 17:00:10,127 [WARN] PackLoader:240 - Cannot read IP mode file for STMicroelectronics.X-CUBE-FREERTOS.1.0.1
2023-05-18 17:00:10,136 [WARN] PackLoader:240 - Cannot read IP mode file for STMicroelectronics.X-CUBE-TOUCHGFX.4.21.3
2023-05-18 17:00:10,141 [WARN] PackLoader:240 - Cannot read IP mode file for STMicroelectronics.X-CUBE-TOUCHGFX.4.21.4
2023-05-18 17:00:10,155 [WARN] PackLoader:240 - Cannot read IP mode file for STMicroelectronics.X-CUBE-ALGOBUILD.1.3.0
2023-05-18 17:00:10,287 [WARN] PackLoader:240 - Cannot read IP mode file for STMicroelectronics.X-CUBE-AZRTOS-L5.1.1.0
2023-05-18 17:00:10,320 [WARN] PackLoader:240 - Cannot read IP mode file for STMicroelectronics.X-CUBE-AZRTOS-G0.1.1.0
2023-05-18 17:00:10,334 [WARN] PackLoader:240 - Cannot read IP mode file for STMicroelectronics.X-CUBE-AI.8.0.1
2023-05-18 17:00:10,335 [ERROR] LogOutputStream:75 - [STDERR_REDIRECT] SLF4J: Failed to load class "org.slf4j.impl.StaticLoggerBinder".
2023-05-18 17:00:10,335 [ERROR] LogOutputStream:75 - [STDERR_REDIRECT] SLF4J: Defaulting to no-operation (NOP) logger implementation
2023-05-18 17:00:10,339 [ERROR] LogOutputStream:75 - [STDERR_REDIRECT] SLF4J: See http://www.slf4j.org/codes.html#StaticLoggerBinder for further details.
2023-05-18 17:00:10,350 [WARN] PackLoader:240 - Cannot read IP mode file for STMicroelectronics.X-CUBE-SUBG2.5.0.0
2023-05-18 17:00:10,361 [WARN] PackLoader:240 - Cannot read IP mode file for STMicroelectronics.X-CUBE-NFC4.3.0.0
2023-05-18 17:00:10,388 [WARN] PackLoader:240 - Cannot read IP mode file for STMicroelectronics.X-CUBE-AZRTOS-G4.2.0.0
2023-05-18 17:00:10,408 [WARN] PackLoader:240 - Cannot read IP mode file for STMicroelectronics.X-CUBE-TOF1.3.3.0
2023-05-18 17:00:10,428 [WARN] PackLoader:240 - Cannot read IP mode file for STMicroelectronics.FP-ATR-ASTRA1.1.1.1
2023-05-18 17:00:10,446 [WARN] PackLoader:240 - Cannot read IP mode file for STMicroelectronics.X-CUBE-AZRTOS-G4.1.0.0
2023-05-18 17:00:10,461 [WARN] PackLoader:240 - Cannot read IP mode file for STMicroelectronics.FP-ATR-SIGFOX1.3.2.0
2023-05-18 17:00:10,495 [WARN] PackLoader:240 - Cannot read IP mode file for STMicroelectronics.X-CUBE-AZRTOS-L4.1.0.0
2023-05-18 17:00:10,527 [WARN] PackLoader:240 - Cannot read IP mode file for STMicroelectronics.X-CUBE-AZRTOS-WL.1.0.0
2023-05-18 17:00:10,537 [WARN] PackLoader:240 - Cannot read IP mode file for portGmbH.I-Cube-SoM-uGOAL.1.1.0
2023-05-18 17:00:10,544 [WARN] PackLoader:240 - Cannot read IP mode file for STMicroelectronics.X-CUBE-ALS.1.0.1
2023-05-18 17:00:10,590 [WARN] PackLoader:240 - Cannot read IP mode file for STMicroelectronics.X-CUBE-MEMS1.9.5.0
2023-05-18 17:00:10,901 [WARN] PackLoader:240 - Cannot read IP mode file for STMicroelectronics.X-CUBE-AZRTOS-WB.1.1.0
2023-05-18 17:00:11,008 [WARN] PackLoader:240 - Cannot read IP mode file for SEGGER.I-CUBE-embOS.1.3.1
2023-05-18 17:00:11,069 [WARN] PackLoader:240 - Cannot read IP mode file for STMicroelectronics.FP-ATR-ASTRA1.2.0.0
2023-05-18 17:00:11,070 [INFO] ThirdParty:978 - Integrity check success = true
2023-05-18 17:00:11,071 [INFO] IntegrityCheckThread:100 - exiting critical section [integrity check]
2023-05-18 17:00:11,071 [INFO] IntegrityCheckThread:103 - End integrity checks thread
2023-05-18 17:00:12,921 [INFO] ApiDb:240 - Found 297 in-development CPN: [B-G473E-ZEST1S, B-WB1M-WPAN1, B-WL5M-SUBG1, NUCLEO-C031C6, NUCLEO-H503RB, NUCLEO-H563ZI, NUCLEO-U545RE-Q, NUCLEO-U5A5ZJ-Q, NUCLEO-WBA52CG, STEVAL-PROTEUS1, STEVAL-STWINBX1, STM320518-EVAL, STM32C0116-DK, STM32C011D6Y3TR, STM32C011D6Y6TR, STM32C011F4P3, STM32C011F4P6, STM32C011F4U3, STM32C011F4U6TR, STM32C011F6P3, STM32C011F6P6, STM32C011F6U3, STM32C011F6U6TR, STM32C011J4M3, STM32C011J4M6, STM32C011J6M3, STM32C011J6M6, STM32C0316-DK, STM32C031C4T3, STM32C031C4T6, STM32C031C4U3, STM32C031C4U6, STM32C031C6T3, STM32C031C6T6, STM32C031C6U3, STM32C031C6U6, STM32C031F4P3, STM32C031F4P6, STM32C031F6P3, STM32C031F6P6, STM32C031G4U3, STM32C031G4U6, STM32C031G6U3, STM32C031G6U6, STM32C031K4T3, STM32C031K4T6, STM32C031K4U3, STM32C031K4U6, STM32C031K6T3, STM32C031K6T6, STM32C031K6U3, STM32C031K6U6, STM32G071K8TXN, STM32G071K8UXN, STM32G081GBU6N, STM32G081KBT6N, STM32G081KBUXN, STM32G0B1CCT6N, STM32G0B1KCT6, STM32G0B1NEY6TR, STM32G0B1RCT6N, STM32G0C1CCT6, STM32G0C1CCT6N, STM32G0C1CCU6N, STM32G0C1CET6N, STM32G0C1CEU6N, STM32G0C1KCT6, STM32G0C1NEY6TR, STM32G0C1RCI6N, STM32G0C1RCT6N, STM32G0C1REI6N, STM32G0C1RET6N, STM32G0C1VCI6, STM32G0C1VEI6, STM32G471CCT6, STM32G471CCU6, STM32G471CET3, STM32G471CET6, STM32G471CEU3, STM32G471CEU6, STM32G471MCT6, STM32G471MET3, STM32G471MET6, STM32G471MEY6TR, STM32G471QCT6, STM32G471QET3, STM32G471RCT6, STM32G471RET3, STM32G471RET6, STM32G471VCH6, STM32G471VCI6, STM32G471VCT6, STM32G471VEH3, STM32G471VEH6, STM32G471VEI3, STM32G471VEI6, STM32G471VET3, STM32G471VET6, STM32G474CCT6, STM32H503CBT6, STM32H503CBU6, STM32H503EBY6TR, STM32H503KBU6, STM32H503RBT6, STM32H562AGI6, STM32H562AII6, STM32H562IGK6, STM32H562IGT6, STM32H562IIK6, STM32H562IIT6, STM32H562RGT6, STM32H562RGV6, STM32H562RIT6, STM32H562RIV6, STM32H562VGT6, STM32H562VIT6, STM32H562ZGT6, STM32H562ZIT6, STM32H563AGI6, STM32H563AII3Q, STM32H563AII6, STM32H563IGK6, STM32H563IGT6, STM32H563IIK3Q, STM32H563IIK6, STM32H563IIT3Q, STM32H563IIT6, STM32H563MIY3QTR, STM32H563RGT6, STM32H563RGV6, STM32H563RIT6, STM32H563RIV6, STM32H563VGT6, STM32H563VIT3Q, STM32H563VIT6, STM32H563ZGT6, STM32H563ZIT3Q, STM32H563ZIT6, STM32H573AII3Q, STM32H573AII6, STM32H573I-DK, STM32H573IIK3Q, STM32H573IIK6, STM32H573IIT3Q, STM32H573IIT6, STM32H573MIY3QTR, STM32H573RIT6, STM32H573RIV6, STM32H573VIT3Q, STM32H573VIT6, STM32H573ZIT3Q, STM32H573ZIT6, STM32L4R5QGI6STR, STM32MP131AAE3, STM32MP131AAF3, STM32MP131AAG3, STM32MP131CAE3, STM32MP131CAF3, STM32MP131CAG3, STM32MP131DAE7, STM32MP131DAF7, STM32MP131DAG7, STM32MP131FAE7, STM32MP131FAF7, STM32MP131FAG7, STM32MP133AAE3, STM32MP133AAF3, STM32MP133AAG3, STM32MP133CAE3, STM32MP133CAF3, STM32MP133CAG3, STM32MP133DAE7, STM32MP133DAF7, STM32MP133DAG7, STM32MP133FAE7, STM32MP133FAF7, STM32MP133FAG7, STM32MP135AAE3, STM32MP135AAF3, STM32MP135AAG3, STM32MP135CAE3, STM32MP135CAF3, STM32MP135CAG3, STM32MP135DAE7, STM32MP135DAF7, STM32MP135DAG7, STM32MP135F-DK, STM32MP135FAE7, STM32MP135FAF7, STM32MP135FAF7T, STM32MP135FAF7U, STM32MP135FAG7, STM32U535CBT6, STM32U535CBT6Q, STM32U535CBU6, STM32U535CBU6Q, STM32U535CCT6, STM32U535CCT6Q, STM32U535CCU6, STM32U535CCU6Q, STM32U535CET6, STM32U535CET6Q, STM32U535CEU6, STM32U535CEU6Q, STM32U535JEY6QTR, STM32U535NCY6QTR, STM32U535NEY6QTR, STM32U535RBI6, STM32U535RBI6Q, STM32U535RBT6, STM32U535RBT6Q, STM32U535RCI6, STM32U535RCI6Q, STM32U535RCT6, STM32U535RCT6Q, STM32U535REI6, STM32U535REI6Q, STM32U535RET6, STM32U535RET6Q, STM32U535VCI6, STM32U535VCI6Q, STM32U535VCT6, STM32U535VCT6Q, STM32U535VEI6, STM32U535VEI6Q, STM32U535VET6, STM32U535VET6Q, STM32U545CET6, STM32U545CET6Q, STM32U545CEU6, STM32U545CEU6Q, STM32U545JEY6QTR, STM32U545NEY6QTR, STM32U545REI6, STM32U545REI6Q, STM32U545RET6, STM32U545RET6Q, STM32U545VEI6, STM32U545VEI6Q, STM32U545VET6, STM32U545VET6Q, STM32U595AIH6, STM32U595AIH6Q, STM32U595AJH6, STM32U595AJH6Q, STM32U595QII6, STM32U595QII6Q, STM32U595QJI6, STM32U595QJI6Q, STM32U595RIT6, STM32U595RIT6Q, STM32U595RJT6, STM32U595RJT6Q, STM32U595VIT6, STM32U595VIT6Q, STM32U595VJT6, STM32U595VJT6Q, STM32U595ZIT6, STM32U595ZIT6Q, STM32U595ZIY6QTR, STM32U595ZJT6, STM32U595ZJT6Q, STM32U595ZJY6QTR, STM32U599BJY6QTR, STM32U599NIH6Q, STM32U599NJH6Q, STM32U599VIT6Q, STM32U599VJT6, STM32U599VJT6Q, STM32U599ZIT6Q, STM32U599ZIY6QTR, STM32U599ZJT6Q, STM32U599ZJY6QTR, STM32U5A5AJH6, STM32U5A5AJH6Q, STM32U5A5QJI6, STM32U5A5QJI6Q, STM32U5A5RJT6, STM32U5A5RJT6Q, STM32U5A5VJT6, STM32U5A5VJT6Q, STM32U5A5ZJT6, STM32U5A5ZJT6Q, STM32U5A5ZJY6QTR, STM32U5A9BJY6QTR, STM32U5A9J-DK, STM32U5A9NJH6Q, STM32U5A9VJT6Q, STM32U5A9ZJT6Q, STM32U5A9ZJY6QTR, STM32WB1MMCH6, STM32WBA52CEU6, STM32WBA52CEU6T, STM32WBA52CGU6, STM32WBA52CGU6T, STM32WL5MOCH6, STM32WL5MOCH6TR]
2023-05-18 17:00:12,928 [INFO] DbMcus:216 - Found 3775 MCUs, 3775 are supported
2023-05-18 17:00:12,932 [INFO] ApiDb:423 - Load user favorites file C:\Users\Utente/.stm32cubeide/favorites.mcus.txt: 1 item(s)
2023-05-18 17:00:12,932 [INFO] ApiDb:427 - User favorites MCUs=[STM32F303VCT6]
2023-05-18 17:00:12,932 [INFO] DbMcus:222 - Set 1 / 1 favorites MCUs
2023-05-18 17:00:13,363 [INFO] ApiDb:423 - Load user favorites file C:\Users\Utente/.stm32cubeide/favorites.boards.txt: 0 item(s)
2023-05-18 17:00:13,363 [INFO] ApiDb:427 - User favorites Boards=[]
2023-05-18 17:00:13,363 [INFO] DbBoards:190 - Set 0 / 0 favorites Boards
2023-05-18 17:00:13,365 [INFO] McuFinderGlobals:66 - Set McuFinderConnectedMode to true
2023-05-18 17:00:13,376 [INFO] MultiScanPanel:200 - Auto-refresh data requested => check proxy status ongoing
2023-05-18 17:00:13,381 [INFO] FinderPluginLoader:95 - Searching for filters in installed packs
2023-05-18 17:00:15,531 [INFO] LoadUrlFilesThread:185 - End of LoadServerUrlFiles without Thread
2023-05-18 17:00:15,549 [INFO] DetailPanel:341 - Set advertising image to C:/Users/Utente/STM32Cube/Repository/\en.prom-stm32h5-mcu-finder.jpg
2023-05-18 17:00:37,937 [INFO] MainUpdater:2854 - connection check result : 10
2023-05-18 17:00:37,937 [INFO] MainUpdater:2854 - connection check result : 10
2023-05-18 17:00:37,986 [INFO] MicroXplorer:468 - Change Database Path : 
2023-05-18 17:00:37,986 [INFO] MicroXplorer:498 - Change Database Version : DB.6.0.80
2023-05-18 17:00:37,988 [WARN] ThirdParty:871 - waiting for thirdparty lock release [close project]
2023-05-18 17:00:37,988 [INFO] ThirdParty:873 - entering critical section [close project]
2023-05-18 17:00:37,988 [INFO] ThirdParty:883 - exiting critical section [close project]
2023-05-18 17:00:37,996 [INFO] PinOutPanel:1499 - setPackage(No Configuration,No Configuration)
2023-05-18 17:00:38,008 [INFO] UtilMem:75 - Begin LoadConfig() Used Memory: 337206200 Bytes (399507456)
2023-05-18 17:00:38,010 [INFO] MicroXplorer:468 - Change Database Path : 
2023-05-18 17:00:38,010 [INFO] MicroXplorer:498 - Change Database Version : DB.6.0.80
2023-05-18 17:00:38,010 [INFO] OpenFileManager:308 - Change cursor
2023-05-18 17:00:38,086 [INFO] Mcu:1937 - Initializing MCU STM32F303VCTx STM32F303VCTx 
2023-05-18 17:00:38,087 [INFO] Mcu:1950 - No CPN specified => set CPN to STM32F303VCT6
2023-05-18 17:00:43,860 [INFO] Context:659 - Trying to add GPIOservice into a context  which must be forbidden
2023-05-18 17:00:45,624 [INFO] ImportTextPane:194 - (OptionalMessage_ERROR) Unable to find key (Mcu.ThirdPartyNb) in loaded IOC file
2023-05-18 17:00:45,624 [INFO] ImportTextPane:194 - (OptionalMessage_ERROR) Unable to find key (Mcu.PinsNb) in loaded IOC file
2023-05-18 17:00:45,624 [INFO] ImportTextPane:194 - (OptionalMessage_ERROR) Unable to find key (Mcu.IPNb) in loaded IOC file
2023-05-18 17:00:46,562 [INFO] RtosManager:555 - Registered RTOS mode: class=CMSIS, group=RTOS, mode=CMSIS_V1, owner=FREERTOS
2023-05-18 17:00:46,562 [INFO] RtosManager:555 - Registered RTOS mode: class=CMSIS, group=RTOS2, mode=CMSIS_V2, owner=FREERTOS
2023-05-18 17:00:46,562 [INFO] RtosManager:555 - Registered RTOS mode: class=RTOS, group=Core, mode=CMSIS_V1, owner=FREERTOS
2023-05-18 17:00:46,562 [INFO] RtosManager:555 - Registered RTOS mode: class=RTOS, group=Core, mode=CMSIS_V2, owner=FREERTOS
2023-05-18 17:00:46,563 [WARN] ModelIntegratedComponent:184 - Missing modes for component STMicroelectronics:FreeRTOS:0.0.1:STMicroelectronics:RTOS:FreeRTOS:Core:::10.2.0:
2023-05-18 17:00:46,661 [WARN] ModelIntegratedComponent:63 - No mode defined for component null
2023-05-18 17:00:46,662 [WARN] ModelIntegratedComponent:63 - No mode defined for component null
2023-05-18 17:00:46,662 [WARN] ModelIntegratedComponent:63 - No mode defined for component null
2023-05-18 17:00:46,662 [WARN] ModelIntegratedComponent:63 - No mode defined for component null
2023-05-18 17:00:46,663 [WARN] ModelIntegratedComponent:63 - No mode defined for component null
2023-05-18 17:00:46,663 [WARN] ModelIntegratedComponent:63 - No mode defined for component null
2023-05-18 17:00:46,663 [WARN] ModelIntegratedComponent:63 - No mode defined for component null
2023-05-18 17:00:46,665 [WARN] ModelIntegratedComponent:63 - No mode defined for component null
2023-05-18 17:00:46,665 [WARN] ModelIntegratedComponent:63 - No mode defined for component null
2023-05-18 17:00:46,665 [WARN] ModelIntegratedComponent:63 - No mode defined for component null
2023-05-18 17:00:46,665 [WARN] ModelIntegratedComponent:63 - No mode defined for component null
2023-05-18 17:00:46,665 [WARN] ModelIntegratedComponent:63 - No mode defined for component null
2023-05-18 17:00:46,665 [WARN] ModelIntegratedComponent:63 - No mode defined for component null
2023-05-18 17:00:46,665 [WARN] ModelIntegratedComponent:63 - No mode defined for component null
2023-05-18 17:00:46,665 [WARN] ModelIntegratedComponent:63 - No mode defined for component null
2023-05-18 17:00:46,665 [WARN] ModelIntegratedComponent:63 - No mode defined for component null
2023-05-18 17:00:46,666 [WARN] ModelIntegratedComponent:63 - No mode defined for component null
2023-05-18 17:00:46,666 [WARN] ModelIntegratedComponent:63 - No mode defined for component null
2023-05-18 17:00:46,666 [WARN] ModelIntegratedComponent:63 - No mode defined for component null
2023-05-18 17:00:46,666 [WARN] ModelIntegratedComponent:63 - No mode defined for component null
2023-05-18 17:00:46,666 [WARN] ModelIntegratedComponent:63 - No mode defined for component null
2023-05-18 17:00:46,667 [WARN] ModelIntegratedComponent:63 - No mode defined for component null
2023-05-18 17:00:46,667 [WARN] ModelIntegratedComponent:63 - No mode defined for component null
2023-05-18 17:00:46,667 [WARN] ModelIntegratedComponent:63 - No mode defined for component null
2023-05-18 17:00:46,667 [WARN] ModelIntegratedComponent:63 - No mode defined for component null
2023-05-18 17:00:46,667 [WARN] ModelIntegratedComponent:63 - No mode defined for component null
2023-05-18 17:00:46,667 [WARN] ModelIntegratedComponent:63 - No mode defined for component null
2023-05-18 17:00:46,667 [WARN] ModelIntegratedComponent:63 - No mode defined for component null
2023-05-18 17:00:46,667 [WARN] ModelIntegratedComponent:63 - No mode defined for component null
2023-05-18 17:00:46,667 [WARN] ModelIntegratedComponent:63 - No mode defined for component null
2023-05-18 17:00:46,667 [WARN] ModelIntegratedComponent:63 - No mode defined for component null
2023-05-18 17:00:46,668 [WARN] ModelIntegratedComponent:63 - No mode defined for component null
2023-05-18 17:00:46,668 [WARN] ModelIntegratedComponent:63 - No mode defined for component null
2023-05-18 17:00:47,084 [INFO] ThirdPartyModel:298 - Start build external matchings
2023-05-18 17:00:49,223 [INFO] ThirdPartyModel:316 - End build external matchings
2023-05-18 17:00:50,555 [INFO] UtilMem:75 - End LoadConfig() Used Memory: 443782888 Bytes (542113792)
2023-05-18 17:00:50,583 [WARN] ThirdParty:833 - waiting for thirdparty lock release [change project]
2023-05-18 17:00:50,584 [INFO] ThirdParty:835 - entering critical section [change project]
2023-05-18 17:00:50,584 [INFO] ThirdParty:1030 - CMSIS Pack Vendor :STMicroelectronics X-CUBE-ISPU 1.1.0
2023-05-18 17:00:50,584 [INFO] ThirdParty:1030 - CMSIS Pack Vendor :RoweBots I-CUBE-UNISONRTOS 5.5.0-4
2023-05-18 17:00:50,584 [INFO] ThirdParty:1030 - CMSIS Pack Vendor :STMicroelectronics X-CUBE-GNSS1 6.0.0
2023-05-18 17:00:50,584 [INFO] ThirdParty:1030 - CMSIS Pack Vendor :STMicroelectronics USB_HOST 2.0.0
2023-05-18 17:00:50,584 [INFO] ThirdParty:1030 - CMSIS Pack Vendor :STMicroelectronics X-CUBE-AZRTOS-F4 1.1.0
2023-05-18 17:00:50,584 [INFO] ThirdParty:1030 - CMSIS Pack Vendor :STMicroelectronics LIBJPEG 8.0.0
2023-05-18 17:00:50,584 [INFO] ThirdParty:1030 - CMSIS Pack Vendor :STMicroelectronics X-CUBE-SMBUS 2.1.0
2023-05-18 17:00:50,584 [INFO] ThirdParty:1030 - CMSIS Pack Vendor :STMicroelectronics USB_DEVICE 3.0.0
2023-05-18 17:00:50,585 [INFO] ThirdParty:1030 - CMSIS Pack Vendor :STMicroelectronics X-CUBE-AI 8.0.0
2023-05-18 17:00:50,585 [INFO] ThirdParty:1030 - CMSIS Pack Vendor :STMicroelectronics X-CUBE-FREERTOS 1.0.0
2023-05-18 17:00:50,585 [INFO] ThirdParty:1030 - CMSIS Pack Vendor :STMicroelectronics X-CUBE-FREERTOS 1.0.1
2023-05-18 17:00:50,585 [INFO] ThirdParty:1030 - CMSIS Pack Vendor :STMicroelectronics X-CUBE-TOUCHGFX 4.21.3
2023-05-18 17:00:50,585 [INFO] ThirdParty:1030 - CMSIS Pack Vendor :STMicroelectronics X-CUBE-AZRTOS-F7 1.1.0
2023-05-18 17:00:50,585 [INFO] ThirdParty:1030 - CMSIS Pack Vendor :STMicroelectronics X-CUBE-TOUCHGFX 4.21.4
2023-05-18 17:00:50,585 [INFO] ThirdParty:1030 - CMSIS Pack Vendor :STMicroelectronics USB_DEVICE 2.0.0
2023-05-18 17:00:50,585 [INFO] ThirdParty:1030 - CMSIS Pack Vendor :STMicroelectronics X-CUBE-MEMS1 9.6.0
2023-05-18 17:00:50,585 [INFO] ThirdParty:1030 - CMSIS Pack Vendor :STMicroelectronics FP-SNS-MOTENV1 4.3.0
2023-05-18 17:00:50,585 [INFO] ThirdParty:1030 - CMSIS Pack Vendor :STMicroelectronics FP-SNS-FLIGHT1 5.0.0
2023-05-18 17:00:50,585 [INFO] ThirdParty:1030 - CMSIS Pack Vendor :STMicroelectronics X-CUBE-ALGOBUILD 1.3.0
2023-05-18 17:00:50,585 [INFO] ThirdParty:1030 - CMSIS Pack Vendor :STMicroelectronics X-CUBE-BLE1 6.2.4
2023-05-18 17:00:50,586 [INFO] ThirdParty:1030 - CMSIS Pack Vendor :STMicroelectronics X-CUBE-AZRTOS-L5 1.1.0
2023-05-18 17:00:50,586 [INFO] ThirdParty:1030 - CMSIS Pack Vendor :STMicroelectronics FreeRTOS 0.0.1
2023-05-18 17:00:50,586 [INFO] ThirdParty:1030 - CMSIS Pack Vendor :emotas I-CUBE-CANOPEN 1.1.3
2023-05-18 17:00:50,586 [INFO] ThirdParty:1030 - CMSIS Pack Vendor :STMicroelectronics X-CUBE-AZRTOS-G0 1.1.0
2023-05-18 17:00:50,586 [INFO] ThirdParty:1030 - CMSIS Pack Vendor :STMicroelectronics X-CUBE-BLEMGR 2.0.0
2023-05-18 17:00:50,586 [INFO] ThirdParty:1030 - CMSIS Pack Vendor :STMicroelectronics X-CUBE-AI 8.0.1
2023-05-18 17:00:50,586 [INFO] ThirdParty:1030 - CMSIS Pack Vendor :STMicroelectronics X-CUBE-SUBG2 5.0.0
2023-05-18 17:00:50,586 [INFO] ThirdParty:1030 - CMSIS Pack Vendor :STMicroelectronics X-CUBE-NFC4 3.0.0
2023-05-18 17:00:50,586 [INFO] ThirdParty:1030 - CMSIS Pack Vendor :STMicroelectronics STM32_WPAN 1.0.0
2023-05-18 17:00:50,586 [INFO] ThirdParty:1030 - CMSIS Pack Vendor :STMicroelectronics lwIP 2.0.3
2023-05-18 17:00:50,586 [INFO] ThirdParty:1030 - CMSIS Pack Vendor :STMicroelectronics USB_HOST 1.0.0
2023-05-18 17:00:50,586 [INFO] ThirdParty:1030 - CMSIS Pack Vendor :STMicroelectronics X-CUBE-AZRTOS-G4 2.0.0
2023-05-18 17:00:50,587 [INFO] ThirdParty:1030 - CMSIS Pack Vendor :STMicroelectronics PDM2PCM 3.1.0
2023-05-18 17:00:50,587 [INFO] ThirdParty:1030 - CMSIS Pack Vendor :STMicroelectronics X-CUBE-AZRTOS-H7 3.1.0
2023-05-18 17:00:50,587 [INFO] ThirdParty:1030 - CMSIS Pack Vendor :STMicroelectronics X-CUBE-TOF1 3.3.0
2023-05-18 17:00:50,587 [INFO] ThirdParty:1030 - CMSIS Pack Vendor :STMicroelectronics FP-ATR-ASTRA1 1.1.1
2023-05-18 17:00:50,587 [INFO] ThirdParty:1030 - CMSIS Pack Vendor :STMicroelectronics PDM2PCM 3.3.0
2023-05-18 17:00:50,587 [INFO] ThirdParty:1030 - CMSIS Pack Vendor :STMicroelectronics X-CUBE-DISPLAY 3.0.0
2023-05-18 17:00:50,587 [INFO] ThirdParty:1030 - CMSIS Pack Vendor :STMicroelectronics X-CUBE-AZRTOS-G4 1.0.0
2023-05-18 17:00:50,587 [INFO] ThirdParty:1030 - CMSIS Pack Vendor :STMicroelectronics FP-ATR-SIGFOX1 3.2.0
2023-05-18 17:00:50,588 [INFO] ThirdParty:1030 - CMSIS Pack Vendor :wolfSSL I-CUBE-wolfSSL 5.5.4
2023-05-18 17:00:50,588 [INFO] ThirdParty:1030 - CMSIS Pack Vendor :STMicroelectronics X-CUBE-AZRTOS-L4 1.0.0
2023-05-18 17:00:50,589 [INFO] ThirdParty:1030 - CMSIS Pack Vendor :STMicroelectronics HAL Drivers 0.0.0
2023-05-18 17:00:50,589 [INFO] ThirdParty:1030 - CMSIS Pack Vendor :STMicroelectronics MBEDTLS 2.16.2
2023-05-18 17:00:50,589 [INFO] ThirdParty:1030 - CMSIS Pack Vendor :STMicroelectronics MBEDTLS 2.14.1
2023-05-18 17:00:50,589 [INFO] ThirdParty:1030 - CMSIS Pack Vendor :STMicroelectronics X-CUBE-NFC7 1.0.0
2023-05-18 17:00:50,589 [INFO] ThirdParty:1030 - CMSIS Pack Vendor :STMicroelectronics X-CUBE-AZRTOS-WL 1.0.0
2023-05-18 17:00:50,589 [INFO] ThirdParty:1030 - CMSIS Pack Vendor :STMicroelectronics X-CUBE-EEPRMA1 4.1.0
2023-05-18 17:00:50,589 [INFO] ThirdParty:1030 - CMSIS Pack Vendor :portGmbH I-Cube-SoM-uGOAL 1.1.0
2023-05-18 17:00:50,589 [INFO] ThirdParty:1030 - CMSIS Pack Vendor :STMicroelectronics X-CUBE-ALS 1.0.1
2023-05-18 17:00:50,589 [INFO] ThirdParty:1030 - CMSIS Pack Vendor :STMicroelectronics X-CUBE-MEMS1 9.5.0
2023-05-18 17:00:50,589 [INFO] ThirdParty:1030 - CMSIS Pack Vendor :STMicroelectronics ThreadX 1.0.0
2023-05-18 17:00:50,589 [INFO] ThirdParty:1030 - CMSIS Pack Vendor :STMicroelectronics X-CUBE-AZRTOS-WB 1.1.0
2023-05-18 17:00:50,589 [INFO] ThirdParty:1030 - CMSIS Pack Vendor :SEGGER I-CUBE-embOS 1.3.1
2023-05-18 17:00:50,589 [INFO] ThirdParty:1030 - CMSIS Pack Vendor :STMicroelectronics USB_DEVICE 1.0.0
2023-05-18 17:00:50,589 [INFO] ThirdParty:1030 - CMSIS Pack Vendor :STMicroelectronics ThreadX 0.0.2
2023-05-18 17:00:50,589 [INFO] ThirdParty:1030 - CMSIS Pack Vendor :WES I-CUBE-Cesium 1.3.0
2023-05-18 17:00:50,589 [INFO] ThirdParty:1030 - CMSIS Pack Vendor :STMicroelectronics FP-ATR-ASTRA1 2.0.0
2023-05-18 17:00:50,589 [INFO] ThirdParty:1030 - CMSIS Pack Vendor :STMicroelectronics lwIP 2.1.2
2023-05-18 17:00:50,590 [INFO] ThirdParty:1030 - CMSIS Pack Vendor :STMicroelectronics X-CUBE-SFXS2LP1 4.0.0
2023-05-18 17:00:50,590 [INFO] ThirdParty:1030 - CMSIS Pack Vendor :STMicroelectronics X-CUBE-BLE2 3.3.0
2023-05-18 17:00:50,590 [INFO] ThirdParty:1030 - CMSIS Pack Vendor :STMicroelectronics PDM2PCM 3.2.0
2023-05-18 17:00:50,591 [INFO] ThirdParty:1030 - CMSIS Pack Vendor :STMicroelectronics X-CUBE-AZRTOS-H7 3.0.0
2023-05-18 17:00:50,591 [INFO] ThirdParty:841 - exiting critical section [change project]
2023-05-18 17:00:51,622 [INFO] PinOutPanel:1499 - setPackage(No Configuration,No Configuration)
2023-05-18 17:00:51,624 [INFO] PinOutPanel:1499 - setPackage(STM32F303VCTx,LQFP100)
2023-05-18 17:00:53,092 [INFO] UtilMem:75 - Before build in PCC Used Memory: 490750984 Bytes (542113792)
2023-05-18 17:00:54,994 [INFO] UtilMem:75 - After build in PCC Used Memory: 429984024 Bytes (555745280)
2023-05-18 17:00:55,107 [INFO] IPUIPlugin:80 - create IPUIPlugin
2023-05-18 17:00:55,107 [INFO] IPUIPlugin:80 - create IPUIPlugin
2023-05-18 17:00:55,107 [INFO] IPUIPlugin:80 - create IPUIPlugin
2023-05-18 17:00:55,107 [INFO] IPUIPlugin:80 - create IPUIPlugin
2023-05-18 17:00:55,107 [INFO] IPUIPlugin:80 - create IPUIPlugin
2023-05-18 17:00:55,107 [INFO] IPUIPlugin:80 - create IPUIPlugin
2023-05-18 17:00:55,107 [INFO] IPUIPlugin:80 - create IPUIPlugin
2023-05-18 17:00:55,107 [INFO] IPUIPlugin:80 - create IPUIPlugin
2023-05-18 17:00:55,107 [INFO] IPUIPlugin:80 - create IPUIPlugin
2023-05-18 17:00:55,107 [INFO] IPUIPlugin:80 - create IPUIPlugin
2023-05-18 17:00:55,107 [INFO] IPUIPlugin:80 - create IPUIPlugin
2023-05-18 17:00:55,107 [INFO] IPUIPlugin:80 - create IPUIPlugin
2023-05-18 17:00:55,108 [INFO] IPUIPlugin:80 - create IPUIPlugin
2023-05-18 17:00:55,108 [INFO] IPUIPlugin:80 - create IPUIPlugin
2023-05-18 17:00:55,108 [INFO] IPUIPlugin:80 - create IPUIPlugin
2023-05-18 17:00:55,108 [INFO] IPUIPlugin:80 - create IPUIPlugin
2023-05-18 17:00:55,108 [INFO] IPUIPlugin:80 - create IPUIPlugin
2023-05-18 17:00:55,109 [INFO] IPUIPlugin:80 - create IPUIPlugin
2023-05-18 17:00:55,109 [INFO] IPUIPlugin:80 - create IPUIPlugin
2023-05-18 17:00:55,109 [INFO] IPUIPlugin:80 - create IPUIPlugin
2023-05-18 17:00:55,109 [INFO] IPUIPlugin:80 - create IPUIPlugin
2023-05-18 17:00:55,109 [INFO] IPUIPlugin:80 - create IPUIPlugin
2023-05-18 17:00:55,110 [INFO] IPUIPlugin:80 - create IPUIPlugin
2023-05-18 17:00:55,110 [INFO] IPUIPlugin:80 - create IPUIPlugin
2023-05-18 17:00:55,110 [INFO] IPUIPlugin:80 - create IPUIPlugin
2023-05-18 17:00:55,111 [INFO] IPUIPlugin:80 - create IPUIPlugin
2023-05-18 17:00:55,111 [INFO] IPUIPlugin:80 - create IPUIPlugin
2023-05-18 17:00:55,111 [INFO] IPUIPlugin:80 - create IPUIPlugin
2023-05-18 17:00:55,112 [INFO] IPUIPlugin:80 - create IPUIPlugin
2023-05-18 17:00:55,113 [INFO] IPUIPlugin:80 - create IPUIPlugin
2023-05-18 17:00:55,113 [INFO] IPUIPlugin:80 - create IPUIPlugin
2023-05-18 17:00:55,113 [INFO] IPUIPlugin:80 - create IPUIPlugin
2023-05-18 17:00:55,114 [INFO] IPUIPlugin:80 - create IPUIPlugin
2023-05-18 17:00:55,114 [INFO] IPUIPlugin:80 - create IPUIPlugin
2023-05-18 17:00:55,115 [INFO] IPUIPlugin:80 - create IPUIPlugin
2023-05-18 17:00:55,115 [INFO] IPUIPlugin:80 - create IPUIPlugin
2023-05-18 17:00:55,116 [INFO] IPUIPlugin:80 - create IPUIPlugin
2023-05-18 17:00:55,116 [INFO] IPUIPlugin:80 - create IPUIPlugin
2023-05-18 17:00:55,117 [INFO] IPUIPlugin:80 - create IPUIPlugin
2023-05-18 17:00:55,117 [INFO] IPUIPlugin:80 - create IPUIPlugin
2023-05-18 17:00:55,118 [INFO] IPUIPlugin:80 - create IPUIPlugin
2023-05-18 17:00:55,118 [INFO] IPUIPlugin:80 - create IPUIPlugin
2023-05-18 17:00:55,119 [INFO] IPUIPlugin:80 - create IPUIPlugin
2023-05-18 17:00:55,119 [INFO] IPUIPlugin:80 - create IPUIPlugin
2023-05-18 17:00:55,119 [INFO] IPUIPlugin:80 - create IPUIPlugin
2023-05-18 17:00:55,120 [INFO] IPUIPlugin:80 - create IPUIPlugin
2023-05-18 17:00:55,120 [INFO] IPUIPlugin:80 - create IPUIPlugin
2023-05-18 17:00:55,121 [INFO] IPUIPlugin:80 - create IPUIPlugin
2023-05-18 17:00:55,121 [INFO] IPUIPlugin:80 - create IPUIPlugin
2023-05-18 17:00:55,122 [INFO] IPUIPlugin:80 - create IPUIPlugin
2023-05-18 17:00:55,122 [INFO] IPUIPlugin:80 - create IPUIPlugin
2023-05-18 17:00:55,122 [INFO] IPUIPlugin:80 - create IPUIPlugin
2023-05-18 17:00:55,122 [INFO] IPUIPlugin:80 - create IPUIPlugin
2023-05-18 17:00:55,123 [INFO] IPUIPlugin:80 - create IPUIPlugin
2023-05-18 17:00:55,124 [INFO] IPUIPlugin:80 - create IPUIPlugin
2023-05-18 17:00:55,612 [INFO] CADModel:165 - CPN selected for project levelSTM32F303VCT6
2023-05-18 17:00:55,612 [INFO] CADModel:114 - Register for checkConnection events
2023-05-18 17:00:55,705 [INFO] OpenFileManager:328 - Restore cursor
2023-05-18 17:00:59,762 [INFO] UtilMem:75 - End SaveConfig() Used Memory: 438439408 Bytes (568328192)
2023-05-18 17:00:59,896 [INFO] UtilMem:75 - End SaveConfig() Used Memory: 468677928 Bytes (568328192)
2023-05-18 17:01:01,271 [INFO] BlockDiagram:2759 - set Specific Code input for plugin: RCC
2023-05-18 17:01:01,271 [INFO] BlockDiagram:2759 - set Specific Code input for plugin: NVIC
2023-05-18 17:01:01,274 [INFO] CodeGenerator:793 - code generatio: config db path: C:\ST\STM32CubeIDE_1.12.0\STM32CubeIDE\plugins\com.st.stm32cube.common.mx_6.8.0.202302231600\\db\
2023-05-18 17:01:02,202 [INFO] CodeEngine:255 - oldGeneratedFile, C:\Users\Utente\Desktop\CSD\Schedino\WorkSpace\Esercizio7\Timer\MXTmpFiles\license.tmp_save
2023-05-18 17:01:03,130 [INFO] CodeEngine:279 - Generated code: C:\Users\Utente\Desktop\CSD\Schedino\WorkSpace\Esercizio7\Timer\MXTmpFiles\license.tmp
2023-05-18 17:01:03,170 [INFO] CodeEngine:255 - oldGeneratedFile, C:\Users\Utente\Desktop\CSD\Schedino\WorkSpace\Esercizio7\Timer\Core\Src\stm32f3xx_it.c_save
2023-05-18 17:01:03,399 [INFO] CodeEngine:279 - Generated code: C:\Users\Utente\Desktop\CSD\Schedino\WorkSpace\Esercizio7\Timer\Core\Src\stm32f3xx_it.c
2023-05-18 17:01:03,407 [INFO] CodeEngine:255 - oldGeneratedFile, C:\Users\Utente\Desktop\CSD\Schedino\WorkSpace\Esercizio7\Timer\Core\Inc\stm32f3xx_it.h_save
2023-05-18 17:01:03,576 [INFO] CodeEngine:279 - Generated code: C:\Users\Utente\Desktop\CSD\Schedino\WorkSpace\Esercizio7\Timer\Core\Inc\stm32f3xx_it.h
2023-05-18 17:01:03,783 [INFO] CodeEngine:255 - oldGeneratedFile, C:\Users\Utente\Desktop\CSD\Schedino\WorkSpace\Esercizio7\Timer\Core\Src\stm32f3xx_hal_msp.c_save
2023-05-18 17:01:04,045 [INFO] CodeEngine:279 - Generated code: C:\Users\Utente\Desktop\CSD\Schedino\WorkSpace\Esercizio7\Timer\Core\Src\stm32f3xx_hal_msp.c
2023-05-18 17:01:04,054 [INFO] CodeEngine:255 - oldGeneratedFile, C:\Users\Utente\Desktop\CSD\Schedino\WorkSpace\Esercizio7\Timer\MXTmpFiles\system.tmp_save
2023-05-18 17:01:04,262 [INFO] CodeEngine:279 - Generated code: C:\Users\Utente\Desktop\CSD\Schedino\WorkSpace\Esercizio7\Timer\MXTmpFiles\system.tmp
2023-05-18 17:01:04,290 [INFO] CodeEngine:311 - oldGeneratedFile, C:\Users\Utente\Desktop\CSD\Schedino\WorkSpace\Esercizio7\Timer\Core\Inc\stm32f3xx_hal_conf.h_save
2023-05-18 17:01:04,628 [INFO] CodeEngine:335 - Generated code: C:\Users\Utente\Desktop\CSD\Schedino\WorkSpace\Esercizio7\Timer\Core\Inc\stm32f3xx_hal_conf.h
2023-05-18 17:01:04,799 [INFO] CodeEngine:255 - oldGeneratedFile, C:\Users\Utente\Desktop\CSD\Schedino\WorkSpace\Esercizio7\Timer\Core\Inc\main.h_save
2023-05-18 17:01:05,188 [INFO] CodeEngine:279 - Generated code: C:\Users\Utente\Desktop\CSD\Schedino\WorkSpace\Esercizio7\Timer\Core\Inc\main.h
2023-05-18 17:01:05,221 [INFO] CodeEngine:255 - oldGeneratedFile, C:\Users\Utente\Desktop\CSD\Schedino\WorkSpace\Esercizio7\Timer\Core\Src\main.c_save
2023-05-18 17:01:05,582 [INFO] CodeEngine:279 - Generated code: C:\Users\Utente\Desktop\CSD\Schedino\WorkSpace\Esercizio7\Timer\Core\Src\main.c
2023-05-18 17:01:07,551 [INFO] ProjectBuilder:2996 - Time for Copy HAL[1] : 358mS.
2023-05-18 17:01:07,578 [INFO] ProjectBuilder:4304 - Project Generator version: 3.19.2
2023-05-18 17:01:09,357 [INFO] ConfigFileManager:1483 - The Die is : DIE422
2023-05-18 17:01:09,430 [INFO] ApiDbMcu:507 - Load IP Config File for FATFS
2023-05-18 17:01:09,479 [INFO] ApiDbMcu:507 - Load IP Config File for FREERTOS
2023-05-18 17:01:09,562 [INFO] ApiDbMcu:507 - Load IP Config File for TOUCHSENSING
2023-05-18 17:01:09,606 [INFO] ApiDbMcu:507 - Load IP Config File for USB_DEVICE
2023-05-18 17:01:13,567 [INFO] LogOutputStream:77 - [STDOUT_REDIRECT] 
2023-05-18 17:01:22,576 [INFO] ProjectBuilder:4505 - Time for Generating toolchain IDE Files: 14998mS.
2023-05-18 17:01:22,578 [INFO] ProjectBuilder:2867 - Time for Copy CMSIS : 1mS.
2023-05-18 17:01:22,584 [INFO] ProjectBuilder:2867 - Time for Copy CMSIS : 1mS.
2023-05-18 17:01:23,604 [INFO] McuFinderGlobals:66 - Set McuFinderConnectedMode to true
2023-05-18 17:01:23,607 [INFO] ApiDb:448 - Save user favorites file C:\Users\Utente/.stm32cubeide/favorites.mcus.txt: 1 item(s)
2023-05-18 17:01:23,607 [INFO] ApiDb:452 - User favorites MCUs=[STM32F303VCT6]
2023-05-18 17:21:47,299 [INFO] NvicIntPanel:101 - NVIC parent = com.st.microxplorer.plugins.ip.nvic.MultiNvicIntPanel[,0,0,0x0,invalid,layout=javax.swing.BoxLayout,alignmentX=0.0,alignmentY=0.0,border=,flags=9,maximumSize=,minimumSize=,preferredSize=]
2023-05-18 17:21:48,296 [INFO] NvicIntPanel:101 - NVIC parent = com.st.microxplorer.plugins.ip.nvic.MultiNvicIntPanel[,0,0,0x0,invalid,layout=javax.swing.BoxLayout,alignmentX=0.0,alignmentY=0.0,border=,flags=9,maximumSize=,minimumSize=,preferredSize=]
2023-05-18 17:22:06,100 [INFO] NvicIntPanel:101 - NVIC parent = com.st.microxplorer.plugins.ip.nvic.MultiNvicIntPanel[,0,0,0x0,invalid,layout=javax.swing.BoxLayout,alignmentX=0.0,alignmentY=0.0,border=,flags=9,maximumSize=,minimumSize=,preferredSize=]
2023-05-18 17:22:06,547 [INFO] NvicIntPanel:101 - NVIC parent = com.st.microxplorer.plugins.ip.nvic.MultiNvicIntPanel[,0,0,0x0,invalid,layout=javax.swing.BoxLayout,alignmentX=0.0,alignmentY=0.0,border=,flags=9,maximumSize=,minimumSize=,preferredSize=]
2023-05-18 17:22:07,125 [INFO] NvicIntPanel:101 - NVIC parent = com.st.microxplorer.plugins.ip.nvic.MultiNvicIntPanel[,0,0,0x0,invalid,layout=javax.swing.BoxLayout,alignmentX=0.0,alignmentY=0.0,border=,flags=9,maximumSize=,minimumSize=,preferredSize=]
2023-05-18 17:22:20,328 [INFO] NvicIntPanel:101 - NVIC parent = com.st.microxplorer.plugins.ip.nvic.MultiNvicIntPanel[,0,0,0x0,invalid,layout=javax.swing.BoxLayout,alignmentX=0.0,alignmentY=0.0,border=,flags=9,maximumSize=,minimumSize=,preferredSize=]
2023-05-18 17:22:24,985 [INFO] NvicIntPanel:101 - NVIC parent = com.st.microxplorer.plugins.ip.nvic.MultiNvicIntPanel[,0,0,0x0,invalid,layout=javax.swing.BoxLayout,alignmentX=0.0,alignmentY=0.0,border=,flags=9,maximumSize=,minimumSize=,preferredSize=]
2023-05-18 17:22:25,094 [INFO] NvicIntPanel:101 - NVIC parent = com.st.microxplorer.plugins.ip.nvic.MultiNvicIntPanel[,0,0,0x0,invalid,layout=javax.swing.BoxLayout,alignmentX=0.0,alignmentY=0.0,border=,flags=9,maximumSize=,minimumSize=,preferredSize=]
2023-05-18 17:22:31,716 [INFO] NvicIntPanel:101 - NVIC parent = com.st.microxplorer.plugins.ip.nvic.MultiNvicIntPanel[,0,0,0x0,invalid,layout=javax.swing.BoxLayout,alignmentX=0.0,alignmentY=0.0,border=,flags=9,maximumSize=,minimumSize=,preferredSize=]
2023-05-18 17:22:31,925 [INFO] NvicIntPanel:101 - NVIC parent = com.st.microxplorer.plugins.ip.nvic.MultiNvicIntPanel[,0,0,0x0,invalid,layout=javax.swing.BoxLayout,alignmentX=0.0,alignmentY=0.0,border=,flags=9,maximumSize=,minimumSize=,preferredSize=]
2023-05-18 17:22:53,156 [INFO] Gpio:273 - dependency for GPIO []
2023-05-18 17:23:19,076 [INFO] Gpio:273 - dependency for GPIO []
2023-05-18 17:23:27,582 [INFO] Gpio:273 - dependency for GPIO []
2023-05-18 17:23:48,448 [INFO] Gpio:273 - dependency for GPIO []
2023-05-18 17:24:52,795 [INFO] NvicIntPanel:101 - NVIC parent = com.st.microxplorer.plugins.ip.nvic.MultiNvicIntPanel[,0,0,450x153,layout=javax.swing.BoxLayout,alignmentX=0.0,alignmentY=0.0,border=,flags=9,maximumSize=,minimumSize=,preferredSize=]
2023-05-18 17:25:44,707 [INFO] NvicIntPanel:101 - NVIC parent = com.st.microxplorer.plugins.ip.nvic.MultiNvicIntPanel[,0,0,0x0,invalid,layout=javax.swing.BoxLayout,alignmentX=0.0,alignmentY=0.0,border=,flags=9,maximumSize=,minimumSize=,preferredSize=]
2023-05-18 17:25:50,484 [INFO] NvicIntPanel:101 - NVIC parent = com.st.microxplorer.plugins.ip.nvic.MultiNvicIntPanel[,0,0,0x0,invalid,layout=javax.swing.BoxLayout,alignmentX=0.0,alignmentY=0.0,border=,flags=9,maximumSize=,minimumSize=,preferredSize=]
2023-05-18 17:25:55,243 [INFO] NvicIntPanel:101 - NVIC parent = com.st.microxplorer.plugins.ip.nvic.MultiNvicIntPanel[,0,0,0x0,invalid,layout=javax.swing.BoxLayout,alignmentX=0.0,alignmentY=0.0,border=,flags=9,maximumSize=,minimumSize=,preferredSize=]
2023-05-18 17:26:02,875 [INFO] UtilMem:75 - End SaveConfig() Used Memory: 629205440 Bytes (924844032)
2023-05-18 17:26:04,216 [INFO] UtilMem:75 - End SaveConfig() Used Memory: 669849400 Bytes (924844032)
2023-05-18 17:26:04,382 [INFO] UtilMem:75 - End SaveConfig() Used Memory: 698958528 Bytes (924844032)
2023-05-18 17:26:04,627 [INFO] BlockDiagram:2759 - set Specific Code input for plugin: TIM1_8F3
2023-05-18 17:26:04,627 [INFO] BlockDiagram:2759 - set Specific Code input for plugin: RCC
2023-05-18 17:26:04,627 [INFO] BlockDiagram:2759 - set Specific Code input for plugin: NVIC
2023-05-18 17:26:04,628 [INFO] BlockDiagram:2759 - set Specific Code input for plugin: GPIO
2023-05-18 17:26:04,630 [INFO] CodeGenerator:793 - code generatio: config db path: C:\ST\STM32CubeIDE_1.12.0\STM32CubeIDE\plugins\com.st.stm32cube.common.mx_6.8.0.202302231600\\db\
2023-05-18 17:26:04,845 [INFO] CodeEngine:255 - oldGeneratedFile, C:\Users\Utente\Desktop\CSD\Schedino\WorkSpace\Esercizio7\Timer\MXTmpFiles\license.tmp_save
2023-05-18 17:26:05,008 [INFO] CodeEngine:279 - Generated code: C:\Users\Utente\Desktop\CSD\Schedino\WorkSpace\Esercizio7\Timer\MXTmpFiles\license.tmp
2023-05-18 17:26:05,055 [INFO] CodeEngine:255 - oldGeneratedFile, C:\Users\Utente\Desktop\CSD\Schedino\WorkSpace\Esercizio7\Timer\MXTmpFiles\gpio.tmp_save
2023-05-18 17:26:05,226 [INFO] CodeEngine:279 - Generated code: C:\Users\Utente\Desktop\CSD\Schedino\WorkSpace\Esercizio7\Timer\MXTmpFiles\gpio.tmp
2023-05-18 17:26:05,312 [INFO] CodeEngine:255 - oldGeneratedFile, C:\Users\Utente\Desktop\CSD\Schedino\WorkSpace\Esercizio7\Timer\Core\Src\stm32f3xx_it.c_save
2023-05-18 17:26:05,633 [INFO] CodeEngine:279 - Generated code: C:\Users\Utente\Desktop\CSD\Schedino\WorkSpace\Esercizio7\Timer\Core\Src\stm32f3xx_it.c
2023-05-18 17:26:05,647 [INFO] CodeEngine:255 - oldGeneratedFile, C:\Users\Utente\Desktop\CSD\Schedino\WorkSpace\Esercizio7\Timer\Core\Inc\stm32f3xx_it.h_save
2023-05-18 17:26:05,742 [INFO] CodeEngine:279 - Generated code: C:\Users\Utente\Desktop\CSD\Schedino\WorkSpace\Esercizio7\Timer\Core\Inc\stm32f3xx_it.h
2023-05-18 17:26:05,775 [INFO] CodeEngine:255 - oldGeneratedFile, C:\Users\Utente\Desktop\CSD\Schedino\WorkSpace\Esercizio7\Timer\Core\Src\stm32f3xx_hal_msp.c_save
2023-05-18 17:26:05,927 [INFO] CodeEngine:279 - Generated code: C:\Users\Utente\Desktop\CSD\Schedino\WorkSpace\Esercizio7\Timer\Core\Src\stm32f3xx_hal_msp.c
2023-05-18 17:26:05,937 [INFO] CodeEngine:255 - oldGeneratedFile, C:\Users\Utente\Desktop\CSD\Schedino\WorkSpace\Esercizio7\Timer\MXTmpFiles\system.tmp_save
2023-05-18 17:26:06,030 [INFO] CodeEngine:279 - Generated code: C:\Users\Utente\Desktop\CSD\Schedino\WorkSpace\Esercizio7\Timer\MXTmpFiles\system.tmp
2023-05-18 17:26:06,047 [INFO] CodeEngine:311 - oldGeneratedFile, C:\Users\Utente\Desktop\CSD\Schedino\WorkSpace\Esercizio7\Timer\Core\Inc\stm32f3xx_hal_conf.h_save
2023-05-18 17:26:06,143 [INFO] CodeEngine:335 - Generated code: C:\Users\Utente\Desktop\CSD\Schedino\WorkSpace\Esercizio7\Timer\Core\Inc\stm32f3xx_hal_conf.h
2023-05-18 17:26:06,212 [WARN] IPConfigManager:3431 - IP not found : TIM
2023-05-18 17:26:06,215 [WARN] CodeGenerator:3754 - IP not found : null
2023-05-18 17:26:06,228 [INFO] CodeEngine:255 - oldGeneratedFile, C:\Users\Utente\Desktop\CSD\Schedino\WorkSpace\Esercizio7\Timer\Core\Inc\main.h_save
2023-05-18 17:26:06,347 [INFO] CodeEngine:279 - Generated code: C:\Users\Utente\Desktop\CSD\Schedino\WorkSpace\Esercizio7\Timer\Core\Inc\main.h
2023-05-18 17:26:06,355 [INFO] CodeEngine:255 - oldGeneratedFile, C:\Users\Utente\Desktop\CSD\Schedino\WorkSpace\Esercizio7\Timer\Core\Src\main.c_save
2023-05-18 17:26:06,499 [INFO] CodeEngine:279 - Generated code: C:\Users\Utente\Desktop\CSD\Schedino\WorkSpace\Esercizio7\Timer\Core\Src\main.c
2023-05-18 17:26:07,335 [INFO] ProjectBuilder:2996 - Time for Copy HAL[1] : 338mS.
2023-05-18 17:26:07,342 [INFO] ProjectBuilder:4304 - Project Generator version: 3.19.2
2023-05-18 17:26:07,778 [INFO] ConfigFileManager:1483 - The Die is : DIE422
2023-05-18 17:26:09,902 [INFO] ProjectBuilder:4505 - Time for Generating toolchain IDE Files: 2559mS.
2023-05-18 17:26:09,903 [INFO] ProjectBuilder:2867 - Time for Copy CMSIS : 1mS.
2023-05-18 17:26:09,906 [INFO] ProjectBuilder:2867 - Time for Copy CMSIS : 0mS.
2023-05-18 17:31:30,457 [INFO] NvicIntPanel:101 - NVIC parent = com.st.microxplorer.plugins.ip.nvic.MultiNvicIntPanel[,0,0,0x0,invalid,layout=javax.swing.BoxLayout,alignmentX=0.0,alignmentY=0.0,border=,flags=9,maximumSize=,minimumSize=,preferredSize=]
2023-05-18 17:32:45,567 [INFO] NvicIntPanel:101 - NVIC parent = com.st.microxplorer.plugins.ip.nvic.MultiNvicIntPanel[,0,0,450x240,layout=javax.swing.BoxLayout,alignmentX=0.0,alignmentY=0.0,border=,flags=9,maximumSize=,minimumSize=,preferredSize=]
2023-05-18 17:32:53,679 [INFO] NvicIntPanel:101 - NVIC parent = com.st.microxplorer.plugins.ip.nvic.MultiNvicIntPanel[,0,0,0x0,invalid,layout=javax.swing.BoxLayout,alignmentX=0.0,alignmentY=0.0,border=,flags=9,maximumSize=,minimumSize=,preferredSize=]
2023-05-18 17:32:53,799 [INFO] NvicIntPanel:101 - NVIC parent = com.st.microxplorer.plugins.ip.nvic.MultiNvicIntPanel[,0,0,0x0,invalid,layout=javax.swing.BoxLayout,alignmentX=0.0,alignmentY=0.0,border=,flags=9,maximumSize=,minimumSize=,preferredSize=]
2023-05-18 17:32:53,969 [INFO] NvicIntPanel:101 - NVIC parent = com.st.microxplorer.plugins.ip.nvic.MultiNvicIntPanel[,0,0,0x0,invalid,layout=javax.swing.BoxLayout,alignmentX=0.0,alignmentY=0.0,border=,flags=9,maximumSize=,minimumSize=,preferredSize=]
2023-05-18 17:33:03,526 [INFO] NvicIntPanel:101 - NVIC parent = com.st.microxplorer.plugins.ip.nvic.MultiNvicIntPanel[,0,0,0x0,invalid,layout=javax.swing.BoxLayout,alignmentX=0.0,alignmentY=0.0,border=,flags=9,maximumSize=,minimumSize=,preferredSize=]
2023-05-18 17:33:10,812 [INFO] NvicIntPanel:101 - NVIC parent = com.st.microxplorer.plugins.ip.nvic.MultiNvicIntPanel[,0,0,0x0,invalid,layout=javax.swing.BoxLayout,alignmentX=0.0,alignmentY=0.0,border=,flags=9,maximumSize=,minimumSize=,preferredSize=]
2023-05-18 17:33:10,947 [INFO] NvicIntPanel:101 - NVIC parent = com.st.microxplorer.plugins.ip.nvic.MultiNvicIntPanel[,0,0,0x0,invalid,layout=javax.swing.BoxLayout,alignmentX=0.0,alignmentY=0.0,border=,flags=9,maximumSize=,minimumSize=,preferredSize=]
2023-05-18 17:33:11,184 [INFO] NvicIntPanel:101 - NVIC parent = com.st.microxplorer.plugins.ip.nvic.MultiNvicIntPanel[,0,0,0x0,invalid,layout=javax.swing.BoxLayout,alignmentX=0.0,alignmentY=0.0,border=,flags=9,maximumSize=,minimumSize=,preferredSize=]
2023-05-18 17:33:16,994 [INFO] NvicIntPanel:101 - NVIC parent = com.st.microxplorer.plugins.ip.nvic.MultiNvicIntPanel[,0,0,0x0,invalid,layout=javax.swing.BoxLayout,alignmentX=0.0,alignmentY=0.0,border=,flags=9,maximumSize=,minimumSize=,preferredSize=]
2023-05-18 17:33:17,111 [INFO] NvicIntPanel:101 - NVIC parent = com.st.microxplorer.plugins.ip.nvic.MultiNvicIntPanel[,0,0,0x0,invalid,layout=javax.swing.BoxLayout,alignmentX=0.0,alignmentY=0.0,border=,flags=9,maximumSize=,minimumSize=,preferredSize=]
2023-05-18 17:33:21,560 [INFO] NvicIntPanel:101 - NVIC parent = com.st.microxplorer.plugins.ip.nvic.MultiNvicIntPanel[,0,0,0x0,invalid,layout=javax.swing.BoxLayout,alignmentX=0.0,alignmentY=0.0,border=,flags=9,maximumSize=,minimumSize=,preferredSize=]
2023-05-18 17:33:24,787 [INFO] NvicIntPanel:101 - NVIC parent = com.st.microxplorer.plugins.ip.nvic.MultiNvicIntPanel[,0,0,0x0,invalid,layout=javax.swing.BoxLayout,alignmentX=0.0,alignmentY=0.0,border=,flags=9,maximumSize=,minimumSize=,preferredSize=]
2023-05-18 17:33:28,350 [INFO] NvicIntPanel:101 - NVIC parent = com.st.microxplorer.plugins.ip.nvic.MultiNvicIntPanel[,0,0,0x0,invalid,layout=javax.swing.BoxLayout,alignmentX=0.0,alignmentY=0.0,border=,flags=9,maximumSize=,minimumSize=,preferredSize=]
2023-05-18 17:33:28,477 [INFO] NvicIntPanel:101 - NVIC parent = com.st.microxplorer.plugins.ip.nvic.MultiNvicIntPanel[,0,0,0x0,invalid,layout=javax.swing.BoxLayout,alignmentX=0.0,alignmentY=0.0,border=,flags=9,maximumSize=,minimumSize=,preferredSize=]
2023-05-18 17:33:53,677 [INFO] NvicIntPanel:101 - NVIC parent = com.st.microxplorer.plugins.ip.nvic.MultiNvicIntPanel[,0,0,0x0,invalid,layout=javax.swing.BoxLayout,alignmentX=0.0,alignmentY=0.0,border=,flags=9,maximumSize=,minimumSize=,preferredSize=]
2023-05-18 17:33:55,143 [INFO] NvicIntPanel:101 - NVIC parent = com.st.microxplorer.plugins.ip.nvic.MultiNvicIntPanel[,0,0,0x0,invalid,layout=javax.swing.BoxLayout,alignmentX=0.0,alignmentY=0.0,border=,flags=9,maximumSize=,minimumSize=,preferredSize=]
2023-05-18 17:33:57,679 [INFO] UtilMem:75 - End SaveConfig() Used Memory: 758381496 Bytes (954204160)
2023-05-18 17:33:58,875 [INFO] UtilMem:75 - End SaveConfig() Used Memory: 787741624 Bytes (954204160)
2023-05-18 17:33:59,039 [INFO] UtilMem:75 - End SaveConfig() Used Memory: 817650520 Bytes (954204160)
2023-05-18 17:33:59,290 [INFO] BlockDiagram:2759 - set Specific Code input for plugin: TIM1_8F3
2023-05-18 17:33:59,290 [INFO] BlockDiagram:2759 - set Specific Code input for plugin: RCC
2023-05-18 17:33:59,290 [INFO] BlockDiagram:2759 - set Specific Code input for plugin: NVIC
2023-05-18 17:33:59,290 [INFO] BlockDiagram:2759 - set Specific Code input for plugin: TIM1_8F3
2023-05-18 17:33:59,291 [INFO] BlockDiagram:2759 - set Specific Code input for plugin: GPIO
2023-05-18 17:33:59,292 [INFO] CodeGenerator:793 - code generatio: config db path: C:\ST\STM32CubeIDE_1.12.0\STM32CubeIDE\plugins\com.st.stm32cube.common.mx_6.8.0.202302231600\\db\
2023-05-18 17:33:59,541 [INFO] CodeEngine:255 - oldGeneratedFile, C:\Users\Utente\Desktop\CSD\Schedino\WorkSpace\Esercizio7\Timer\MXTmpFiles\license.tmp_save
2023-05-18 17:33:59,650 [INFO] CodeEngine:279 - Generated code: C:\Users\Utente\Desktop\CSD\Schedino\WorkSpace\Esercizio7\Timer\MXTmpFiles\license.tmp
2023-05-18 17:33:59,686 [INFO] CodeEngine:255 - oldGeneratedFile, C:\Users\Utente\Desktop\CSD\Schedino\WorkSpace\Esercizio7\Timer\MXTmpFiles\gpio.tmp_save
2023-05-18 17:33:59,787 [INFO] CodeEngine:279 - Generated code: C:\Users\Utente\Desktop\CSD\Schedino\WorkSpace\Esercizio7\Timer\MXTmpFiles\gpio.tmp
2023-05-18 17:33:59,876 [INFO] CodeEngine:255 - oldGeneratedFile, C:\Users\Utente\Desktop\CSD\Schedino\WorkSpace\Esercizio7\Timer\Core\Src\stm32f3xx_it.c_save
2023-05-18 17:33:59,952 [INFO] CodeEngine:279 - Generated code: C:\Users\Utente\Desktop\CSD\Schedino\WorkSpace\Esercizio7\Timer\Core\Src\stm32f3xx_it.c
2023-05-18 17:33:59,958 [INFO] CodeEngine:255 - oldGeneratedFile, C:\Users\Utente\Desktop\CSD\Schedino\WorkSpace\Esercizio7\Timer\Core\Inc\stm32f3xx_it.h_save
2023-05-18 17:34:00,027 [INFO] CodeEngine:279 - Generated code: C:\Users\Utente\Desktop\CSD\Schedino\WorkSpace\Esercizio7\Timer\Core\Inc\stm32f3xx_it.h
2023-05-18 17:34:00,060 [INFO] CodeEngine:255 - oldGeneratedFile, C:\Users\Utente\Desktop\CSD\Schedino\WorkSpace\Esercizio7\Timer\Core\Src\stm32f3xx_hal_msp.c_save
2023-05-18 17:34:00,170 [INFO] CodeEngine:279 - Generated code: C:\Users\Utente\Desktop\CSD\Schedino\WorkSpace\Esercizio7\Timer\Core\Src\stm32f3xx_hal_msp.c
2023-05-18 17:34:00,178 [INFO] CodeEngine:255 - oldGeneratedFile, C:\Users\Utente\Desktop\CSD\Schedino\WorkSpace\Esercizio7\Timer\MXTmpFiles\system.tmp_save
2023-05-18 17:34:00,258 [INFO] CodeEngine:279 - Generated code: C:\Users\Utente\Desktop\CSD\Schedino\WorkSpace\Esercizio7\Timer\MXTmpFiles\system.tmp
2023-05-18 17:34:00,274 [INFO] CodeEngine:311 - oldGeneratedFile, C:\Users\Utente\Desktop\CSD\Schedino\WorkSpace\Esercizio7\Timer\Core\Inc\stm32f3xx_hal_conf.h_save
2023-05-18 17:34:00,370 [INFO] CodeEngine:335 - Generated code: C:\Users\Utente\Desktop\CSD\Schedino\WorkSpace\Esercizio7\Timer\Core\Inc\stm32f3xx_hal_conf.h
2023-05-18 17:34:00,398 [WARN] IPConfigManager:3431 - IP not found : TIM
2023-05-18 17:34:00,400 [WARN] CodeGenerator:3754 - IP not found : null
2023-05-18 17:34:00,412 [INFO] CodeEngine:255 - oldGeneratedFile, C:\Users\Utente\Desktop\CSD\Schedino\WorkSpace\Esercizio7\Timer\Core\Inc\main.h_save
2023-05-18 17:34:00,515 [INFO] CodeEngine:279 - Generated code: C:\Users\Utente\Desktop\CSD\Schedino\WorkSpace\Esercizio7\Timer\Core\Inc\main.h
2023-05-18 17:34:00,525 [INFO] CodeEngine:255 - oldGeneratedFile, C:\Users\Utente\Desktop\CSD\Schedino\WorkSpace\Esercizio7\Timer\Core\Src\main.c_save
2023-05-18 17:34:00,667 [INFO] CodeEngine:279 - Generated code: C:\Users\Utente\Desktop\CSD\Schedino\WorkSpace\Esercizio7\Timer\Core\Src\main.c
2023-05-18 17:34:01,543 [INFO] ProjectBuilder:2996 - Time for Copy HAL[1] : 319mS.
2023-05-18 17:34:01,551 [INFO] ProjectBuilder:4304 - Project Generator version: 3.19.2
2023-05-18 17:34:01,989 [INFO] ConfigFileManager:1483 - The Die is : DIE422
2023-05-18 17:34:04,111 [INFO] ProjectBuilder:4505 - Time for Generating toolchain IDE Files: 2560mS.
2023-05-18 17:34:04,113 [INFO] ProjectBuilder:2867 - Time for Copy CMSIS : 1mS.
2023-05-18 17:34:04,119 [INFO] ProjectBuilder:2867 - Time for Copy CMSIS : 0mS.
2023-05-18 17:44:20,032 [INFO] NvicIntPanel:101 - NVIC parent = com.st.microxplorer.plugins.ip.nvic.MultiNvicIntPanel[,0,0,0x0,invalid,layout=javax.swing.BoxLayout,alignmentX=0.0,alignmentY=0.0,border=,flags=9,maximumSize=,minimumSize=,preferredSize=]
2023-05-18 17:44:33,362 [INFO] NvicIntPanel:101 - NVIC parent = com.st.microxplorer.plugins.ip.nvic.MultiNvicIntPanel[,0,0,0x0,invalid,layout=javax.swing.BoxLayout,alignmentX=0.0,alignmentY=0.0,border=,flags=9,maximumSize=,minimumSize=,preferredSize=]
2023-05-18 17:44:40,680 [INFO] UtilMem:75 - End SaveConfig() Used Memory: 586779008 Bytes (999292928)
2023-05-18 17:44:41,723 [INFO] UtilMem:75 - End SaveConfig() Used Memory: 617709952 Bytes (999292928)
2023-05-18 17:44:41,935 [INFO] UtilMem:75 - End SaveConfig() Used Memory: 647070080 Bytes (999292928)
2023-05-18 17:44:42,215 [INFO] BlockDiagram:2759 - set Specific Code input for plugin: TIM1_8F3
2023-05-18 17:44:42,215 [INFO] BlockDiagram:2759 - set Specific Code input for plugin: RCC
2023-05-18 17:44:42,215 [INFO] BlockDiagram:2759 - set Specific Code input for plugin: NVIC
2023-05-18 17:44:42,216 [INFO] BlockDiagram:2759 - set Specific Code input for plugin: TIM1_8F3
2023-05-18 17:44:42,216 [INFO] BlockDiagram:2759 - set Specific Code input for plugin: GPIO
2023-05-18 17:44:42,218 [INFO] CodeGenerator:793 - code generatio: config db path: C:\ST\STM32CubeIDE_1.12.0\STM32CubeIDE\plugins\com.st.stm32cube.common.mx_6.8.0.202302231600\\db\
2023-05-18 17:44:42,418 [INFO] CodeEngine:255 - oldGeneratedFile, C:\Users\Utente\Desktop\CSD\Schedino\WorkSpace\Esercizio7\Timer\MXTmpFiles\license.tmp_save
2023-05-18 17:44:42,514 [INFO] CodeEngine:279 - Generated code: C:\Users\Utente\Desktop\CSD\Schedino\WorkSpace\Esercizio7\Timer\MXTmpFiles\license.tmp
2023-05-18 17:44:42,597 [INFO] CodeEngine:255 - oldGeneratedFile, C:\Users\Utente\Desktop\CSD\Schedino\WorkSpace\Esercizio7\Timer\MXTmpFiles\gpio.tmp_save
2023-05-18 17:44:42,712 [INFO] CodeEngine:279 - Generated code: C:\Users\Utente\Desktop\CSD\Schedino\WorkSpace\Esercizio7\Timer\MXTmpFiles\gpio.tmp
2023-05-18 17:44:42,821 [INFO] CodeEngine:255 - oldGeneratedFile, C:\Users\Utente\Desktop\CSD\Schedino\WorkSpace\Esercizio7\Timer\Core\Src\stm32f3xx_it.c_save
2023-05-18 17:44:42,992 [INFO] CodeEngine:279 - Generated code: C:\Users\Utente\Desktop\CSD\Schedino\WorkSpace\Esercizio7\Timer\Core\Src\stm32f3xx_it.c
2023-05-18 17:44:43,003 [INFO] CodeEngine:255 - oldGeneratedFile, C:\Users\Utente\Desktop\CSD\Schedino\WorkSpace\Esercizio7\Timer\Core\Inc\stm32f3xx_it.h_save
2023-05-18 17:44:43,088 [INFO] CodeEngine:279 - Generated code: C:\Users\Utente\Desktop\CSD\Schedino\WorkSpace\Esercizio7\Timer\Core\Inc\stm32f3xx_it.h
2023-05-18 17:44:43,116 [INFO] CodeEngine:255 - oldGeneratedFile, C:\Users\Utente\Desktop\CSD\Schedino\WorkSpace\Esercizio7\Timer\Core\Src\stm32f3xx_hal_msp.c_save
2023-05-18 17:44:43,244 [INFO] CodeEngine:279 - Generated code: C:\Users\Utente\Desktop\CSD\Schedino\WorkSpace\Esercizio7\Timer\Core\Src\stm32f3xx_hal_msp.c
2023-05-18 17:44:43,250 [INFO] CodeEngine:255 - oldGeneratedFile, C:\Users\Utente\Desktop\CSD\Schedino\WorkSpace\Esercizio7\Timer\MXTmpFiles\system.tmp_save
2023-05-18 17:44:43,319 [INFO] CodeEngine:279 - Generated code: C:\Users\Utente\Desktop\CSD\Schedino\WorkSpace\Esercizio7\Timer\MXTmpFiles\system.tmp
2023-05-18 17:44:43,332 [INFO] CodeEngine:311 - oldGeneratedFile, C:\Users\Utente\Desktop\CSD\Schedino\WorkSpace\Esercizio7\Timer\Core\Inc\stm32f3xx_hal_conf.h_save
2023-05-18 17:44:43,449 [INFO] CodeEngine:335 - Generated code: C:\Users\Utente\Desktop\CSD\Schedino\WorkSpace\Esercizio7\Timer\Core\Inc\stm32f3xx_hal_conf.h
2023-05-18 17:44:43,490 [WARN] IPConfigManager:3431 - IP not found : TIM
2023-05-18 17:44:43,492 [WARN] CodeGenerator:3754 - IP not found : null
2023-05-18 17:44:43,503 [INFO] CodeEngine:255 - oldGeneratedFile, C:\Users\Utente\Desktop\CSD\Schedino\WorkSpace\Esercizio7\Timer\Core\Inc\main.h_save
2023-05-18 17:44:43,613 [INFO] CodeEngine:279 - Generated code: C:\Users\Utente\Desktop\CSD\Schedino\WorkSpace\Esercizio7\Timer\Core\Inc\main.h
2023-05-18 17:44:43,625 [INFO] CodeEngine:255 - oldGeneratedFile, C:\Users\Utente\Desktop\CSD\Schedino\WorkSpace\Esercizio7\Timer\Core\Src\main.c_save
2023-05-18 17:44:43,793 [INFO] CodeEngine:279 - Generated code: C:\Users\Utente\Desktop\CSD\Schedino\WorkSpace\Esercizio7\Timer\Core\Src\main.c
2023-05-18 17:44:44,640 [INFO] ProjectBuilder:2996 - Time for Copy HAL[1] : 247mS.
2023-05-18 17:44:44,646 [INFO] ProjectBuilder:4304 - Project Generator version: 3.19.2
2023-05-18 17:44:45,165 [INFO] ConfigFileManager:1483 - The Die is : DIE422
2023-05-18 17:44:48,122 [INFO] ProjectBuilder:4505 - Time for Generating toolchain IDE Files: 3476mS.
2023-05-18 17:44:48,123 [INFO] ProjectBuilder:2867 - Time for Copy CMSIS : 1mS.
2023-05-18 17:44:48,131 [INFO] ProjectBuilder:2867 - Time for Copy CMSIS : 0mS.
2023-05-18 17:48:40,713 [INFO] NvicIntPanel:101 - NVIC parent = com.st.microxplorer.plugins.ip.nvic.MultiNvicIntPanel[,0,0,0x0,invalid,layout=javax.swing.BoxLayout,alignmentX=0.0,alignmentY=0.0,border=,flags=9,maximumSize=,minimumSize=,preferredSize=]
2023-05-18 17:48:46,403 [INFO] UtilMem:75 - End SaveConfig() Used Memory: 712265968 Bytes (999292928)
2023-05-18 17:48:48,040 [INFO] UtilMem:75 - End SaveConfig() Used Memory: 742033008 Bytes (999292928)
2023-05-18 17:48:48,251 [INFO] UtilMem:75 - End SaveConfig() Used Memory: 772034800 Bytes (999292928)
2023-05-18 17:48:48,594 [INFO] BlockDiagram:2759 - set Specific Code input for plugin: TIM1_8F3
2023-05-18 17:48:48,594 [INFO] BlockDiagram:2759 - set Specific Code input for plugin: RCC
2023-05-18 17:48:48,594 [INFO] BlockDiagram:2759 - set Specific Code input for plugin: NVIC
2023-05-18 17:48:48,594 [INFO] BlockDiagram:2759 - set Specific Code input for plugin: TIM1_8F3
2023-05-18 17:48:48,595 [INFO] BlockDiagram:2759 - set Specific Code input for plugin: GPIO
2023-05-18 17:48:48,596 [INFO] CodeGenerator:793 - code generatio: config db path: C:\ST\STM32CubeIDE_1.12.0\STM32CubeIDE\plugins\com.st.stm32cube.common.mx_6.8.0.202302231600\\db\
2023-05-18 17:48:48,814 [INFO] CodeEngine:255 - oldGeneratedFile, C:\Users\Utente\Desktop\CSD\Schedino\WorkSpace\Esercizio7\Timer\MXTmpFiles\license.tmp_save
2023-05-18 17:48:48,893 [INFO] CodeEngine:279 - Generated code: C:\Users\Utente\Desktop\CSD\Schedino\WorkSpace\Esercizio7\Timer\MXTmpFiles\license.tmp
2023-05-18 17:48:48,915 [INFO] CodeEngine:255 - oldGeneratedFile, C:\Users\Utente\Desktop\CSD\Schedino\WorkSpace\Esercizio7\Timer\MXTmpFiles\gpio.tmp_save
2023-05-18 17:48:49,034 [INFO] CodeEngine:279 - Generated code: C:\Users\Utente\Desktop\CSD\Schedino\WorkSpace\Esercizio7\Timer\MXTmpFiles\gpio.tmp
2023-05-18 17:48:49,125 [INFO] CodeEngine:255 - oldGeneratedFile, C:\Users\Utente\Desktop\CSD\Schedino\WorkSpace\Esercizio7\Timer\Core\Src\stm32f3xx_it.c_save
2023-05-18 17:48:49,189 [INFO] CodeEngine:279 - Generated code: C:\Users\Utente\Desktop\CSD\Schedino\WorkSpace\Esercizio7\Timer\Core\Src\stm32f3xx_it.c
2023-05-18 17:48:49,198 [INFO] CodeEngine:255 - oldGeneratedFile, C:\Users\Utente\Desktop\CSD\Schedino\WorkSpace\Esercizio7\Timer\Core\Inc\stm32f3xx_it.h_save
2023-05-18 17:48:49,335 [INFO] CodeEngine:279 - Generated code: C:\Users\Utente\Desktop\CSD\Schedino\WorkSpace\Esercizio7\Timer\Core\Inc\stm32f3xx_it.h
2023-05-18 17:48:49,365 [INFO] CodeEngine:255 - oldGeneratedFile, C:\Users\Utente\Desktop\CSD\Schedino\WorkSpace\Esercizio7\Timer\Core\Src\stm32f3xx_hal_msp.c_save
2023-05-18 17:48:49,469 [INFO] CodeEngine:279 - Generated code: C:\Users\Utente\Desktop\CSD\Schedino\WorkSpace\Esercizio7\Timer\Core\Src\stm32f3xx_hal_msp.c
2023-05-18 17:48:49,477 [INFO] CodeEngine:255 - oldGeneratedFile, C:\Users\Utente\Desktop\CSD\Schedino\WorkSpace\Esercizio7\Timer\MXTmpFiles\system.tmp_save
2023-05-18 17:48:49,547 [INFO] CodeEngine:279 - Generated code: C:\Users\Utente\Desktop\CSD\Schedino\WorkSpace\Esercizio7\Timer\MXTmpFiles\system.tmp
2023-05-18 17:48:49,564 [INFO] CodeEngine:311 - oldGeneratedFile, C:\Users\Utente\Desktop\CSD\Schedino\WorkSpace\Esercizio7\Timer\Core\Inc\stm32f3xx_hal_conf.h_save
2023-05-18 17:48:49,638 [INFO] CodeEngine:335 - Generated code: C:\Users\Utente\Desktop\CSD\Schedino\WorkSpace\Esercizio7\Timer\Core\Inc\stm32f3xx_hal_conf.h
2023-05-18 17:48:49,664 [WARN] IPConfigManager:3431 - IP not found : TIM
2023-05-18 17:48:49,666 [WARN] CodeGenerator:3754 - IP not found : null
2023-05-18 17:48:49,679 [INFO] CodeEngine:255 - oldGeneratedFile, C:\Users\Utente\Desktop\CSD\Schedino\WorkSpace\Esercizio7\Timer\Core\Inc\main.h_save
2023-05-18 17:48:49,764 [INFO] CodeEngine:279 - Generated code: C:\Users\Utente\Desktop\CSD\Schedino\WorkSpace\Esercizio7\Timer\Core\Inc\main.h
2023-05-18 17:48:49,774 [INFO] CodeEngine:255 - oldGeneratedFile, C:\Users\Utente\Desktop\CSD\Schedino\WorkSpace\Esercizio7\Timer\Core\Src\main.c_save
2023-05-18 17:48:49,885 [INFO] CodeEngine:279 - Generated code: C:\Users\Utente\Desktop\CSD\Schedino\WorkSpace\Esercizio7\Timer\Core\Src\main.c
2023-05-18 17:48:50,730 [INFO] ProjectBuilder:2996 - Time for Copy HAL[1] : 218mS.
2023-05-18 17:48:50,735 [INFO] ProjectBuilder:4304 - Project Generator version: 3.19.2
2023-05-18 17:48:51,093 [INFO] ConfigFileManager:1483 - The Die is : DIE422
2023-05-18 17:48:52,755 [INFO] ProjectBuilder:4505 - Time for Generating toolchain IDE Files: 2019mS.
2023-05-18 17:48:52,757 [INFO] ProjectBuilder:2867 - Time for Copy CMSIS : 1mS.
2023-05-18 17:48:52,761 [INFO] ProjectBuilder:2867 - Time for Copy CMSIS : 0mS.
2023-05-18 17:53:46,610 [INFO] NvicIntPanel:101 - NVIC parent = com.st.microxplorer.plugins.ip.nvic.MultiNvicIntPanel[,0,0,0x0,invalid,layout=javax.swing.BoxLayout,alignmentX=0.0,alignmentY=0.0,border=,flags=9,maximumSize=,minimumSize=,preferredSize=]
2023-05-18 17:54:01,727 [INFO] NvicIntPanel:101 - NVIC parent = com.st.microxplorer.plugins.ip.nvic.MultiNvicIntPanel[,0,0,0x0,invalid,layout=javax.swing.BoxLayout,alignmentX=0.0,alignmentY=0.0,border=,flags=9,maximumSize=,minimumSize=,preferredSize=]
2023-05-18 17:54:30,341 [INFO] NvicIntPanel:101 - NVIC parent = com.st.microxplorer.plugins.ip.nvic.MultiNvicIntPanel[,0,0,0x0,invalid,layout=javax.swing.BoxLayout,alignmentX=0.0,alignmentY=0.0,border=,flags=9,maximumSize=,minimumSize=,preferredSize=]
2023-05-18 17:54:57,449 [INFO] NvicIntPanel:101 - NVIC parent = com.st.microxplorer.plugins.ip.nvic.MultiNvicIntPanel[,0,0,0x0,invalid,layout=javax.swing.BoxLayout,alignmentX=0.0,alignmentY=0.0,border=,flags=9,maximumSize=,minimumSize=,preferredSize=]
2023-05-18 17:55:11,540 [INFO] UtilMem:75 - End SaveConfig() Used Memory: 655505216 Bytes (1015021568)
2023-05-18 17:56:14,808 [INFO] NvicIntPanel:101 - NVIC parent = com.st.microxplorer.plugins.ip.nvic.MultiNvicIntPanel[,0,0,0x0,invalid,layout=javax.swing.BoxLayout,alignmentX=0.0,alignmentY=0.0,border=,flags=9,maximumSize=,minimumSize=,preferredSize=]
2023-05-18 17:56:18,932 [INFO] UtilMem:75 - End SaveConfig() Used Memory: 674036032 Bytes (1015021568)
2023-05-18 17:56:20,028 [INFO] UtilMem:75 - End SaveConfig() Used Memory: 705428912 Bytes (1015021568)
2023-05-18 17:56:22,298 [INFO] UtilMem:75 - End SaveConfig() Used Memory: 782497200 Bytes (1015021568)
2023-05-18 17:56:22,650 [INFO] BlockDiagram:2759 - set Specific Code input for plugin: TIM1_8F3
2023-05-18 17:56:22,650 [INFO] BlockDiagram:2759 - set Specific Code input for plugin: RCC
2023-05-18 17:56:22,650 [INFO] BlockDiagram:2759 - set Specific Code input for plugin: NVIC
2023-05-18 17:56:22,650 [INFO] BlockDiagram:2759 - set Specific Code input for plugin: TIM1_8F3
2023-05-18 17:56:22,651 [INFO] BlockDiagram:2759 - set Specific Code input for plugin: GPIO
2023-05-18 17:56:22,653 [INFO] CodeGenerator:793 - code generatio: config db path: C:\ST\STM32CubeIDE_1.12.0\STM32CubeIDE\plugins\com.st.stm32cube.common.mx_6.8.0.202302231600\\db\
2023-05-18 17:56:22,873 [INFO] CodeEngine:255 - oldGeneratedFile, C:\Users\Utente\Desktop\CSD\Schedino\WorkSpace\Esercizio7\Timer\MXTmpFiles\license.tmp_save
2023-05-18 17:56:22,943 [INFO] CodeEngine:279 - Generated code: C:\Users\Utente\Desktop\CSD\Schedino\WorkSpace\Esercizio7\Timer\MXTmpFiles\license.tmp
2023-05-18 17:56:22,973 [INFO] CodeEngine:255 - oldGeneratedFile, C:\Users\Utente\Desktop\CSD\Schedino\WorkSpace\Esercizio7\Timer\MXTmpFiles\gpio.tmp_save
2023-05-18 17:56:23,099 [INFO] CodeEngine:279 - Generated code: C:\Users\Utente\Desktop\CSD\Schedino\WorkSpace\Esercizio7\Timer\MXTmpFiles\gpio.tmp
2023-05-18 17:56:23,182 [INFO] CodeEngine:255 - oldGeneratedFile, C:\Users\Utente\Desktop\CSD\Schedino\WorkSpace\Esercizio7\Timer\Core\Src\stm32f3xx_it.c_save
2023-05-18 17:56:23,326 [INFO] CodeEngine:279 - Generated code: C:\Users\Utente\Desktop\CSD\Schedino\WorkSpace\Esercizio7\Timer\Core\Src\stm32f3xx_it.c
2023-05-18 17:56:23,335 [INFO] CodeEngine:255 - oldGeneratedFile, C:\Users\Utente\Desktop\CSD\Schedino\WorkSpace\Esercizio7\Timer\Core\Inc\stm32f3xx_it.h_save
2023-05-18 17:56:23,417 [INFO] CodeEngine:279 - Generated code: C:\Users\Utente\Desktop\CSD\Schedino\WorkSpace\Esercizio7\Timer\Core\Inc\stm32f3xx_it.h
2023-05-18 17:56:23,450 [INFO] CodeEngine:255 - oldGeneratedFile, C:\Users\Utente\Desktop\CSD\Schedino\WorkSpace\Esercizio7\Timer\Core\Src\stm32f3xx_hal_msp.c_save
2023-05-18 17:56:23,566 [INFO] CodeEngine:279 - Generated code: C:\Users\Utente\Desktop\CSD\Schedino\WorkSpace\Esercizio7\Timer\Core\Src\stm32f3xx_hal_msp.c
2023-05-18 17:56:23,572 [INFO] CodeEngine:255 - oldGeneratedFile, C:\Users\Utente\Desktop\CSD\Schedino\WorkSpace\Esercizio7\Timer\MXTmpFiles\system.tmp_save
2023-05-18 17:56:23,647 [INFO] CodeEngine:279 - Generated code: C:\Users\Utente\Desktop\CSD\Schedino\WorkSpace\Esercizio7\Timer\MXTmpFiles\system.tmp
2023-05-18 17:56:23,662 [INFO] CodeEngine:311 - oldGeneratedFile, C:\Users\Utente\Desktop\CSD\Schedino\WorkSpace\Esercizio7\Timer\Core\Inc\stm32f3xx_hal_conf.h_save
2023-05-18 17:56:23,751 [INFO] CodeEngine:335 - Generated code: C:\Users\Utente\Desktop\CSD\Schedino\WorkSpace\Esercizio7\Timer\Core\Inc\stm32f3xx_hal_conf.h
2023-05-18 17:56:23,780 [WARN] IPConfigManager:3431 - IP not found : TIM
2023-05-18 17:56:23,781 [WARN] CodeGenerator:3754 - IP not found : null
2023-05-18 17:56:23,795 [INFO] CodeEngine:255 - oldGeneratedFile, C:\Users\Utente\Desktop\CSD\Schedino\WorkSpace\Esercizio7\Timer\Core\Inc\main.h_save
2023-05-18 17:56:23,901 [INFO] CodeEngine:279 - Generated code: C:\Users\Utente\Desktop\CSD\Schedino\WorkSpace\Esercizio7\Timer\Core\Inc\main.h
2023-05-18 17:56:23,910 [INFO] CodeEngine:255 - oldGeneratedFile, C:\Users\Utente\Desktop\CSD\Schedino\WorkSpace\Esercizio7\Timer\Core\Src\main.c_save
2023-05-18 17:56:24,046 [INFO] CodeEngine:279 - Generated code: C:\Users\Utente\Desktop\CSD\Schedino\WorkSpace\Esercizio7\Timer\Core\Src\main.c
2023-05-18 17:56:25,023 [INFO] ProjectBuilder:2996 - Time for Copy HAL[1] : 224mS.
2023-05-18 17:56:25,028 [INFO] ProjectBuilder:4304 - Project Generator version: 3.19.2
2023-05-18 17:56:25,524 [INFO] ConfigFileManager:1483 - The Die is : DIE422
2023-05-18 17:56:27,474 [INFO] ProjectBuilder:4505 - Time for Generating toolchain IDE Files: 2446mS.
2023-05-18 17:56:27,482 [INFO] ProjectBuilder:2867 - Time for Copy CMSIS : 8mS.
2023-05-18 17:56:27,486 [INFO] ProjectBuilder:2867 - Time for Copy CMSIS : 0mS.
