00000000                                     1  **************SottroProgramma:RICERCA_MIN**********************
00008700                                     2  			ORG		$8700
00008700  4E56 0000                          3  RICERCA_MIN		LINK 		A6,#0
00008704  226E 0004                          4  			MOVEA.L	offRtn(A6),A1
00008708  206E 000C                          5  			MOVEA.L	offMtr(A6),A0
0000870C  3C2E 000A                          6  			MOVE.W	offRg(A6),D6
00008710  3E2E 0008                          7  			MOVE.W	offCl(A6),D7
00008714                                     8  
00008714                                     9  ***************************LOGICA*********************
00008714                                    10  
00008714  363C 007F                         11  			MOVE.W	#$7F,D3
00008718  4240                              12  			CLR.W		D0
0000871A  4241                              13  LOOPm		CLR.W		D1
0000871C  B670 1000                         14  LOOP2m		CMP.W	(A0,D1),D3
00008720  6F00 0008                         15  			BLE		SKIPm
00008724  3630 1000                         16  			MOVE.W	(A0,D1),D3
00008728  3808                              17  			MOVE.W	A0,D4
0000872A  5441                              18  SKIPm			ADD		#2,D1		
0000872C  B246                              19  			CMP		D6,D1
0000872E  66EC                              20  			BNE		LOOP2m
00008730  D0C6                              21  			ADD		D6,A0
00008732  5440                              22  			ADD		#2,D0
00008734  B047                              23  			CMP		D7,D0
00008736  66E2                              24  			BNE		LOOPm
00008738                                    25  			
00008738                                    26  ***************************LOGICA*********************
00008738                                    27  
00008738  2D43 0010                         28  			MOVE.L	D3,offMin(A6)
0000873C  2D44 0014                         29  			MOVE.L	D4,offIndMin(A6)
00008740  4240                              30  			CLR.W		D0
00008742  4241                              31  			CLR.W		D1
00008744  4242                              32  			CLR.W		D2
00008746  4243                              33  			CLR.W		D3
00008748  4244                              34  			CLR.W		D4
0000874A  4245                              35  			CLR.W		D5
0000874C  4246                              36  			CLR.W		D6
0000874E  4247                              37  			CLR.W		D7
00008750  4E5E                              38  			UNLK		A6
00008752  4E75                              39  			RTS
00008754                                    40  **************SottroProgramma:RICERCA_MAX**********************
00008800                                    41  			ORG		$8800
00008800  4E56 0000                         42  RICERCAMAX		LINK 		A6,#0
00008804  226E 0004                         43  			MOVEA.L	offRtn(A6),A1
00008808  206E 000C                         44  			MOVEA.L	offMtr(A6),A0
0000880C  3C2E 000A                         45  			MOVE.W	offRg(A6),D6
00008810  3E2E 0008                         46  			MOVE.W	offCl(A6),D7
00008814                                    47  
00008814                                    48  ***************************LOGICA*********************
00008814                                    49  
00008814  363C 0001                         50  			MOVE.W	#1,D3
00008818  4240                              51  			CLR.W		D0
0000881A  4241                              52  LOOPmx		CLR.W		D1
0000881C  B670 1000                         53  LOOP2mx		CMP.W	(A0,D1),D3
00008820  6C00 0008                         54  			BGE		SKIPmx
00008824  3630 1000                         55  			MOVE.W	(A0,D1),D3
00008828  3808                              56  			MOVE.W	A0,D4
0000882A  5441                              57  SKIPmx		ADD		#2,D1		
0000882C  B246                              58  			CMP		D6,D1
0000882E  66EC                              59  			BNE		LOOP2mx
00008830  D0C6                              60  			ADD		D6,A0
00008832  5440                              61  			ADD		#2,D0
00008834  B047                              62  			CMP		D7,D0
00008836  66E2                              63  			BNE		LOOPmx
00008838                                    64  			
00008838                                    65  ***************************LOGICA*********************
00008838                                    66  
00008838  2D43 0010                         67  			MOVE.L	D3,offMax(A6)
0000883C  2D44 0014                         68  			MOVE.L	D4,offIndMax(A6)
00008840  4E5E                              69  			UNLK		A6
00008842  4E75                              70  			RTS
00008844                                    71  
00008844                                    72  ***************************MAIN********************
00008844                                    73  		
00008500                                    74  			ORG		$8500
00008500  DFFC FFFFFFFC                     75  INIZIO			ADDA.L	#-4,SP
00008506  DFFC FFFFFFFC                     76  			ADDA.L	#-4,SP
0000850C  2F3C 00008000                     77  			MOVE.L	#MTR,-(SP)
00008512  3F39 00008014                     78  			MOVE.W	RG,-(SP)
00008518  3F39 00008012                     79  			MOVE.W	CL,-(SP)
0000851E  4EB9 00008700                     80  			JSR		RICERCA_MIN
00008524  DEFC 0008                         81  			ADDA		#8,SP
00008528  23DF 00008016                     82  			MOVE.L	(SP)+,MIN
0000852E  23DF 0000801A                     83  			MOVE.L	(SP)+,INDMIN
00008534  DFFC FFFFFFFC                     84  			ADDA.L	#-4,SP
0000853A  DFFC FFFFFFFC                     85  			ADDA.L	#-4,SP
00008540  2F3C 00008000                     86  			MOVE.L	#MTR,-(SP)
00008546  3F39 00008014                     87  			MOVE.W	RG,-(SP)
0000854C  3F39 00008012                     88  			MOVE.W	CL,-(SP)
00008552  4EB9 00008800                     89  			JSR		RICERCAMAX
00008558  DEFC 0008                         90  			ADDA		#8,SP
0000855C  23DF 0000801E                     91  			MOVE.L	(SP)+,MAX
00008562  23DF 00008022                     92  			MOVE.L	(SP)+,INDMAX
00008568  4EF9 00008568                     93  STOP			JMP		STOP
0000856E                                    94  			
0000856E                                    95  			
0000856E                                    96  
0000856E                                    97  ***************************AREA   DATI********************
0000856E                                    98  		
00008000                                    99  			ORG		$8000
00008000                                   100  
00008000  000B 0002 0037                   101  MTR			DC.W		11,2,55
00008006  0004 0001 0021                   102  			DC.W		4,1,33
0000800C  0006 0005 0003                   103  			DC.W		6,5,3
00008012                                   104  		
00008012  =00000002                        105  DIM_S			EQU		2
00008012  =00000006                        106  M			EQU		DIM_S*3
00008012  =00000006                        107  M1			EQU		DIM_S*3
00008012  0006                             108  CL			DC.W		M
00008014  0006                             109  RG			DC.W		M1
00008016                                   110  MIN			DS.L		1
0000801A                                   111  INDMIN		DS.L		1
0000801E                                   112  MAX			DS.L		1
00008022                                   113  INDMAX		DS.L		1
00008026                                   114  
00008026                                   115  ***OFFSET
00008026  =00000004                        116  offRtn			EQU		4
00008026  =00000008                        117  offCl			EQU		8
00008026  =0000000A                        118  offRg			EQU		10
00008026  =0000000C                        119  offMtr			EQU		12
00008026  =00000010                        120  offMin			EQU		16
00008026  =00000010                        121  offMax			EQU		16
00008026  =00000014                        122  offIndMin		EQU		20
00008026  =00000014                        123  offIndMax		EQU		20
00008026                                   124  		
00008026                                   125  			END		INIZIO		

No errors detected
No warnings generated
