00000000                                     1  
00000000                                     2  **********************MAIN**********************
00008100                                     3  		ORG		$8100
00008100  DEFC FFFC                          4  INIZIO		ADDA		#-4,SP
00008104  3F39 00008008                      5  		MOVE.W	DIM,-(SP)
0000810A  2F3C 00008000                      6  		MOVE.L	#V1,-(SP)
00008110  2F3C 00008004                      7  		MOVE.L	#V2,-(SP)
00008116  4EB9 00008128                      8  		JSR		SOMMA
0000811C  23DF 0000800A                      9  		MOVE.L	(SP)+,RES
00008122  4EF9 00008122                     10  FINE		JMP		FINE
00008128                                    11  
00008128                                    12  
00008128                                    13  
00008128                                    14  *******SUBROUTINE	SOMMA***********
00008128                                    15  
00008128  4E56 FFFC                         16  SOMMA	LINK		A6,#-4
0000812C  246E 0004                         17  		MOVEA.L	RITOFF(A6),A2
00008130  226E 0008                         18  		MOVEA.L	V2OFF(A6),A1
00008134  206E 000C                         19  		MOVEA.L	V1OFF(A6),A0
00008138  302E 0010                         20  		MOVE.W	DIMOFF(A6),D0
0000813C  3D78 0000 FFFC                    21  		MOVE		0,VAROFF(A6)
00008142                                    22  		
00008142  D218                              23  ADD		ADD.B		(A0)+,D1
00008144  D219                              24  		ADD.B		(A1)+,D1
00008146  1D41 FFFC                         25  		MOVE.B	D1,VAROFF(A6)
0000814A  5340                              26  CTRL		SUB		#1,D0
0000814C  66F4                              27  		BNE		ADD
0000814E  2D6E FFFC 0012                    28  		MOVE.L	VAROFF(A6),RESOFF(A6)
00008154  4E5E                              29  		UNLK		A6
00008156  DFFC 0000000E                     30  		ADDA.L	#RESOFF-4,SP	
0000815C                                    31  
0000815C  4ED2                              32  		JMP		(A2)
0000815E                                    33  
0000815E                                    34  
0000815E                                    35  
0000815E                                    36  
0000815E                                    37  
0000815E                                    38  
0000815E                                    39  
0000815E                                    40  
0000815E                                    41  ****************AREA	DATI*************************
00008000                                    42  		ORG		$8000
00008000  00 01 03 02                       43  V1		DC.B		0,1,3,2
00008004  03 02 02 01                       44  V2		DC.B		3,2,2,1
00008008  0004                              45  DIM		DC.W		4
0000800A                                    46  RES		DS.L		1
0000800E                                    47  *OFFSET
0000800E  =FFFFFFFC                         48  VAROFF	EQU		-4
0000800E  =00000004                         49  RITOFF	EQU		4
0000800E  =00000008                         50  V2OFF		EQU		8
0000800E  =0000000C                         51  V1OFF		EQU		12
0000800E  =00000010                         52  DIMOFF	EQU		16
0000800E  =00000012                         53  RESOFF	EQU		18
0000800E                                    54  		END		INIZIO	

No errors detected
No warnings generated
