2023-05-17 10:06:50,506 [INFO] Activator:176 - 


2023-05-17 10:06:50,508 [INFO] Activator:177 - !SESSION log4j initialized
2023-05-17 10:06:53,076 [INFO] LogOutputStream:77 - [STDOUT_REDIRECT] 
2023-05-17 10:06:56,155 [INFO] ApplicationProperties:184 - Using Application install path: C:\ST\STM32CubeIDE_1.12.0\STM32CubeIDE\plugins\com.st.stm32cube.common.mx_6.8.0.202302231600
2023-05-17 10:06:56,177 [INFO] DbMcusXml:78 - Set database path to: C:\ST\STM32CubeIDE_1.12.0\STM32CubeIDE\plugins\com.st.stm32cube.common.mx_6.8.0.202302231600\\db\/mcu/
2023-05-17 10:06:56,177 [INFO] ApiDb:274 - Set plugin database path to: C:\ST\STM32CubeIDE_1.12.0\STM32CubeIDE\plugins\com.st.stm32cube.common.mx_6.8.0.202302231600\\db\/plugins/boardmanager/
2023-05-17 10:06:56,180 [WARN] ApiDb:259 - Overriding images path with different value:  => C:\ST\STM32CubeIDE_1.12.0\STM32CubeIDE\plugins\com.st.stm32cube.common.mx_6.8.0.202302231600\\db\/plugins/mcufinder/images/
2023-05-17 10:06:56,198 [INFO] ApiDb:250 - Set database path to: C:\Users\Utente\.stmcufinder\plugins\mcufinder//mcu/
2023-05-17 10:06:56,200 [INFO] DbMcusAds:125 - Set database path to: C:\Users\Utente\.stmcufinder\plugins\mcufinder//mcu/
2023-05-17 10:06:57,093 [INFO] CrossReferenceDbSqlite:203 - Set database path to: C:\Users\Utente\.stmcufinder\plugins\mcufinder//mcu/cs/
2023-05-17 10:06:57,268 [INFO] RulesReader:64 - Compatibility file has been processed (293 Rules)
2023-05-17 10:06:57,341 [INFO] DbMcusXml:78 - Set database path to: C:\ST\STM32CubeIDE_1.12.0\STM32CubeIDE\plugins\com.st.stm32cube.common.mx_6.8.0.202302231600\\db\/mcu/
2023-05-17 10:06:57,341 [INFO] ApiDb:274 - Set plugin database path to: C:\ST\STM32CubeIDE_1.12.0\STM32CubeIDE\plugins\com.st.stm32cube.common.mx_6.8.0.202302231600\\db\/plugins/boardmanager/
2023-05-17 10:06:57,342 [INFO] ApiDb:261 - Set plugin images path to: C:\ST\STM32CubeIDE_1.12.0\STM32CubeIDE\plugins\com.st.stm32cube.common.mx_6.8.0.202302231600\\db\/plugins/mcufinder/images/
2023-05-17 10:06:57,342 [WARN] DbFile:41 - Overriding database path with different value: C:\Users\Utente\.stmcufinder\plugins\mcufinder/ => C:\Users\Utente\.stmcufinder\plugins\mcufinder
2023-05-17 10:06:57,342 [INFO] ApiDb:250 - Set database path to: C:\Users\Utente\.stmcufinder\plugins\mcufinder//mcu/
2023-05-17 10:06:57,342 [WARN] DbFile:41 - Overriding database path with different value: C:\Users\Utente\.stmcufinder\plugins\mcufinder/ => C:\Users\Utente\.stmcufinder\plugins\mcufinder
2023-05-17 10:06:57,342 [INFO] DbMcusAds:125 - Set database path to: C:\Users\Utente\.stmcufinder\plugins\mcufinder//mcu/
2023-05-17 10:06:57,342 [WARN] DbFile:41 - Overriding database path with different value: C:\Users\Utente\.stmcufinder\plugins\mcufinder/ => C:\Users\Utente\.stmcufinder\plugins\mcufinder
2023-05-17 10:06:57,342 [WARN] DbFile:41 - Overriding database path with different value: C:\Users\Utente\.stmcufinder\plugins\mcufinder/ => C:\Users\Utente\.stmcufinder\plugins\mcufinder
2023-05-17 10:06:58,092 [INFO] CrossReferenceDbSqlite:203 - Set database path to: C:\Users\Utente\.stmcufinder\plugins\mcufinder//mcu/cs/
2023-05-17 10:06:58,159 [INFO] MainPanel:253 - HeapMemory: 268435456
2023-05-17 10:06:58,244 [INFO] DbMcusXml:78 - Set database path to: C:\ST\STM32CubeIDE_1.12.0\STM32CubeIDE\plugins\com.st.stm32cube.common.mx_6.8.0.202302231600\\db\/mcu/
2023-05-17 10:06:58,244 [INFO] ApiDb:274 - Set plugin database path to: C:\ST\STM32CubeIDE_1.12.0\STM32CubeIDE\plugins\com.st.stm32cube.common.mx_6.8.0.202302231600\\db\/plugins/boardmanager/
2023-05-17 10:06:58,245 [INFO] ApiDb:261 - Set plugin images path to: C:\ST\STM32CubeIDE_1.12.0\STM32CubeIDE\plugins\com.st.stm32cube.common.mx_6.8.0.202302231600\\db\/plugins/mcufinder/images/
2023-05-17 10:06:58,245 [WARN] DbFile:41 - Overriding database path with different value: C:\Users\Utente\.stmcufinder\plugins\mcufinder/ => C:\Users\Utente\.stmcufinder\plugins\mcufinder
2023-05-17 10:06:58,245 [INFO] ApiDb:250 - Set database path to: C:\Users\Utente\.stmcufinder\plugins\mcufinder//mcu/
2023-05-17 10:06:58,245 [WARN] DbFile:41 - Overriding database path with different value: C:\Users\Utente\.stmcufinder\plugins\mcufinder/ => C:\Users\Utente\.stmcufinder\plugins\mcufinder
2023-05-17 10:06:58,245 [INFO] DbMcusAds:125 - Set database path to: C:\Users\Utente\.stmcufinder\plugins\mcufinder//mcu/
2023-05-17 10:06:58,245 [WARN] DbFile:41 - Overriding database path with different value: C:\Users\Utente\.stmcufinder\plugins\mcufinder/ => C:\Users\Utente\.stmcufinder\plugins\mcufinder
2023-05-17 10:06:58,247 [WARN] DbFile:41 - Overriding database path with different value: C:\Users\Utente\.stmcufinder\plugins\mcufinder/ => C:\Users\Utente\.stmcufinder\plugins\mcufinder
2023-05-17 10:06:59,099 [INFO] CrossReferenceDbSqlite:203 - Set database path to: C:\Users\Utente\.stmcufinder\plugins\mcufinder//mcu/cs/
2023-05-17 10:06:59,119 [INFO] ApplicationProperties:184 - Using Application install path: C:\ST\STM32CubeIDE_1.12.0\STM32CubeIDE\plugins\com.st.stm32cube.common.mx_6.8.0.202302231600
2023-05-17 10:06:59,120 [INFO] PluginManage:196 - Search for loadable plugins [exclusion list=, ]
2023-05-17 10:06:59,122 [INFO] PluginManage:310 - Check plugin analytics
2023-05-17 10:07:00,158 [INFO] AnalyticsPlugin:253 - Accepted Software Licenses: 
2023-05-17 10:07:00,159 [INFO] AnalyticsPlugin:255 - Accepted CMSIS Pack Licenses: STMicroelectronics.X-CUBE-ALGOBUILD.1.3.0
2023-05-17 10:07:00,159 [INFO] AnalyticsPlugin:257 - Accepted Firmware Licenses: 
2023-05-17 10:07:00,172 [INFO] PluginManage:359 - Loaded plugin analytics (category:tool,tabindex:-1)
2023-05-17 10:07:00,173 [INFO] PluginManage:310 - Check plugin cadmodel
2023-05-17 10:07:00,180 [INFO] CADModel:105 - Init CAD model plugin
2023-05-17 10:07:00,180 [INFO] PluginManage:359 - Loaded plugin cadmodel (category:power,tabindex:5)
2023-05-17 10:07:00,181 [INFO] PluginManage:310 - Check plugin clock
2023-05-17 10:07:00,194 [INFO] PluginManage:359 - Loaded plugin clock (category:base,tabindex:2)
2023-05-17 10:07:00,194 [INFO] PluginManage:310 - Check plugin ddr
2023-05-17 10:07:00,197 [INFO] PluginManage:359 - Loaded plugin ddr (category:tool,tabindex:6)
2023-05-17 10:07:00,197 [INFO] PluginManage:310 - Check plugin filemanager
2023-05-17 10:07:00,330 [INFO] PluginManage:359 - Loaded plugin filemanager (category:base,tabindex:10)
2023-05-17 10:07:00,330 [INFO] PluginManage:310 - Check plugin ipmanager
2023-05-17 10:07:00,339 [INFO] PluginManage:359 - Loaded plugin ipmanager (category:base,tabindex:5)
2023-05-17 10:07:00,339 [INFO] PluginManage:310 - Check plugin lpbam
2023-05-17 10:07:00,352 [INFO] PluginManage:359 - Loaded plugin lpbam (category:base,tabindex:0)
2023-05-17 10:07:00,352 [INFO] PluginManage:310 - Check plugin pinoutandconfiguration
2023-05-17 10:07:00,366 [INFO] PluginManage:359 - Loaded plugin pinoutandconfiguration (category:base,tabindex:1)
2023-05-17 10:07:00,367 [INFO] PluginManage:310 - Check plugin pinoutconfig
2023-05-17 10:07:00,453 [WARN] SupportedApi:132 - Cannot load RTOS API schema: s4s-elt-must-match.1: The content of 'definitions' must match (annotation?, (simpleType | complexType)?, (unique | key | keyref)*)). A problem was found starting at: attribute.
2023-05-17 10:07:00,577 [INFO] PluginManage:359 - Loaded plugin pinoutconfig (category:base,tabindex:0)
2023-05-17 10:07:00,577 [INFO] PluginManage:310 - Check plugin power
2023-05-17 10:07:00,586 [INFO] PluginManage:359 - Loaded plugin power (category:power,tabindex:4)
2023-05-17 10:07:00,586 [INFO] PluginManage:310 - Check plugin projectmanager
2023-05-17 10:07:00,604 [INFO] PluginManage:359 - Loaded plugin projectmanager (category:projectmanager,tabindex:3)
2023-05-17 10:07:00,605 [INFO] PluginManage:310 - Check plugin thirdparty
2023-05-17 10:07:00,733 [INFO] PluginManage:359 - Loaded plugin thirdparty (category:base,tabindex:-1)
2023-05-17 10:07:00,733 [INFO] PluginManage:310 - Check plugin tools
2023-05-17 10:07:00,733 [WARN] IntegrityCheckThread:84 - waiting for thirdparty lock release [integrity check]
2023-05-17 10:07:00,734 [INFO] IntegrityCheckThread:86 - entering critical section [integrity check]
2023-05-17 10:07:00,735 [INFO] ThirdPartyUpdaterWithRetryManager:70 - Updater plugin not ready yet. [1/15]
2023-05-17 10:07:00,736 [INFO] PluginManage:359 - Loaded plugin tools (category:base,tabindex:7)
2023-05-17 10:07:00,737 [INFO] PluginManage:310 - Check plugin tutovideos
2023-05-17 10:07:00,939 [INFO] PluginManage:359 - Loaded plugin tutovideos (category:base,tabindex:-1)
2023-05-17 10:07:00,939 [INFO] PluginManage:310 - Check plugin updater
2023-05-17 10:07:00,956 [INFO] PluginManage:359 - Loaded plugin updater (category:base,tabindex:12)
2023-05-17 10:07:00,957 [INFO] PluginManage:283 - PluginManage : Loaded plugins [15]
2023-05-17 10:07:01,199 [INFO] PinOutPanel:1499 - setPackage(No Configuration,No Configuration)
2023-05-17 10:07:01,265 [INFO] CADModel:165 - CPN selected for project level
2023-05-17 10:07:01,265 [INFO] CADModel:114 - Register for checkConnection events
2023-05-17 10:07:01,284 [INFO] IPUIPlugin:80 - create IPUIPlugin
2023-05-17 10:07:01,285 [INFO] PluginManager:220 - loadIPPluginJar : add adc
2023-05-17 10:07:01,289 [INFO] IPUIPlugin:80 - create IPUIPlugin
2023-05-17 10:07:01,289 [INFO] PluginManager:220 - loadIPPluginJar : add aes
2023-05-17 10:07:01,292 [INFO] IPUIPlugin:80 - create IPUIPlugin
2023-05-17 10:07:01,292 [INFO] PluginManager:220 - loadIPPluginJar : add can
2023-05-17 10:07:01,294 [INFO] IPUIPlugin:80 - create IPUIPlugin
2023-05-17 10:07:01,294 [INFO] PluginManager:220 - loadIPPluginJar : add comp
2023-05-17 10:07:01,297 [INFO] IPUIPlugin:80 - create IPUIPlugin
2023-05-17 10:07:01,297 [INFO] PluginManager:220 - loadIPPluginJar : add cryp
2023-05-17 10:07:01,300 [INFO] IPUIPlugin:80 - create IPUIPlugin
2023-05-17 10:07:01,301 [INFO] PluginManager:220 - loadIPPluginJar : add dfsdm
2023-05-17 10:07:01,308 [INFO] IPUIPlugin:80 - create IPUIPlugin
2023-05-17 10:07:01,309 [INFO] PluginManager:220 - loadIPPluginJar : add dma
2023-05-17 10:07:01,312 [INFO] IPUIPlugin:80 - create IPUIPlugin
2023-05-17 10:07:01,312 [INFO] PluginManager:220 - loadIPPluginJar : add dma3
2023-05-17 10:07:01,314 [INFO] IPUIPlugin:80 - create IPUIPlugin
2023-05-17 10:07:01,314 [INFO] PluginManager:220 - loadIPPluginJar : add fatfs
2023-05-17 10:07:01,318 [INFO] IPUIPlugin:80 - create IPUIPlugin
2023-05-17 10:07:01,319 [INFO] PluginManager:220 - loadIPPluginJar : add fmc
2023-05-17 10:07:01,324 [INFO] IPUIPlugin:80 - create IPUIPlugin
2023-05-17 10:07:01,324 [INFO] PluginManager:220 - loadIPPluginJar : add freertos
2023-05-17 10:07:01,326 [INFO] IPUIPlugin:80 - create IPUIPlugin
2023-05-17 10:07:01,326 [INFO] PluginManager:220 - loadIPPluginJar : add genericplugin
2023-05-17 10:07:01,328 [INFO] IPUIPlugin:80 - create IPUIPlugin
2023-05-17 10:07:01,328 [INFO] PluginManager:220 - loadIPPluginJar : add gfxmmu
2023-05-17 10:07:01,333 [INFO] IPUIPlugin:80 - create IPUIPlugin
2023-05-17 10:07:01,333 [INFO] PluginManager:220 - loadIPPluginJar : add gic
2023-05-17 10:07:01,339 [INFO] IPUIPlugin:80 - create IPUIPlugin
2023-05-17 10:07:01,339 [INFO] PluginManager:220 - loadIPPluginJar : add gpio
2023-05-17 10:07:01,342 [INFO] IPUIPlugin:80 - create IPUIPlugin
2023-05-17 10:07:01,342 [INFO] PluginManager:220 - loadIPPluginJar : add gtzc
2023-05-17 10:07:01,345 [INFO] IPUIPlugin:80 - create IPUIPlugin
2023-05-17 10:07:01,345 [INFO] PluginManager:220 - loadIPPluginJar : add hash
2023-05-17 10:07:01,348 [INFO] IPUIPlugin:80 - create IPUIPlugin
2023-05-17 10:07:01,348 [INFO] PluginManager:220 - loadIPPluginJar : add i2c
2023-05-17 10:07:01,350 [INFO] IPUIPlugin:80 - create IPUIPlugin
2023-05-17 10:07:01,351 [INFO] PluginManager:220 - loadIPPluginJar : add i2s
2023-05-17 10:07:01,356 [INFO] IPUIPlugin:80 - create IPUIPlugin
2023-05-17 10:07:01,356 [INFO] PluginManager:220 - loadIPPluginJar : add i3c
2023-05-17 10:07:01,360 [INFO] IPUIPlugin:80 - create IPUIPlugin
2023-05-17 10:07:01,360 [INFO] PluginManager:220 - loadIPPluginJar : add ipddr
2023-05-17 10:07:01,369 [INFO] IPUIPlugin:80 - create IPUIPlugin
2023-05-17 10:07:01,370 [INFO] PluginManager:220 - loadIPPluginJar : add linkedlist
2023-05-17 10:07:01,374 [INFO] IPUIPlugin:80 - create IPUIPlugin
2023-05-17 10:07:01,374 [INFO] PluginManager:220 - loadIPPluginJar : add lorawan
2023-05-17 10:07:01,376 [INFO] IPUIPlugin:80 - create IPUIPlugin
2023-05-17 10:07:01,376 [INFO] PluginManager:220 - loadIPPluginJar : add ltdc
2023-05-17 10:07:01,382 [INFO] IPUIPlugin:80 - create IPUIPlugin
2023-05-17 10:07:01,382 [INFO] PluginManager:220 - loadIPPluginJar : add mdma
2023-05-17 10:07:01,387 [INFO] IPUIPlugin:80 - create IPUIPlugin
2023-05-17 10:07:01,387 [INFO] PluginManager:220 - loadIPPluginJar : add nvic
2023-05-17 10:07:01,392 [INFO] IPUIPlugin:80 - create IPUIPlugin
2023-05-17 10:07:01,392 [INFO] PluginManager:220 - loadIPPluginJar : add opamp
2023-05-17 10:07:01,397 [INFO] IPUIPlugin:80 - create IPUIPlugin
2023-05-17 10:07:01,397 [INFO] PluginManager:220 - loadIPPluginJar : add openamp
2023-05-17 10:07:01,402 [INFO] IPUIPlugin:80 - create IPUIPlugin
2023-05-17 10:07:01,402 [INFO] PluginManager:220 - loadIPPluginJar : add pdm2pcm
2023-05-17 10:07:01,412 [INFO] IPUIPlugin:80 - create IPUIPlugin
2023-05-17 10:07:01,416 [INFO] PluginManager:220 - loadIPPluginJar : add plateformsettings
2023-05-17 10:07:01,419 [INFO] IPUIPlugin:80 - create IPUIPlugin
2023-05-17 10:07:01,419 [INFO] PluginManager:220 - loadIPPluginJar : add quadspi
2023-05-17 10:07:01,424 [INFO] IPUIPlugin:80 - create IPUIPlugin
2023-05-17 10:07:01,424 [INFO] PluginManager:220 - loadIPPluginJar : add resmgrutility
2023-05-17 10:07:01,429 [INFO] IPUIPlugin:80 - create IPUIPlugin
2023-05-17 10:07:01,429 [INFO] PluginManager:220 - loadIPPluginJar : add sai
2023-05-17 10:07:01,433 [INFO] IPUIPlugin:80 - create IPUIPlugin
2023-05-17 10:07:01,433 [INFO] PluginManager:220 - loadIPPluginJar : add spi
2023-05-17 10:07:01,440 [INFO] IPUIPlugin:80 - create IPUIPlugin
2023-05-17 10:07:01,441 [INFO] PluginManager:220 - loadIPPluginJar : add stm32_wpan
2023-05-17 10:07:01,443 [INFO] IPUIPlugin:80 - create IPUIPlugin
2023-05-17 10:07:01,443 [INFO] PluginManager:220 - loadIPPluginJar : add tim
2023-05-17 10:07:01,446 [INFO] IPUIPlugin:80 - create IPUIPlugin
2023-05-17 10:07:01,446 [INFO] PluginManager:220 - loadIPPluginJar : add touchsensing
2023-05-17 10:07:01,448 [INFO] IPUIPlugin:80 - create IPUIPlugin
2023-05-17 10:07:01,449 [INFO] PluginManager:220 - loadIPPluginJar : add tracer_emb
2023-05-17 10:07:01,451 [INFO] IPUIPlugin:80 - create IPUIPlugin
2023-05-17 10:07:01,451 [INFO] PluginManager:220 - loadIPPluginJar : add ts
2023-05-17 10:07:01,453 [INFO] IPUIPlugin:80 - create IPUIPlugin
2023-05-17 10:07:01,453 [INFO] PluginManager:220 - loadIPPluginJar : add tsc
2023-05-17 10:07:01,454 [INFO] IPUIPlugin:80 - create IPUIPlugin
2023-05-17 10:07:01,455 [INFO] PluginManager:220 - loadIPPluginJar : add ucpd
2023-05-17 10:07:01,458 [INFO] IPUIPlugin:80 - create IPUIPlugin
2023-05-17 10:07:01,458 [INFO] PluginManager:220 - loadIPPluginJar : add usart
2023-05-17 10:07:01,461 [INFO] IPUIPlugin:80 - create IPUIPlugin
2023-05-17 10:07:01,461 [INFO] PluginManager:220 - loadIPPluginJar : add usbx
2023-05-17 10:07:01,590 [INFO] CADModel:165 - CPN selected for project level
2023-05-17 10:07:01,590 [INFO] CADModel:114 - Register for checkConnection events
2023-05-17 10:07:01,590 [FATAL] Updater:308 - Updater called before beeing initialized
2023-05-17 10:07:01,590 [ERROR] CADModel:125 - Updater not yet initialized, retry later 
2023-05-17 10:07:01,721 [INFO] CADModel:165 - CPN selected for project level
2023-05-17 10:07:01,721 [INFO] CADModel:114 - Register for checkConnection events
2023-05-17 10:07:01,721 [FATAL] Updater:308 - Updater called before beeing initialized
2023-05-17 10:07:01,721 [ERROR] CADModel:125 - Updater not yet initialized, retry later 
2023-05-17 10:07:01,725 [FATAL] Updater:308 - Updater called before beeing initialized
2023-05-17 10:07:01,866 [FATAL] Updater:308 - Updater called before beeing initialized
2023-05-17 10:07:01,874 [INFO] DbMcusAds:53 - JSON generation date=Tue Mar 07 09:50:54 CET 2023 (1678179054945)
2023-05-17 10:07:01,875 [FATAL] Updater:308 - Updater called before beeing initialized
2023-05-17 10:07:01,905 [WARN] DetailPanel:346 - Failed to get advertising image, set to default
2023-05-17 10:07:02,004 [FATAL] Updater:308 - Updater called before beeing initialized
2023-05-17 10:07:02,006 [FATAL] Updater:308 - Updater called before beeing initialized
2023-05-17 10:07:02,006 [FATAL] Updater:308 - Updater called before beeing initialized
2023-05-17 10:07:02,006 [WARN] DetailPanel:346 - Failed to get advertising image, set to default
2023-05-17 10:07:02,007 [FATAL] Updater:308 - Updater called before beeing initialized
2023-05-17 10:07:02,066 [ERROR] Updater:1120 - MainUpdater not yet initialized. External WinMGr cannot be set.
2023-05-17 10:07:02,068 [INFO] Updater:1056 - Updater Version found : 6.8.0
2023-05-17 10:07:02,086 [INFO] ApplicationProperties:184 - Using Application install path: C:\ST\STM32CubeIDE_1.12.0\STM32CubeIDE\plugins\com.st.stm32cube.common.mx_6.8.0.202302231600
2023-05-17 10:07:02,201 [INFO] MainUpdater:2854 - connection check result : 10
2023-05-17 10:07:02,202 [INFO] MainUpdater:283 - Updater Check For Update Now.
2023-05-17 10:07:02,203 [INFO] MicroXplorer:498 - Change Database Version : DB.6.0.80
2023-05-17 10:07:02,395 [INFO] CheckServerUpdateThread:120 - End of CheckServer Thread
2023-05-17 10:07:02,419 [INFO] MainUpdater:2854 - connection check result : 10
2023-05-17 10:07:02,802 [INFO] ApiDb:581 - Connected to CubeFinder SQLite database (C:\Users\Utente\.stmcufinder\plugins\mcufinder\mcu\cube-finder-db.db)
2023-05-17 10:07:02,883 [INFO] ApiDb:668 - CubeFinder database Data Model version=2.1
2023-05-17 10:07:02,884 [INFO] ApiDb:669 - CubeFinder database Configuration version=3.0.35
2023-05-17 10:07:02,884 [INFO] ApiDb:670 - CubeFinder database generation date=2023-04-03 (1680511692)
2023-05-17 10:07:02,884 [INFO] ApiDb:671 - CubeFinder database FW Pack versions=[FP-ATR-ASTRA1_V2.0.0, STM32Cube_FW_C0_V1.0.1, STM32Cube_FW_F0_V1.11.4, STM32Cube_FW_F3_V1.11.4, STM32Cube_FW_F4_V1.27.1, STM32Cube_FW_F7_V1.17.0, STM32Cube_FW_G0_V1.6.1, STM32Cube_FW_G4_V1.5.1, STM32Cube_FW_H5_V0.5.1, STM32Cube_FW_H5_V1.0.0, STM32Cube_FW_H7_V1.11.0, STM32Cube_FW_L0_V1.12.2, STM32Cube_FW_L5_V1.5.0, STM32Cube_FW_U5_V1.2.0, STM32Cube_FW_WBA_V1.0.0, STM32Cube_FW_WBA_V1.0.0RC1, STM32Cube_FW_WBA_V1.0.0RC3, STM32Cube_FW_WB_V1.15.0RC1, STM32Cube_FW_WB_V1.16.0, STM32Cube_FW_WB_V1.16.0RC2, STM32Cube_FW_WL_V1.3.0, X-CUBE-ALGOBUILD_V1.3.0, X-CUBE-ALS_V1.0.1, X-CUBE-AZRTOS-F4_V1.1.0, X-CUBE-AZRTOS-F7_V1.1.0, X-CUBE-AZRTOS-G0_V1.1.0, X-CUBE-AZRTOS-G4_V1.0.0, X-CUBE-AZRTOS-H7_V3.0.0, X-CUBE-AZRTOS-L4_V1.0.0, X-CUBE-AZRTOS-L5_V1.1.0, X-CUBE-AZRTOS-WB_V1.1.0, X-CUBE-AZRTOS-WL_V1.0.0, X-CUBE-BLE1_V6.2.4, X-CUBE-BLE2_V3.3.0, X-CUBE-BLEMGR_V1.3.0, X-CUBE-EEPRMA1_V4.1.0, X-CUBE-FREERTOS_V1.0.1, X-CUBE-GNSS1_V6.0.0, X-CUBE-MEMS1_V9.1.0, X-CUBE-MEMS1_V9.4.0, X-CUBE-MEMS1_V9.5.0, X-CUBE-NFC4_V3.0.0, X-CUBE-NFC7_V1.0.0, X-CUBE-SFXS2LP1_V4.0.0, X-CUBE-SUBG2_V5.0.0]
2023-05-17 10:07:02,973 [INFO] DbBoardsSqlite:226 - include board P-NUCLEO-WB55-NUCLEO as a kit item of type 'Nucleo-64'
2023-05-17 10:07:02,973 [INFO] DbBoardsSqlite:226 - include board P-NUCLEO-WB55-USBDONGLE as a kit item of type 'Nucleo USB Dongle'
2023-05-17 10:07:02,974 [INFO] DbBoardsSqlite:226 - include board STEVAL-IDP005V1 as a kit item of type 'Evaluation Board'
2023-05-17 10:07:02,975 [INFO] DbBoardsSqlite:226 - include board STEVAL-IDP005V2 as a kit item of type 'Evaluation Board'
2023-05-17 10:07:03,042 [INFO] ApiDb:240 - Found 297 in-development CPN: [B-G473E-ZEST1S, B-WB1M-WPAN1, B-WL5M-SUBG1, NUCLEO-C031C6, NUCLEO-H503RB, NUCLEO-H563ZI, NUCLEO-U545RE-Q, NUCLEO-U5A5ZJ-Q, NUCLEO-WBA52CG, STEVAL-PROTEUS1, STEVAL-STWINBX1, STM320518-EVAL, STM32C0116-DK, STM32C011D6Y3TR, STM32C011D6Y6TR, STM32C011F4P3, STM32C011F4P6, STM32C011F4U3, STM32C011F4U6TR, STM32C011F6P3, STM32C011F6P6, STM32C011F6U3, STM32C011F6U6TR, STM32C011J4M3, STM32C011J4M6, STM32C011J6M3, STM32C011J6M6, STM32C0316-DK, STM32C031C4T3, STM32C031C4T6, STM32C031C4U3, STM32C031C4U6, STM32C031C6T3, STM32C031C6T6, STM32C031C6U3, STM32C031C6U6, STM32C031F4P3, STM32C031F4P6, STM32C031F6P3, STM32C031F6P6, STM32C031G4U3, STM32C031G4U6, STM32C031G6U3, STM32C031G6U6, STM32C031K4T3, STM32C031K4T6, STM32C031K4U3, STM32C031K4U6, STM32C031K6T3, STM32C031K6T6, STM32C031K6U3, STM32C031K6U6, STM32G071K8TXN, STM32G071K8UXN, STM32G081GBU6N, STM32G081KBT6N, STM32G081KBUXN, STM32G0B1CCT6N, STM32G0B1KCT6, STM32G0B1NEY6TR, STM32G0B1RCT6N, STM32G0C1CCT6, STM32G0C1CCT6N, STM32G0C1CCU6N, STM32G0C1CET6N, STM32G0C1CEU6N, STM32G0C1KCT6, STM32G0C1NEY6TR, STM32G0C1RCI6N, STM32G0C1RCT6N, STM32G0C1REI6N, STM32G0C1RET6N, STM32G0C1VCI6, STM32G0C1VEI6, STM32G471CCT6, STM32G471CCU6, STM32G471CET3, STM32G471CET6, STM32G471CEU3, STM32G471CEU6, STM32G471MCT6, STM32G471MET3, STM32G471MET6, STM32G471MEY6TR, STM32G471QCT6, STM32G471QET3, STM32G471RCT6, STM32G471RET3, STM32G471RET6, STM32G471VCH6, STM32G471VCI6, STM32G471VCT6, STM32G471VEH3, STM32G471VEH6, STM32G471VEI3, STM32G471VEI6, STM32G471VET3, STM32G471VET6, STM32G474CCT6, STM32H503CBT6, STM32H503CBU6, STM32H503EBY6TR, STM32H503KBU6, STM32H503RBT6, STM32H562AGI6, STM32H562AII6, STM32H562IGK6, STM32H562IGT6, STM32H562IIK6, STM32H562IIT6, STM32H562RGT6, STM32H562RGV6, STM32H562RIT6, STM32H562RIV6, STM32H562VGT6, STM32H562VIT6, STM32H562ZGT6, STM32H562ZIT6, STM32H563AGI6, STM32H563AII3Q, STM32H563AII6, STM32H563IGK6, STM32H563IGT6, STM32H563IIK3Q, STM32H563IIK6, STM32H563IIT3Q, STM32H563IIT6, STM32H563MIY3QTR, STM32H563RGT6, STM32H563RGV6, STM32H563RIT6, STM32H563RIV6, STM32H563VGT6, STM32H563VIT3Q, STM32H563VIT6, STM32H563ZGT6, STM32H563ZIT3Q, STM32H563ZIT6, STM32H573AII3Q, STM32H573AII6, STM32H573I-DK, STM32H573IIK3Q, STM32H573IIK6, STM32H573IIT3Q, STM32H573IIT6, STM32H573MIY3QTR, STM32H573RIT6, STM32H573RIV6, STM32H573VIT3Q, STM32H573VIT6, STM32H573ZIT3Q, STM32H573ZIT6, STM32L4R5QGI6STR, STM32MP131AAE3, STM32MP131AAF3, STM32MP131AAG3, STM32MP131CAE3, STM32MP131CAF3, STM32MP131CAG3, STM32MP131DAE7, STM32MP131DAF7, STM32MP131DAG7, STM32MP131FAE7, STM32MP131FAF7, STM32MP131FAG7, STM32MP133AAE3, STM32MP133AAF3, STM32MP133AAG3, STM32MP133CAE3, STM32MP133CAF3, STM32MP133CAG3, STM32MP133DAE7, STM32MP133DAF7, STM32MP133DAG7, STM32MP133FAE7, STM32MP133FAF7, STM32MP133FAG7, STM32MP135AAE3, STM32MP135AAF3, STM32MP135AAG3, STM32MP135CAE3, STM32MP135CAF3, STM32MP135CAG3, STM32MP135DAE7, STM32MP135DAF7, STM32MP135DAG7, STM32MP135F-DK, STM32MP135FAE7, STM32MP135FAF7, STM32MP135FAF7T, STM32MP135FAF7U, STM32MP135FAG7, STM32U535CBT6, STM32U535CBT6Q, STM32U535CBU6, STM32U535CBU6Q, STM32U535CCT6, STM32U535CCT6Q, STM32U535CCU6, STM32U535CCU6Q, STM32U535CET6, STM32U535CET6Q, STM32U535CEU6, STM32U535CEU6Q, STM32U535JEY6QTR, STM32U535NCY6QTR, STM32U535NEY6QTR, STM32U535RBI6, STM32U535RBI6Q, STM32U535RBT6, STM32U535RBT6Q, STM32U535RCI6, STM32U535RCI6Q, STM32U535RCT6, STM32U535RCT6Q, STM32U535REI6, STM32U535REI6Q, STM32U535RET6, STM32U535RET6Q, STM32U535VCI6, STM32U535VCI6Q, STM32U535VCT6, STM32U535VCT6Q, STM32U535VEI6, STM32U535VEI6Q, STM32U535VET6, STM32U535VET6Q, STM32U545CET6, STM32U545CET6Q, STM32U545CEU6, STM32U545CEU6Q, STM32U545JEY6QTR, STM32U545NEY6QTR, STM32U545REI6, STM32U545REI6Q, STM32U545RET6, STM32U545RET6Q, STM32U545VEI6, STM32U545VEI6Q, STM32U545VET6, STM32U545VET6Q, STM32U595AIH6, STM32U595AIH6Q, STM32U595AJH6, STM32U595AJH6Q, STM32U595QII6, STM32U595QII6Q, STM32U595QJI6, STM32U595QJI6Q, STM32U595RIT6, STM32U595RIT6Q, STM32U595RJT6, STM32U595RJT6Q, STM32U595VIT6, STM32U595VIT6Q, STM32U595VJT6, STM32U595VJT6Q, STM32U595ZIT6, STM32U595ZIT6Q, STM32U595ZIY6QTR, STM32U595ZJT6, STM32U595ZJT6Q, STM32U595ZJY6QTR, STM32U599BJY6QTR, STM32U599NIH6Q, STM32U599NJH6Q, STM32U599VIT6Q, STM32U599VJT6, STM32U599VJT6Q, STM32U599ZIT6Q, STM32U599ZIY6QTR, STM32U599ZJT6Q, STM32U599ZJY6QTR, STM32U5A5AJH6, STM32U5A5AJH6Q, STM32U5A5QJI6, STM32U5A5QJI6Q, STM32U5A5RJT6, STM32U5A5RJT6Q, STM32U5A5VJT6, STM32U5A5VJT6Q, STM32U5A5ZJT6, STM32U5A5ZJT6Q, STM32U5A5ZJY6QTR, STM32U5A9BJY6QTR, STM32U5A9J-DK, STM32U5A9NJH6Q, STM32U5A9VJT6Q, STM32U5A9ZJT6Q, STM32U5A9ZJY6QTR, STM32WB1MMCH6, STM32WBA52CEU6, STM32WBA52CEU6T, STM32WBA52CGU6, STM32WBA52CGU6T, STM32WL5MOCH6, STM32WL5MOCH6TR]
2023-05-17 10:07:03,247 [INFO] BoardInfo:880 - No configuration file found for board P-NUCLEO-WB55
2023-05-17 10:07:03,248 [INFO] DbBoards:157 - Kit is not supported: P-NUCLEO-WB55
2023-05-17 10:07:03,254 [INFO] BoardInfo:880 - No configuration file found for board STEVAL-BFA001V1B
2023-05-17 10:07:03,254 [INFO] DbBoards:157 - Kit is not supported: STEVAL-BFA001V1B
2023-05-17 10:07:03,255 [INFO] BoardInfo:880 - No configuration file found for board STEVAL-BFA001V2B
2023-05-17 10:07:03,255 [INFO] DbBoards:157 - Kit is not supported: STEVAL-BFA001V2B
2023-05-17 10:07:03,405 [INFO] DbBoards:161 - Found 187 boards, 184 are supported
2023-05-17 10:07:03,411 [INFO] ApiDb:668 - CubeFinder database Data Model version=2.1
2023-05-17 10:07:03,411 [INFO] ApiDb:669 - CubeFinder database Configuration version=3.0.35
2023-05-17 10:07:03,411 [INFO] ApiDb:670 - CubeFinder database generation date=2023-04-03 (1680511692)
2023-05-17 10:07:03,411 [INFO] ApiDb:671 - CubeFinder database FW Pack versions=[FP-ATR-ASTRA1_V2.0.0, STM32Cube_FW_C0_V1.0.1, STM32Cube_FW_F0_V1.11.4, STM32Cube_FW_F3_V1.11.4, STM32Cube_FW_F4_V1.27.1, STM32Cube_FW_F7_V1.17.0, STM32Cube_FW_G0_V1.6.1, STM32Cube_FW_G4_V1.5.1, STM32Cube_FW_H5_V0.5.1, STM32Cube_FW_H5_V1.0.0, STM32Cube_FW_H7_V1.11.0, STM32Cube_FW_L0_V1.12.2, STM32Cube_FW_L5_V1.5.0, STM32Cube_FW_U5_V1.2.0, STM32Cube_FW_WBA_V1.0.0, STM32Cube_FW_WBA_V1.0.0RC1, STM32Cube_FW_WBA_V1.0.0RC3, STM32Cube_FW_WB_V1.15.0RC1, STM32Cube_FW_WB_V1.16.0, STM32Cube_FW_WB_V1.16.0RC2, STM32Cube_FW_WL_V1.3.0, X-CUBE-ALGOBUILD_V1.3.0, X-CUBE-ALS_V1.0.1, X-CUBE-AZRTOS-F4_V1.1.0, X-CUBE-AZRTOS-F7_V1.1.0, X-CUBE-AZRTOS-G0_V1.1.0, X-CUBE-AZRTOS-G4_V1.0.0, X-CUBE-AZRTOS-H7_V3.0.0, X-CUBE-AZRTOS-L4_V1.0.0, X-CUBE-AZRTOS-L5_V1.1.0, X-CUBE-AZRTOS-WB_V1.1.0, X-CUBE-AZRTOS-WL_V1.0.0, X-CUBE-BLE1_V6.2.4, X-CUBE-BLE2_V3.3.0, X-CUBE-BLEMGR_V1.3.0, X-CUBE-EEPRMA1_V4.1.0, X-CUBE-FREERTOS_V1.0.1, X-CUBE-GNSS1_V6.0.0, X-CUBE-MEMS1_V9.1.0, X-CUBE-MEMS1_V9.4.0, X-CUBE-MEMS1_V9.5.0, X-CUBE-NFC4_V3.0.0, X-CUBE-NFC7_V1.0.0, X-CUBE-SFXS2LP1_V4.0.0, X-CUBE-SUBG2_V5.0.0]
2023-05-17 10:07:03,938 [WARN] PackLoader:240 - Cannot read IP mode file for STMicroelectronics.X-CUBE-GNSS1.6.0.0
2023-05-17 10:07:03,985 [WARN] PackLoader:240 - Cannot read IP mode file for STMicroelectronics.X-CUBE-AZRTOS-F4.1.1.0
2023-05-17 10:07:04,006 [WARN] PackLoader:240 - Cannot read IP mode file for STMicroelectronics.X-CUBE-SMBUS.2.1.0
2023-05-17 10:07:04,052 [WARN] PackLoader:240 - Cannot read IP mode file for STMicroelectronics.X-CUBE-AZRTOS-F7.1.1.0
2023-05-17 10:07:04,164 [WARN] PackLoader:240 - Cannot read IP mode file for STMicroelectronics.X-CUBE-MEMS1.9.6.0
2023-05-17 10:07:04,452 [ERROR] RealEvaluatedCondition:428 - Found unsupported composite condition: CLASS='Data Exchange' GROUP='STM32_MetaDataManager'
2023-05-17 10:07:04,453 [ERROR] RealEvaluatedCondition:428 - Found unsupported composite condition: CLASS='Data Exchange' GROUP='STM32_MetaDataManager'
2023-05-17 10:07:04,454 [WARN] PackLoader:240 - Cannot read IP mode file for STMicroelectronics.FP-SNS-MOTENV1.4.3.0
2023-05-17 10:07:04,462 [WARN] PackLoader:240 - Cannot read IP mode file for STMicroelectronics.FP-SNS-FLIGHT1.5.0.0
2023-05-17 10:07:04,471 [WARN] PackLoader:240 - Cannot read IP mode file for STMicroelectronics.X-CUBE-BLE1.6.2.4
2023-05-17 10:07:04,484 [WARN] PackLoader:240 - Cannot read IP mode file for emotas.I-CUBE-CANOPEN.1.1.3
2023-05-17 10:07:04,497 [WARN] PackLoader:240 - Cannot read IP mode file for STMicroelectronics.X-CUBE-BLEMGR.2.0.0
2023-05-17 10:07:04,529 [WARN] ConditionMgr:438 - getConditionDescription Invalid condition id : UX DEVICE CLASS RTOS Condition cause : null
2023-05-17 10:07:04,529 [WARN] ConditionMgr:438 - getConditionDescription Invalid condition id : UX DEVICE CLASS RTOS Condition cause : null
2023-05-17 10:07:04,539 [WARN] PackLoader:240 - Cannot read IP mode file for STMicroelectronics.X-CUBE-AZRTOS-H7.3.1.0
2023-05-17 10:07:04,540 [WARN] ConditionMgr:1039 - genDependencies : Invalid condition id : UX DEVICE CLASS RTOS Condition cause : null
2023-05-17 10:07:04,541 [WARN] ConditionMgr:1039 - genDependencies : Invalid condition id : UX DEVICE CLASS RTOS Condition cause : null
2023-05-17 10:07:04,542 [WARN] ConditionMgr:1039 - genDependencies : Invalid condition id : UX DEVICE CLASS RTOS Condition cause : null
2023-05-17 10:07:04,543 [WARN] ConditionMgr:1039 - genDependencies : Invalid condition id : UX DEVICE CLASS RTOS Condition cause : null
2023-05-17 10:07:04,543 [WARN] ConditionMgr:1039 - genDependencies : Invalid condition id : UX DEVICE CLASS RTOS Condition cause : null
2023-05-17 10:07:04,557 [WARN] PackLoader:240 - Cannot read IP mode file for STMicroelectronics.X-CUBE-DISPLAY.3.0.0
2023-05-17 10:07:04,568 [WARN] PackLoader:240 - Cannot read IP mode file for wolfSSL.I-CUBE-wolfSSL.5.5.4
2023-05-17 10:07:04,576 [WARN] PackLoader:240 - Cannot read IP mode file for STMicroelectronics.X-CUBE-NFC7.1.0.0
2023-05-17 10:07:04,587 [WARN] PackLoader:240 - Cannot read IP mode file for STMicroelectronics.X-CUBE-EEPRMA1.4.1.0
2023-05-17 10:07:04,599 [WARN] PackLoader:240 - Cannot read IP mode file for WES.I-CUBE-Cesium.1.3.0
2023-05-17 10:07:04,610 [WARN] PackLoader:240 - Cannot read IP mode file for STMicroelectronics.X-CUBE-SFXS2LP1.4.0.0
2023-05-17 10:07:04,618 [WARN] PackLoader:240 - Cannot read IP mode file for STMicroelectronics.X-CUBE-BLE2.3.3.0
2023-05-17 10:07:04,653 [WARN] PackLoader:240 - Cannot read IP mode file for STMicroelectronics.X-CUBE-AZRTOS-H7.3.0.0
2023-05-17 10:07:04,664 [WARN] PackLoader:240 - Cannot read IP mode file for STMicroelectronics.X-CUBE-ISPU.1.1.0
2023-05-17 10:07:04,677 [WARN] PackLoader:240 - Cannot read IP mode file for RoweBots.I-CUBE-UNISONRTOS.5.5.0-4
2023-05-17 10:07:04,683 [WARN] PackLoader:240 - Cannot read IP mode file for STMicroelectronics.X-CUBE-AI.8.0.0
2023-05-17 10:07:04,702 [WARN] PackLoader:240 - Cannot read IP mode file for STMicroelectronics.X-CUBE-FREERTOS.1.0.0
2023-05-17 10:07:04,708 [WARN] PackLoader:240 - Cannot read IP mode file for STMicroelectronics.X-CUBE-FREERTOS.1.0.1
2023-05-17 10:07:04,717 [WARN] PackLoader:240 - Cannot read IP mode file for STMicroelectronics.X-CUBE-TOUCHGFX.4.21.3
2023-05-17 10:07:04,721 [WARN] PackLoader:240 - Cannot read IP mode file for STMicroelectronics.X-CUBE-TOUCHGFX.4.21.4
2023-05-17 10:07:04,730 [WARN] PackLoader:240 - Cannot read IP mode file for STMicroelectronics.X-CUBE-ALGOBUILD.1.3.0
2023-05-17 10:07:04,878 [WARN] PackLoader:240 - Cannot read IP mode file for STMicroelectronics.X-CUBE-AZRTOS-L5.1.1.0
2023-05-17 10:07:04,906 [WARN] PackLoader:240 - Cannot read IP mode file for STMicroelectronics.X-CUBE-AZRTOS-G0.1.1.0
2023-05-17 10:07:04,911 [WARN] PackLoader:240 - Cannot read IP mode file for STMicroelectronics.X-CUBE-AI.8.0.1
2023-05-17 10:07:04,925 [WARN] PackLoader:240 - Cannot read IP mode file for STMicroelectronics.X-CUBE-SUBG2.5.0.0
2023-05-17 10:07:04,939 [WARN] PackLoader:240 - Cannot read IP mode file for STMicroelectronics.X-CUBE-NFC4.3.0.0
2023-05-17 10:07:04,958 [WARN] PackLoader:240 - Cannot read IP mode file for STMicroelectronics.X-CUBE-AZRTOS-G4.2.0.0
2023-05-17 10:07:04,976 [WARN] PackLoader:240 - Cannot read IP mode file for STMicroelectronics.X-CUBE-TOF1.3.3.0
2023-05-17 10:07:04,994 [WARN] PackLoader:240 - Cannot read IP mode file for STMicroelectronics.FP-ATR-ASTRA1.1.1.1
2023-05-17 10:07:05,014 [WARN] PackLoader:240 - Cannot read IP mode file for STMicroelectronics.X-CUBE-AZRTOS-G4.1.0.0
2023-05-17 10:07:05,022 [WARN] PackLoader:240 - Cannot read IP mode file for STMicroelectronics.FP-ATR-SIGFOX1.3.2.0
2023-05-17 10:07:05,045 [WARN] PackLoader:240 - Cannot read IP mode file for STMicroelectronics.X-CUBE-AZRTOS-L4.1.0.0
2023-05-17 10:07:05,065 [WARN] PackLoader:240 - Cannot read IP mode file for STMicroelectronics.X-CUBE-AZRTOS-WL.1.0.0
2023-05-17 10:07:05,075 [WARN] PackLoader:240 - Cannot read IP mode file for portGmbH.I-Cube-SoM-uGOAL.1.1.0
2023-05-17 10:07:05,083 [WARN] PackLoader:240 - Cannot read IP mode file for STMicroelectronics.X-CUBE-ALS.1.0.1
2023-05-17 10:07:05,142 [WARN] PackLoader:240 - Cannot read IP mode file for STMicroelectronics.X-CUBE-MEMS1.9.5.0
2023-05-17 10:07:05,330 [WARN] PackLoader:240 - Cannot read IP mode file for STMicroelectronics.X-CUBE-AZRTOS-WB.1.1.0
2023-05-17 10:07:05,373 [WARN] PackLoader:240 - Cannot read IP mode file for SEGGER.I-CUBE-embOS.1.3.1
2023-05-17 10:07:05,425 [WARN] PackLoader:240 - Cannot read IP mode file for STMicroelectronics.FP-ATR-ASTRA1.2.0.0
2023-05-17 10:07:05,435 [INFO] ThirdParty:978 - Integrity check success = true
2023-05-17 10:07:05,435 [INFO] IntegrityCheckThread:100 - exiting critical section [integrity check]
2023-05-17 10:07:05,436 [INFO] IntegrityCheckThread:103 - End integrity checks thread
2023-05-17 10:07:06,098 [INFO] ApiDb:240 - Found 297 in-development CPN: [B-G473E-ZEST1S, B-WB1M-WPAN1, B-WL5M-SUBG1, NUCLEO-C031C6, NUCLEO-H503RB, NUCLEO-H563ZI, NUCLEO-U545RE-Q, NUCLEO-U5A5ZJ-Q, NUCLEO-WBA52CG, STEVAL-PROTEUS1, STEVAL-STWINBX1, STM320518-EVAL, STM32C0116-DK, STM32C011D6Y3TR, STM32C011D6Y6TR, STM32C011F4P3, STM32C011F4P6, STM32C011F4U3, STM32C011F4U6TR, STM32C011F6P3, STM32C011F6P6, STM32C011F6U3, STM32C011F6U6TR, STM32C011J4M3, STM32C011J4M6, STM32C011J6M3, STM32C011J6M6, STM32C0316-DK, STM32C031C4T3, STM32C031C4T6, STM32C031C4U3, STM32C031C4U6, STM32C031C6T3, STM32C031C6T6, STM32C031C6U3, STM32C031C6U6, STM32C031F4P3, STM32C031F4P6, STM32C031F6P3, STM32C031F6P6, STM32C031G4U3, STM32C031G4U6, STM32C031G6U3, STM32C031G6U6, STM32C031K4T3, STM32C031K4T6, STM32C031K4U3, STM32C031K4U6, STM32C031K6T3, STM32C031K6T6, STM32C031K6U3, STM32C031K6U6, STM32G071K8TXN, STM32G071K8UXN, STM32G081GBU6N, STM32G081KBT6N, STM32G081KBUXN, STM32G0B1CCT6N, STM32G0B1KCT6, STM32G0B1NEY6TR, STM32G0B1RCT6N, STM32G0C1CCT6, STM32G0C1CCT6N, STM32G0C1CCU6N, STM32G0C1CET6N, STM32G0C1CEU6N, STM32G0C1KCT6, STM32G0C1NEY6TR, STM32G0C1RCI6N, STM32G0C1RCT6N, STM32G0C1REI6N, STM32G0C1RET6N, STM32G0C1VCI6, STM32G0C1VEI6, STM32G471CCT6, STM32G471CCU6, STM32G471CET3, STM32G471CET6, STM32G471CEU3, STM32G471CEU6, STM32G471MCT6, STM32G471MET3, STM32G471MET6, STM32G471MEY6TR, STM32G471QCT6, STM32G471QET3, STM32G471RCT6, STM32G471RET3, STM32G471RET6, STM32G471VCH6, STM32G471VCI6, STM32G471VCT6, STM32G471VEH3, STM32G471VEH6, STM32G471VEI3, STM32G471VEI6, STM32G471VET3, STM32G471VET6, STM32G474CCT6, STM32H503CBT6, STM32H503CBU6, STM32H503EBY6TR, STM32H503KBU6, STM32H503RBT6, STM32H562AGI6, STM32H562AII6, STM32H562IGK6, STM32H562IGT6, STM32H562IIK6, STM32H562IIT6, STM32H562RGT6, STM32H562RGV6, STM32H562RIT6, STM32H562RIV6, STM32H562VGT6, STM32H562VIT6, STM32H562ZGT6, STM32H562ZIT6, STM32H563AGI6, STM32H563AII3Q, STM32H563AII6, STM32H563IGK6, STM32H563IGT6, STM32H563IIK3Q, STM32H563IIK6, STM32H563IIT3Q, STM32H563IIT6, STM32H563MIY3QTR, STM32H563RGT6, STM32H563RGV6, STM32H563RIT6, STM32H563RIV6, STM32H563VGT6, STM32H563VIT3Q, STM32H563VIT6, STM32H563ZGT6, STM32H563ZIT3Q, STM32H563ZIT6, STM32H573AII3Q, STM32H573AII6, STM32H573I-DK, STM32H573IIK3Q, STM32H573IIK6, STM32H573IIT3Q, STM32H573IIT6, STM32H573MIY3QTR, STM32H573RIT6, STM32H573RIV6, STM32H573VIT3Q, STM32H573VIT6, STM32H573ZIT3Q, STM32H573ZIT6, STM32L4R5QGI6STR, STM32MP131AAE3, STM32MP131AAF3, STM32MP131AAG3, STM32MP131CAE3, STM32MP131CAF3, STM32MP131CAG3, STM32MP131DAE7, STM32MP131DAF7, STM32MP131DAG7, STM32MP131FAE7, STM32MP131FAF7, STM32MP131FAG7, STM32MP133AAE3, STM32MP133AAF3, STM32MP133AAG3, STM32MP133CAE3, STM32MP133CAF3, STM32MP133CAG3, STM32MP133DAE7, STM32MP133DAF7, STM32MP133DAG7, STM32MP133FAE7, STM32MP133FAF7, STM32MP133FAG7, STM32MP135AAE3, STM32MP135AAF3, STM32MP135AAG3, STM32MP135CAE3, STM32MP135CAF3, STM32MP135CAG3, STM32MP135DAE7, STM32MP135DAF7, STM32MP135DAG7, STM32MP135F-DK, STM32MP135FAE7, STM32MP135FAF7, STM32MP135FAF7T, STM32MP135FAF7U, STM32MP135FAG7, STM32U535CBT6, STM32U535CBT6Q, STM32U535CBU6, STM32U535CBU6Q, STM32U535CCT6, STM32U535CCT6Q, STM32U535CCU6, STM32U535CCU6Q, STM32U535CET6, STM32U535CET6Q, STM32U535CEU6, STM32U535CEU6Q, STM32U535JEY6QTR, STM32U535NCY6QTR, STM32U535NEY6QTR, STM32U535RBI6, STM32U535RBI6Q, STM32U535RBT6, STM32U535RBT6Q, STM32U535RCI6, STM32U535RCI6Q, STM32U535RCT6, STM32U535RCT6Q, STM32U535REI6, STM32U535REI6Q, STM32U535RET6, STM32U535RET6Q, STM32U535VCI6, STM32U535VCI6Q, STM32U535VCT6, STM32U535VCT6Q, STM32U535VEI6, STM32U535VEI6Q, STM32U535VET6, STM32U535VET6Q, STM32U545CET6, STM32U545CET6Q, STM32U545CEU6, STM32U545CEU6Q, STM32U545JEY6QTR, STM32U545NEY6QTR, STM32U545REI6, STM32U545REI6Q, STM32U545RET6, STM32U545RET6Q, STM32U545VEI6, STM32U545VEI6Q, STM32U545VET6, STM32U545VET6Q, STM32U595AIH6, STM32U595AIH6Q, STM32U595AJH6, STM32U595AJH6Q, STM32U595QII6, STM32U595QII6Q, STM32U595QJI6, STM32U595QJI6Q, STM32U595RIT6, STM32U595RIT6Q, STM32U595RJT6, STM32U595RJT6Q, STM32U595VIT6, STM32U595VIT6Q, STM32U595VJT6, STM32U595VJT6Q, STM32U595ZIT6, STM32U595ZIT6Q, STM32U595ZIY6QTR, STM32U595ZJT6, STM32U595ZJT6Q, STM32U595ZJY6QTR, STM32U599BJY6QTR, STM32U599NIH6Q, STM32U599NJH6Q, STM32U599VIT6Q, STM32U599VJT6, STM32U599VJT6Q, STM32U599ZIT6Q, STM32U599ZIY6QTR, STM32U599ZJT6Q, STM32U599ZJY6QTR, STM32U5A5AJH6, STM32U5A5AJH6Q, STM32U5A5QJI6, STM32U5A5QJI6Q, STM32U5A5RJT6, STM32U5A5RJT6Q, STM32U5A5VJT6, STM32U5A5VJT6Q, STM32U5A5ZJT6, STM32U5A5ZJT6Q, STM32U5A5ZJY6QTR, STM32U5A9BJY6QTR, STM32U5A9J-DK, STM32U5A9NJH6Q, STM32U5A9VJT6Q, STM32U5A9ZJT6Q, STM32U5A9ZJY6QTR, STM32WB1MMCH6, STM32WBA52CEU6, STM32WBA52CEU6T, STM32WBA52CGU6, STM32WBA52CGU6T, STM32WL5MOCH6, STM32WL5MOCH6TR]
2023-05-17 10:07:06,103 [INFO] DbMcus:216 - Found 3775 MCUs, 3775 are supported
2023-05-17 10:07:06,105 [INFO] ApiDb:423 - Load user favorites file C:\Users\Utente/.stm32cubeide/favorites.mcus.txt: 0 item(s)
2023-05-17 10:07:06,106 [INFO] ApiDb:427 - User favorites MCUs=[]
2023-05-17 10:07:06,106 [INFO] DbMcus:222 - Set 0 / 0 favorites MCUs
2023-05-17 10:07:06,306 [INFO] ApiDb:423 - Load user favorites file C:\Users\Utente/.stm32cubeide/favorites.boards.txt: 0 item(s)
2023-05-17 10:07:06,306 [INFO] ApiDb:427 - User favorites Boards=[]
2023-05-17 10:07:06,307 [INFO] DbBoards:190 - Set 0 / 0 favorites Boards
2023-05-17 10:07:06,307 [INFO] McuFinderGlobals:66 - Set McuFinderConnectedMode to true
2023-05-17 10:07:06,314 [INFO] MultiScanPanel:200 - Auto-refresh data requested => check proxy status ongoing
2023-05-17 10:07:06,317 [INFO] FinderPluginLoader:95 - Searching for filters in installed packs
2023-05-17 10:07:07,842 [INFO] LoadUrlFilesThread:185 - End of LoadServerUrlFiles without Thread
2023-05-17 10:07:07,865 [INFO] DetailPanel:341 - Set advertising image to C:/Users/Utente/STM32Cube/Repository/\en.prom-stm32h5-mcu-finder.jpg
2023-05-17 10:07:16,169 [ERROR] LogOutputStream:75 - [STDERR_REDIRECT] SLF4J: Failed to load class "org.slf4j.impl.StaticLoggerBinder".
2023-05-17 10:07:16,169 [ERROR] LogOutputStream:75 - [STDERR_REDIRECT] SLF4J: Defaulting to no-operation (NOP) logger implementation
2023-05-17 10:07:16,171 [ERROR] LogOutputStream:75 - [STDERR_REDIRECT] SLF4J: See http://www.slf4j.org/codes.html#StaticLoggerBinder for further details.
2023-05-17 10:08:28,264 [INFO] MainUpdater:2854 - connection check result : 10
2023-05-17 10:08:28,265 [INFO] MainUpdater:2854 - connection check result : 10
2023-05-17 10:08:28,291 [INFO] MicroXplorer:468 - Change Database Path : 
2023-05-17 10:08:28,291 [INFO] MicroXplorer:498 - Change Database Version : DB.6.0.80
2023-05-17 10:08:28,292 [WARN] ThirdParty:871 - waiting for thirdparty lock release [close project]
2023-05-17 10:08:28,293 [INFO] ThirdParty:873 - entering critical section [close project]
2023-05-17 10:08:28,294 [INFO] ThirdParty:883 - exiting critical section [close project]
2023-05-17 10:08:28,299 [INFO] PinOutPanel:1499 - setPackage(No Configuration,No Configuration)
2023-05-17 10:08:28,307 [INFO] UtilMem:75 - Begin LoadConfig() Used Memory: 441471128 Bytes (501219328)
2023-05-17 10:08:28,309 [INFO] MicroXplorer:468 - Change Database Path : 
2023-05-17 10:08:28,309 [INFO] MicroXplorer:498 - Change Database Version : DB.6.0.80
2023-05-17 10:08:28,309 [INFO] OpenFileManager:308 - Change cursor
2023-05-17 10:08:28,375 [INFO] Mcu:1937 - Initializing MCU STM32F303VCTx STM32F303VCTx 
2023-05-17 10:08:28,375 [INFO] Mcu:1950 - No CPN specified => set CPN to STM32F303VCT6
2023-05-17 10:08:30,539 [INFO] Context:659 - Trying to add GPIOservice into a context  which must be forbidden
2023-05-17 10:08:31,174 [INFO] ImportTextPane:194 - (OptionalMessage_ERROR) Unable to find key (Mcu.ThirdPartyNb) in loaded IOC file
2023-05-17 10:08:31,175 [INFO] ImportTextPane:194 - (OptionalMessage_ERROR) Unable to find key (Mcu.PinsNb) in loaded IOC file
2023-05-17 10:08:31,175 [INFO] ImportTextPane:194 - (OptionalMessage_ERROR) Unable to find key (Mcu.IPNb) in loaded IOC file
2023-05-17 10:08:31,552 [INFO] RtosManager:555 - Registered RTOS mode: class=CMSIS, group=RTOS, mode=CMSIS_V1, owner=FREERTOS
2023-05-17 10:08:31,553 [INFO] RtosManager:555 - Registered RTOS mode: class=CMSIS, group=RTOS2, mode=CMSIS_V2, owner=FREERTOS
2023-05-17 10:08:31,553 [INFO] RtosManager:555 - Registered RTOS mode: class=RTOS, group=Core, mode=CMSIS_V1, owner=FREERTOS
2023-05-17 10:08:31,553 [INFO] RtosManager:555 - Registered RTOS mode: class=RTOS, group=Core, mode=CMSIS_V2, owner=FREERTOS
2023-05-17 10:08:31,554 [WARN] ModelIntegratedComponent:184 - Missing modes for component STMicroelectronics:FreeRTOS:0.0.1:STMicroelectronics:RTOS:FreeRTOS:Core:::10.2.0:
2023-05-17 10:08:31,574 [WARN] ModelIntegratedComponent:63 - No mode defined for component null
2023-05-17 10:08:31,574 [WARN] ModelIntegratedComponent:63 - No mode defined for component null
2023-05-17 10:08:31,574 [WARN] ModelIntegratedComponent:63 - No mode defined for component null
2023-05-17 10:08:31,574 [WARN] ModelIntegratedComponent:63 - No mode defined for component null
2023-05-17 10:08:31,574 [WARN] ModelIntegratedComponent:63 - No mode defined for component null
2023-05-17 10:08:31,574 [WARN] ModelIntegratedComponent:63 - No mode defined for component null
2023-05-17 10:08:31,574 [WARN] ModelIntegratedComponent:63 - No mode defined for component null
2023-05-17 10:08:31,574 [WARN] ModelIntegratedComponent:63 - No mode defined for component null
2023-05-17 10:08:31,574 [WARN] ModelIntegratedComponent:63 - No mode defined for component null
2023-05-17 10:08:31,575 [WARN] ModelIntegratedComponent:63 - No mode defined for component null
2023-05-17 10:08:31,575 [WARN] ModelIntegratedComponent:63 - No mode defined for component null
2023-05-17 10:08:31,575 [WARN] ModelIntegratedComponent:63 - No mode defined for component null
2023-05-17 10:08:31,575 [WARN] ModelIntegratedComponent:63 - No mode defined for component null
2023-05-17 10:08:31,575 [WARN] ModelIntegratedComponent:63 - No mode defined for component null
2023-05-17 10:08:31,575 [WARN] ModelIntegratedComponent:63 - No mode defined for component null
2023-05-17 10:08:31,575 [WARN] ModelIntegratedComponent:63 - No mode defined for component null
2023-05-17 10:08:31,575 [WARN] ModelIntegratedComponent:63 - No mode defined for component null
2023-05-17 10:08:31,575 [WARN] ModelIntegratedComponent:63 - No mode defined for component null
2023-05-17 10:08:31,575 [WARN] ModelIntegratedComponent:63 - No mode defined for component null
2023-05-17 10:08:31,575 [WARN] ModelIntegratedComponent:63 - No mode defined for component null
2023-05-17 10:08:31,576 [WARN] ModelIntegratedComponent:63 - No mode defined for component null
2023-05-17 10:08:31,576 [WARN] ModelIntegratedComponent:63 - No mode defined for component null
2023-05-17 10:08:31,576 [WARN] ModelIntegratedComponent:63 - No mode defined for component null
2023-05-17 10:08:31,576 [WARN] ModelIntegratedComponent:63 - No mode defined for component null
2023-05-17 10:08:31,576 [WARN] ModelIntegratedComponent:63 - No mode defined for component null
2023-05-17 10:08:31,576 [WARN] ModelIntegratedComponent:63 - No mode defined for component null
2023-05-17 10:08:31,576 [WARN] ModelIntegratedComponent:63 - No mode defined for component null
2023-05-17 10:08:31,576 [WARN] ModelIntegratedComponent:63 - No mode defined for component null
2023-05-17 10:08:31,576 [WARN] ModelIntegratedComponent:63 - No mode defined for component null
2023-05-17 10:08:31,577 [WARN] ModelIntegratedComponent:63 - No mode defined for component null
2023-05-17 10:08:31,577 [WARN] ModelIntegratedComponent:63 - No mode defined for component null
2023-05-17 10:08:31,577 [WARN] ModelIntegratedComponent:63 - No mode defined for component null
2023-05-17 10:08:31,577 [WARN] ModelIntegratedComponent:63 - No mode defined for component null
2023-05-17 10:08:31,683 [INFO] ThirdPartyModel:298 - Start build external matchings
2023-05-17 10:08:32,238 [INFO] ThirdPartyModel:316 - End build external matchings
2023-05-17 10:08:32,687 [INFO] UtilMem:75 - End LoadConfig() Used Memory: 508827392 Bytes (642777088)
2023-05-17 10:08:32,709 [WARN] ThirdParty:833 - waiting for thirdparty lock release [change project]
2023-05-17 10:08:32,710 [INFO] ThirdParty:835 - entering critical section [change project]
2023-05-17 10:08:32,711 [INFO] ThirdParty:1030 - CMSIS Pack Vendor :STMicroelectronics X-CUBE-ISPU 1.1.0
2023-05-17 10:08:32,711 [INFO] ThirdParty:1030 - CMSIS Pack Vendor :RoweBots I-CUBE-UNISONRTOS 5.5.0-4
2023-05-17 10:08:32,711 [INFO] ThirdParty:1030 - CMSIS Pack Vendor :STMicroelectronics X-CUBE-GNSS1 6.0.0
2023-05-17 10:08:32,711 [INFO] ThirdParty:1030 - CMSIS Pack Vendor :STMicroelectronics USB_HOST 2.0.0
2023-05-17 10:08:32,711 [INFO] ThirdParty:1030 - CMSIS Pack Vendor :STMicroelectronics X-CUBE-AZRTOS-F4 1.1.0
2023-05-17 10:08:32,711 [INFO] ThirdParty:1030 - CMSIS Pack Vendor :STMicroelectronics LIBJPEG 8.0.0
2023-05-17 10:08:32,711 [INFO] ThirdParty:1030 - CMSIS Pack Vendor :STMicroelectronics X-CUBE-SMBUS 2.1.0
2023-05-17 10:08:32,711 [INFO] ThirdParty:1030 - CMSIS Pack Vendor :STMicroelectronics USB_DEVICE 3.0.0
2023-05-17 10:08:32,711 [INFO] ThirdParty:1030 - CMSIS Pack Vendor :STMicroelectronics X-CUBE-AI 8.0.0
2023-05-17 10:08:32,711 [INFO] ThirdParty:1030 - CMSIS Pack Vendor :STMicroelectronics X-CUBE-FREERTOS 1.0.0
2023-05-17 10:08:32,711 [INFO] ThirdParty:1030 - CMSIS Pack Vendor :STMicroelectronics X-CUBE-FREERTOS 1.0.1
2023-05-17 10:08:32,711 [INFO] ThirdParty:1030 - CMSIS Pack Vendor :STMicroelectronics X-CUBE-TOUCHGFX 4.21.3
2023-05-17 10:08:32,711 [INFO] ThirdParty:1030 - CMSIS Pack Vendor :STMicroelectronics X-CUBE-AZRTOS-F7 1.1.0
2023-05-17 10:08:32,711 [INFO] ThirdParty:1030 - CMSIS Pack Vendor :STMicroelectronics X-CUBE-TOUCHGFX 4.21.4
2023-05-17 10:08:32,711 [INFO] ThirdParty:1030 - CMSIS Pack Vendor :STMicroelectronics USB_DEVICE 2.0.0
2023-05-17 10:08:32,711 [INFO] ThirdParty:1030 - CMSIS Pack Vendor :STMicroelectronics X-CUBE-MEMS1 9.6.0
2023-05-17 10:08:32,711 [INFO] ThirdParty:1030 - CMSIS Pack Vendor :STMicroelectronics FP-SNS-MOTENV1 4.3.0
2023-05-17 10:08:32,711 [INFO] ThirdParty:1030 - CMSIS Pack Vendor :STMicroelectronics FP-SNS-FLIGHT1 5.0.0
2023-05-17 10:08:32,711 [INFO] ThirdParty:1030 - CMSIS Pack Vendor :STMicroelectronics X-CUBE-ALGOBUILD 1.3.0
2023-05-17 10:08:32,711 [INFO] ThirdParty:1030 - CMSIS Pack Vendor :STMicroelectronics X-CUBE-BLE1 6.2.4
2023-05-17 10:08:32,711 [INFO] ThirdParty:1030 - CMSIS Pack Vendor :STMicroelectronics X-CUBE-AZRTOS-L5 1.1.0
2023-05-17 10:08:32,711 [INFO] ThirdParty:1030 - CMSIS Pack Vendor :STMicroelectronics FreeRTOS 0.0.1
2023-05-17 10:08:32,711 [INFO] ThirdParty:1030 - CMSIS Pack Vendor :emotas I-CUBE-CANOPEN 1.1.3
2023-05-17 10:08:32,711 [INFO] ThirdParty:1030 - CMSIS Pack Vendor :STMicroelectronics X-CUBE-AZRTOS-G0 1.1.0
2023-05-17 10:08:32,711 [INFO] ThirdParty:1030 - CMSIS Pack Vendor :STMicroelectronics X-CUBE-BLEMGR 2.0.0
2023-05-17 10:08:32,711 [INFO] ThirdParty:1030 - CMSIS Pack Vendor :STMicroelectronics X-CUBE-AI 8.0.1
2023-05-17 10:08:32,711 [INFO] ThirdParty:1030 - CMSIS Pack Vendor :STMicroelectronics X-CUBE-SUBG2 5.0.0
2023-05-17 10:08:32,711 [INFO] ThirdParty:1030 - CMSIS Pack Vendor :STMicroelectronics X-CUBE-NFC4 3.0.0
2023-05-17 10:08:32,711 [INFO] ThirdParty:1030 - CMSIS Pack Vendor :STMicroelectronics STM32_WPAN 1.0.0
2023-05-17 10:08:32,712 [INFO] ThirdParty:1030 - CMSIS Pack Vendor :STMicroelectronics lwIP 2.0.3
2023-05-17 10:08:32,713 [INFO] ThirdParty:1030 - CMSIS Pack Vendor :STMicroelectronics USB_HOST 1.0.0
2023-05-17 10:08:32,713 [INFO] ThirdParty:1030 - CMSIS Pack Vendor :STMicroelectronics X-CUBE-AZRTOS-G4 2.0.0
2023-05-17 10:08:32,713 [INFO] ThirdParty:1030 - CMSIS Pack Vendor :STMicroelectronics PDM2PCM 3.1.0
2023-05-17 10:08:32,714 [INFO] ThirdParty:1030 - CMSIS Pack Vendor :STMicroelectronics X-CUBE-AZRTOS-H7 3.1.0
2023-05-17 10:08:32,714 [INFO] ThirdParty:1030 - CMSIS Pack Vendor :STMicroelectronics X-CUBE-TOF1 3.3.0
2023-05-17 10:08:32,714 [INFO] ThirdParty:1030 - CMSIS Pack Vendor :STMicroelectronics FP-ATR-ASTRA1 1.1.1
2023-05-17 10:08:32,714 [INFO] ThirdParty:1030 - CMSIS Pack Vendor :STMicroelectronics PDM2PCM 3.3.0
2023-05-17 10:08:32,714 [INFO] ThirdParty:1030 - CMSIS Pack Vendor :STMicroelectronics X-CUBE-DISPLAY 3.0.0
2023-05-17 10:08:32,714 [INFO] ThirdParty:1030 - CMSIS Pack Vendor :STMicroelectronics X-CUBE-AZRTOS-G4 1.0.0
2023-05-17 10:08:32,714 [INFO] ThirdParty:1030 - CMSIS Pack Vendor :STMicroelectronics FP-ATR-SIGFOX1 3.2.0
2023-05-17 10:08:32,714 [INFO] ThirdParty:1030 - CMSIS Pack Vendor :wolfSSL I-CUBE-wolfSSL 5.5.4
2023-05-17 10:08:32,714 [INFO] ThirdParty:1030 - CMSIS Pack Vendor :STMicroelectronics X-CUBE-AZRTOS-L4 1.0.0
2023-05-17 10:08:32,714 [INFO] ThirdParty:1030 - CMSIS Pack Vendor :STMicroelectronics HAL Drivers 0.0.0
2023-05-17 10:08:32,714 [INFO] ThirdParty:1030 - CMSIS Pack Vendor :STMicroelectronics MBEDTLS 2.16.2
2023-05-17 10:08:32,714 [INFO] ThirdParty:1030 - CMSIS Pack Vendor :STMicroelectronics MBEDTLS 2.14.1
2023-05-17 10:08:32,714 [INFO] ThirdParty:1030 - CMSIS Pack Vendor :STMicroelectronics X-CUBE-NFC7 1.0.0
2023-05-17 10:08:32,714 [INFO] ThirdParty:1030 - CMSIS Pack Vendor :STMicroelectronics X-CUBE-AZRTOS-WL 1.0.0
2023-05-17 10:08:32,715 [INFO] ThirdParty:1030 - CMSIS Pack Vendor :STMicroelectronics X-CUBE-EEPRMA1 4.1.0
2023-05-17 10:08:32,715 [INFO] ThirdParty:1030 - CMSIS Pack Vendor :portGmbH I-Cube-SoM-uGOAL 1.1.0
2023-05-17 10:08:32,715 [INFO] ThirdParty:1030 - CMSIS Pack Vendor :STMicroelectronics X-CUBE-ALS 1.0.1
2023-05-17 10:08:32,715 [INFO] ThirdParty:1030 - CMSIS Pack Vendor :STMicroelectronics X-CUBE-MEMS1 9.5.0
2023-05-17 10:08:32,715 [INFO] ThirdParty:1030 - CMSIS Pack Vendor :STMicroelectronics ThreadX 1.0.0
2023-05-17 10:08:32,715 [INFO] ThirdParty:1030 - CMSIS Pack Vendor :STMicroelectronics X-CUBE-AZRTOS-WB 1.1.0
2023-05-17 10:08:32,715 [INFO] ThirdParty:1030 - CMSIS Pack Vendor :SEGGER I-CUBE-embOS 1.3.1
2023-05-17 10:08:32,715 [INFO] ThirdParty:1030 - CMSIS Pack Vendor :STMicroelectronics USB_DEVICE 1.0.0
2023-05-17 10:08:32,715 [INFO] ThirdParty:1030 - CMSIS Pack Vendor :STMicroelectronics ThreadX 0.0.2
2023-05-17 10:08:32,715 [INFO] ThirdParty:1030 - CMSIS Pack Vendor :WES I-CUBE-Cesium 1.3.0
2023-05-17 10:08:32,715 [INFO] ThirdParty:1030 - CMSIS Pack Vendor :STMicroelectronics FP-ATR-ASTRA1 2.0.0
2023-05-17 10:08:32,715 [INFO] ThirdParty:1030 - CMSIS Pack Vendor :STMicroelectronics lwIP 2.1.2
2023-05-17 10:08:32,717 [INFO] ThirdParty:1030 - CMSIS Pack Vendor :STMicroelectronics X-CUBE-SFXS2LP1 4.0.0
2023-05-17 10:08:32,719 [INFO] ThirdParty:1030 - CMSIS Pack Vendor :STMicroelectronics X-CUBE-BLE2 3.3.0
2023-05-17 10:08:32,719 [INFO] ThirdParty:1030 - CMSIS Pack Vendor :STMicroelectronics PDM2PCM 3.2.0
2023-05-17 10:08:32,719 [INFO] ThirdParty:1030 - CMSIS Pack Vendor :STMicroelectronics X-CUBE-AZRTOS-H7 3.0.0
2023-05-17 10:08:32,719 [INFO] ThirdParty:841 - exiting critical section [change project]
2023-05-17 10:08:33,323 [INFO] PinOutPanel:1499 - setPackage(No Configuration,No Configuration)
2023-05-17 10:08:33,325 [INFO] PinOutPanel:1499 - setPackage(STM32F303VCTx,LQFP100)
2023-05-17 10:08:34,304 [INFO] UtilMem:75 - Before build in PCC Used Memory: 453070664 Bytes (642777088)
2023-05-17 10:08:35,150 [INFO] UtilMem:75 - After build in PCC Used Memory: 497051464 Bytes (642777088)
2023-05-17 10:08:35,191 [INFO] IPUIPlugin:80 - create IPUIPlugin
2023-05-17 10:08:35,191 [INFO] IPUIPlugin:80 - create IPUIPlugin
2023-05-17 10:08:35,191 [INFO] IPUIPlugin:80 - create IPUIPlugin
2023-05-17 10:08:35,191 [INFO] IPUIPlugin:80 - create IPUIPlugin
2023-05-17 10:08:35,191 [INFO] IPUIPlugin:80 - create IPUIPlugin
2023-05-17 10:08:35,191 [INFO] IPUIPlugin:80 - create IPUIPlugin
2023-05-17 10:08:35,191 [INFO] IPUIPlugin:80 - create IPUIPlugin
2023-05-17 10:08:35,191 [INFO] IPUIPlugin:80 - create IPUIPlugin
2023-05-17 10:08:35,191 [INFO] IPUIPlugin:80 - create IPUIPlugin
2023-05-17 10:08:35,191 [INFO] IPUIPlugin:80 - create IPUIPlugin
2023-05-17 10:08:35,191 [INFO] IPUIPlugin:80 - create IPUIPlugin
2023-05-17 10:08:35,191 [INFO] IPUIPlugin:80 - create IPUIPlugin
2023-05-17 10:08:35,192 [INFO] IPUIPlugin:80 - create IPUIPlugin
2023-05-17 10:08:35,192 [INFO] IPUIPlugin:80 - create IPUIPlugin
2023-05-17 10:08:35,192 [INFO] IPUIPlugin:80 - create IPUIPlugin
2023-05-17 10:08:35,193 [INFO] IPUIPlugin:80 - create IPUIPlugin
2023-05-17 10:08:35,193 [INFO] IPUIPlugin:80 - create IPUIPlugin
2023-05-17 10:08:35,193 [INFO] IPUIPlugin:80 - create IPUIPlugin
2023-05-17 10:08:35,193 [INFO] IPUIPlugin:80 - create IPUIPlugin
2023-05-17 10:08:35,193 [INFO] IPUIPlugin:80 - create IPUIPlugin
2023-05-17 10:08:35,193 [INFO] IPUIPlugin:80 - create IPUIPlugin
2023-05-17 10:08:35,194 [INFO] IPUIPlugin:80 - create IPUIPlugin
2023-05-17 10:08:35,194 [INFO] IPUIPlugin:80 - create IPUIPlugin
2023-05-17 10:08:35,194 [INFO] IPUIPlugin:80 - create IPUIPlugin
2023-05-17 10:08:35,194 [INFO] IPUIPlugin:80 - create IPUIPlugin
2023-05-17 10:08:35,195 [INFO] IPUIPlugin:80 - create IPUIPlugin
2023-05-17 10:08:35,195 [INFO] IPUIPlugin:80 - create IPUIPlugin
2023-05-17 10:08:35,195 [INFO] IPUIPlugin:80 - create IPUIPlugin
2023-05-17 10:08:35,195 [INFO] IPUIPlugin:80 - create IPUIPlugin
2023-05-17 10:08:35,196 [INFO] IPUIPlugin:80 - create IPUIPlugin
2023-05-17 10:08:35,196 [INFO] IPUIPlugin:80 - create IPUIPlugin
2023-05-17 10:08:35,196 [INFO] IPUIPlugin:80 - create IPUIPlugin
2023-05-17 10:08:35,197 [INFO] IPUIPlugin:80 - create IPUIPlugin
2023-05-17 10:08:35,197 [INFO] IPUIPlugin:80 - create IPUIPlugin
2023-05-17 10:08:35,197 [INFO] IPUIPlugin:80 - create IPUIPlugin
2023-05-17 10:08:35,198 [INFO] IPUIPlugin:80 - create IPUIPlugin
2023-05-17 10:08:35,198 [INFO] IPUIPlugin:80 - create IPUIPlugin
2023-05-17 10:08:35,199 [INFO] IPUIPlugin:80 - create IPUIPlugin
2023-05-17 10:08:35,199 [INFO] IPUIPlugin:80 - create IPUIPlugin
2023-05-17 10:08:35,199 [INFO] IPUIPlugin:80 - create IPUIPlugin
2023-05-17 10:08:35,199 [INFO] IPUIPlugin:80 - create IPUIPlugin
2023-05-17 10:08:35,200 [INFO] IPUIPlugin:80 - create IPUIPlugin
2023-05-17 10:08:35,200 [INFO] IPUIPlugin:80 - create IPUIPlugin
2023-05-17 10:08:35,200 [INFO] IPUIPlugin:80 - create IPUIPlugin
2023-05-17 10:08:35,201 [INFO] IPUIPlugin:80 - create IPUIPlugin
2023-05-17 10:08:35,201 [INFO] IPUIPlugin:80 - create IPUIPlugin
2023-05-17 10:08:35,202 [INFO] IPUIPlugin:80 - create IPUIPlugin
2023-05-17 10:08:35,202 [INFO] IPUIPlugin:80 - create IPUIPlugin
2023-05-17 10:08:35,203 [INFO] IPUIPlugin:80 - create IPUIPlugin
2023-05-17 10:08:35,203 [INFO] IPUIPlugin:80 - create IPUIPlugin
2023-05-17 10:08:35,204 [INFO] IPUIPlugin:80 - create IPUIPlugin
2023-05-17 10:08:35,204 [INFO] IPUIPlugin:80 - create IPUIPlugin
2023-05-17 10:08:35,204 [INFO] IPUIPlugin:80 - create IPUIPlugin
2023-05-17 10:08:35,205 [INFO] IPUIPlugin:80 - create IPUIPlugin
2023-05-17 10:08:35,205 [INFO] IPUIPlugin:80 - create IPUIPlugin
2023-05-17 10:08:35,493 [INFO] CADModel:165 - CPN selected for project levelSTM32F303VCT6
2023-05-17 10:08:35,493 [INFO] CADModel:114 - Register for checkConnection events
2023-05-17 10:08:35,548 [INFO] OpenFileManager:328 - Restore cursor
2023-05-17 10:08:36,653 [INFO] UtilMem:75 - End SaveConfig() Used Memory: 560532888 Bytes (642777088)
2023-05-17 10:08:36,751 [INFO] UtilMem:75 - End SaveConfig() Used Memory: 464038880 Bytes (642777088)
2023-05-17 10:08:37,460 [INFO] BlockDiagram:2759 - set Specific Code input for plugin: RCC
2023-05-17 10:08:37,460 [INFO] BlockDiagram:2759 - set Specific Code input for plugin: NVIC
2023-05-17 10:08:37,463 [INFO] CodeGenerator:793 - code generatio: config db path: C:\ST\STM32CubeIDE_1.12.0\STM32CubeIDE\plugins\com.st.stm32cube.common.mx_6.8.0.202302231600\\db\
2023-05-17 10:08:38,044 [INFO] CodeEngine:255 - oldGeneratedFile, C:\Users\Utente\Desktop\CSD\Schedino\WorkSpace\Esercizio1\AccensioneLed\MXTmpFiles\license.tmp_save
2023-05-17 10:08:38,582 [INFO] CodeEngine:279 - Generated code: C:\Users\Utente\Desktop\CSD\Schedino\WorkSpace\Esercizio1\AccensioneLed\MXTmpFiles\license.tmp
2023-05-17 10:08:38,604 [INFO] CodeEngine:255 - oldGeneratedFile, C:\Users\Utente\Desktop\CSD\Schedino\WorkSpace\Esercizio1\AccensioneLed\Core\Src\stm32f3xx_it.c_save
2023-05-17 10:08:38,765 [INFO] CodeEngine:279 - Generated code: C:\Users\Utente\Desktop\CSD\Schedino\WorkSpace\Esercizio1\AccensioneLed\Core\Src\stm32f3xx_it.c
2023-05-17 10:08:38,772 [INFO] CodeEngine:255 - oldGeneratedFile, C:\Users\Utente\Desktop\CSD\Schedino\WorkSpace\Esercizio1\AccensioneLed\Core\Inc\stm32f3xx_it.h_save
2023-05-17 10:08:38,921 [INFO] CodeEngine:279 - Generated code: C:\Users\Utente\Desktop\CSD\Schedino\WorkSpace\Esercizio1\AccensioneLed\Core\Inc\stm32f3xx_it.h
2023-05-17 10:08:39,057 [INFO] CodeEngine:255 - oldGeneratedFile, C:\Users\Utente\Desktop\CSD\Schedino\WorkSpace\Esercizio1\AccensioneLed\Core\Src\stm32f3xx_hal_msp.c_save
2023-05-17 10:08:39,338 [INFO] CodeEngine:279 - Generated code: C:\Users\Utente\Desktop\CSD\Schedino\WorkSpace\Esercizio1\AccensioneLed\Core\Src\stm32f3xx_hal_msp.c
2023-05-17 10:08:39,347 [INFO] CodeEngine:255 - oldGeneratedFile, C:\Users\Utente\Desktop\CSD\Schedino\WorkSpace\Esercizio1\AccensioneLed\MXTmpFiles\system.tmp_save
2023-05-17 10:08:39,498 [INFO] CodeEngine:279 - Generated code: C:\Users\Utente\Desktop\CSD\Schedino\WorkSpace\Esercizio1\AccensioneLed\MXTmpFiles\system.tmp
2023-05-17 10:08:39,516 [INFO] CodeEngine:311 - oldGeneratedFile, C:\Users\Utente\Desktop\CSD\Schedino\WorkSpace\Esercizio1\AccensioneLed\Core\Inc\stm32f3xx_hal_conf.h_save
2023-05-17 10:08:39,703 [INFO] CodeEngine:335 - Generated code: C:\Users\Utente\Desktop\CSD\Schedino\WorkSpace\Esercizio1\AccensioneLed\Core\Inc\stm32f3xx_hal_conf.h
2023-05-17 10:08:39,772 [INFO] CodeEngine:255 - oldGeneratedFile, C:\Users\Utente\Desktop\CSD\Schedino\WorkSpace\Esercizio1\AccensioneLed\Core\Inc\main.h_save
2023-05-17 10:08:40,000 [INFO] CodeEngine:279 - Generated code: C:\Users\Utente\Desktop\CSD\Schedino\WorkSpace\Esercizio1\AccensioneLed\Core\Inc\main.h
2023-05-17 10:08:40,019 [INFO] CodeEngine:255 - oldGeneratedFile, C:\Users\Utente\Desktop\CSD\Schedino\WorkSpace\Esercizio1\AccensioneLed\Core\Src\main.c_save
2023-05-17 10:08:40,250 [INFO] CodeEngine:279 - Generated code: C:\Users\Utente\Desktop\CSD\Schedino\WorkSpace\Esercizio1\AccensioneLed\Core\Src\main.c
2023-05-17 10:08:41,545 [INFO] ProjectBuilder:2996 - Time for Copy HAL[1] : 275mS.
2023-05-17 10:08:41,566 [INFO] ProjectBuilder:4304 - Project Generator version: 3.19.2
2023-05-17 10:08:42,119 [INFO] ConfigFileManager:1483 - The Die is : DIE422
2023-05-17 10:08:42,133 [INFO] ApiDbMcu:507 - Load IP Config File for FATFS
2023-05-17 10:08:42,142 [INFO] ApiDbMcu:507 - Load IP Config File for FREERTOS
2023-05-17 10:08:42,169 [INFO] ApiDbMcu:507 - Load IP Config File for TOUCHSENSING
2023-05-17 10:08:42,179 [INFO] ApiDbMcu:507 - Load IP Config File for USB_DEVICE
2023-05-17 10:08:43,924 [INFO] LogOutputStream:77 - [STDOUT_REDIRECT] 
2023-05-17 10:08:50,651 [INFO] ProjectBuilder:4505 - Time for Generating toolchain IDE Files: 9085mS.
2023-05-17 10:08:50,653 [INFO] ProjectBuilder:2867 - Time for Copy CMSIS : 1mS.
2023-05-17 10:08:50,657 [INFO] ProjectBuilder:2867 - Time for Copy CMSIS : 0mS.
2023-05-17 10:08:52,225 [INFO] McuFinderGlobals:66 - Set McuFinderConnectedMode to true
2023-05-17 10:08:52,229 [INFO] ApiDb:448 - Save user favorites file C:\Users\Utente/.stm32cubeide/favorites.mcus.txt: 0 item(s)
2023-05-17 10:08:52,230 [INFO] ApiDb:452 - User favorites MCUs=[]
2023-05-17 10:10:27,672 [INFO] UtilMem:75 - End SaveConfig() Used Memory: 680317608 Bytes (813694976)
2023-05-17 10:10:28,731 [INFO] UtilMem:75 - End SaveConfig() Used Memory: 718522072 Bytes (813694976)
2023-05-17 10:10:28,873 [INFO] UtilMem:75 - End SaveConfig() Used Memory: 488794128 Bytes (813694976)
2023-05-17 10:10:29,114 [INFO] BlockDiagram:2759 - set Specific Code input for plugin: RCC
2023-05-17 10:10:29,114 [INFO] BlockDiagram:2759 - set Specific Code input for plugin: NVIC
2023-05-17 10:10:29,115 [INFO] BlockDiagram:2759 - set Specific Code input for plugin: GPIO
2023-05-17 10:10:29,116 [INFO] CodeGenerator:793 - code generatio: config db path: C:\ST\STM32CubeIDE_1.12.0\STM32CubeIDE\plugins\com.st.stm32cube.common.mx_6.8.0.202302231600\\db\
2023-05-17 10:10:29,288 [INFO] CodeEngine:255 - oldGeneratedFile, C:\Users\Utente\Desktop\CSD\Schedino\WorkSpace\Esercizio1\AccensioneLed\MXTmpFiles\license.tmp_save
2023-05-17 10:10:29,374 [INFO] CodeEngine:279 - Generated code: C:\Users\Utente\Desktop\CSD\Schedino\WorkSpace\Esercizio1\AccensioneLed\MXTmpFiles\license.tmp
2023-05-17 10:10:29,473 [INFO] CodeEngine:255 - oldGeneratedFile, C:\Users\Utente\Desktop\CSD\Schedino\WorkSpace\Esercizio1\AccensioneLed\MXTmpFiles\gpio.tmp_save
2023-05-17 10:10:29,565 [INFO] CodeEngine:279 - Generated code: C:\Users\Utente\Desktop\CSD\Schedino\WorkSpace\Esercizio1\AccensioneLed\MXTmpFiles\gpio.tmp
2023-05-17 10:10:29,583 [INFO] CodeEngine:255 - oldGeneratedFile, C:\Users\Utente\Desktop\CSD\Schedino\WorkSpace\Esercizio1\AccensioneLed\Core\Src\stm32f3xx_it.c_save
2023-05-17 10:10:29,673 [INFO] CodeEngine:279 - Generated code: C:\Users\Utente\Desktop\CSD\Schedino\WorkSpace\Esercizio1\AccensioneLed\Core\Src\stm32f3xx_it.c
2023-05-17 10:10:29,682 [INFO] CodeEngine:255 - oldGeneratedFile, C:\Users\Utente\Desktop\CSD\Schedino\WorkSpace\Esercizio1\AccensioneLed\Core\Inc\stm32f3xx_it.h_save
2023-05-17 10:10:29,774 [INFO] CodeEngine:279 - Generated code: C:\Users\Utente\Desktop\CSD\Schedino\WorkSpace\Esercizio1\AccensioneLed\Core\Inc\stm32f3xx_it.h
2023-05-17 10:10:29,900 [INFO] CodeEngine:255 - oldGeneratedFile, C:\Users\Utente\Desktop\CSD\Schedino\WorkSpace\Esercizio1\AccensioneLed\Core\Src\stm32f3xx_hal_msp.c_save
2023-05-17 10:10:30,032 [INFO] CodeEngine:279 - Generated code: C:\Users\Utente\Desktop\CSD\Schedino\WorkSpace\Esercizio1\AccensioneLed\Core\Src\stm32f3xx_hal_msp.c
2023-05-17 10:10:30,039 [INFO] CodeEngine:255 - oldGeneratedFile, C:\Users\Utente\Desktop\CSD\Schedino\WorkSpace\Esercizio1\AccensioneLed\MXTmpFiles\system.tmp_save
2023-05-17 10:10:30,115 [INFO] CodeEngine:279 - Generated code: C:\Users\Utente\Desktop\CSD\Schedino\WorkSpace\Esercizio1\AccensioneLed\MXTmpFiles\system.tmp
2023-05-17 10:10:30,127 [INFO] CodeEngine:311 - oldGeneratedFile, C:\Users\Utente\Desktop\CSD\Schedino\WorkSpace\Esercizio1\AccensioneLed\Core\Inc\stm32f3xx_hal_conf.h_save
2023-05-17 10:10:30,198 [INFO] CodeEngine:335 - Generated code: C:\Users\Utente\Desktop\CSD\Schedino\WorkSpace\Esercizio1\AccensioneLed\Core\Inc\stm32f3xx_hal_conf.h
2023-05-17 10:10:30,237 [INFO] CodeEngine:255 - oldGeneratedFile, C:\Users\Utente\Desktop\CSD\Schedino\WorkSpace\Esercizio1\AccensioneLed\Core\Inc\main.h_save
2023-05-17 10:10:30,305 [INFO] CodeEngine:279 - Generated code: C:\Users\Utente\Desktop\CSD\Schedino\WorkSpace\Esercizio1\AccensioneLed\Core\Inc\main.h
2023-05-17 10:10:30,310 [INFO] CodeEngine:255 - oldGeneratedFile, C:\Users\Utente\Desktop\CSD\Schedino\WorkSpace\Esercizio1\AccensioneLed\Core\Src\main.c_save
2023-05-17 10:10:30,394 [INFO] CodeEngine:279 - Generated code: C:\Users\Utente\Desktop\CSD\Schedino\WorkSpace\Esercizio1\AccensioneLed\Core\Src\main.c
2023-05-17 10:10:31,030 [INFO] ProjectBuilder:2996 - Time for Copy HAL[1] : 154mS.
2023-05-17 10:10:31,034 [INFO] ProjectBuilder:4304 - Project Generator version: 3.19.2
2023-05-17 10:10:31,618 [INFO] ConfigFileManager:1483 - The Die is : DIE422
2023-05-17 10:10:33,819 [INFO] ProjectBuilder:4505 - Time for Generating toolchain IDE Files: 2785mS.
2023-05-17 10:10:33,820 [INFO] ProjectBuilder:2867 - Time for Copy CMSIS : 1mS.
2023-05-17 10:10:33,821 [INFO] ProjectBuilder:2867 - Time for Copy CMSIS : 0mS.
