17:16:41 **** Incremental Build of configuration Debug for project Slave ****
make -j8 all 
arm-none-eabi-gcc "../Core/Src/main.c" -mcpu=cortex-m4 -std=gnu11 -g3 -DDEBUG -DUSE_HAL_DRIVER -DSTM32F303xC -c -I../Core/Inc -I../Drivers/STM32F3xx_HAL_Driver/Inc/Legacy -I../Drivers/STM32F3xx_HAL_Driver/Inc -I../Drivers/CMSIS/Device/ST/STM32F3xx/Include -I../Drivers/CMSIS/Include -O0 -ffunction-sections -fdata-sections -Wall -fstack-usage -fcyclomatic-complexity -MMD -MP -MF"Core/Src/main.d" -MT"Core/Src/main.o" --specs=nano.specs -mfpu=fpv4-sp-d16 -mfloat-abi=hard -mthumb -o "Core/Src/main.o"
../Core/Src/main.c: In function 'HAL_UART_RxCpltCallback':
../Core/Src/main.c:91:35: warning: pointer targets in passing argument 2 of 'HAL_UART_Receive_IT' differ in signedness [-Wpointer-sign]
   91 |  if (HAL_UART_Receive_IT(&huart1, &msgRx, 1) == HAL_OK && msgRx==one) {
      |                                   ^~~~~~
      |                                   |
      |                                   char *
In file included from ../Core/Inc/stm32f3xx_hal_conf.h:327,
                 from ../Drivers/STM32F3xx_HAL_Driver/Inc/stm32f3xx_hal.h:29,
                 from ../Core/Inc/main.h:30,
                 from ../Core/Src/main.c:20:
../Drivers/STM32F3xx_HAL_Driver/Inc/stm32f3xx_hal_uart.h:1489:75: note: expected 'uint8_t *' {aka 'unsigned char *'} but argument is of type 'char *'
 1489 | HAL_StatusTypeDef HAL_UART_Receive_IT(UART_HandleTypeDef *huart, uint8_t *pData, uint16_t Size);
      |                                                                  ~~~~~~~~~^~~~~
../Core/Src/main.c: In function 'HAL_TIM_PeriodElapsedCallback':
../Core/Src/main.c:118:53: warning: implicit declaration of function 'strlen' [-Wimplicit-function-declaration]
  118 |       HAL_UART_Transmit(&huart1, (uint8_t*)bufferT, strlen(bufferT), HAL_MAX_DELAY);
      |                                                     ^~~~~~
../Core/Src/main.c:118:53: warning: incompatible implicit declaration of built-in function 'strlen'
../Core/Src/main.c:25:1: note: include '<string.h>' or provide a declaration of 'strlen'
   24 | #include "../LIBR/TruncateAlgo/TruncateMean.h"
  +++ |+#include <string.h>
   25 | #define one 49
../Core/Src/main.c:119:7: warning: implicit declaration of function 'gcvt' [-Wimplicit-function-declaration]
  119 |       gcvt(Temperature, sizeof(Temperature), bufferT);
      |       ^~~~
../Core/Src/main.c:153:62: warning: incompatible implicit declaration of built-in function 'strlen'
  153 |                HAL_UART_Transmit(&huart1, (uint8_t*)bufferT, strlen(bufferT), HAL_MAX_DELAY);
      |                                                              ^~~~~~
../Core/Src/main.c:153:62: note: include '<string.h>' or provide a declaration of 'strlen'
../Core/Src/main.c:173:54: warning: incompatible implicit declaration of built-in function 'strlen'
  173 |        HAL_UART_Transmit(&huart1, (uint8_t*)bufferT, strlen(bufferT), HAL_MAX_DELAY);
      |                                                      ^~~~~~
../Core/Src/main.c:173:54: note: include '<string.h>' or provide a declaration of 'strlen'
../Core/Src/main.c: In function 'main':
../Core/Src/main.c:249:32: warning: pointer targets in passing argument 2 of 'HAL_UART_Receive_IT' differ in signedness [-Wpointer-sign]
  249 |   HAL_UART_Receive_IT(&huart1, &msgRx, 1);
      |                                ^~~~~~
      |                                |
      |                                char *
In file included from ../Core/Inc/stm32f3xx_hal_conf.h:327,
                 from ../Drivers/STM32F3xx_HAL_Driver/Inc/stm32f3xx_hal.h:29,
                 from ../Core/Inc/main.h:30,
                 from ../Core/Src/main.c:20:
../Drivers/STM32F3xx_HAL_Driver/Inc/stm32f3xx_hal_uart.h:1489:75: note: expected 'uint8_t *' {aka 'unsigned char *'} but argument is of type 'char *'
 1489 | HAL_StatusTypeDef HAL_UART_Receive_IT(UART_HandleTypeDef *huart, uint8_t *pData, uint16_t Size);
      |                                                                  ~~~~~~~~~^~~~~
arm-none-eabi-gcc -o "Slave.elf" @"objects.list"   -mcpu=cortex-m4 -T"C:\Users\Utente\Desktop\CSD\Schedino\WorkSpace\Progetto\Slave2.0\Slave\STM32F303VCTX_FLASH.ld" --specs=nosys.specs -Wl,-Map="Slave.map" -Wl,--gc-sections -static --specs=nano.specs -mfpu=fpv4-sp-d16 -mfloat-abi=hard -mthumb -Wl,--start-group -lc -lm -Wl,--end-group
Finished building target: Slave.elf
 
arm-none-eabi-size   Slave.elf 
arm-none-eabi-objdump -h -S  Slave.elf  > "Slave.list"
   text	   data	    bss	    dec	    hex	filename
  34260	    120	   2120	  36500	   8e94	Slave.elf
Finished building: default.size.stdout
 
Finished building: Slave.list
 
17:16:59 **** Incremental Build of configuration Debug for project Slave ****
make -j8 all 
arm-none-eabi-size   Slave.elf 
   text	   data	    bss	    dec	    hex	filename
  34260	    120	   2120	  36500	   8e94	Slave.elf
Finished building: default.size.stdout
 
17:17:39 **** Incremental Build of configuration Debug for project Slave ****
make -j8 all 
arm-none-eabi-gcc "../Core/Src/main.c" -mcpu=cortex-m4 -std=gnu11 -g3 -DDEBUG -DUSE_HAL_DRIVER -DSTM32F303xC -c -I../Core/Inc -I../Drivers/STM32F3xx_HAL_Driver/Inc/Legacy -I../Drivers/STM32F3xx_HAL_Driver/Inc -I../Drivers/CMSIS/Device/ST/STM32F3xx/Include -I../Drivers/CMSIS/Include -O0 -ffunction-sections -fdata-sections -Wall -fstack-usage -fcyclomatic-complexity -MMD -MP -MF"Core/Src/main.d" -MT"Core/Src/main.o" --specs=nano.specs -mfpu=fpv4-sp-d16 -mfloat-abi=hard -mthumb -o "Core/Src/main.o"
arm-none-eabi-gcc "../Core/LIBR/TruncateAlgo/TruncateMean.c" -mcpu=cortex-m4 -std=gnu11 -g3 -DDEBUG -DUSE_HAL_DRIVER -DSTM32F303xC -c -I../Core/Inc -I../Drivers/STM32F3xx_HAL_Driver/Inc/Legacy -I../Drivers/STM32F3xx_HAL_Driver/Inc -I../Drivers/CMSIS/Device/ST/STM32F3xx/Include -I../Drivers/CMSIS/Include -O0 -ffunction-sections -fdata-sections -Wall -fstack-usage -fcyclomatic-complexity -MMD -MP -MF"Core/LIBR/TruncateAlgo/TruncateMean.d" -MT"Core/LIBR/TruncateAlgo/TruncateMean.o" --specs=nano.specs -mfpu=fpv4-sp-d16 -mfloat-abi=hard -mthumb -o "Core/LIBR/TruncateAlgo/TruncateMean.o"
../Core/Src/main.c: In function 'HAL_UART_RxCpltCallback':
../Core/Src/main.c:91:35: warning: pointer targets in passing argument 2 of 'HAL_UART_Receive_IT' differ in signedness [-Wpointer-sign]
   91 |  if (HAL_UART_Receive_IT(&huart1, &msgRx, 1) == HAL_OK && msgRx==one) {
      |                                   ^~~~~~
      |                                   |
      |                                   char *
In file included from ../Core/Inc/stm32f3xx_hal_conf.h:327,
                 from ../Drivers/STM32F3xx_HAL_Driver/Inc/stm32f3xx_hal.h:29,
                 from ../Core/Inc/main.h:30,
                 from ../Core/Src/main.c:20:
../Drivers/STM32F3xx_HAL_Driver/Inc/stm32f3xx_hal_uart.h:1489:75: note: expected 'uint8_t *' {aka 'unsigned char *'} but argument is of type 'char *'
 1489 | HAL_StatusTypeDef HAL_UART_Receive_IT(UART_HandleTypeDef *huart, uint8_t *pData, uint16_t Size);
      |                                                                  ~~~~~~~~~^~~~~
../Core/Src/main.c: In function 'HAL_TIM_PeriodElapsedCallback':
../Core/Src/main.c:127:55: warning: implicit declaration of function 'strlen' [-Wimplicit-function-declaration]
  127 |         HAL_UART_Transmit(&huart1, (uint8_t*)bufferT, strlen(bufferT), HAL_MAX_DELAY);
      |                                                       ^~~~~~
../Core/Src/main.c:127:55: warning: incompatible implicit declaration of built-in function 'strlen'
../Core/Src/main.c:25:1: note: include '<string.h>' or provide a declaration of 'strlen'
   24 | #include "../LIBR/TruncateAlgo/TruncateMean.h"
  +++ |+#include <string.h>
   25 | #define one 49
../Core/Src/main.c:128:10: warning: implicit declaration of function 'gcvt' [-Wimplicit-function-declaration]
  128 |          gcvt(Temperature, sizeof(Temperature), bufferT);
      |          ^~~~
../Core/Src/main.c:153:62: warning: incompatible implicit declaration of built-in function 'strlen'
  153 |                HAL_UART_Transmit(&huart1, (uint8_t*)bufferT, strlen(bufferT), HAL_MAX_DELAY);
      |                                                              ^~~~~~
../Core/Src/main.c:153:62: note: include '<string.h>' or provide a declaration of 'strlen'
../Core/Src/main.c:173:54: warning: incompatible implicit declaration of built-in function 'strlen'
  173 |        HAL_UART_Transmit(&huart1, (uint8_t*)bufferT, strlen(bufferT), HAL_MAX_DELAY);
      |                                                      ^~~~~~
../Core/Src/main.c:173:54: note: include '<string.h>' or provide a declaration of 'strlen'
../Core/Src/main.c: In function 'main':
../Core/Src/main.c:249:32: warning: pointer targets in passing argument 2 of 'HAL_UART_Receive_IT' differ in signedness [-Wpointer-sign]
  249 |   HAL_UART_Receive_IT(&huart1, &msgRx, 1);
      |                                ^~~~~~
      |                                |
      |                                char *
In file included from ../Core/Inc/stm32f3xx_hal_conf.h:327,
                 from ../Drivers/STM32F3xx_HAL_Driver/Inc/stm32f3xx_hal.h:29,
                 from ../Core/Inc/main.h:30,
                 from ../Core/Src/main.c:20:
../Drivers/STM32F3xx_HAL_Driver/Inc/stm32f3xx_hal_uart.h:1489:75: note: expected 'uint8_t *' {aka 'unsigned char *'} but argument is of type 'char *'
 1489 | HAL_StatusTypeDef HAL_UART_Receive_IT(UART_HandleTypeDef *huart, uint8_t *pData, uint16_t Size);
      |                                                                  ~~~~~~~~~^~~~~
arm-none-eabi-gcc -o "Slave.elf" @"objects.list"   -mcpu=cortex-m4 -T"C:\Users\Utente\Desktop\CSD\Schedino\WorkSpace\Progetto\Slave2.0\Slave\STM32F303VCTX_FLASH.ld" --specs=nosys.specs -Wl,-Map="Slave.map" -Wl,--gc-sections -static --specs=nano.specs -mfpu=fpv4-sp-d16 -mfloat-abi=hard -mthumb -Wl,--start-group -lc -lm -Wl,--end-group
Finished building target: Slave.elf
 
arm-none-eabi-size   Slave.elf 
arm-none-eabi-objdump -h -S  Slave.elf  > "Slave.list"
   text	   data	    bss	    dec	    hex	filename
  34148	    120	   2080	  36348	   8dfc	Slave.elf
Finished building: default.size.stdout
 
Finished building: Slave.list
 
17:19:32 **** Incremental Build of configuration Debug for project Slave ****
make -j8 all 
arm-none-eabi-gcc "../Core/Src/main.c" -mcpu=cortex-m4 -std=gnu11 -g3 -DDEBUG -DUSE_HAL_DRIVER -DSTM32F303xC -c -I../Core/Inc -I../Drivers/STM32F3xx_HAL_Driver/Inc/Legacy -I../Drivers/STM32F3xx_HAL_Driver/Inc -I../Drivers/CMSIS/Device/ST/STM32F3xx/Include -I../Drivers/CMSIS/Include -O0 -ffunction-sections -fdata-sections -Wall -fstack-usage -fcyclomatic-complexity -MMD -MP -MF"Core/Src/main.d" -MT"Core/Src/main.o" --specs=nano.specs -mfpu=fpv4-sp-d16 -mfloat-abi=hard -mthumb -o "Core/Src/main.o"
../Core/Src/main.c: In function 'HAL_UART_RxCpltCallback':
../Core/Src/main.c:91:35: warning: pointer targets in passing argument 2 of 'HAL_UART_Receive_IT' differ in signedness [-Wpointer-sign]
   91 |  if (HAL_UART_Receive_IT(&huart1, &msgRx, 1) == HAL_OK && msgRx==one) {
      |                                   ^~~~~~
      |                                   |
      |                                   char *
In file included from ../Core/Inc/stm32f3xx_hal_conf.h:327,
                 from ../Drivers/STM32F3xx_HAL_Driver/Inc/stm32f3xx_hal.h:29,
                 from ../Core/Inc/main.h:30,
                 from ../Core/Src/main.c:20:
../Drivers/STM32F3xx_HAL_Driver/Inc/stm32f3xx_hal_uart.h:1489:75: note: expected 'uint8_t *' {aka 'unsigned char *'} but argument is of type 'char *'
 1489 | HAL_StatusTypeDef HAL_UART_Receive_IT(UART_HandleTypeDef *huart, uint8_t *pData, uint16_t Size);
      |                                                                  ~~~~~~~~~^~~~~
../Core/Src/main.c: In function 'HAL_TIM_PeriodElapsedCallback':
../Core/Src/main.c:128:10: warning: implicit declaration of function 'gcvt' [-Wimplicit-function-declaration]
  128 |          gcvt(Temperature, sizeof(Temperature), bufferT);
      |          ^~~~
../Core/Src/main.c:129:57: warning: implicit declaration of function 'strlen' [-Wimplicit-function-declaration]
  129 |           HAL_UART_Transmit(&huart1, (uint8_t*)bufferT, strlen(bufferT), HAL_MAX_DELAY);
      |                                                         ^~~~~~
../Core/Src/main.c:129:57: warning: incompatible implicit declaration of built-in function 'strlen'
../Core/Src/main.c:25:1: note: include '<string.h>' or provide a declaration of 'strlen'
   24 | #include "../LIBR/TruncateAlgo/TruncateMean.h"
  +++ |+#include <string.h>
   25 | #define one 49
../Core/Src/main.c:153:62: warning: incompatible implicit declaration of built-in function 'strlen'
  153 |                HAL_UART_Transmit(&huart1, (uint8_t*)bufferT, strlen(bufferT), HAL_MAX_DELAY);
      |                                                              ^~~~~~
../Core/Src/main.c:153:62: note: include '<string.h>' or provide a declaration of 'strlen'
../Core/Src/main.c:173:54: warning: incompatible implicit declaration of built-in function 'strlen'
  173 |        HAL_UART_Transmit(&huart1, (uint8_t*)bufferT, strlen(bufferT), HAL_MAX_DELAY);
      |                                                      ^~~~~~
../Core/Src/main.c:173:54: note: include '<string.h>' or provide a declaration of 'strlen'
../Core/Src/main.c: In function 'main':
../Core/Src/main.c:249:32: warning: pointer targets in passing argument 2 of 'HAL_UART_Receive_IT' differ in signedness [-Wpointer-sign]
  249 |   HAL_UART_Receive_IT(&huart1, &msgRx, 1);
      |                                ^~~~~~
      |                                |
      |                                char *
In file included from ../Core/Inc/stm32f3xx_hal_conf.h:327,
                 from ../Drivers/STM32F3xx_HAL_Driver/Inc/stm32f3xx_hal.h:29,
                 from ../Core/Inc/main.h:30,
                 from ../Core/Src/main.c:20:
../Drivers/STM32F3xx_HAL_Driver/Inc/stm32f3xx_hal_uart.h:1489:75: note: expected 'uint8_t *' {aka 'unsigned char *'} but argument is of type 'char *'
 1489 | HAL_StatusTypeDef HAL_UART_Receive_IT(UART_HandleTypeDef *huart, uint8_t *pData, uint16_t Size);
      |                                                                  ~~~~~~~~~^~~~~
arm-none-eabi-gcc -o "Slave.elf" @"objects.list"   -mcpu=cortex-m4 -T"C:\Users\Utente\Desktop\CSD\Schedino\WorkSpace\Progetto\Slave2.0\Slave\STM32F303VCTX_FLASH.ld" --specs=nosys.specs -Wl,-Map="Slave.map" -Wl,--gc-sections -static --specs=nano.specs -mfpu=fpv4-sp-d16 -mfloat-abi=hard -mthumb -Wl,--start-group -lc -lm -Wl,--end-group
Finished building target: Slave.elf
 
arm-none-eabi-size   Slave.elf 
arm-none-eabi-objdump -h -S  Slave.elf  > "Slave.list"
   text	   data	    bss	    dec	    hex	filename
  34044	    120	   2080	  36244	   8d94	Slave.elf
Finished building: default.size.stdout
 
Finished building: Slave.list
 
17:21:51 **** Incremental Build of configuration Debug for project Slave ****
make -j8 all 
arm-none-eabi-gcc "../Core/Src/main.c" -mcpu=cortex-m4 -std=gnu11 -g3 -DDEBUG -DUSE_HAL_DRIVER -DSTM32F303xC -c -I../Core/Inc -I../Drivers/STM32F3xx_HAL_Driver/Inc/Legacy -I../Drivers/STM32F3xx_HAL_Driver/Inc -I../Drivers/CMSIS/Device/ST/STM32F3xx/Include -I../Drivers/CMSIS/Include -O0 -ffunction-sections -fdata-sections -Wall -fstack-usage -fcyclomatic-complexity -MMD -MP -MF"Core/Src/main.d" -MT"Core/Src/main.o" --specs=nano.specs -mfpu=fpv4-sp-d16 -mfloat-abi=hard -mthumb -o "Core/Src/main.o"
arm-none-eabi-gcc "../Core/LIBR/TruncateAlgo/TruncateMean.c" -mcpu=cortex-m4 -std=gnu11 -g3 -DDEBUG -DUSE_HAL_DRIVER -DSTM32F303xC -c -I../Core/Inc -I../Drivers/STM32F3xx_HAL_Driver/Inc/Legacy -I../Drivers/STM32F3xx_HAL_Driver/Inc -I../Drivers/CMSIS/Device/ST/STM32F3xx/Include -I../Drivers/CMSIS/Include -O0 -ffunction-sections -fdata-sections -Wall -fstack-usage -fcyclomatic-complexity -MMD -MP -MF"Core/LIBR/TruncateAlgo/TruncateMean.d" -MT"Core/LIBR/TruncateAlgo/TruncateMean.o" --specs=nano.specs -mfpu=fpv4-sp-d16 -mfloat-abi=hard -mthumb -o "Core/LIBR/TruncateAlgo/TruncateMean.o"
../Core/Src/main.c: In function 'HAL_UART_RxCpltCallback':
../Core/Src/main.c:91:35: warning: pointer targets in passing argument 2 of 'HAL_UART_Receive_IT' differ in signedness [-Wpointer-sign]
   91 |  if (HAL_UART_Receive_IT(&huart1, &msgRx, 1) == HAL_OK && msgRx==one) {
      |                                   ^~~~~~
      |                                   |
      |                                   char *
In file included from ../Core/Inc/stm32f3xx_hal_conf.h:327,
                 from ../Drivers/STM32F3xx_HAL_Driver/Inc/stm32f3xx_hal.h:29,
                 from ../Core/Inc/main.h:30,
                 from ../Core/Src/main.c:20:
../Drivers/STM32F3xx_HAL_Driver/Inc/stm32f3xx_hal_uart.h:1489:75: note: expected 'uint8_t *' {aka 'unsigned char *'} but argument is of type 'char *'
 1489 | HAL_StatusTypeDef HAL_UART_Receive_IT(UART_HandleTypeDef *huart, uint8_t *pData, uint16_t Size);
      |                                                                  ~~~~~~~~~^~~~~
../Core/Src/main.c: In function 'HAL_TIM_PeriodElapsedCallback':
../Core/Src/main.c:128:10: warning: implicit declaration of function 'gcvt' [-Wimplicit-function-declaration]
  128 |          gcvt(Temperature, sizeof(Temperature), bufferT);
      |          ^~~~
../Core/Src/main.c:129:57: warning: implicit declaration of function 'strlen' [-Wimplicit-function-declaration]
  129 |           HAL_UART_Transmit(&huart1, (uint8_t*)bufferT, strlen(bufferT), HAL_MAX_DELAY);
      |                                                         ^~~~~~
../Core/Src/main.c:129:57: warning: incompatible implicit declaration of built-in function 'strlen'
../Core/Src/main.c:25:1: note: include '<string.h>' or provide a declaration of 'strlen'
   24 | #include "../LIBR/TruncateAlgo/TruncateMean.h"
  +++ |+#include <string.h>
   25 | #define one 49
../Core/Src/main.c:153:62: warning: incompatible implicit declaration of built-in function 'strlen'
  153 |                HAL_UART_Transmit(&huart1, (uint8_t*)bufferT, strlen(bufferT), HAL_MAX_DELAY);
      |                                                              ^~~~~~
../Core/Src/main.c:153:62: note: include '<string.h>' or provide a declaration of 'strlen'
../Core/Src/main.c:173:54: warning: incompatible implicit declaration of built-in function 'strlen'
  173 |        HAL_UART_Transmit(&huart1, (uint8_t*)bufferT, strlen(bufferT), HAL_MAX_DELAY);
      |                                                      ^~~~~~
../Core/Src/main.c:173:54: note: include '<string.h>' or provide a declaration of 'strlen'
../Core/Src/main.c: In function 'main':
../Core/Src/main.c:249:32: warning: pointer targets in passing argument 2 of 'HAL_UART_Receive_IT' differ in signedness [-Wpointer-sign]
  249 |   HAL_UART_Receive_IT(&huart1, &msgRx, 1);
      |                                ^~~~~~
      |                                |
      |                                char *
In file included from ../Core/Inc/stm32f3xx_hal_conf.h:327,
                 from ../Drivers/STM32F3xx_HAL_Driver/Inc/stm32f3xx_hal.h:29,
                 from ../Core/Inc/main.h:30,
                 from ../Core/Src/main.c:20:
../Drivers/STM32F3xx_HAL_Driver/Inc/stm32f3xx_hal_uart.h:1489:75: note: expected 'uint8_t *' {aka 'unsigned char *'} but argument is of type 'char *'
 1489 | HAL_StatusTypeDef HAL_UART_Receive_IT(UART_HandleTypeDef *huart, uint8_t *pData, uint16_t Size);
      |                                                                  ~~~~~~~~~^~~~~
arm-none-eabi-gcc -o "Slave.elf" @"objects.list"   -mcpu=cortex-m4 -T"C:\Users\Utente\Desktop\CSD\Schedino\WorkSpace\Progetto\Slave2.0\Slave\STM32F303VCTX_FLASH.ld" --specs=nosys.specs -Wl,-Map="Slave.map" -Wl,--gc-sections -static --specs=nano.specs -mfpu=fpv4-sp-d16 -mfloat-abi=hard -mthumb -Wl,--start-group -lc -lm -Wl,--end-group
Finished building target: Slave.elf
 
arm-none-eabi-size   Slave.elf 
arm-none-eabi-objdump -h -S  Slave.elf  > "Slave.list"
   text	   data	    bss	    dec	    hex	filename
  34028	    120	   2040	  36188	   8d5c	Slave.elf
Finished building: default.size.stdout
 
Finished building: Slave.list
 
17:24:01 **** Incremental Build of configuration Debug for project Slave ****
make -j8 all 
arm-none-eabi-gcc "../Core/Src/main.c" -mcpu=cortex-m4 -std=gnu11 -g3 -DDEBUG -DUSE_HAL_DRIVER -DSTM32F303xC -c -I../Core/Inc -I../Drivers/STM32F3xx_HAL_Driver/Inc/Legacy -I../Drivers/STM32F3xx_HAL_Driver/Inc -I../Drivers/CMSIS/Device/ST/STM32F3xx/Include -I../Drivers/CMSIS/Include -O0 -ffunction-sections -fdata-sections -Wall -fstack-usage -fcyclomatic-complexity -MMD -MP -MF"Core/Src/main.d" -MT"Core/Src/main.o" --specs=nano.specs -mfpu=fpv4-sp-d16 -mfloat-abi=hard -mthumb -o "Core/Src/main.o"
../Core/Src/main.c: In function 'HAL_UART_RxCpltCallback':
../Core/Src/main.c:91:35: warning: pointer targets in passing argument 2 of 'HAL_UART_Receive_IT' differ in signedness [-Wpointer-sign]
   91 |  if (HAL_UART_Receive_IT(&huart1, &msgRx, 1) == HAL_OK && msgRx==one) {
      |                                   ^~~~~~
      |                                   |
      |                                   char *
In file included from ../Core/Inc/stm32f3xx_hal_conf.h:327,
                 from ../Drivers/STM32F3xx_HAL_Driver/Inc/stm32f3xx_hal.h:29,
                 from ../Core/Inc/main.h:30,
                 from ../Core/Src/main.c:20:
../Drivers/STM32F3xx_HAL_Driver/Inc/stm32f3xx_hal_uart.h:1489:75: note: expected 'uint8_t *' {aka 'unsigned char *'} but argument is of type 'char *'
 1489 | HAL_StatusTypeDef HAL_UART_Receive_IT(UART_HandleTypeDef *huart, uint8_t *pData, uint16_t Size);
      |                                                                  ~~~~~~~~~^~~~~
../Core/Src/main.c: In function 'HAL_TIM_PeriodElapsedCallback':
../Core/Src/main.c:152:16: warning: implicit declaration of function 'gcvt' [-Wimplicit-function-declaration]
  152 |                gcvt(TmpMean, sizeof(TmpMean), bufferT);
      |                ^~~~
../Core/Src/main.c:153:62: warning: implicit declaration of function 'strlen' [-Wimplicit-function-declaration]
  153 |                HAL_UART_Transmit(&huart1, (uint8_t*)bufferT, strlen(bufferT), HAL_MAX_DELAY);
      |                                                              ^~~~~~
../Core/Src/main.c:153:62: warning: incompatible implicit declaration of built-in function 'strlen'
../Core/Src/main.c:25:1: note: include '<string.h>' or provide a declaration of 'strlen'
   24 | #include "../LIBR/TruncateAlgo/TruncateMean.h"
  +++ |+#include <string.h>
   25 | #define one 49
../Core/Src/main.c:173:54: warning: incompatible implicit declaration of built-in function 'strlen'
  173 |        HAL_UART_Transmit(&huart1, (uint8_t*)bufferT, strlen(bufferT), HAL_MAX_DELAY);
      |                                                      ^~~~~~
../Core/Src/main.c:173:54: note: include '<string.h>' or provide a declaration of 'strlen'
../Core/Src/main.c: In function 'main':
../Core/Src/main.c:249:32: warning: pointer targets in passing argument 2 of 'HAL_UART_Receive_IT' differ in signedness [-Wpointer-sign]
  249 |   HAL_UART_Receive_IT(&huart1, &msgRx, 1);
      |                                ^~~~~~
      |                                |
      |                                char *
In file included from ../Core/Inc/stm32f3xx_hal_conf.h:327,
                 from ../Drivers/STM32F3xx_HAL_Driver/Inc/stm32f3xx_hal.h:29,
                 from ../Core/Inc/main.h:30,
                 from ../Core/Src/main.c:20:
../Drivers/STM32F3xx_HAL_Driver/Inc/stm32f3xx_hal_uart.h:1489:75: note: expected 'uint8_t *' {aka 'unsigned char *'} but argument is of type 'char *'
 1489 | HAL_StatusTypeDef HAL_UART_Receive_IT(UART_HandleTypeDef *huart, uint8_t *pData, uint16_t Size);
      |                                                                  ~~~~~~~~~^~~~~
arm-none-eabi-gcc -o "Slave.elf" @"objects.list"   -mcpu=cortex-m4 -T"C:\Users\Utente\Desktop\CSD\Schedino\WorkSpace\Progetto\Slave2.0\Slave\STM32F303VCTX_FLASH.ld" --specs=nosys.specs -Wl,-Map="Slave.map" -Wl,--gc-sections -static --specs=nano.specs -mfpu=fpv4-sp-d16 -mfloat-abi=hard -mthumb -Wl,--start-group -lc -lm -Wl,--end-group
Finished building target: Slave.elf
 
arm-none-eabi-size   Slave.elf 
arm-none-eabi-objdump -h -S  Slave.elf  > "Slave.list"
   text	   data	    bss	    dec	    hex	filename
  33836	    120	   2040	  35996	   8c9c	Slave.elf
Finished building: default.size.stdout
 
Finished building: Slave.list
 
17:27:06 **** Incremental Build of configuration Debug for project Slave ****
make -j8 all 
arm-none-eabi-gcc "../Core/Src/main.c" -mcpu=cortex-m4 -std=gnu11 -g3 -DDEBUG -DUSE_HAL_DRIVER -DSTM32F303xC -c -I../Core/Inc -I../Drivers/STM32F3xx_HAL_Driver/Inc/Legacy -I../Drivers/STM32F3xx_HAL_Driver/Inc -I../Drivers/CMSIS/Device/ST/STM32F3xx/Include -I../Drivers/CMSIS/Include -O0 -ffunction-sections -fdata-sections -Wall -fstack-usage -fcyclomatic-complexity -MMD -MP -MF"Core/Src/main.d" -MT"Core/Src/main.o" --specs=nano.specs -mfpu=fpv4-sp-d16 -mfloat-abi=hard -mthumb -o "Core/Src/main.o"
../Core/Src/main.c: In function 'HAL_UART_RxCpltCallback':
../Core/Src/main.c:91:35: warning: pointer targets in passing argument 2 of 'HAL_UART_Receive_IT' differ in signedness [-Wpointer-sign]
   91 |  if (HAL_UART_Receive_IT(&huart1, &msgRx, 1) == HAL_OK && msgRx==one) {
      |                                   ^~~~~~
      |                                   |
      |                                   char *
In file included from ../Core/Inc/stm32f3xx_hal_conf.h:327,
                 from ../Drivers/STM32F3xx_HAL_Driver/Inc/stm32f3xx_hal.h:29,
                 from ../Core/Inc/main.h:30,
                 from ../Core/Src/main.c:20:
../Drivers/STM32F3xx_HAL_Driver/Inc/stm32f3xx_hal_uart.h:1489:75: note: expected 'uint8_t *' {aka 'unsigned char *'} but argument is of type 'char *'
 1489 | HAL_StatusTypeDef HAL_UART_Receive_IT(UART_HandleTypeDef *huart, uint8_t *pData, uint16_t Size);
      |                                                                  ~~~~~~~~~^~~~~
../Core/Src/main.c: In function 'HAL_TIM_PeriodElapsedCallback':
../Core/Src/main.c:128:10: warning: implicit declaration of function 'gcvt' [-Wimplicit-function-declaration]
  128 |          gcvt(Temperature, sizeof(Temperature), bufferT);
      |          ^~~~
../Core/Src/main.c:129:57: warning: implicit declaration of function 'strlen' [-Wimplicit-function-declaration]
  129 |           HAL_UART_Transmit(&huart1, (uint8_t*)bufferT, strlen(bufferT), HAL_MAX_DELAY);
      |                                                         ^~~~~~
../Core/Src/main.c:129:57: warning: incompatible implicit declaration of built-in function 'strlen'
../Core/Src/main.c:25:1: note: include '<string.h>' or provide a declaration of 'strlen'
   24 | #include "../LIBR/TruncateAlgo/TruncateMean.h"
  +++ |+#include <string.h>
   25 | #define one 49
../Core/Src/main.c:153:62: warning: incompatible implicit declaration of built-in function 'strlen'
  153 |                HAL_UART_Transmit(&huart1, (uint8_t*)bufferT, strlen(bufferT), HAL_MAX_DELAY);
      |                                                              ^~~~~~
../Core/Src/main.c:153:62: note: include '<string.h>' or provide a declaration of 'strlen'
../Core/Src/main.c:173:54: warning: incompatible implicit declaration of built-in function 'strlen'
  173 |        HAL_UART_Transmit(&huart1, (uint8_t*)bufferT, strlen(bufferT), HAL_MAX_DELAY);
      |                                                      ^~~~~~
../Core/Src/main.c:173:54: note: include '<string.h>' or provide a declaration of 'strlen'
../Core/Src/main.c: In function 'main':
../Core/Src/main.c:249:32: warning: pointer targets in passing argument 2 of 'HAL_UART_Receive_IT' differ in signedness [-Wpointer-sign]
  249 |   HAL_UART_Receive_IT(&huart1, &msgRx, 1);
      |                                ^~~~~~
      |                                |
      |                                char *
In file included from ../Core/Inc/stm32f3xx_hal_conf.h:327,
                 from ../Drivers/STM32F3xx_HAL_Driver/Inc/stm32f3xx_hal.h:29,
                 from ../Core/Inc/main.h:30,
                 from ../Core/Src/main.c:20:
../Drivers/STM32F3xx_HAL_Driver/Inc/stm32f3xx_hal_uart.h:1489:75: note: expected 'uint8_t *' {aka 'unsigned char *'} but argument is of type 'char *'
 1489 | HAL_StatusTypeDef HAL_UART_Receive_IT(UART_HandleTypeDef *huart, uint8_t *pData, uint16_t Size);
      |                                                                  ~~~~~~~~~^~~~~
arm-none-eabi-gcc -o "Slave.elf" @"objects.list"   -mcpu=cortex-m4 -T"C:\Users\Utente\Desktop\CSD\Schedino\WorkSpace\Progetto\Slave2.0\Slave\STM32F303VCTX_FLASH.ld" --specs=nosys.specs -Wl,-Map="Slave.map" -Wl,--gc-sections -static --specs=nano.specs -mfpu=fpv4-sp-d16 -mfloat-abi=hard -mthumb -Wl,--start-group -lc -lm -Wl,--end-group
Finished building target: Slave.elf
 
arm-none-eabi-size   Slave.elf 
arm-none-eabi-objdump -h -S  Slave.elf  > "Slave.list"
   text	   data	    bss	    dec	    hex	filename
  34068	    120	   2040	  36228	   8d84	Slave.elf
Finished building: default.size.stdout
 
Finished building: Slave.list
 
17:29:51 **** Incremental Build of configuration Debug for project Slave ****
make -j8 all 
arm-none-eabi-gcc "../Core/Src/main.c" -mcpu=cortex-m4 -std=gnu11 -g3 -DDEBUG -DUSE_HAL_DRIVER -DSTM32F303xC -c -I../Core/Inc -I../Drivers/STM32F3xx_HAL_Driver/Inc/Legacy -I../Drivers/STM32F3xx_HAL_Driver/Inc -I../Drivers/CMSIS/Device/ST/STM32F3xx/Include -I../Drivers/CMSIS/Include -O0 -ffunction-sections -fdata-sections -Wall -fstack-usage -fcyclomatic-complexity -MMD -MP -MF"Core/Src/main.d" -MT"Core/Src/main.o" --specs=nano.specs -mfpu=fpv4-sp-d16 -mfloat-abi=hard -mthumb -o "Core/Src/main.o"
arm-none-eabi-gcc "../Core/LIBR/TruncateAlgo/TruncateMean.c" -mcpu=cortex-m4 -std=gnu11 -g3 -DDEBUG -DUSE_HAL_DRIVER -DSTM32F303xC -c -I../Core/Inc -I../Drivers/STM32F3xx_HAL_Driver/Inc/Legacy -I../Drivers/STM32F3xx_HAL_Driver/Inc -I../Drivers/CMSIS/Device/ST/STM32F3xx/Include -I../Drivers/CMSIS/Include -O0 -ffunction-sections -fdata-sections -Wall -fstack-usage -fcyclomatic-complexity -MMD -MP -MF"Core/LIBR/TruncateAlgo/TruncateMean.d" -MT"Core/LIBR/TruncateAlgo/TruncateMean.o" --specs=nano.specs -mfpu=fpv4-sp-d16 -mfloat-abi=hard -mthumb -o "Core/LIBR/TruncateAlgo/TruncateMean.o"
../Core/Src/main.c: In function 'HAL_UART_RxCpltCallback':
../Core/Src/main.c:91:35: warning: pointer targets in passing argument 2 of 'HAL_UART_Receive_IT' differ in signedness [-Wpointer-sign]
   91 |  if (HAL_UART_Receive_IT(&huart1, &msgRx, 1) == HAL_OK && msgRx==one) {
      |                                   ^~~~~~
      |                                   |
      |                                   char *
In file included from ../Core/Inc/stm32f3xx_hal_conf.h:327,
                 from ../Drivers/STM32F3xx_HAL_Driver/Inc/stm32f3xx_hal.h:29,
                 from ../Core/Inc/main.h:30,
                 from ../Core/Src/main.c:20:
../Drivers/STM32F3xx_HAL_Driver/Inc/stm32f3xx_hal_uart.h:1489:75: note: expected 'uint8_t *' {aka 'unsigned char *'} but argument is of type 'char *'
 1489 | HAL_StatusTypeDef HAL_UART_Receive_IT(UART_HandleTypeDef *huart, uint8_t *pData, uint16_t Size);
      |                                                                  ~~~~~~~~~^~~~~
../Core/Src/main.c: In function 'HAL_TIM_PeriodElapsedCallback':
../Core/Src/main.c:128:10: warning: implicit declaration of function 'gcvt' [-Wimplicit-function-declaration]
  128 |          gcvt(Temperature, sizeof(Temperature), bufferT);
      |          ^~~~
../Core/Src/main.c:129:57: warning: implicit declaration of function 'strlen' [-Wimplicit-function-declaration]
  129 |           HAL_UART_Transmit(&huart1, (uint8_t*)bufferT, strlen(bufferT), HAL_MAX_DELAY);
      |                                                         ^~~~~~
../Core/Src/main.c:129:57: warning: incompatible implicit declaration of built-in function 'strlen'
../Core/Src/main.c:25:1: note: include '<string.h>' or provide a declaration of 'strlen'
   24 | #include "../LIBR/TruncateAlgo/TruncateMean.h"
  +++ |+#include <string.h>
   25 | #define one 49
../Core/Src/main.c:153:62: warning: incompatible implicit declaration of built-in function 'strlen'
  153 |                HAL_UART_Transmit(&huart1, (uint8_t*)bufferT, strlen(bufferT), HAL_MAX_DELAY);
      |                                                              ^~~~~~
../Core/Src/main.c:153:62: note: include '<string.h>' or provide a declaration of 'strlen'
../Core/Src/main.c:173:54: warning: incompatible implicit declaration of built-in function 'strlen'
  173 |        HAL_UART_Transmit(&huart1, (uint8_t*)bufferT, strlen(bufferT), HAL_MAX_DELAY);
      |                                                      ^~~~~~
../Core/Src/main.c:173:54: note: include '<string.h>' or provide a declaration of 'strlen'
../Core/Src/main.c: In function 'main':
../Core/Src/main.c:249:32: warning: pointer targets in passing argument 2 of 'HAL_UART_Receive_IT' differ in signedness [-Wpointer-sign]
  249 |   HAL_UART_Receive_IT(&huart1, &msgRx, 1);
      |                                ^~~~~~
      |                                |
      |                                char *
In file included from ../Core/Inc/stm32f3xx_hal_conf.h:327,
                 from ../Drivers/STM32F3xx_HAL_Driver/Inc/stm32f3xx_hal.h:29,
                 from ../Core/Inc/main.h:30,
                 from ../Core/Src/main.c:20:
../Drivers/STM32F3xx_HAL_Driver/Inc/stm32f3xx_hal_uart.h:1489:75: note: expected 'uint8_t *' {aka 'unsigned char *'} but argument is of type 'char *'
 1489 | HAL_StatusTypeDef HAL_UART_Receive_IT(UART_HandleTypeDef *huart, uint8_t *pData, uint16_t Size);
      |                                                                  ~~~~~~~~~^~~~~
arm-none-eabi-gcc -o "Slave.elf" @"objects.list"   -mcpu=cortex-m4 -T"C:\Users\Utente\Desktop\CSD\Schedino\WorkSpace\Progetto\Slave2.0\Slave\STM32F303VCTX_FLASH.ld" --specs=nosys.specs -Wl,-Map="Slave.map" -Wl,--gc-sections -static --specs=nano.specs -mfpu=fpv4-sp-d16 -mfloat-abi=hard -mthumb -Wl,--start-group -lc -lm -Wl,--end-group
Finished building target: Slave.elf
 
arm-none-eabi-size   Slave.elf 
arm-none-eabi-objdump -h -S  Slave.elf  > "Slave.list"
   text	   data	    bss	    dec	    hex	filename
  34068	    120	   2120	  36308	   8dd4	Slave.elf
Finished building: default.size.stdout
 
Finished building: Slave.list
 
17:52:23 **** Incremental Build of configuration Debug for project Slave ****
make -j8 all 
arm-none-eabi-size   Slave.elf 
   text	   data	    bss	    dec	    hex	filename
  34068	    120	   2120	  36308	   8dd4	Slave.elf
Finished building: default.size.stdout
 
