00000000                                     1  		*Area Istruzioni
00000000                                     2  
00009000                                     3  		ORG		$9000
00009000                                     4  START
00009000  =00000004                          5  N		EQU	 	4
00009000  =00000001                          6  K		EQU	 	1
00009000  207C 00008000                      7  		MOVEA.L 	#A,A0
00009006  227C 00008004                      8  		MOVEA.L 	#(A+K*N),A1
0000900C  4240                               9  		CLR		D0
0000900E  B07C 0002                         10  LOOP		CMP		#(N/2),D0
00009012  6700 000E                         11  		BEQ		FINE	
00009016  4241                              12  		CLR		D1
00009018  1210                              13  		MOVE.B	(A0),D1
0000901A  10E1                              14  		MOVE.B	-(A1),(A0)+
0000901C  1281                              15  		MOVE.B	D1,(A1)
0000901E  5200                              16  		ADD.B		#1,D0
00009020  60EC                              17  		BRA		LOOP
00009022                                    18  		
00009022                                    19  		
00009022  4EF9 00009022                     20  FINE		JMP		FINE
00009028                                    21  		
00009028                                    22  		
00009028                                    23  		*Area Dati
00008000                                    24  		ORG		$8000
00008000                                    25  
00008000                                    26  
00008000  04 02 07 01                       27  A		DC.B 	 	4,2,7,1
00008004                                    28  		END		START

No errors detected
No warnings generated
