00008800                                     1  		ORG		$8800
00008800  246F 0000                          2  SOMMA		MOVEA.L	RTNOFF(SP),A2
00008804  226F 0008                          3  		MOVEA.L	V1OFF(SP),A1
00008808  206F 0004                          4  		MOVEA.L	V2OFF(SP),A0
0000880C  302F 000C                          5  		MOVE.W	DIMOFF(SP),D0	
00008810  4241                               6  		CLR.W		D1
00008812  B240                               7  FOR		CMP.W		D0,D1
00008814  6700 000E                          8  		BEQ		FINE
00008818  D418                               9  		ADD.B		(A0)+,D2
0000881A  D419                              10  		ADD.B		(A1)+,D2
0000881C  5201                              11  		ADD.B		#1,D1
0000881E  4EF9 00008812                     12  		JMP		FOR
00008824  4E75                              13  FINE		RTS
00008826                                    14  		
00008826                                    15  
00008826                                    16  
00008826                                    17  
00008826                                    18  
00008826                                    19  
00008826                                    20  
00008826                                    21  *MAIN
00008500                                    22  		ORG		$8500
00008500  3F39 00008008                     23  INIZIO		MOVE.W	DIM,-(SP)
00008506  2F3C 00008000                     24  		MOVE.L		#V1,-(SP)
0000850C  2F3C 00008004                     25  		MOVE.L		#V2,-(SP)
00008512  4EB9 00008800                     26  		JSR		SOMMA
00008518  DEFC 000A                         27  		ADDA		#10,SP
0000851C                                    28  		
0000851C                                    29  
0000851C                                    30  
0000851C                                    31  
0000851C                                    32  *AREA	DATI
00008000                                    33  		ORG		$8000
00008000  01 03 05 07                       34  V1		DC.B		1,3,5,7
00008004  00 02 04 06                       35  V2		DC.B		0,2,4,6
00008008  =00000004                         36  N		EQU		4
00008008  0004                              37  DIM		DC.W		N
0000800A                                    38  RES		DS.L		1
0000800E                                    39  
0000800E                                    40  *OFFSET STACK
0000800E                                    41  
0000800E  =00000000                         42  RTNOFF	EQU		0
0000800E  =00000004                         43  V2OFF		EQU		4
0000800E  =00000008                         44  V1OFF		EQU		8
0000800E  =0000000C                         45  DIMOFF		EQU		12
0000800E  =0000000E                         46  RESOFF	EQU		14
0000800E                                    47  		END		INIZIO

No errors detected
No warnings generated
