2023-07-19 12:39:21,624 [INFO] Activator:176 - 


2023-07-19 12:39:21,636 [INFO] Activator:177 - !SESSION log4j initialized
2023-07-19 12:39:26,425 [INFO] LogOutputStream:77 - [STDOUT_REDIRECT] 
2023-07-19 12:39:49,850 [ERROR] LogOutputStream:75 - [STDERR_REDIRECT] SLF4J: Failed to load class "org.slf4j.impl.StaticLoggerBinder".
2023-07-19 12:39:49,850 [ERROR] LogOutputStream:75 - [STDERR_REDIRECT] SLF4J: Defaulting to no-operation (NOP) logger implementation
2023-07-19 12:39:49,850 [ERROR] LogOutputStream:75 - [STDERR_REDIRECT] SLF4J: See http://www.slf4j.org/codes.html#StaticLoggerBinder for further details.
2023-07-19 13:09:01,522 [INFO] Activator:176 - 


2023-07-19 13:09:01,524 [INFO] Activator:177 - !SESSION log4j initialized
2023-07-19 13:09:05,965 [INFO] LogOutputStream:77 - [STDOUT_REDIRECT] 
2023-07-19 13:09:27,939 [ERROR] LogOutputStream:75 - [STDERR_REDIRECT] SLF4J: Failed to load class "org.slf4j.impl.StaticLoggerBinder".
2023-07-19 13:09:27,939 [ERROR] LogOutputStream:75 - [STDERR_REDIRECT] SLF4J: Defaulting to no-operation (NOP) logger implementation
2023-07-19 13:09:27,940 [ERROR] LogOutputStream:75 - [STDERR_REDIRECT] SLF4J: See http://www.slf4j.org/codes.html#StaticLoggerBinder for further details.
2023-07-19 13:16:35,252 [INFO] Activator:176 - 


2023-07-19 13:16:35,254 [INFO] Activator:177 - !SESSION log4j initialized
2023-07-19 13:16:39,740 [INFO] LogOutputStream:77 - [STDOUT_REDIRECT] 
2023-07-19 13:17:01,708 [ERROR] LogOutputStream:75 - [STDERR_REDIRECT] SLF4J: Failed to load class "org.slf4j.impl.StaticLoggerBinder".
2023-07-19 13:17:01,709 [ERROR] LogOutputStream:75 - [STDERR_REDIRECT] SLF4J: Defaulting to no-operation (NOP) logger implementation
2023-07-19 13:17:01,710 [ERROR] LogOutputStream:75 - [STDERR_REDIRECT] SLF4J: See http://www.slf4j.org/codes.html#StaticLoggerBinder for further details.
2023-07-19 13:23:23,747 [INFO] Activator:176 - 


2023-07-19 13:23:23,750 [INFO] Activator:177 - !SESSION log4j initialized
2023-07-19 13:23:28,218 [INFO] LogOutputStream:77 - [STDOUT_REDIRECT] 
