2023-05-22 16:53:35,102 [INFO] Activator:176 - 


2023-05-22 16:53:35,105 [INFO] Activator:177 - !SESSION log4j initialized
2023-05-22 16:53:37,919 [INFO] LogOutputStream:77 - [STDOUT_REDIRECT] 
2023-05-22 16:53:40,926 [INFO] ApplicationProperties:184 - Using Application install path: C:\ST\STM32CubeIDE_1.12.0\STM32CubeIDE\plugins\com.st.stm32cube.common.mx_6.8.0.202302231600
2023-05-22 16:53:40,951 [INFO] DbMcusXml:78 - Set database path to: C:\ST\STM32CubeIDE_1.12.0\STM32CubeIDE\plugins\com.st.stm32cube.common.mx_6.8.0.202302231600\\db\/mcu/
2023-05-22 16:53:40,952 [INFO] ApiDb:274 - Set plugin database path to: C:\ST\STM32CubeIDE_1.12.0\STM32CubeIDE\plugins\com.st.stm32cube.common.mx_6.8.0.202302231600\\db\/plugins/boardmanager/
2023-05-22 16:53:40,955 [WARN] ApiDb:259 - Overriding images path with different value:  => C:\ST\STM32CubeIDE_1.12.0\STM32CubeIDE\plugins\com.st.stm32cube.common.mx_6.8.0.202302231600\\db\/plugins/mcufinder/images/
2023-05-22 16:53:40,974 [INFO] ApiDb:250 - Set database path to: C:\Users\Utente\.stmcufinder\plugins\mcufinder//mcu/
2023-05-22 16:53:40,977 [INFO] DbMcusAds:125 - Set database path to: C:\Users\Utente\.stmcufinder\plugins\mcufinder//mcu/
2023-05-22 16:53:40,980 [INFO] CrossReferenceDbSqlite:203 - Set database path to: C:\Users\Utente\.stmcufinder\plugins\mcufinder//mcu/cs/
2023-05-22 16:53:41,144 [INFO] RulesReader:64 - Compatibility file has been processed (293 Rules)
2023-05-22 16:53:41,261 [INFO] DbMcusXml:78 - Set database path to: C:\ST\STM32CubeIDE_1.12.0\STM32CubeIDE\plugins\com.st.stm32cube.common.mx_6.8.0.202302231600\\db\/mcu/
2023-05-22 16:53:41,261 [INFO] ApiDb:274 - Set plugin database path to: C:\ST\STM32CubeIDE_1.12.0\STM32CubeIDE\plugins\com.st.stm32cube.common.mx_6.8.0.202302231600\\db\/plugins/boardmanager/
2023-05-22 16:53:41,263 [INFO] ApiDb:261 - Set plugin images path to: C:\ST\STM32CubeIDE_1.12.0\STM32CubeIDE\plugins\com.st.stm32cube.common.mx_6.8.0.202302231600\\db\/plugins/mcufinder/images/
2023-05-22 16:53:41,263 [WARN] DbFile:41 - Overriding database path with different value: C:\Users\Utente\.stmcufinder\plugins\mcufinder/ => C:\Users\Utente\.stmcufinder\plugins\mcufinder
2023-05-22 16:53:41,263 [INFO] ApiDb:250 - Set database path to: C:\Users\Utente\.stmcufinder\plugins\mcufinder//mcu/
2023-05-22 16:53:41,263 [WARN] DbFile:41 - Overriding database path with different value: C:\Users\Utente\.stmcufinder\plugins\mcufinder/ => C:\Users\Utente\.stmcufinder\plugins\mcufinder
2023-05-22 16:53:41,264 [INFO] DbMcusAds:125 - Set database path to: C:\Users\Utente\.stmcufinder\plugins\mcufinder//mcu/
2023-05-22 16:53:41,264 [WARN] DbFile:41 - Overriding database path with different value: C:\Users\Utente\.stmcufinder\plugins\mcufinder/ => C:\Users\Utente\.stmcufinder\plugins\mcufinder
2023-05-22 16:53:41,264 [WARN] DbFile:41 - Overriding database path with different value: C:\Users\Utente\.stmcufinder\plugins\mcufinder/ => C:\Users\Utente\.stmcufinder\plugins\mcufinder
2023-05-22 16:53:41,264 [INFO] CrossReferenceDbSqlite:203 - Set database path to: C:\Users\Utente\.stmcufinder\plugins\mcufinder//mcu/cs/
2023-05-22 16:53:41,364 [INFO] MainPanel:253 - HeapMemory: 268435456
2023-05-22 16:53:41,491 [INFO] DbMcusXml:78 - Set database path to: C:\ST\STM32CubeIDE_1.12.0\STM32CubeIDE\plugins\com.st.stm32cube.common.mx_6.8.0.202302231600\\db\/mcu/
2023-05-22 16:53:41,492 [INFO] ApiDb:274 - Set plugin database path to: C:\ST\STM32CubeIDE_1.12.0\STM32CubeIDE\plugins\com.st.stm32cube.common.mx_6.8.0.202302231600\\db\/plugins/boardmanager/
2023-05-22 16:53:41,492 [INFO] ApiDb:261 - Set plugin images path to: C:\ST\STM32CubeIDE_1.12.0\STM32CubeIDE\plugins\com.st.stm32cube.common.mx_6.8.0.202302231600\\db\/plugins/mcufinder/images/
2023-05-22 16:53:41,492 [WARN] DbFile:41 - Overriding database path with different value: C:\Users\Utente\.stmcufinder\plugins\mcufinder/ => C:\Users\Utente\.stmcufinder\plugins\mcufinder
2023-05-22 16:53:41,493 [INFO] ApiDb:250 - Set database path to: C:\Users\Utente\.stmcufinder\plugins\mcufinder//mcu/
2023-05-22 16:53:41,493 [WARN] DbFile:41 - Overriding database path with different value: C:\Users\Utente\.stmcufinder\plugins\mcufinder/ => C:\Users\Utente\.stmcufinder\plugins\mcufinder
2023-05-22 16:53:41,493 [INFO] DbMcusAds:125 - Set database path to: C:\Users\Utente\.stmcufinder\plugins\mcufinder//mcu/
2023-05-22 16:53:41,493 [WARN] DbFile:41 - Overriding database path with different value: C:\Users\Utente\.stmcufinder\plugins\mcufinder/ => C:\Users\Utente\.stmcufinder\plugins\mcufinder
2023-05-22 16:53:41,493 [WARN] DbFile:41 - Overriding database path with different value: C:\Users\Utente\.stmcufinder\plugins\mcufinder/ => C:\Users\Utente\.stmcufinder\plugins\mcufinder
2023-05-22 16:53:41,493 [INFO] CrossReferenceDbSqlite:203 - Set database path to: C:\Users\Utente\.stmcufinder\plugins\mcufinder//mcu/cs/
2023-05-22 16:53:41,523 [INFO] ApplicationProperties:184 - Using Application install path: C:\ST\STM32CubeIDE_1.12.0\STM32CubeIDE\plugins\com.st.stm32cube.common.mx_6.8.0.202302231600
2023-05-22 16:53:41,526 [INFO] PluginManage:196 - Search for loadable plugins [exclusion list=, ]
2023-05-22 16:53:41,530 [INFO] PluginManage:310 - Check plugin analytics
2023-05-22 16:53:41,783 [INFO] AnalyticsPlugin:253 - Accepted Software Licenses: 
2023-05-22 16:53:41,785 [INFO] AnalyticsPlugin:255 - Accepted CMSIS Pack Licenses: STMicroelectronics.X-CUBE-ALGOBUILD.1.3.0,STMicroelectronics.X-CUBE-NFC7.1.0.0,STMicroelectronics.X-CUBE-BLE1.6.2.4
2023-05-22 16:53:41,786 [INFO] AnalyticsPlugin:257 - Accepted Firmware Licenses: FW.F4.1.27.0
2023-05-22 16:53:41,802 [INFO] PluginManage:359 - Loaded plugin analytics (category:tool,tabindex:-1)
2023-05-22 16:53:41,804 [INFO] PluginManage:310 - Check plugin cadmodel
2023-05-22 16:53:41,828 [INFO] CADModel:105 - Init CAD model plugin
2023-05-22 16:53:41,829 [INFO] PluginManage:359 - Loaded plugin cadmodel (category:power,tabindex:5)
2023-05-22 16:53:41,829 [INFO] PluginManage:310 - Check plugin clock
2023-05-22 16:53:41,844 [INFO] PluginManage:359 - Loaded plugin clock (category:base,tabindex:2)
2023-05-22 16:53:41,844 [INFO] PluginManage:310 - Check plugin ddr
2023-05-22 16:53:41,848 [INFO] PluginManage:359 - Loaded plugin ddr (category:tool,tabindex:6)
2023-05-22 16:53:41,849 [INFO] PluginManage:310 - Check plugin filemanager
2023-05-22 16:53:42,062 [INFO] PluginManage:359 - Loaded plugin filemanager (category:base,tabindex:10)
2023-05-22 16:53:42,062 [INFO] PluginManage:310 - Check plugin ipmanager
2023-05-22 16:53:42,078 [INFO] PluginManage:359 - Loaded plugin ipmanager (category:base,tabindex:5)
2023-05-22 16:53:42,078 [INFO] PluginManage:310 - Check plugin lpbam
2023-05-22 16:53:42,092 [INFO] PluginManage:359 - Loaded plugin lpbam (category:base,tabindex:0)
2023-05-22 16:53:42,092 [INFO] PluginManage:310 - Check plugin pinoutandconfiguration
2023-05-22 16:53:42,104 [INFO] PluginManage:359 - Loaded plugin pinoutandconfiguration (category:base,tabindex:1)
2023-05-22 16:53:42,105 [INFO] PluginManage:310 - Check plugin pinoutconfig
2023-05-22 16:53:42,226 [WARN] SupportedApi:132 - Cannot load RTOS API schema: s4s-elt-must-match.1: The content of 'definitions' must match (annotation?, (simpleType | complexType)?, (unique | key | keyref)*)). A problem was found starting at: attribute.
2023-05-22 16:53:42,417 [INFO] PluginManage:359 - Loaded plugin pinoutconfig (category:base,tabindex:0)
2023-05-22 16:53:42,417 [INFO] PluginManage:310 - Check plugin power
2023-05-22 16:53:42,433 [INFO] PluginManage:359 - Loaded plugin power (category:power,tabindex:4)
2023-05-22 16:53:42,433 [INFO] PluginManage:310 - Check plugin projectmanager
2023-05-22 16:53:42,453 [INFO] PluginManage:359 - Loaded plugin projectmanager (category:projectmanager,tabindex:3)
2023-05-22 16:53:42,453 [INFO] PluginManage:310 - Check plugin thirdparty
2023-05-22 16:53:42,635 [INFO] PluginManage:359 - Loaded plugin thirdparty (category:base,tabindex:-1)
2023-05-22 16:53:42,635 [WARN] IntegrityCheckThread:84 - waiting for thirdparty lock release [integrity check]
2023-05-22 16:53:42,636 [INFO] PluginManage:310 - Check plugin tools
2023-05-22 16:53:42,637 [INFO] IntegrityCheckThread:86 - entering critical section [integrity check]
2023-05-22 16:53:42,639 [INFO] ThirdPartyUpdaterWithRetryManager:70 - Updater plugin not ready yet. [1/15]
2023-05-22 16:53:42,641 [INFO] PluginManage:359 - Loaded plugin tools (category:base,tabindex:7)
2023-05-22 16:53:42,641 [INFO] PluginManage:310 - Check plugin tutovideos
2023-05-22 16:53:42,873 [INFO] PluginManage:359 - Loaded plugin tutovideos (category:base,tabindex:-1)
2023-05-22 16:53:42,873 [INFO] PluginManage:310 - Check plugin updater
2023-05-22 16:53:42,905 [INFO] PluginManage:359 - Loaded plugin updater (category:base,tabindex:12)
2023-05-22 16:53:42,906 [INFO] PluginManage:283 - PluginManage : Loaded plugins [15]
2023-05-22 16:53:43,250 [INFO] PinOutPanel:1499 - setPackage(No Configuration,No Configuration)
2023-05-22 16:53:43,327 [INFO] CADModel:165 - CPN selected for project level
2023-05-22 16:53:43,327 [INFO] CADModel:114 - Register for checkConnection events
2023-05-22 16:53:43,348 [INFO] IPUIPlugin:80 - create IPUIPlugin
2023-05-22 16:53:43,348 [INFO] PluginManager:220 - loadIPPluginJar : add adc
2023-05-22 16:53:43,352 [INFO] IPUIPlugin:80 - create IPUIPlugin
2023-05-22 16:53:43,352 [INFO] PluginManager:220 - loadIPPluginJar : add aes
2023-05-22 16:53:43,355 [INFO] IPUIPlugin:80 - create IPUIPlugin
2023-05-22 16:53:43,355 [INFO] PluginManager:220 - loadIPPluginJar : add can
2023-05-22 16:53:43,357 [INFO] IPUIPlugin:80 - create IPUIPlugin
2023-05-22 16:53:43,357 [INFO] PluginManager:220 - loadIPPluginJar : add comp
2023-05-22 16:53:43,360 [INFO] IPUIPlugin:80 - create IPUIPlugin
2023-05-22 16:53:43,361 [INFO] PluginManager:220 - loadIPPluginJar : add cryp
2023-05-22 16:53:43,363 [INFO] IPUIPlugin:80 - create IPUIPlugin
2023-05-22 16:53:43,363 [INFO] PluginManager:220 - loadIPPluginJar : add dfsdm
2023-05-22 16:53:43,370 [INFO] IPUIPlugin:80 - create IPUIPlugin
2023-05-22 16:53:43,371 [INFO] PluginManager:220 - loadIPPluginJar : add dma
2023-05-22 16:53:43,375 [INFO] IPUIPlugin:80 - create IPUIPlugin
2023-05-22 16:53:43,375 [INFO] PluginManager:220 - loadIPPluginJar : add dma3
2023-05-22 16:53:43,377 [INFO] IPUIPlugin:80 - create IPUIPlugin
2023-05-22 16:53:43,377 [INFO] PluginManager:220 - loadIPPluginJar : add fatfs
2023-05-22 16:53:43,384 [INFO] IPUIPlugin:80 - create IPUIPlugin
2023-05-22 16:53:43,385 [INFO] PluginManager:220 - loadIPPluginJar : add fmc
2023-05-22 16:53:43,393 [INFO] IPUIPlugin:80 - create IPUIPlugin
2023-05-22 16:53:43,393 [INFO] PluginManager:220 - loadIPPluginJar : add freertos
2023-05-22 16:53:43,395 [INFO] IPUIPlugin:80 - create IPUIPlugin
2023-05-22 16:53:43,396 [INFO] PluginManager:220 - loadIPPluginJar : add genericplugin
2023-05-22 16:53:43,398 [INFO] IPUIPlugin:80 - create IPUIPlugin
2023-05-22 16:53:43,399 [INFO] PluginManager:220 - loadIPPluginJar : add gfxmmu
2023-05-22 16:53:43,404 [INFO] IPUIPlugin:80 - create IPUIPlugin
2023-05-22 16:53:43,404 [INFO] PluginManager:220 - loadIPPluginJar : add gic
2023-05-22 16:53:43,410 [INFO] IPUIPlugin:80 - create IPUIPlugin
2023-05-22 16:53:43,410 [INFO] PluginManager:220 - loadIPPluginJar : add gpio
2023-05-22 16:53:43,414 [INFO] IPUIPlugin:80 - create IPUIPlugin
2023-05-22 16:53:43,414 [INFO] PluginManager:220 - loadIPPluginJar : add gtzc
2023-05-22 16:53:43,417 [INFO] IPUIPlugin:80 - create IPUIPlugin
2023-05-22 16:53:43,417 [INFO] PluginManager:220 - loadIPPluginJar : add hash
2023-05-22 16:53:43,420 [INFO] IPUIPlugin:80 - create IPUIPlugin
2023-05-22 16:53:43,420 [INFO] PluginManager:220 - loadIPPluginJar : add i2c
2023-05-22 16:53:43,423 [INFO] IPUIPlugin:80 - create IPUIPlugin
2023-05-22 16:53:43,423 [INFO] PluginManager:220 - loadIPPluginJar : add i2s
2023-05-22 16:53:43,426 [INFO] IPUIPlugin:80 - create IPUIPlugin
2023-05-22 16:53:43,427 [INFO] PluginManager:220 - loadIPPluginJar : add i3c
2023-05-22 16:53:43,430 [INFO] IPUIPlugin:80 - create IPUIPlugin
2023-05-22 16:53:43,430 [INFO] PluginManager:220 - loadIPPluginJar : add ipddr
2023-05-22 16:53:43,438 [INFO] IPUIPlugin:80 - create IPUIPlugin
2023-05-22 16:53:43,438 [INFO] PluginManager:220 - loadIPPluginJar : add linkedlist
2023-05-22 16:53:43,442 [INFO] IPUIPlugin:80 - create IPUIPlugin
2023-05-22 16:53:43,442 [INFO] PluginManager:220 - loadIPPluginJar : add lorawan
2023-05-22 16:53:43,445 [INFO] IPUIPlugin:80 - create IPUIPlugin
2023-05-22 16:53:43,445 [INFO] PluginManager:220 - loadIPPluginJar : add ltdc
2023-05-22 16:53:43,454 [INFO] IPUIPlugin:80 - create IPUIPlugin
2023-05-22 16:53:43,454 [INFO] PluginManager:220 - loadIPPluginJar : add mdma
2023-05-22 16:53:43,458 [INFO] IPUIPlugin:80 - create IPUIPlugin
2023-05-22 16:53:43,459 [INFO] PluginManager:220 - loadIPPluginJar : add nvic
2023-05-22 16:53:43,462 [INFO] IPUIPlugin:80 - create IPUIPlugin
2023-05-22 16:53:43,462 [INFO] PluginManager:220 - loadIPPluginJar : add opamp
2023-05-22 16:53:43,466 [INFO] IPUIPlugin:80 - create IPUIPlugin
2023-05-22 16:53:43,466 [INFO] PluginManager:220 - loadIPPluginJar : add openamp
2023-05-22 16:53:43,469 [INFO] IPUIPlugin:80 - create IPUIPlugin
2023-05-22 16:53:43,469 [INFO] PluginManager:220 - loadIPPluginJar : add pdm2pcm
2023-05-22 16:53:43,477 [INFO] IPUIPlugin:80 - create IPUIPlugin
2023-05-22 16:53:43,480 [INFO] PluginManager:220 - loadIPPluginJar : add plateformsettings
2023-05-22 16:53:43,483 [INFO] IPUIPlugin:80 - create IPUIPlugin
2023-05-22 16:53:43,483 [INFO] PluginManager:220 - loadIPPluginJar : add quadspi
2023-05-22 16:53:43,487 [INFO] IPUIPlugin:80 - create IPUIPlugin
2023-05-22 16:53:43,487 [INFO] PluginManager:220 - loadIPPluginJar : add resmgrutility
2023-05-22 16:53:43,492 [INFO] IPUIPlugin:80 - create IPUIPlugin
2023-05-22 16:53:43,492 [INFO] PluginManager:220 - loadIPPluginJar : add sai
2023-05-22 16:53:43,495 [INFO] IPUIPlugin:80 - create IPUIPlugin
2023-05-22 16:53:43,495 [INFO] PluginManager:220 - loadIPPluginJar : add spi
2023-05-22 16:53:43,501 [INFO] IPUIPlugin:80 - create IPUIPlugin
2023-05-22 16:53:43,501 [INFO] PluginManager:220 - loadIPPluginJar : add stm32_wpan
2023-05-22 16:53:43,503 [INFO] IPUIPlugin:80 - create IPUIPlugin
2023-05-22 16:53:43,503 [INFO] PluginManager:220 - loadIPPluginJar : add tim
2023-05-22 16:53:43,507 [INFO] IPUIPlugin:80 - create IPUIPlugin
2023-05-22 16:53:43,508 [INFO] PluginManager:220 - loadIPPluginJar : add touchsensing
2023-05-22 16:53:43,511 [INFO] IPUIPlugin:80 - create IPUIPlugin
2023-05-22 16:53:43,511 [INFO] PluginManager:220 - loadIPPluginJar : add tracer_emb
2023-05-22 16:53:43,514 [INFO] IPUIPlugin:80 - create IPUIPlugin
2023-05-22 16:53:43,514 [INFO] PluginManager:220 - loadIPPluginJar : add ts
2023-05-22 16:53:43,517 [INFO] IPUIPlugin:80 - create IPUIPlugin
2023-05-22 16:53:43,518 [INFO] PluginManager:220 - loadIPPluginJar : add tsc
2023-05-22 16:53:43,521 [INFO] IPUIPlugin:80 - create IPUIPlugin
2023-05-22 16:53:43,521 [INFO] PluginManager:220 - loadIPPluginJar : add ucpd
2023-05-22 16:53:43,526 [INFO] IPUIPlugin:80 - create IPUIPlugin
2023-05-22 16:53:43,527 [INFO] PluginManager:220 - loadIPPluginJar : add usart
2023-05-22 16:53:43,532 [INFO] IPUIPlugin:80 - create IPUIPlugin
2023-05-22 16:53:43,532 [INFO] PluginManager:220 - loadIPPluginJar : add usbx
2023-05-22 16:53:43,688 [INFO] CADModel:165 - CPN selected for project level
2023-05-22 16:53:43,688 [INFO] CADModel:114 - Register for checkConnection events
2023-05-22 16:53:43,688 [FATAL] Updater:308 - Updater called before beeing initialized
2023-05-22 16:53:43,689 [ERROR] CADModel:125 - Updater not yet initialized, retry later 
2023-05-22 16:53:43,954 [INFO] CADModel:165 - CPN selected for project level
2023-05-22 16:53:43,954 [INFO] CADModel:114 - Register for checkConnection events
2023-05-22 16:53:43,954 [FATAL] Updater:308 - Updater called before beeing initialized
2023-05-22 16:53:43,954 [ERROR] CADModel:125 - Updater not yet initialized, retry later 
2023-05-22 16:53:43,959 [FATAL] Updater:308 - Updater called before beeing initialized
2023-05-22 16:53:44,120 [FATAL] Updater:308 - Updater called before beeing initialized
2023-05-22 16:53:44,133 [INFO] DbMcusAds:53 - JSON generation date=Tue Mar 07 09:50:54 CET 2023 (1678179054945)
2023-05-22 16:53:44,133 [FATAL] Updater:308 - Updater called before beeing initialized
2023-05-22 16:53:44,183 [WARN] DetailPanel:346 - Failed to get advertising image, set to default
2023-05-22 16:53:44,310 [FATAL] Updater:308 - Updater called before beeing initialized
2023-05-22 16:53:44,313 [FATAL] Updater:308 - Updater called before beeing initialized
2023-05-22 16:53:44,313 [FATAL] Updater:308 - Updater called before beeing initialized
2023-05-22 16:53:44,313 [WARN] DetailPanel:346 - Failed to get advertising image, set to default
2023-05-22 16:53:44,314 [FATAL] Updater:308 - Updater called before beeing initialized
2023-05-22 16:53:44,384 [ERROR] Updater:1120 - MainUpdater not yet initialized. External WinMGr cannot be set.
2023-05-22 16:53:44,387 [INFO] Updater:1056 - Updater Version found : 6.8.0
2023-05-22 16:53:44,406 [INFO] ApplicationProperties:184 - Using Application install path: C:\ST\STM32CubeIDE_1.12.0\STM32CubeIDE\plugins\com.st.stm32cube.common.mx_6.8.0.202302231600
2023-05-22 16:53:44,581 [INFO] MainUpdater:2854 - connection check result : 10
2023-05-22 16:53:44,583 [INFO] MainUpdater:283 - Updater Check For Update Now.
2023-05-22 16:53:44,583 [INFO] MicroXplorer:498 - Change Database Version : DB.6.0.80
2023-05-22 16:53:44,816 [INFO] CheckServerUpdateThread:120 - End of CheckServer Thread
2023-05-22 16:53:45,013 [INFO] MainUpdater:2854 - connection check result : 10
2023-05-22 16:53:45,378 [INFO] ApiDb:581 - Connected to CubeFinder SQLite database (C:\Users\Utente\.stmcufinder\plugins\mcufinder\mcu\cube-finder-db.db)
2023-05-22 16:53:45,458 [INFO] ApiDb:668 - CubeFinder database Data Model version=2.1
2023-05-22 16:53:45,459 [INFO] ApiDb:669 - CubeFinder database Configuration version=3.0.35
2023-05-22 16:53:45,460 [INFO] ApiDb:670 - CubeFinder database generation date=2023-05-12 (1683877179)
2023-05-22 16:53:45,460 [INFO] ApiDb:671 - CubeFinder database FW Pack versions=[FP-ATR-ASTRA1_V2.0.0, FP-SNS-FLIGHT1_V5.0.0, FP-SNS-MOTENV1_V4.3.0, STM32Cube_FW_C0_V1.0.1, STM32Cube_FW_F0_V1.11.4, STM32Cube_FW_F3_V1.11.4, STM32Cube_FW_F4_V1.27.1, STM32Cube_FW_F7_V1.17.0, STM32Cube_FW_G0_V1.6.1, STM32Cube_FW_G4_V1.5.1, STM32Cube_FW_H5_V0.5.1, STM32Cube_FW_H5_V1.0.0, STM32Cube_FW_H7_V1.11.0, STM32Cube_FW_L0_V1.12.2, STM32Cube_FW_L5_V1.5.0, STM32Cube_FW_U5_V1.2.0, STM32Cube_FW_WBA_V1.0.0, STM32Cube_FW_WBA_V1.0.0RC1, STM32Cube_FW_WBA_V1.0.0RC3, STM32Cube_FW_WB_V1.15.0RC1, STM32Cube_FW_WB_V1.16.0, STM32Cube_FW_WB_V1.16.0RC2, STM32Cube_FW_WL_V1.3.0, X-CUBE-ALGOBUILD_V1.3.0, X-CUBE-ALS_V1.0.1, X-CUBE-AZRTOS-F4_V1.1.0, X-CUBE-AZRTOS-F7_V1.1.0, X-CUBE-AZRTOS-G0_V1.1.0, X-CUBE-AZRTOS-G4_V2.0.0, X-CUBE-AZRTOS-H7_V3.1.0, X-CUBE-AZRTOS-L4_V1.0.0, X-CUBE-AZRTOS-L5_V1.1.0, X-CUBE-AZRTOS-WB_V1.1.0, X-CUBE-AZRTOS-WL_V1.0.0, X-CUBE-BLE1_V6.2.4, X-CUBE-BLE2_V3.3.0, X-CUBE-BLEMGR_V2.0.0, X-CUBE-EEPRMA1_V4.1.0, X-CUBE-FREERTOS_V1.0.1, X-CUBE-GNSS1_V6.0.0, X-CUBE-MEMS1_V9.1.0, X-CUBE-MEMS1_V9.4.0, X-CUBE-MEMS1_V9.6.0, X-CUBE-NFC4_V3.0.0, X-CUBE-NFC7_V1.0.0, X-CUBE-SFXS2LP1_V4.0.0, X-CUBE-SUBG2_V5.0.0]
2023-05-22 16:53:45,556 [INFO] DbBoardsSqlite:226 - include board P-NUCLEO-WB55-NUCLEO as a kit item of type 'Nucleo-64'
2023-05-22 16:53:45,556 [INFO] DbBoardsSqlite:226 - include board P-NUCLEO-WB55-USBDONGLE as a kit item of type 'Nucleo USB Dongle'
2023-05-22 16:53:45,557 [INFO] DbBoardsSqlite:226 - include board STEVAL-IDP005V1 as a kit item of type 'Evaluation Board'
2023-05-22 16:53:45,557 [INFO] DbBoardsSqlite:226 - include board STEVAL-IDP005V2 as a kit item of type 'Evaluation Board'
2023-05-22 16:53:45,620 [INFO] ApiDb:240 - Found 297 in-development CPN: [B-G473E-ZEST1S, B-WB1M-WPAN1, B-WL5M-SUBG1, NUCLEO-C031C6, NUCLEO-H503RB, NUCLEO-H563ZI, NUCLEO-U545RE-Q, NUCLEO-U5A5ZJ-Q, NUCLEO-WBA52CG, STEVAL-PROTEUS1, STEVAL-STWINBX1, STM320518-EVAL, STM32C0116-DK, STM32C011D6Y3TR, STM32C011D6Y6TR, STM32C011F4P3, STM32C011F4P6, STM32C011F4U3, STM32C011F4U6TR, STM32C011F6P3, STM32C011F6P6, STM32C011F6U3, STM32C011F6U6TR, STM32C011J4M3, STM32C011J4M6, STM32C011J6M3, STM32C011J6M6, STM32C0316-DK, STM32C031C4T3, STM32C031C4T6, STM32C031C4U3, STM32C031C4U6, STM32C031C6T3, STM32C031C6T6, STM32C031C6U3, STM32C031C6U6, STM32C031F4P3, STM32C031F4P6, STM32C031F6P3, STM32C031F6P6, STM32C031G4U3, STM32C031G4U6, STM32C031G6U3, STM32C031G6U6, STM32C031K4T3, STM32C031K4T6, STM32C031K4U3, STM32C031K4U6, STM32C031K6T3, STM32C031K6T6, STM32C031K6U3, STM32C031K6U6, STM32G071K8TXN, STM32G071K8UXN, STM32G081GBU6N, STM32G081KBT6N, STM32G081KBUXN, STM32G0B1CCT6N, STM32G0B1KCT6, STM32G0B1NEY6TR, STM32G0B1RCT6N, STM32G0C1CCT6, STM32G0C1CCT6N, STM32G0C1CCU6N, STM32G0C1CET6N, STM32G0C1CEU6N, STM32G0C1KCT6, STM32G0C1NEY6TR, STM32G0C1RCI6N, STM32G0C1RCT6N, STM32G0C1REI6N, STM32G0C1RET6N, STM32G0C1VCI6, STM32G0C1VEI6, STM32G471CCT6, STM32G471CCU6, STM32G471CET3, STM32G471CET6, STM32G471CEU3, STM32G471CEU6, STM32G471MCT6, STM32G471MET3, STM32G471MET6, STM32G471MEY6TR, STM32G471QCT6, STM32G471QET3, STM32G471RCT6, STM32G471RET3, STM32G471RET6, STM32G471VCH6, STM32G471VCI6, STM32G471VCT6, STM32G471VEH3, STM32G471VEH6, STM32G471VEI3, STM32G471VEI6, STM32G471VET3, STM32G471VET6, STM32G474CCT6, STM32H503CBT6, STM32H503CBU6, STM32H503EBY6TR, STM32H503KBU6, STM32H503RBT6, STM32H562AGI6, STM32H562AII6, STM32H562IGK6, STM32H562IGT6, STM32H562IIK6, STM32H562IIT6, STM32H562RGT6, STM32H562RGV6, STM32H562RIT6, STM32H562RIV6, STM32H562VGT6, STM32H562VIT6, STM32H562ZGT6, STM32H562ZIT6, STM32H563AGI6, STM32H563AII3Q, STM32H563AII6, STM32H563IGK6, STM32H563IGT6, STM32H563IIK3Q, STM32H563IIK6, STM32H563IIT3Q, STM32H563IIT6, STM32H563MIY3QTR, STM32H563RGT6, STM32H563RGV6, STM32H563RIT6, STM32H563RIV6, STM32H563VGT6, STM32H563VIT3Q, STM32H563VIT6, STM32H563ZGT6, STM32H563ZIT3Q, STM32H563ZIT6, STM32H573AII3Q, STM32H573AII6, STM32H573I-DK, STM32H573IIK3Q, STM32H573IIK6, STM32H573IIT3Q, STM32H573IIT6, STM32H573MIY3QTR, STM32H573RIT6, STM32H573RIV6, STM32H573VIT3Q, STM32H573VIT6, STM32H573ZIT3Q, STM32H573ZIT6, STM32L4R5QGI6STR, STM32MP131AAE3, STM32MP131AAF3, STM32MP131AAG3, STM32MP131CAE3, STM32MP131CAF3, STM32MP131CAG3, STM32MP131DAE7, STM32MP131DAF7, STM32MP131DAG7, STM32MP131FAE7, STM32MP131FAF7, STM32MP131FAG7, STM32MP133AAE3, STM32MP133AAF3, STM32MP133AAG3, STM32MP133CAE3, STM32MP133CAF3, STM32MP133CAG3, STM32MP133DAE7, STM32MP133DAF7, STM32MP133DAG7, STM32MP133FAE7, STM32MP133FAF7, STM32MP133FAG7, STM32MP135AAE3, STM32MP135AAF3, STM32MP135AAG3, STM32MP135CAE3, STM32MP135CAF3, STM32MP135CAG3, STM32MP135DAE7, STM32MP135DAF7, STM32MP135DAG7, STM32MP135F-DK, STM32MP135FAE7, STM32MP135FAF7, STM32MP135FAF7T, STM32MP135FAF7U, STM32MP135FAG7, STM32U535CBT6, STM32U535CBT6Q, STM32U535CBU6, STM32U535CBU6Q, STM32U535CCT6, STM32U535CCT6Q, STM32U535CCU6, STM32U535CCU6Q, STM32U535CET6, STM32U535CET6Q, STM32U535CEU6, STM32U535CEU6Q, STM32U535JEY6QTR, STM32U535NCY6QTR, STM32U535NEY6QTR, STM32U535RBI6, STM32U535RBI6Q, STM32U535RBT6, STM32U535RBT6Q, STM32U535RCI6, STM32U535RCI6Q, STM32U535RCT6, STM32U535RCT6Q, STM32U535REI6, STM32U535REI6Q, STM32U535RET6, STM32U535RET6Q, STM32U535VCI6, STM32U535VCI6Q, STM32U535VCT6, STM32U535VCT6Q, STM32U535VEI6, STM32U535VEI6Q, STM32U535VET6, STM32U535VET6Q, STM32U545CET6, STM32U545CET6Q, STM32U545CEU6, STM32U545CEU6Q, STM32U545JEY6QTR, STM32U545NEY6QTR, STM32U545REI6, STM32U545REI6Q, STM32U545RET6, STM32U545RET6Q, STM32U545VEI6, STM32U545VEI6Q, STM32U545VET6, STM32U545VET6Q, STM32U595AIH6, STM32U595AIH6Q, STM32U595AJH6, STM32U595AJH6Q, STM32U595QII6, STM32U595QII6Q, STM32U595QJI6, STM32U595QJI6Q, STM32U595RIT6, STM32U595RIT6Q, STM32U595RJT6, STM32U595RJT6Q, STM32U595VIT6, STM32U595VIT6Q, STM32U595VJT6, STM32U595VJT6Q, STM32U595ZIT6, STM32U595ZIT6Q, STM32U595ZIY6QTR, STM32U595ZJT6, STM32U595ZJT6Q, STM32U595ZJY6QTR, STM32U599BJY6QTR, STM32U599NIH6Q, STM32U599NJH6Q, STM32U599VIT6Q, STM32U599VJT6, STM32U599VJT6Q, STM32U599ZIT6Q, STM32U599ZIY6QTR, STM32U599ZJT6Q, STM32U599ZJY6QTR, STM32U5A5AJH6, STM32U5A5AJH6Q, STM32U5A5QJI6, STM32U5A5QJI6Q, STM32U5A5RJT6, STM32U5A5RJT6Q, STM32U5A5VJT6, STM32U5A5VJT6Q, STM32U5A5ZJT6, STM32U5A5ZJT6Q, STM32U5A5ZJY6QTR, STM32U5A9BJY6QTR, STM32U5A9J-DK, STM32U5A9NJH6Q, STM32U5A9VJT6Q, STM32U5A9ZJT6Q, STM32U5A9ZJY6QTR, STM32WB1MMCH6, STM32WBA52CEU6, STM32WBA52CEU6T, STM32WBA52CGU6, STM32WBA52CGU6T, STM32WL5MOCH6, STM32WL5MOCH6TR]
2023-05-22 16:53:45,808 [INFO] BoardInfo:880 - No configuration file found for board P-NUCLEO-WB55
2023-05-22 16:53:45,808 [INFO] DbBoards:157 - Kit is not supported: P-NUCLEO-WB55
2023-05-22 16:53:45,814 [INFO] BoardInfo:880 - No configuration file found for board STEVAL-BFA001V1B
2023-05-22 16:53:45,814 [INFO] DbBoards:157 - Kit is not supported: STEVAL-BFA001V1B
2023-05-22 16:53:45,816 [INFO] BoardInfo:880 - No configuration file found for board STEVAL-BFA001V2B
2023-05-22 16:53:45,816 [INFO] DbBoards:157 - Kit is not supported: STEVAL-BFA001V2B
2023-05-22 16:53:45,867 [WARN] PackLoader:240 - Cannot read IP mode file for STMicroelectronics.X-CUBE-GNSS1.6.0.0
2023-05-22 16:53:45,930 [WARN] PackLoader:240 - Cannot read IP mode file for STMicroelectronics.X-CUBE-AZRTOS-F4.1.1.0
2023-05-22 16:53:45,953 [WARN] PackLoader:240 - Cannot read IP mode file for STMicroelectronics.X-CUBE-SMBUS.2.1.0
2023-05-22 16:53:46,003 [WARN] PackLoader:240 - Cannot read IP mode file for STMicroelectronics.X-CUBE-AZRTOS-F7.1.1.0
2023-05-22 16:53:46,143 [WARN] PackLoader:240 - Cannot read IP mode file for STMicroelectronics.X-CUBE-MEMS1.9.6.0
2023-05-22 16:53:46,233 [INFO] DbBoards:161 - Found 187 boards, 184 are supported
2023-05-22 16:53:46,240 [INFO] ApiDb:668 - CubeFinder database Data Model version=2.1
2023-05-22 16:53:46,240 [INFO] ApiDb:669 - CubeFinder database Configuration version=3.0.35
2023-05-22 16:53:46,240 [INFO] ApiDb:670 - CubeFinder database generation date=2023-05-12 (1683877179)
2023-05-22 16:53:46,240 [INFO] ApiDb:671 - CubeFinder database FW Pack versions=[FP-ATR-ASTRA1_V2.0.0, FP-SNS-FLIGHT1_V5.0.0, FP-SNS-MOTENV1_V4.3.0, STM32Cube_FW_C0_V1.0.1, STM32Cube_FW_F0_V1.11.4, STM32Cube_FW_F3_V1.11.4, STM32Cube_FW_F4_V1.27.1, STM32Cube_FW_F7_V1.17.0, STM32Cube_FW_G0_V1.6.1, STM32Cube_FW_G4_V1.5.1, STM32Cube_FW_H5_V0.5.1, STM32Cube_FW_H5_V1.0.0, STM32Cube_FW_H7_V1.11.0, STM32Cube_FW_L0_V1.12.2, STM32Cube_FW_L5_V1.5.0, STM32Cube_FW_U5_V1.2.0, STM32Cube_FW_WBA_V1.0.0, STM32Cube_FW_WBA_V1.0.0RC1, STM32Cube_FW_WBA_V1.0.0RC3, STM32Cube_FW_WB_V1.15.0RC1, STM32Cube_FW_WB_V1.16.0, STM32Cube_FW_WB_V1.16.0RC2, STM32Cube_FW_WL_V1.3.0, X-CUBE-ALGOBUILD_V1.3.0, X-CUBE-ALS_V1.0.1, X-CUBE-AZRTOS-F4_V1.1.0, X-CUBE-AZRTOS-F7_V1.1.0, X-CUBE-AZRTOS-G0_V1.1.0, X-CUBE-AZRTOS-G4_V2.0.0, X-CUBE-AZRTOS-H7_V3.1.0, X-CUBE-AZRTOS-L4_V1.0.0, X-CUBE-AZRTOS-L5_V1.1.0, X-CUBE-AZRTOS-WB_V1.1.0, X-CUBE-AZRTOS-WL_V1.0.0, X-CUBE-BLE1_V6.2.4, X-CUBE-BLE2_V3.3.0, X-CUBE-BLEMGR_V2.0.0, X-CUBE-EEPRMA1_V4.1.0, X-CUBE-FREERTOS_V1.0.1, X-CUBE-GNSS1_V6.0.0, X-CUBE-MEMS1_V9.1.0, X-CUBE-MEMS1_V9.4.0, X-CUBE-MEMS1_V9.6.0, X-CUBE-NFC4_V3.0.0, X-CUBE-NFC7_V1.0.0, X-CUBE-SFXS2LP1_V4.0.0, X-CUBE-SUBG2_V5.0.0]
2023-05-22 16:53:46,435 [ERROR] RealEvaluatedCondition:428 - Found unsupported composite condition: GROUP='STM32_MetaDataManager' CLASS='Data Exchange'
2023-05-22 16:53:46,435 [ERROR] RealEvaluatedCondition:428 - Found unsupported composite condition: CLASS='Data Exchange' GROUP='STM32_MetaDataManager'
2023-05-22 16:53:46,438 [WARN] PackLoader:240 - Cannot read IP mode file for STMicroelectronics.FP-SNS-MOTENV1.4.3.0
2023-05-22 16:53:46,446 [WARN] PackLoader:240 - Cannot read IP mode file for STMicroelectronics.FP-SNS-FLIGHT1.5.0.0
2023-05-22 16:53:46,456 [WARN] PackLoader:240 - Cannot read IP mode file for STMicroelectronics.X-CUBE-BLE1.6.2.4
2023-05-22 16:53:46,578 [WARN] PackLoader:240 - Cannot read IP mode file for emotas.I-CUBE-CANOPEN.1.1.3
2023-05-22 16:53:46,589 [WARN] PackLoader:240 - Cannot read IP mode file for STMicroelectronics.X-CUBE-BLEMGR.2.0.0
2023-05-22 16:53:46,627 [WARN] ConditionMgr:438 - getConditionDescription Invalid condition id : UX DEVICE CLASS RTOS Condition cause : null
2023-05-22 16:53:46,627 [WARN] ConditionMgr:438 - getConditionDescription Invalid condition id : UX DEVICE CLASS RTOS Condition cause : null
2023-05-22 16:53:46,632 [WARN] PackLoader:240 - Cannot read IP mode file for STMicroelectronics.X-CUBE-AZRTOS-H7.3.1.0
2023-05-22 16:53:46,633 [WARN] ConditionMgr:1039 - genDependencies : Invalid condition id : UX DEVICE CLASS RTOS Condition cause : null
2023-05-22 16:53:46,633 [WARN] ConditionMgr:1039 - genDependencies : Invalid condition id : UX DEVICE CLASS RTOS Condition cause : null
2023-05-22 16:53:46,634 [WARN] ConditionMgr:1039 - genDependencies : Invalid condition id : UX DEVICE CLASS RTOS Condition cause : null
2023-05-22 16:53:46,635 [WARN] ConditionMgr:1039 - genDependencies : Invalid condition id : UX DEVICE CLASS RTOS Condition cause : null
2023-05-22 16:53:46,635 [WARN] ConditionMgr:1039 - genDependencies : Invalid condition id : UX DEVICE CLASS RTOS Condition cause : null
2023-05-22 16:53:46,649 [WARN] PackLoader:240 - Cannot read IP mode file for STMicroelectronics.X-CUBE-DISPLAY.3.0.0
2023-05-22 16:53:46,663 [WARN] PackLoader:240 - Cannot read IP mode file for wolfSSL.I-CUBE-wolfSSL.5.5.4
2023-05-22 16:53:46,670 [WARN] PackLoader:240 - Cannot read IP mode file for STMicroelectronics.X-CUBE-NFC7.1.0.0
2023-05-22 16:53:46,745 [WARN] PackLoader:240 - Cannot read IP mode file for STMicroelectronics.X-CUBE-EEPRMA1.4.1.0
2023-05-22 16:53:46,760 [WARN] PackLoader:240 - Cannot read IP mode file for WES.I-CUBE-Cesium.1.3.0
2023-05-22 16:53:46,771 [WARN] PackLoader:240 - Cannot read IP mode file for STMicroelectronics.X-CUBE-SFXS2LP1.4.0.0
2023-05-22 16:53:46,782 [WARN] PackLoader:240 - Cannot read IP mode file for STMicroelectronics.X-CUBE-BLE2.3.3.0
2023-05-22 16:53:46,832 [WARN] PackLoader:240 - Cannot read IP mode file for STMicroelectronics.X-CUBE-AZRTOS-H7.3.0.0
2023-05-22 16:53:46,846 [WARN] PackLoader:240 - Cannot read IP mode file for STMicroelectronics.X-CUBE-ISPU.1.1.0
2023-05-22 16:53:46,860 [WARN] PackLoader:240 - Cannot read IP mode file for RoweBots.I-CUBE-UNISONRTOS.5.5.0-4
2023-05-22 16:53:46,867 [WARN] PackLoader:240 - Cannot read IP mode file for STMicroelectronics.X-CUBE-AI.8.0.0
2023-05-22 16:53:46,874 [WARN] PackLoader:240 - Cannot read IP mode file for STMicroelectronics.X-CUBE-FREERTOS.1.0.0
2023-05-22 16:53:46,881 [WARN] PackLoader:240 - Cannot read IP mode file for STMicroelectronics.X-CUBE-FREERTOS.1.0.1
2023-05-22 16:53:46,890 [WARN] PackLoader:240 - Cannot read IP mode file for STMicroelectronics.X-CUBE-TOUCHGFX.4.21.3
2023-05-22 16:53:46,895 [WARN] PackLoader:240 - Cannot read IP mode file for STMicroelectronics.X-CUBE-TOUCHGFX.4.21.4
2023-05-22 16:53:46,901 [WARN] PackLoader:240 - Cannot read IP mode file for STMicroelectronics.X-CUBE-ALGOBUILD.1.3.0
2023-05-22 16:53:46,969 [WARN] PackLoader:240 - Cannot read IP mode file for STMicroelectronics.X-CUBE-AZRTOS-L5.1.1.0
2023-05-22 16:53:46,991 [WARN] PackLoader:240 - Cannot read IP mode file for STMicroelectronics.X-CUBE-AZRTOS-G0.1.1.0
2023-05-22 16:53:46,998 [WARN] PackLoader:240 - Cannot read IP mode file for STMicroelectronics.X-CUBE-AI.8.0.1
2023-05-22 16:53:47,011 [WARN] PackLoader:240 - Cannot read IP mode file for STMicroelectronics.X-CUBE-SUBG2.5.0.0
2023-05-22 16:53:47,021 [WARN] PackLoader:240 - Cannot read IP mode file for STMicroelectronics.X-CUBE-NFC4.3.0.0
2023-05-22 16:53:47,040 [WARN] PackLoader:240 - Cannot read IP mode file for STMicroelectronics.X-CUBE-AZRTOS-G4.2.0.0
2023-05-22 16:53:47,056 [WARN] PackLoader:240 - Cannot read IP mode file for STMicroelectronics.X-CUBE-TOF1.3.3.0
2023-05-22 16:53:47,068 [WARN] PackLoader:240 - Cannot read IP mode file for STMicroelectronics.FP-ATR-ASTRA1.1.1.1
2023-05-22 16:53:47,082 [WARN] PackLoader:240 - Cannot read IP mode file for STMicroelectronics.X-CUBE-AZRTOS-G4.1.0.0
2023-05-22 16:53:47,090 [WARN] PackLoader:240 - Cannot read IP mode file for STMicroelectronics.FP-ATR-SIGFOX1.3.2.0
2023-05-22 16:53:47,110 [WARN] PackLoader:240 - Cannot read IP mode file for STMicroelectronics.X-CUBE-AZRTOS-L4.1.0.0
2023-05-22 16:53:47,127 [WARN] PackLoader:240 - Cannot read IP mode file for STMicroelectronics.X-CUBE-AZRTOS-WL.1.0.0
2023-05-22 16:53:47,135 [WARN] PackLoader:240 - Cannot read IP mode file for portGmbH.I-Cube-SoM-uGOAL.1.1.0
2023-05-22 16:53:47,142 [WARN] PackLoader:240 - Cannot read IP mode file for STMicroelectronics.X-CUBE-ALS.1.0.1
2023-05-22 16:53:47,189 [WARN] PackLoader:240 - Cannot read IP mode file for STMicroelectronics.X-CUBE-MEMS1.9.5.0
2023-05-22 16:53:47,353 [WARN] PackLoader:240 - Cannot read IP mode file for STMicroelectronics.X-CUBE-AZRTOS-WB.1.1.0
2023-05-22 16:53:47,392 [WARN] PackLoader:240 - Cannot read IP mode file for SEGGER.I-CUBE-embOS.1.3.1
2023-05-22 16:53:47,430 [WARN] PackLoader:240 - Cannot read IP mode file for STMicroelectronics.FP-ATR-ASTRA1.2.0.0
2023-05-22 16:53:47,431 [INFO] ThirdParty:978 - Integrity check success = true
2023-05-22 16:53:47,431 [INFO] IntegrityCheckThread:100 - exiting critical section [integrity check]
2023-05-22 16:53:47,431 [INFO] IntegrityCheckThread:103 - End integrity checks thread
2023-05-22 16:53:48,870 [INFO] ApiDb:240 - Found 297 in-development CPN: [B-G473E-ZEST1S, B-WB1M-WPAN1, B-WL5M-SUBG1, NUCLEO-C031C6, NUCLEO-H503RB, NUCLEO-H563ZI, NUCLEO-U545RE-Q, NUCLEO-U5A5ZJ-Q, NUCLEO-WBA52CG, STEVAL-PROTEUS1, STEVAL-STWINBX1, STM320518-EVAL, STM32C0116-DK, STM32C011D6Y3TR, STM32C011D6Y6TR, STM32C011F4P3, STM32C011F4P6, STM32C011F4U3, STM32C011F4U6TR, STM32C011F6P3, STM32C011F6P6, STM32C011F6U3, STM32C011F6U6TR, STM32C011J4M3, STM32C011J4M6, STM32C011J6M3, STM32C011J6M6, STM32C0316-DK, STM32C031C4T3, STM32C031C4T6, STM32C031C4U3, STM32C031C4U6, STM32C031C6T3, STM32C031C6T6, STM32C031C6U3, STM32C031C6U6, STM32C031F4P3, STM32C031F4P6, STM32C031F6P3, STM32C031F6P6, STM32C031G4U3, STM32C031G4U6, STM32C031G6U3, STM32C031G6U6, STM32C031K4T3, STM32C031K4T6, STM32C031K4U3, STM32C031K4U6, STM32C031K6T3, STM32C031K6T6, STM32C031K6U3, STM32C031K6U6, STM32G071K8TXN, STM32G071K8UXN, STM32G081GBU6N, STM32G081KBT6N, STM32G081KBUXN, STM32G0B1CCT6N, STM32G0B1KCT6, STM32G0B1NEY6TR, STM32G0B1RCT6N, STM32G0C1CCT6, STM32G0C1CCT6N, STM32G0C1CCU6N, STM32G0C1CET6N, STM32G0C1CEU6N, STM32G0C1KCT6, STM32G0C1NEY6TR, STM32G0C1RCI6N, STM32G0C1RCT6N, STM32G0C1REI6N, STM32G0C1RET6N, STM32G0C1VCI6, STM32G0C1VEI6, STM32G471CCT6, STM32G471CCU6, STM32G471CET3, STM32G471CET6, STM32G471CEU3, STM32G471CEU6, STM32G471MCT6, STM32G471MET3, STM32G471MET6, STM32G471MEY6TR, STM32G471QCT6, STM32G471QET3, STM32G471RCT6, STM32G471RET3, STM32G471RET6, STM32G471VCH6, STM32G471VCI6, STM32G471VCT6, STM32G471VEH3, STM32G471VEH6, STM32G471VEI3, STM32G471VEI6, STM32G471VET3, STM32G471VET6, STM32G474CCT6, STM32H503CBT6, STM32H503CBU6, STM32H503EBY6TR, STM32H503KBU6, STM32H503RBT6, STM32H562AGI6, STM32H562AII6, STM32H562IGK6, STM32H562IGT6, STM32H562IIK6, STM32H562IIT6, STM32H562RGT6, STM32H562RGV6, STM32H562RIT6, STM32H562RIV6, STM32H562VGT6, STM32H562VIT6, STM32H562ZGT6, STM32H562ZIT6, STM32H563AGI6, STM32H563AII3Q, STM32H563AII6, STM32H563IGK6, STM32H563IGT6, STM32H563IIK3Q, STM32H563IIK6, STM32H563IIT3Q, STM32H563IIT6, STM32H563MIY3QTR, STM32H563RGT6, STM32H563RGV6, STM32H563RIT6, STM32H563RIV6, STM32H563VGT6, STM32H563VIT3Q, STM32H563VIT6, STM32H563ZGT6, STM32H563ZIT3Q, STM32H563ZIT6, STM32H573AII3Q, STM32H573AII6, STM32H573I-DK, STM32H573IIK3Q, STM32H573IIK6, STM32H573IIT3Q, STM32H573IIT6, STM32H573MIY3QTR, STM32H573RIT6, STM32H573RIV6, STM32H573VIT3Q, STM32H573VIT6, STM32H573ZIT3Q, STM32H573ZIT6, STM32L4R5QGI6STR, STM32MP131AAE3, STM32MP131AAF3, STM32MP131AAG3, STM32MP131CAE3, STM32MP131CAF3, STM32MP131CAG3, STM32MP131DAE7, STM32MP131DAF7, STM32MP131DAG7, STM32MP131FAE7, STM32MP131FAF7, STM32MP131FAG7, STM32MP133AAE3, STM32MP133AAF3, STM32MP133AAG3, STM32MP133CAE3, STM32MP133CAF3, STM32MP133CAG3, STM32MP133DAE7, STM32MP133DAF7, STM32MP133DAG7, STM32MP133FAE7, STM32MP133FAF7, STM32MP133FAG7, STM32MP135AAE3, STM32MP135AAF3, STM32MP135AAG3, STM32MP135CAE3, STM32MP135CAF3, STM32MP135CAG3, STM32MP135DAE7, STM32MP135DAF7, STM32MP135DAG7, STM32MP135F-DK, STM32MP135FAE7, STM32MP135FAF7, STM32MP135FAF7T, STM32MP135FAF7U, STM32MP135FAG7, STM32U535CBT6, STM32U535CBT6Q, STM32U535CBU6, STM32U535CBU6Q, STM32U535CCT6, STM32U535CCT6Q, STM32U535CCU6, STM32U535CCU6Q, STM32U535CET6, STM32U535CET6Q, STM32U535CEU6, STM32U535CEU6Q, STM32U535JEY6QTR, STM32U535NCY6QTR, STM32U535NEY6QTR, STM32U535RBI6, STM32U535RBI6Q, STM32U535RBT6, STM32U535RBT6Q, STM32U535RCI6, STM32U535RCI6Q, STM32U535RCT6, STM32U535RCT6Q, STM32U535REI6, STM32U535REI6Q, STM32U535RET6, STM32U535RET6Q, STM32U535VCI6, STM32U535VCI6Q, STM32U535VCT6, STM32U535VCT6Q, STM32U535VEI6, STM32U535VEI6Q, STM32U535VET6, STM32U535VET6Q, STM32U545CET6, STM32U545CET6Q, STM32U545CEU6, STM32U545CEU6Q, STM32U545JEY6QTR, STM32U545NEY6QTR, STM32U545REI6, STM32U545REI6Q, STM32U545RET6, STM32U545RET6Q, STM32U545VEI6, STM32U545VEI6Q, STM32U545VET6, STM32U545VET6Q, STM32U595AIH6, STM32U595AIH6Q, STM32U595AJH6, STM32U595AJH6Q, STM32U595QII6, STM32U595QII6Q, STM32U595QJI6, STM32U595QJI6Q, STM32U595RIT6, STM32U595RIT6Q, STM32U595RJT6, STM32U595RJT6Q, STM32U595VIT6, STM32U595VIT6Q, STM32U595VJT6, STM32U595VJT6Q, STM32U595ZIT6, STM32U595ZIT6Q, STM32U595ZIY6QTR, STM32U595ZJT6, STM32U595ZJT6Q, STM32U595ZJY6QTR, STM32U599BJY6QTR, STM32U599NIH6Q, STM32U599NJH6Q, STM32U599VIT6Q, STM32U599VJT6, STM32U599VJT6Q, STM32U599ZIT6Q, STM32U599ZIY6QTR, STM32U599ZJT6Q, STM32U599ZJY6QTR, STM32U5A5AJH6, STM32U5A5AJH6Q, STM32U5A5QJI6, STM32U5A5QJI6Q, STM32U5A5RJT6, STM32U5A5RJT6Q, STM32U5A5VJT6, STM32U5A5VJT6Q, STM32U5A5ZJT6, STM32U5A5ZJT6Q, STM32U5A5ZJY6QTR, STM32U5A9BJY6QTR, STM32U5A9J-DK, STM32U5A9NJH6Q, STM32U5A9VJT6Q, STM32U5A9ZJT6Q, STM32U5A9ZJY6QTR, STM32WB1MMCH6, STM32WBA52CEU6, STM32WBA52CEU6T, STM32WBA52CGU6, STM32WBA52CGU6T, STM32WL5MOCH6, STM32WL5MOCH6TR]
2023-05-22 16:53:48,875 [INFO] DbMcus:216 - Found 3775 MCUs, 3775 are supported
2023-05-22 16:53:48,878 [INFO] ApiDb:423 - Load user favorites file C:\Users\Utente/.stm32cubeide/favorites.mcus.txt: 1 item(s)
2023-05-22 16:53:48,878 [INFO] ApiDb:427 - User favorites MCUs=[STM32F303VCT6]
2023-05-22 16:53:48,878 [INFO] DbMcus:222 - Set 1 / 1 favorites MCUs
2023-05-22 16:53:49,123 [INFO] ApiDb:423 - Load user favorites file C:\Users\Utente/.stm32cubeide/favorites.boards.txt: 0 item(s)
2023-05-22 16:53:49,124 [INFO] ApiDb:427 - User favorites Boards=[]
2023-05-22 16:53:49,124 [INFO] DbBoards:190 - Set 0 / 0 favorites Boards
2023-05-22 16:53:49,124 [INFO] McuFinderGlobals:66 - Set McuFinderConnectedMode to true
2023-05-22 16:53:49,135 [INFO] MultiScanPanel:200 - Auto-refresh data requested => check proxy status ongoing
2023-05-22 16:53:49,140 [INFO] FinderPluginLoader:95 - Searching for filters in installed packs
2023-05-22 16:53:51,123 [INFO] LoadUrlFilesThread:185 - End of LoadServerUrlFiles without Thread
2023-05-22 16:53:51,154 [INFO] DetailPanel:341 - Set advertising image to C:/Users/Utente/STM32Cube/Repository/\en.prom-stm32h5-mcu-finder.jpg
2023-05-22 16:54:00,917 [INFO] MainUpdater:2854 - connection check result : 10
2023-05-22 16:54:00,917 [INFO] MainUpdater:2854 - connection check result : 10
2023-05-22 16:54:00,951 [INFO] MicroXplorer:468 - Change Database Path : 
2023-05-22 16:54:00,951 [INFO] MicroXplorer:498 - Change Database Version : DB.6.0.80
2023-05-22 16:54:00,953 [WARN] ThirdParty:871 - waiting for thirdparty lock release [close project]
2023-05-22 16:54:00,954 [INFO] ThirdParty:873 - entering critical section [close project]
2023-05-22 16:54:00,955 [INFO] ThirdParty:883 - exiting critical section [close project]
2023-05-22 16:54:00,961 [INFO] PinOutPanel:1499 - setPackage(No Configuration,No Configuration)
2023-05-22 16:54:00,970 [INFO] UtilMem:75 - Begin LoadConfig() Used Memory: 132228008 Bytes (268435456)
2023-05-22 16:54:00,972 [INFO] MicroXplorer:468 - Change Database Path : 
2023-05-22 16:54:00,972 [INFO] MicroXplorer:498 - Change Database Version : DB.6.0.80
2023-05-22 16:54:00,972 [INFO] OpenFileManager:308 - Change cursor
2023-05-22 16:54:01,032 [INFO] Mcu:1937 - Initializing MCU STM32F303VCTx STM32F303VCTx 
2023-05-22 16:54:01,033 [INFO] Mcu:1950 - No CPN specified => set CPN to STM32F303VCT6
2023-05-22 16:54:03,482 [ERROR] LogOutputStream:75 - [STDERR_REDIRECT] SLF4J: Failed to load class "org.slf4j.impl.StaticLoggerBinder".
2023-05-22 16:54:03,485 [ERROR] LogOutputStream:75 - [STDERR_REDIRECT] SLF4J: Defaulting to no-operation (NOP) logger implementation
2023-05-22 16:54:03,491 [ERROR] LogOutputStream:75 - [STDERR_REDIRECT] SLF4J: See http://www.slf4j.org/codes.html#StaticLoggerBinder for further details.
2023-05-22 16:54:05,677 [INFO] Context:659 - Trying to add GPIOservice into a context  which must be forbidden
2023-05-22 16:54:07,748 [INFO] ImportTextPane:194 - (OptionalMessage_ERROR) Unable to find key (Mcu.ThirdPartyNb) in loaded IOC file
2023-05-22 16:54:07,748 [INFO] ImportTextPane:194 - (OptionalMessage_ERROR) Unable to find key (Mcu.PinsNb) in loaded IOC file
2023-05-22 16:54:07,749 [INFO] ImportTextPane:194 - (OptionalMessage_ERROR) Unable to find key (Mcu.IPNb) in loaded IOC file
2023-05-22 16:54:08,448 [INFO] RtosManager:555 - Registered RTOS mode: class=CMSIS, group=RTOS, mode=CMSIS_V1, owner=FREERTOS
2023-05-22 16:54:08,449 [INFO] RtosManager:555 - Registered RTOS mode: class=CMSIS, group=RTOS2, mode=CMSIS_V2, owner=FREERTOS
2023-05-22 16:54:08,449 [INFO] RtosManager:555 - Registered RTOS mode: class=RTOS, group=Core, mode=CMSIS_V1, owner=FREERTOS
2023-05-22 16:54:08,450 [INFO] RtosManager:555 - Registered RTOS mode: class=RTOS, group=Core, mode=CMSIS_V2, owner=FREERTOS
2023-05-22 16:54:08,450 [WARN] ModelIntegratedComponent:184 - Missing modes for component STMicroelectronics:FreeRTOS:0.0.1:STMicroelectronics:RTOS:FreeRTOS:Core:::10.2.0:
2023-05-22 16:54:08,523 [WARN] ModelIntegratedComponent:63 - No mode defined for component null
2023-05-22 16:54:08,525 [WARN] ModelIntegratedComponent:63 - No mode defined for component null
2023-05-22 16:54:08,525 [WARN] ModelIntegratedComponent:63 - No mode defined for component null
2023-05-22 16:54:08,525 [WARN] ModelIntegratedComponent:63 - No mode defined for component null
2023-05-22 16:54:08,525 [WARN] ModelIntegratedComponent:63 - No mode defined for component null
2023-05-22 16:54:08,525 [WARN] ModelIntegratedComponent:63 - No mode defined for component null
2023-05-22 16:54:08,526 [WARN] ModelIntegratedComponent:63 - No mode defined for component null
2023-05-22 16:54:08,526 [WARN] ModelIntegratedComponent:63 - No mode defined for component null
2023-05-22 16:54:08,527 [WARN] ModelIntegratedComponent:63 - No mode defined for component null
2023-05-22 16:54:08,527 [WARN] ModelIntegratedComponent:63 - No mode defined for component null
2023-05-22 16:54:08,527 [WARN] ModelIntegratedComponent:63 - No mode defined for component null
2023-05-22 16:54:08,527 [WARN] ModelIntegratedComponent:63 - No mode defined for component null
2023-05-22 16:54:08,527 [WARN] ModelIntegratedComponent:63 - No mode defined for component null
2023-05-22 16:54:08,528 [WARN] ModelIntegratedComponent:63 - No mode defined for component null
2023-05-22 16:54:08,528 [WARN] ModelIntegratedComponent:63 - No mode defined for component null
2023-05-22 16:54:08,528 [WARN] ModelIntegratedComponent:63 - No mode defined for component null
2023-05-22 16:54:08,528 [WARN] ModelIntegratedComponent:63 - No mode defined for component null
2023-05-22 16:54:08,529 [WARN] ModelIntegratedComponent:63 - No mode defined for component null
2023-05-22 16:54:08,529 [WARN] ModelIntegratedComponent:63 - No mode defined for component null
2023-05-22 16:54:08,529 [WARN] ModelIntegratedComponent:63 - No mode defined for component null
2023-05-22 16:54:08,529 [WARN] ModelIntegratedComponent:63 - No mode defined for component null
2023-05-22 16:54:08,529 [WARN] ModelIntegratedComponent:63 - No mode defined for component null
2023-05-22 16:54:08,529 [WARN] ModelIntegratedComponent:63 - No mode defined for component null
2023-05-22 16:54:08,529 [WARN] ModelIntegratedComponent:63 - No mode defined for component null
2023-05-22 16:54:08,529 [WARN] ModelIntegratedComponent:63 - No mode defined for component null
2023-05-22 16:54:08,529 [WARN] ModelIntegratedComponent:63 - No mode defined for component null
2023-05-22 16:54:08,530 [WARN] ModelIntegratedComponent:63 - No mode defined for component null
2023-05-22 16:54:08,530 [WARN] ModelIntegratedComponent:63 - No mode defined for component null
2023-05-22 16:54:08,530 [WARN] ModelIntegratedComponent:63 - No mode defined for component null
2023-05-22 16:54:08,530 [WARN] ModelIntegratedComponent:63 - No mode defined for component null
2023-05-22 16:54:08,530 [WARN] ModelIntegratedComponent:63 - No mode defined for component null
2023-05-22 16:54:08,530 [WARN] ModelIntegratedComponent:63 - No mode defined for component null
2023-05-22 16:54:08,530 [WARN] ModelIntegratedComponent:63 - No mode defined for component null
2023-05-22 16:54:09,096 [INFO] ThirdPartyModel:298 - Start build external matchings
2023-05-22 16:54:11,453 [INFO] ThirdPartyModel:316 - End build external matchings
2023-05-22 16:54:12,627 [INFO] UtilMem:75 - End LoadConfig() Used Memory: 185681240 Bytes (300941312)
2023-05-22 16:54:12,662 [WARN] ThirdParty:833 - waiting for thirdparty lock release [change project]
2023-05-22 16:54:12,663 [INFO] ThirdParty:835 - entering critical section [change project]
2023-05-22 16:54:12,663 [INFO] ThirdParty:1030 - CMSIS Pack Vendor :STMicroelectronics X-CUBE-ISPU 1.1.0
2023-05-22 16:54:12,664 [INFO] ThirdParty:1030 - CMSIS Pack Vendor :RoweBots I-CUBE-UNISONRTOS 5.5.0-4
2023-05-22 16:54:12,664 [INFO] ThirdParty:1030 - CMSIS Pack Vendor :STMicroelectronics X-CUBE-GNSS1 6.0.0
2023-05-22 16:54:12,664 [INFO] ThirdParty:1030 - CMSIS Pack Vendor :STMicroelectronics USB_HOST 2.0.0
2023-05-22 16:54:12,664 [INFO] ThirdParty:1030 - CMSIS Pack Vendor :STMicroelectronics X-CUBE-AZRTOS-F4 1.1.0
2023-05-22 16:54:12,664 [INFO] ThirdParty:1030 - CMSIS Pack Vendor :STMicroelectronics LIBJPEG 8.0.0
2023-05-22 16:54:12,664 [INFO] ThirdParty:1030 - CMSIS Pack Vendor :STMicroelectronics X-CUBE-SMBUS 2.1.0
2023-05-22 16:54:12,664 [INFO] ThirdParty:1030 - CMSIS Pack Vendor :STMicroelectronics USB_DEVICE 3.0.0
2023-05-22 16:54:12,664 [INFO] ThirdParty:1030 - CMSIS Pack Vendor :STMicroelectronics X-CUBE-AI 8.0.0
2023-05-22 16:54:12,664 [INFO] ThirdParty:1030 - CMSIS Pack Vendor :STMicroelectronics X-CUBE-FREERTOS 1.0.0
2023-05-22 16:54:12,664 [INFO] ThirdParty:1030 - CMSIS Pack Vendor :STMicroelectronics X-CUBE-FREERTOS 1.0.1
2023-05-22 16:54:12,664 [INFO] ThirdParty:1030 - CMSIS Pack Vendor :STMicroelectronics X-CUBE-TOUCHGFX 4.21.3
2023-05-22 16:54:12,665 [INFO] ThirdParty:1030 - CMSIS Pack Vendor :STMicroelectronics X-CUBE-AZRTOS-F7 1.1.0
2023-05-22 16:54:12,665 [INFO] ThirdParty:1030 - CMSIS Pack Vendor :STMicroelectronics X-CUBE-TOUCHGFX 4.21.4
2023-05-22 16:54:12,665 [INFO] ThirdParty:1030 - CMSIS Pack Vendor :STMicroelectronics USB_DEVICE 2.0.0
2023-05-22 16:54:12,665 [INFO] ThirdParty:1030 - CMSIS Pack Vendor :STMicroelectronics X-CUBE-MEMS1 9.6.0
2023-05-22 16:54:12,665 [INFO] ThirdParty:1030 - CMSIS Pack Vendor :STMicroelectronics FP-SNS-MOTENV1 4.3.0
2023-05-22 16:54:12,665 [INFO] ThirdParty:1030 - CMSIS Pack Vendor :STMicroelectronics FP-SNS-FLIGHT1 5.0.0
2023-05-22 16:54:12,665 [INFO] ThirdParty:1030 - CMSIS Pack Vendor :STMicroelectronics X-CUBE-ALGOBUILD 1.3.0
2023-05-22 16:54:12,665 [INFO] ThirdParty:1030 - CMSIS Pack Vendor :STMicroelectronics X-CUBE-BLE1 6.2.4
2023-05-22 16:54:12,665 [INFO] ThirdParty:1030 - CMSIS Pack Vendor :STMicroelectronics X-CUBE-AZRTOS-L5 1.1.0
2023-05-22 16:54:12,665 [INFO] ThirdParty:1030 - CMSIS Pack Vendor :STMicroelectronics FreeRTOS 0.0.1
2023-05-22 16:54:12,665 [INFO] ThirdParty:1030 - CMSIS Pack Vendor :emotas I-CUBE-CANOPEN 1.1.3
2023-05-22 16:54:12,665 [INFO] ThirdParty:1030 - CMSIS Pack Vendor :STMicroelectronics X-CUBE-AZRTOS-G0 1.1.0
2023-05-22 16:54:12,665 [INFO] ThirdParty:1030 - CMSIS Pack Vendor :STMicroelectronics X-CUBE-BLEMGR 2.0.0
2023-05-22 16:54:12,665 [INFO] ThirdParty:1030 - CMSIS Pack Vendor :STMicroelectronics X-CUBE-AI 8.0.1
2023-05-22 16:54:12,665 [INFO] ThirdParty:1030 - CMSIS Pack Vendor :STMicroelectronics X-CUBE-SUBG2 5.0.0
2023-05-22 16:54:12,665 [INFO] ThirdParty:1030 - CMSIS Pack Vendor :STMicroelectronics X-CUBE-NFC4 3.0.0
2023-05-22 16:54:12,665 [INFO] ThirdParty:1030 - CMSIS Pack Vendor :STMicroelectronics STM32_WPAN 1.0.0
2023-05-22 16:54:12,665 [INFO] ThirdParty:1030 - CMSIS Pack Vendor :STMicroelectronics lwIP 2.0.3
2023-05-22 16:54:12,665 [INFO] ThirdParty:1030 - CMSIS Pack Vendor :STMicroelectronics USB_HOST 1.0.0
2023-05-22 16:54:12,665 [INFO] ThirdParty:1030 - CMSIS Pack Vendor :STMicroelectronics X-CUBE-AZRTOS-G4 2.0.0
2023-05-22 16:54:12,666 [INFO] ThirdParty:1030 - CMSIS Pack Vendor :STMicroelectronics PDM2PCM 3.1.0
2023-05-22 16:54:12,666 [INFO] ThirdParty:1030 - CMSIS Pack Vendor :STMicroelectronics X-CUBE-AZRTOS-H7 3.1.0
2023-05-22 16:54:12,668 [INFO] ThirdParty:1030 - CMSIS Pack Vendor :STMicroelectronics X-CUBE-TOF1 3.3.0
2023-05-22 16:54:12,670 [INFO] ThirdParty:1030 - CMSIS Pack Vendor :STMicroelectronics FP-ATR-ASTRA1 1.1.1
2023-05-22 16:54:12,670 [INFO] ThirdParty:1030 - CMSIS Pack Vendor :STMicroelectronics PDM2PCM 3.3.0
2023-05-22 16:54:12,670 [INFO] ThirdParty:1030 - CMSIS Pack Vendor :STMicroelectronics X-CUBE-DISPLAY 3.0.0
2023-05-22 16:54:12,670 [INFO] ThirdParty:1030 - CMSIS Pack Vendor :STMicroelectronics X-CUBE-AZRTOS-G4 1.0.0
2023-05-22 16:54:12,670 [INFO] ThirdParty:1030 - CMSIS Pack Vendor :STMicroelectronics FP-ATR-SIGFOX1 3.2.0
2023-05-22 16:54:12,671 [INFO] ThirdParty:1030 - CMSIS Pack Vendor :wolfSSL I-CUBE-wolfSSL 5.5.4
2023-05-22 16:54:12,671 [INFO] ThirdParty:1030 - CMSIS Pack Vendor :STMicroelectronics X-CUBE-AZRTOS-L4 1.0.0
2023-05-22 16:54:12,671 [INFO] ThirdParty:1030 - CMSIS Pack Vendor :STMicroelectronics HAL Drivers 0.0.0
2023-05-22 16:54:12,671 [INFO] ThirdParty:1030 - CMSIS Pack Vendor :STMicroelectronics MBEDTLS 2.16.2
2023-05-22 16:54:12,671 [INFO] ThirdParty:1030 - CMSIS Pack Vendor :STMicroelectronics MBEDTLS 2.14.1
2023-05-22 16:54:12,671 [INFO] ThirdParty:1030 - CMSIS Pack Vendor :STMicroelectronics X-CUBE-NFC7 1.0.0
2023-05-22 16:54:12,671 [INFO] ThirdParty:1030 - CMSIS Pack Vendor :STMicroelectronics X-CUBE-AZRTOS-WL 1.0.0
2023-05-22 16:54:12,671 [INFO] ThirdParty:1030 - CMSIS Pack Vendor :STMicroelectronics X-CUBE-EEPRMA1 4.1.0
2023-05-22 16:54:12,671 [INFO] ThirdParty:1030 - CMSIS Pack Vendor :portGmbH I-Cube-SoM-uGOAL 1.1.0
2023-05-22 16:54:12,671 [INFO] ThirdParty:1030 - CMSIS Pack Vendor :STMicroelectronics X-CUBE-ALS 1.0.1
2023-05-22 16:54:12,671 [INFO] ThirdParty:1030 - CMSIS Pack Vendor :STMicroelectronics X-CUBE-MEMS1 9.5.0
2023-05-22 16:54:12,672 [INFO] ThirdParty:1030 - CMSIS Pack Vendor :STMicroelectronics ThreadX 1.0.0
2023-05-22 16:54:12,675 [INFO] ThirdParty:1030 - CMSIS Pack Vendor :STMicroelectronics X-CUBE-AZRTOS-WB 1.1.0
2023-05-22 16:54:12,676 [INFO] ThirdParty:1030 - CMSIS Pack Vendor :SEGGER I-CUBE-embOS 1.3.1
2023-05-22 16:54:12,676 [INFO] ThirdParty:1030 - CMSIS Pack Vendor :STMicroelectronics USB_DEVICE 1.0.0
2023-05-22 16:54:12,676 [INFO] ThirdParty:1030 - CMSIS Pack Vendor :STMicroelectronics ThreadX 0.0.2
2023-05-22 16:54:12,676 [INFO] ThirdParty:1030 - CMSIS Pack Vendor :WES I-CUBE-Cesium 1.3.0
2023-05-22 16:54:12,677 [INFO] ThirdParty:1030 - CMSIS Pack Vendor :STMicroelectronics FP-ATR-ASTRA1 2.0.0
2023-05-22 16:54:12,677 [INFO] ThirdParty:1030 - CMSIS Pack Vendor :STMicroelectronics lwIP 2.1.2
2023-05-22 16:54:12,677 [INFO] ThirdParty:1030 - CMSIS Pack Vendor :STMicroelectronics X-CUBE-SFXS2LP1 4.0.0
2023-05-22 16:54:12,677 [INFO] ThirdParty:1030 - CMSIS Pack Vendor :STMicroelectronics X-CUBE-BLE2 3.3.0
2023-05-22 16:54:12,677 [INFO] ThirdParty:1030 - CMSIS Pack Vendor :STMicroelectronics PDM2PCM 3.2.0
2023-05-22 16:54:12,677 [INFO] ThirdParty:1030 - CMSIS Pack Vendor :STMicroelectronics X-CUBE-AZRTOS-H7 3.0.0
2023-05-22 16:54:12,677 [INFO] ThirdParty:841 - exiting critical section [change project]
2023-05-22 16:54:13,579 [INFO] PinOutPanel:1499 - setPackage(No Configuration,No Configuration)
2023-05-22 16:54:13,581 [INFO] PinOutPanel:1499 - setPackage(STM32F303VCTx,LQFP100)
2023-05-22 16:54:14,899 [INFO] UtilMem:75 - Before build in PCC Used Memory: 220232536 Bytes (300941312)
2023-05-22 16:54:16,106 [INFO] UtilMem:75 - After build in PCC Used Memory: 222004880 Bytes (300941312)
2023-05-22 16:54:16,218 [INFO] IPUIPlugin:80 - create IPUIPlugin
2023-05-22 16:54:16,218 [INFO] IPUIPlugin:80 - create IPUIPlugin
2023-05-22 16:54:16,218 [INFO] IPUIPlugin:80 - create IPUIPlugin
2023-05-22 16:54:16,218 [INFO] IPUIPlugin:80 - create IPUIPlugin
2023-05-22 16:54:16,219 [INFO] IPUIPlugin:80 - create IPUIPlugin
2023-05-22 16:54:16,219 [INFO] IPUIPlugin:80 - create IPUIPlugin
2023-05-22 16:54:16,219 [INFO] IPUIPlugin:80 - create IPUIPlugin
2023-05-22 16:54:16,219 [INFO] IPUIPlugin:80 - create IPUIPlugin
2023-05-22 16:54:16,219 [INFO] IPUIPlugin:80 - create IPUIPlugin
2023-05-22 16:54:16,219 [INFO] IPUIPlugin:80 - create IPUIPlugin
2023-05-22 16:54:16,219 [INFO] IPUIPlugin:80 - create IPUIPlugin
2023-05-22 16:54:16,219 [INFO] IPUIPlugin:80 - create IPUIPlugin
2023-05-22 16:54:16,220 [INFO] IPUIPlugin:80 - create IPUIPlugin
2023-05-22 16:54:16,220 [INFO] IPUIPlugin:80 - create IPUIPlugin
2023-05-22 16:54:16,220 [INFO] IPUIPlugin:80 - create IPUIPlugin
2023-05-22 16:54:16,220 [INFO] IPUIPlugin:80 - create IPUIPlugin
2023-05-22 16:54:16,220 [INFO] IPUIPlugin:80 - create IPUIPlugin
2023-05-22 16:54:16,221 [INFO] IPUIPlugin:80 - create IPUIPlugin
2023-05-22 16:54:16,221 [INFO] IPUIPlugin:80 - create IPUIPlugin
2023-05-22 16:54:16,221 [INFO] IPUIPlugin:80 - create IPUIPlugin
2023-05-22 16:54:16,221 [INFO] IPUIPlugin:80 - create IPUIPlugin
2023-05-22 16:54:16,221 [INFO] IPUIPlugin:80 - create IPUIPlugin
2023-05-22 16:54:16,222 [INFO] IPUIPlugin:80 - create IPUIPlugin
2023-05-22 16:54:16,222 [INFO] IPUIPlugin:80 - create IPUIPlugin
2023-05-22 16:54:16,223 [INFO] IPUIPlugin:80 - create IPUIPlugin
2023-05-22 16:54:16,223 [INFO] IPUIPlugin:80 - create IPUIPlugin
2023-05-22 16:54:16,223 [INFO] IPUIPlugin:80 - create IPUIPlugin
2023-05-22 16:54:16,223 [INFO] IPUIPlugin:80 - create IPUIPlugin
2023-05-22 16:54:16,224 [INFO] IPUIPlugin:80 - create IPUIPlugin
2023-05-22 16:54:16,225 [INFO] IPUIPlugin:80 - create IPUIPlugin
2023-05-22 16:54:16,225 [INFO] IPUIPlugin:80 - create IPUIPlugin
2023-05-22 16:54:16,226 [INFO] IPUIPlugin:80 - create IPUIPlugin
2023-05-22 16:54:16,226 [INFO] IPUIPlugin:80 - create IPUIPlugin
2023-05-22 16:54:16,226 [INFO] IPUIPlugin:80 - create IPUIPlugin
2023-05-22 16:54:16,228 [INFO] IPUIPlugin:80 - create IPUIPlugin
2023-05-22 16:54:16,228 [INFO] IPUIPlugin:80 - create IPUIPlugin
2023-05-22 16:54:16,228 [INFO] IPUIPlugin:80 - create IPUIPlugin
2023-05-22 16:54:16,228 [INFO] IPUIPlugin:80 - create IPUIPlugin
2023-05-22 16:54:16,229 [INFO] IPUIPlugin:80 - create IPUIPlugin
2023-05-22 16:54:16,229 [INFO] IPUIPlugin:80 - create IPUIPlugin
2023-05-22 16:54:16,230 [INFO] IPUIPlugin:80 - create IPUIPlugin
2023-05-22 16:54:16,230 [INFO] IPUIPlugin:80 - create IPUIPlugin
2023-05-22 16:54:16,230 [INFO] IPUIPlugin:80 - create IPUIPlugin
2023-05-22 16:54:16,231 [INFO] IPUIPlugin:80 - create IPUIPlugin
2023-05-22 16:54:16,232 [INFO] IPUIPlugin:80 - create IPUIPlugin
2023-05-22 16:54:16,232 [INFO] IPUIPlugin:80 - create IPUIPlugin
2023-05-22 16:54:16,233 [INFO] IPUIPlugin:80 - create IPUIPlugin
2023-05-22 16:54:16,233 [INFO] IPUIPlugin:80 - create IPUIPlugin
2023-05-22 16:54:16,234 [INFO] IPUIPlugin:80 - create IPUIPlugin
2023-05-22 16:54:16,234 [INFO] IPUIPlugin:80 - create IPUIPlugin
2023-05-22 16:54:16,235 [INFO] IPUIPlugin:80 - create IPUIPlugin
2023-05-22 16:54:16,236 [INFO] IPUIPlugin:80 - create IPUIPlugin
2023-05-22 16:54:16,236 [INFO] IPUIPlugin:80 - create IPUIPlugin
2023-05-22 16:54:16,237 [INFO] IPUIPlugin:80 - create IPUIPlugin
2023-05-22 16:54:16,237 [INFO] IPUIPlugin:80 - create IPUIPlugin
2023-05-22 16:54:16,654 [INFO] CADModel:165 - CPN selected for project levelSTM32F303VCT6
2023-05-22 16:54:16,655 [INFO] CADModel:114 - Register for checkConnection events
2023-05-22 16:54:16,704 [INFO] OpenFileManager:328 - Restore cursor
2023-05-22 16:54:18,151 [INFO] UtilMem:75 - End SaveConfig() Used Memory: 235515688 Bytes (300941312)
2023-05-22 16:54:18,280 [INFO] UtilMem:75 - End SaveConfig() Used Memory: 228146560 Bytes (300941312)
2023-05-22 16:54:19,252 [INFO] BlockDiagram:2759 - set Specific Code input for plugin: RCC
2023-05-22 16:54:19,252 [INFO] BlockDiagram:2759 - set Specific Code input for plugin: NVIC
2023-05-22 16:54:19,256 [INFO] CodeGenerator:793 - code generatio: config db path: C:\ST\STM32CubeIDE_1.12.0\STM32CubeIDE\plugins\com.st.stm32cube.common.mx_6.8.0.202302231600\\db\
2023-05-22 16:54:19,913 [INFO] CodeEngine:255 - oldGeneratedFile, C:\Users\Utente\Desktop\CSD\Schedino\WorkSpace\Esercizio8\prova\MXTmpFiles\license.tmp_save
2023-05-22 16:54:21,361 [INFO] CodeEngine:279 - Generated code: C:\Users\Utente\Desktop\CSD\Schedino\WorkSpace\Esercizio8\prova\MXTmpFiles\license.tmp
2023-05-22 16:54:21,474 [INFO] CodeEngine:255 - oldGeneratedFile, C:\Users\Utente\Desktop\CSD\Schedino\WorkSpace\Esercizio8\prova\Core\Src\stm32f3xx_it.c_save
2023-05-22 16:54:21,997 [INFO] CodeEngine:279 - Generated code: C:\Users\Utente\Desktop\CSD\Schedino\WorkSpace\Esercizio8\prova\Core\Src\stm32f3xx_it.c
2023-05-22 16:54:22,022 [INFO] CodeEngine:255 - oldGeneratedFile, C:\Users\Utente\Desktop\CSD\Schedino\WorkSpace\Esercizio8\prova\Core\Inc\stm32f3xx_it.h_save
2023-05-22 16:54:22,428 [INFO] CodeEngine:279 - Generated code: C:\Users\Utente\Desktop\CSD\Schedino\WorkSpace\Esercizio8\prova\Core\Inc\stm32f3xx_it.h
2023-05-22 16:54:22,759 [INFO] CodeEngine:255 - oldGeneratedFile, C:\Users\Utente\Desktop\CSD\Schedino\WorkSpace\Esercizio8\prova\Core\Src\stm32f3xx_hal_msp.c_save
2023-05-22 16:54:23,132 [INFO] CodeEngine:279 - Generated code: C:\Users\Utente\Desktop\CSD\Schedino\WorkSpace\Esercizio8\prova\Core\Src\stm32f3xx_hal_msp.c
2023-05-22 16:54:23,139 [INFO] CodeEngine:255 - oldGeneratedFile, C:\Users\Utente\Desktop\CSD\Schedino\WorkSpace\Esercizio8\prova\MXTmpFiles\system.tmp_save
2023-05-22 16:54:23,410 [INFO] CodeEngine:279 - Generated code: C:\Users\Utente\Desktop\CSD\Schedino\WorkSpace\Esercizio8\prova\MXTmpFiles\system.tmp
2023-05-22 16:54:23,442 [INFO] CodeEngine:311 - oldGeneratedFile, C:\Users\Utente\Desktop\CSD\Schedino\WorkSpace\Esercizio8\prova\Core\Inc\stm32f3xx_hal_conf.h_save
2023-05-22 16:54:23,677 [INFO] CodeEngine:335 - Generated code: C:\Users\Utente\Desktop\CSD\Schedino\WorkSpace\Esercizio8\prova\Core\Inc\stm32f3xx_hal_conf.h
2023-05-22 16:54:23,822 [INFO] CodeEngine:255 - oldGeneratedFile, C:\Users\Utente\Desktop\CSD\Schedino\WorkSpace\Esercizio8\prova\Core\Inc\main.h_save
2023-05-22 16:54:24,479 [INFO] CodeEngine:279 - Generated code: C:\Users\Utente\Desktop\CSD\Schedino\WorkSpace\Esercizio8\prova\Core\Inc\main.h
2023-05-22 16:54:24,540 [INFO] CodeEngine:255 - oldGeneratedFile, C:\Users\Utente\Desktop\CSD\Schedino\WorkSpace\Esercizio8\prova\Core\Src\main.c_save
2023-05-22 16:54:25,176 [INFO] CodeEngine:279 - Generated code: C:\Users\Utente\Desktop\CSD\Schedino\WorkSpace\Esercizio8\prova\Core\Src\main.c
2023-05-22 16:54:28,973 [INFO] ProjectBuilder:2996 - Time for Copy HAL[1] : 788mS.
2023-05-22 16:54:29,033 [INFO] ProjectBuilder:4304 - Project Generator version: 3.19.2
2023-05-22 16:54:30,538 [INFO] ConfigFileManager:1483 - The Die is : DIE422
2023-05-22 16:54:30,569 [INFO] ApiDbMcu:507 - Load IP Config File for FATFS
2023-05-22 16:54:30,603 [INFO] ApiDbMcu:507 - Load IP Config File for FREERTOS
2023-05-22 16:54:30,656 [INFO] ApiDbMcu:507 - Load IP Config File for TOUCHSENSING
2023-05-22 16:54:30,678 [INFO] ApiDbMcu:507 - Load IP Config File for USB_DEVICE
2023-05-22 16:54:34,235 [INFO] LogOutputStream:77 - [STDOUT_REDIRECT] 
2023-05-22 16:54:48,692 [INFO] ProjectBuilder:4505 - Time for Generating toolchain IDE Files: 19660mS.
2023-05-22 16:54:48,697 [INFO] ProjectBuilder:2867 - Time for Copy CMSIS : 3mS.
2023-05-22 16:54:48,712 [INFO] ProjectBuilder:2867 - Time for Copy CMSIS : 0mS.
2023-05-22 16:54:50,881 [INFO] McuFinderGlobals:66 - Set McuFinderConnectedMode to true
2023-05-22 16:54:50,884 [INFO] ApiDb:448 - Save user favorites file C:\Users\Utente/.stm32cubeide/favorites.mcus.txt: 1 item(s)
2023-05-22 16:54:50,885 [INFO] ApiDb:452 - User favorites MCUs=[STM32F303VCT6]
2023-05-22 16:56:39,784 [INFO] ParamManager:886 - [Generic UI] PropertyChangeEvent: TAB_STATUS_CHANGED , "dont care", "never mind"
2023-05-22 16:56:39,816 [INFO] ParamManager:886 - [Generic UI] PropertyChangeEvent: TAB_STATUS_CHANGED , "dont care", "never mind"
2023-05-22 16:56:39,838 [INFO] ADCParametersView:116 -                SequencerNbRanks 1 : true
2023-05-22 16:56:39,838 [INFO] ADCParametersView:116 -                SequencerNbRanks 1 : true
2023-05-22 16:56:39,841 [INFO] ADCParametersView:116 -                SequencerNbRanks 1 : true
2023-05-22 16:56:39,841 [INFO] ADCParametersView:116 -                SequencerNbRanks 1 : true
2023-05-22 16:56:39,842 [INFO] ADCParametersView:116 -                SequencerNbRanks 1 : true
2023-05-22 16:56:39,842 [INFO] ADCParametersView:116 -                SequencerNbRanks 1 : true
2023-05-22 16:56:39,845 [INFO] ADCParametersView:116 -                SequencerNbRanks 1 : true
2023-05-22 16:56:39,845 [INFO] ADCParametersView:116 -                Rank 1 : false
2023-05-22 16:56:39,979 [INFO] ADCParametersView:116 -                SequencerNbRanks 1 : true
2023-05-22 16:56:39,979 [INFO] ADCParametersView:116 -                Rank 1 : false
2023-05-22 16:56:39,981 [INFO] ADCParametersView:116 -                SequencerNbRanks 1 : true
2023-05-22 16:56:39,981 [INFO] ADCParametersView:116 -                Rank 1 : false
2023-05-22 16:56:39,981 [INFO] ADCParametersView:116 -                SequencerNbRanks 1 : true
2023-05-22 16:56:39,981 [INFO] ADCParametersView:116 -                Rank 1 : false
2023-05-22 16:56:39,981 [INFO] ADCParametersView:116 -                SequencerNbRanks 1 : true
2023-05-22 16:56:39,981 [INFO] ADCParametersView:116 -                Rank 1 : false
2023-05-22 16:56:39,983 [INFO] ADCParametersView:116 -                SequencerNbRanks 1 : true
2023-05-22 16:56:39,983 [INFO] ADCParametersView:116 -                Rank 1 : false
2023-05-22 16:56:39,983 [INFO] ADCParametersView:116 -                SequencerNbRanks 1 : true
2023-05-22 16:56:39,983 [INFO] ADCParametersView:116 -                Rank 1 : false
2023-05-22 16:56:39,983 [INFO] ADCParametersView:116 -                SequencerNbRanks 1 : true
2023-05-22 16:56:39,984 [INFO] ADCParametersView:116 -                Rank 1 : false
2023-05-22 16:56:39,984 [INFO] ADCParametersView:116 -                SequencerNbRanks 1 : true
2023-05-22 16:56:39,984 [INFO] ADCParametersView:116 -                Rank 1 : false
2023-05-22 16:56:39,984 [INFO] ADCParametersView:116 -                SequencerNbRanks 1 : true
2023-05-22 16:56:39,984 [INFO] ADCParametersView:116 -                Rank 1 : false
2023-05-22 16:56:39,985 [INFO] ADCParametersView:116 -                SequencerNbRanks 1 : true
2023-05-22 16:56:39,985 [INFO] ADCParametersView:116 -                Rank 1 : false
2023-05-22 16:56:39,985 [INFO] ADCParametersView:116 -                SequencerNbRanks 1 : true
2023-05-22 16:56:39,985 [INFO] ADCParametersView:116 -                Rank 1 : false
2023-05-22 16:56:39,986 [INFO] ADCParametersView:116 -                SequencerNbRanks 1 : true
2023-05-22 16:56:39,986 [INFO] ADCParametersView:116 -                Rank 1 : false
2023-05-22 16:56:39,986 [INFO] ADCParametersView:116 -                SequencerNbRanks 1 : true
2023-05-22 16:56:39,986 [INFO] ADCParametersView:116 -                Rank 1 : false
2023-05-22 16:56:39,987 [INFO] ADCParametersView:116 -                SequencerNbRanks 1 : true
2023-05-22 16:56:39,987 [INFO] ADCParametersView:116 -                Rank 1 : false
2023-05-22 16:56:39,987 [INFO] ADCParametersView:116 -                SequencerNbRanks 1 : true
2023-05-22 16:56:39,987 [INFO] ADCParametersView:116 -                Rank 1 : false
2023-05-22 16:56:39,987 [INFO] ADCParametersView:116 -                Rank 1 : false
2023-05-22 16:56:39,988 [INFO] ADCParametersView:116 -                Rank 1 : false
2023-05-22 16:56:39,988 [INFO] ADCParametersView:116 -                Rank 1 : false
2023-05-22 16:56:39,988 [INFO] ADCParametersView:116 -                Rank 1 : false
2023-05-22 16:56:39,988 [INFO] ADCParametersView:116 -                Rank 1 : false
2023-05-22 16:56:39,989 [INFO] ADCParametersView:116 -                Rank 1 : false
2023-05-22 16:56:40,006 [INFO] ADCParametersView:116 -                SequencerNbRanks 1 : true
2023-05-22 16:56:40,006 [INFO] ADCParametersView:116 -                SequencerNbRanks 1 : true
2023-05-22 16:56:40,008 [INFO] ADCParametersView:116 -                SequencerNbRanks 1 : true
2023-05-22 16:56:40,009 [INFO] ADCParametersView:116 -                SequencerNbRanks 1 : true
2023-05-22 16:56:40,009 [INFO] ADCParametersView:116 -                SequencerNbRanks 1 : true
2023-05-22 16:56:40,009 [INFO] ADCParametersView:116 -                SequencerNbRanks 1 : true
2023-05-22 16:56:40,011 [INFO] ADCParametersView:116 -                SequencerNbRanks 1 : true
2023-05-22 16:56:40,011 [INFO] ADCParametersView:116 -                Rank 1 : false
2023-05-22 16:56:40,219 [INFO] NvicIntPanel:101 - NVIC parent = com.st.microxplorer.plugins.ip.nvic.MultiNvicIntPanel[,0,0,0x0,invalid,layout=javax.swing.BoxLayout,alignmentX=0.0,alignmentY=0.0,border=,flags=9,maximumSize=,minimumSize=,preferredSize=]
2023-05-22 16:56:40,392 [INFO] NvicIntPanel:101 - NVIC parent = com.st.microxplorer.plugins.ip.nvic.MultiNvicIntPanel[,0,0,0x0,invalid,layout=javax.swing.BoxLayout,alignmentX=0.0,alignmentY=0.0,border=,flags=9,maximumSize=,minimumSize=,preferredSize=]
2023-05-22 16:56:40,570 [INFO] NvicIntPanel:101 - NVIC parent = com.st.microxplorer.plugins.ip.nvic.MultiNvicIntPanel[,0,0,0x0,invalid,layout=javax.swing.BoxLayout,alignmentX=0.0,alignmentY=0.0,border=,flags=9,maximumSize=,minimumSize=,preferredSize=]
2023-05-22 16:56:40,751 [INFO] NvicIntPanel:101 - NVIC parent = com.st.microxplorer.plugins.ip.nvic.MultiNvicIntPanel[,0,0,0x0,invalid,layout=javax.swing.BoxLayout,alignmentX=0.0,alignmentY=0.0,border=,flags=9,maximumSize=,minimumSize=,preferredSize=]
2023-05-22 16:56:40,910 [INFO] NvicIntPanel:101 - NVIC parent = com.st.microxplorer.plugins.ip.nvic.MultiNvicIntPanel[,0,0,0x0,invalid,layout=javax.swing.BoxLayout,alignmentX=0.0,alignmentY=0.0,border=,flags=9,maximumSize=,minimumSize=,preferredSize=]
2023-05-22 16:56:41,014 [INFO] ADCParametersView:116 -                SequencerNbRanks 1 : true
2023-05-22 16:56:41,015 [INFO] ADCParametersView:116 -                Rank 1 : false
2023-05-22 16:56:41,015 [INFO] ADCParametersView:116 -                SequencerNbRanks 1 : true
2023-05-22 16:56:41,015 [INFO] ADCParametersView:116 -                Rank 1 : false
2023-05-22 16:56:41,016 [INFO] ADCParametersView:116 -                SequencerNbRanks 1 : true
2023-05-22 16:56:41,016 [INFO] ADCParametersView:116 -                Rank 1 : false
2023-05-22 16:56:41,016 [INFO] ADCParametersView:116 -                SequencerNbRanks 1 : true
2023-05-22 16:56:41,016 [INFO] ADCParametersView:116 -                Rank 1 : false
2023-05-22 16:56:41,016 [INFO] ADCParametersView:116 -                SequencerNbRanks 1 : true
2023-05-22 16:56:41,016 [INFO] ADCParametersView:116 -                Rank 1 : false
2023-05-22 16:56:41,017 [INFO] ADCParametersView:116 -                SequencerNbRanks 1 : true
2023-05-22 16:56:41,017 [INFO] ADCParametersView:116 -                Rank 1 : false
2023-05-22 16:56:41,017 [INFO] ADCParametersView:116 -                SequencerNbRanks 1 : true
2023-05-22 16:56:41,017 [INFO] ADCParametersView:116 -                Rank 1 : false
2023-05-22 16:56:41,017 [INFO] ADCParametersView:116 -                SequencerNbRanks 1 : true
2023-05-22 16:56:41,017 [INFO] ADCParametersView:116 -                Rank 1 : false
2023-05-22 16:56:41,017 [INFO] ADCParametersView:116 -                SequencerNbRanks 1 : true
2023-05-22 16:56:41,017 [INFO] ADCParametersView:116 -                Rank 1 : false
2023-05-22 16:56:41,017 [INFO] ADCParametersView:116 -                SequencerNbRanks 1 : true
2023-05-22 16:56:41,017 [INFO] ADCParametersView:116 -                Rank 1 : false
2023-05-22 16:56:41,018 [INFO] ADCParametersView:116 -                SequencerNbRanks 1 : true
2023-05-22 16:56:41,018 [INFO] ADCParametersView:116 -                Rank 1 : false
2023-05-22 16:56:41,018 [INFO] ADCParametersView:116 -                SequencerNbRanks 1 : true
2023-05-22 16:56:41,018 [INFO] ADCParametersView:116 -                Rank 1 : false
2023-05-22 16:56:41,018 [INFO] ADCParametersView:116 -                SequencerNbRanks 1 : true
2023-05-22 16:56:41,018 [INFO] ADCParametersView:116 -                Rank 1 : false
2023-05-22 16:56:41,019 [INFO] ADCParametersView:116 -                SequencerNbRanks 1 : true
2023-05-22 16:56:41,019 [INFO] ADCParametersView:116 -                Rank 1 : false
2023-05-22 16:56:41,019 [INFO] ADCParametersView:116 -                SequencerNbRanks 1 : true
2023-05-22 16:56:41,019 [INFO] ADCParametersView:116 -                Rank 1 : false
2023-05-22 16:56:41,019 [INFO] ADCParametersView:116 -                Rank 1 : false
2023-05-22 16:56:41,019 [INFO] ADCParametersView:116 -                Rank 1 : false
2023-05-22 16:56:41,020 [INFO] ADCParametersView:116 -                Rank 1 : false
2023-05-22 16:56:41,020 [INFO] ADCParametersView:116 -                Rank 1 : false
2023-05-22 16:56:41,020 [INFO] ADCParametersView:116 -                Rank 1 : false
2023-05-22 16:56:41,020 [INFO] ADCParametersView:116 -                Rank 1 : false
2023-05-22 16:56:41,078 [INFO] ADCParametersView:116 -                SequencerNbRanks 1 : true
2023-05-22 16:56:41,079 [INFO] ADCParametersView:116 -                SequencerNbRanks 1 : true
2023-05-22 16:56:41,081 [INFO] ADCParametersView:116 -                SequencerNbRanks 1 : true
2023-05-22 16:56:41,081 [INFO] ADCParametersView:116 -                SequencerNbRanks 1 : true
2023-05-22 16:56:41,081 [INFO] ADCParametersView:116 -                SequencerNbRanks 1 : true
2023-05-22 16:56:41,081 [INFO] ADCParametersView:116 -                SequencerNbRanks 1 : true
2023-05-22 16:56:41,083 [INFO] ADCParametersView:116 -                SequencerNbRanks 1 : true
2023-05-22 16:56:41,085 [INFO] ADCParametersView:116 -                Rank 1 : false
2023-05-22 16:56:41,151 [INFO] ADCParametersView:116 -                SequencerNbRanks 1 : true
2023-05-22 16:56:41,152 [INFO] ADCParametersView:116 -                Rank 1 : false
2023-05-22 16:56:41,152 [INFO] ADCParametersView:116 -                SequencerNbRanks 1 : true
2023-05-22 16:56:41,152 [INFO] ADCParametersView:116 -                Rank 1 : false
2023-05-22 16:56:41,152 [INFO] ADCParametersView:116 -                SequencerNbRanks 1 : true
2023-05-22 16:56:41,152 [INFO] ADCParametersView:116 -                Rank 1 : false
2023-05-22 16:56:41,152 [INFO] ADCParametersView:116 -                SequencerNbRanks 1 : true
2023-05-22 16:56:41,152 [INFO] ADCParametersView:116 -                Rank 1 : false
2023-05-22 16:56:41,153 [INFO] ADCParametersView:116 -                SequencerNbRanks 1 : true
2023-05-22 16:56:41,153 [INFO] ADCParametersView:116 -                Rank 1 : false
2023-05-22 16:56:41,153 [INFO] ADCParametersView:116 -                SequencerNbRanks 1 : true
2023-05-22 16:56:41,153 [INFO] ADCParametersView:116 -                Rank 1 : false
2023-05-22 16:56:41,153 [INFO] ADCParametersView:116 -                SequencerNbRanks 1 : true
2023-05-22 16:56:41,153 [INFO] ADCParametersView:116 -                Rank 1 : false
2023-05-22 16:56:41,154 [INFO] ADCParametersView:116 -                SequencerNbRanks 1 : true
2023-05-22 16:56:41,154 [INFO] ADCParametersView:116 -                Rank 1 : false
2023-05-22 16:56:41,154 [INFO] ADCParametersView:116 -                SequencerNbRanks 1 : true
2023-05-22 16:56:41,154 [INFO] ADCParametersView:116 -                Rank 1 : false
2023-05-22 16:56:41,154 [INFO] ADCParametersView:116 -                SequencerNbRanks 1 : true
2023-05-22 16:56:41,154 [INFO] ADCParametersView:116 -                Rank 1 : false
2023-05-22 16:56:41,154 [INFO] ADCParametersView:116 -                SequencerNbRanks 1 : true
2023-05-22 16:56:41,155 [INFO] ADCParametersView:116 -                Rank 1 : false
2023-05-22 16:56:41,155 [INFO] ADCParametersView:116 -                SequencerNbRanks 1 : true
2023-05-22 16:56:41,155 [INFO] ADCParametersView:116 -                Rank 1 : false
2023-05-22 16:56:41,155 [INFO] ADCParametersView:116 -                SequencerNbRanks 1 : true
2023-05-22 16:56:41,155 [INFO] ADCParametersView:116 -                Rank 1 : false
2023-05-22 16:56:41,155 [INFO] ADCParametersView:116 -                SequencerNbRanks 1 : true
2023-05-22 16:56:41,155 [INFO] ADCParametersView:116 -                Rank 1 : false
2023-05-22 16:56:41,155 [INFO] ADCParametersView:116 -                SequencerNbRanks 1 : true
2023-05-22 16:56:41,155 [INFO] ADCParametersView:116 -                Rank 1 : false
2023-05-22 16:56:41,155 [INFO] ADCParametersView:116 -                Rank 1 : false
2023-05-22 16:56:41,156 [INFO] ADCParametersView:116 -                Rank 1 : false
2023-05-22 16:56:41,156 [INFO] ADCParametersView:116 -                Rank 1 : false
2023-05-22 16:56:41,156 [INFO] ADCParametersView:116 -                Rank 1 : false
2023-05-22 16:56:41,156 [INFO] ADCParametersView:116 -                Rank 1 : false
2023-05-22 16:56:41,156 [INFO] ADCParametersView:116 -                Rank 1 : false
2023-05-22 16:56:41,205 [INFO] ADCParametersView:116 -                SequencerNbRanks 1 : true
2023-05-22 16:56:41,205 [INFO] ADCParametersView:116 -                SequencerNbRanks 1 : true
2023-05-22 16:56:41,206 [INFO] ADCParametersView:116 -                SequencerNbRanks 1 : true
2023-05-22 16:56:41,207 [INFO] ADCParametersView:116 -                SequencerNbRanks 1 : true
2023-05-22 16:56:41,208 [INFO] ADCParametersView:116 -                SequencerNbRanks 1 : true
2023-05-22 16:56:41,209 [INFO] ADCParametersView:116 -                SequencerNbRanks 1 : true
2023-05-22 16:56:41,211 [INFO] ADCParametersView:116 -                SequencerNbRanks 1 : true
2023-05-22 16:56:41,211 [INFO] ADCParametersView:116 -                Rank 1 : false
2023-05-22 16:57:45,306 [INFO] ADCParametersView:116 -                SequencerNbRanks 1 : true
2023-05-22 16:57:45,308 [INFO] ADCParametersView:116 -                Rank 1 : false
2023-05-22 16:57:45,308 [INFO] ADCParametersView:116 -                SequencerNbRanks 1 : true
2023-05-22 16:57:45,308 [INFO] ADCParametersView:116 -                Rank 1 : false
2023-05-22 16:57:45,308 [INFO] ADCParametersView:116 -                SequencerNbRanks 1 : true
2023-05-22 16:57:45,308 [INFO] ADCParametersView:116 -                Rank 1 : false
2023-05-22 16:57:45,308 [INFO] ADCParametersView:116 -                SequencerNbRanks 1 : true
2023-05-22 16:57:45,308 [INFO] ADCParametersView:116 -                Rank 1 : false
2023-05-22 16:57:45,308 [INFO] ADCParametersView:116 -                SequencerNbRanks 1 : true
2023-05-22 16:57:45,308 [INFO] ADCParametersView:116 -                Rank 1 : false
2023-05-22 16:57:45,309 [INFO] ADCParametersView:116 -                SequencerNbRanks 1 : true
2023-05-22 16:57:45,309 [INFO] ADCParametersView:116 -                Rank 1 : false
2023-05-22 16:57:45,309 [INFO] ADCParametersView:116 -                SequencerNbRanks 1 : true
2023-05-22 16:57:45,309 [INFO] ADCParametersView:116 -                Rank 1 : false
2023-05-22 16:57:45,309 [INFO] ADCParametersView:116 -                SequencerNbRanks 1 : true
2023-05-22 16:57:45,309 [INFO] ADCParametersView:116 -                Rank 1 : false
2023-05-22 16:57:45,309 [INFO] ADCParametersView:116 -                SequencerNbRanks 1 : true
2023-05-22 16:57:45,309 [INFO] ADCParametersView:116 -                Rank 1 : false
2023-05-22 16:57:45,309 [INFO] ADCParametersView:116 -                SequencerNbRanks 1 : true
2023-05-22 16:57:45,309 [INFO] ADCParametersView:116 -                Rank 1 : false
2023-05-22 16:57:45,309 [INFO] ADCParametersView:116 -                SequencerNbRanks 1 : true
2023-05-22 16:57:45,309 [INFO] ADCParametersView:116 -                Rank 1 : false
2023-05-22 16:57:45,310 [INFO] ADCParametersView:116 -                SequencerNbRanks 1 : true
2023-05-22 16:57:45,310 [INFO] ADCParametersView:116 -                Rank 1 : false
2023-05-22 16:57:45,310 [INFO] ADCParametersView:116 -                SequencerNbRanks 1 : true
2023-05-22 16:57:45,310 [INFO] ADCParametersView:116 -                Rank 1 : false
2023-05-22 16:57:45,310 [INFO] ADCParametersView:116 -                SequencerNbRanks 1 : true
2023-05-22 16:57:45,310 [INFO] ADCParametersView:116 -                Rank 1 : false
2023-05-22 16:57:45,310 [INFO] ADCParametersView:116 -                SequencerNbRanks 1 : true
2023-05-22 16:57:45,310 [INFO] ADCParametersView:116 -                Rank 1 : false
2023-05-22 16:57:45,310 [INFO] ADCParametersView:116 -                Rank 1 : false
2023-05-22 16:57:45,310 [INFO] ADCParametersView:116 -                Rank 1 : false
2023-05-22 16:57:45,310 [INFO] ADCParametersView:116 -                Rank 1 : false
2023-05-22 16:57:45,310 [INFO] ADCParametersView:116 -                Rank 1 : false
2023-05-22 16:57:45,310 [INFO] ADCParametersView:116 -                Rank 1 : false
2023-05-22 16:57:45,310 [INFO] ADCParametersView:116 -                Rank 1 : false
2023-05-22 16:57:45,361 [INFO] ADCParametersView:116 -                SequencerNbRanks 1 : true
2023-05-22 16:57:45,361 [INFO] ADCParametersView:116 -                SequencerNbRanks 1 : true
2023-05-22 16:57:45,362 [INFO] ADCParametersView:116 -                SequencerNbRanks 1 : true
2023-05-22 16:57:45,362 [INFO] ADCParametersView:116 -                SequencerNbRanks 1 : true
2023-05-22 16:57:45,363 [INFO] ADCParametersView:116 -                SequencerNbRanks 1 : true
2023-05-22 16:57:45,363 [INFO] ADCParametersView:116 -                SequencerNbRanks 1 : true
2023-05-22 16:57:45,364 [INFO] ADCParametersView:116 -                SequencerNbRanks 1 : true
2023-05-22 16:57:45,364 [INFO] ADCParametersView:116 -                Rank 1 : false
2023-05-22 16:57:45,413 [INFO] ADCParametersView:116 -                SequencerNbRanks 1 : true
2023-05-22 16:57:45,413 [INFO] ADCParametersView:116 -                Rank 1 : false
2023-05-22 16:57:45,413 [INFO] ADCParametersView:116 -                SequencerNbRanks 1 : true
2023-05-22 16:57:45,413 [INFO] ADCParametersView:116 -                Rank 1 : false
2023-05-22 16:57:45,413 [INFO] ADCParametersView:116 -                SequencerNbRanks 1 : true
2023-05-22 16:57:45,413 [INFO] ADCParametersView:116 -                Rank 1 : false
2023-05-22 16:57:45,414 [INFO] ADCParametersView:116 -                SequencerNbRanks 1 : true
2023-05-22 16:57:45,414 [INFO] ADCParametersView:116 -                Rank 1 : false
2023-05-22 16:57:45,414 [INFO] ADCParametersView:116 -                SequencerNbRanks 1 : true
2023-05-22 16:57:45,414 [INFO] ADCParametersView:116 -                Rank 1 : false
2023-05-22 16:57:45,414 [INFO] ADCParametersView:116 -                SequencerNbRanks 1 : true
2023-05-22 16:57:45,414 [INFO] ADCParametersView:116 -                Rank 1 : false
2023-05-22 16:57:45,414 [INFO] ADCParametersView:116 -                SequencerNbRanks 1 : true
2023-05-22 16:57:45,414 [INFO] ADCParametersView:116 -                Rank 1 : false
2023-05-22 16:57:45,414 [INFO] ADCParametersView:116 -                SequencerNbRanks 1 : true
2023-05-22 16:57:45,414 [INFO] ADCParametersView:116 -                Rank 1 : false
2023-05-22 16:57:45,414 [INFO] ADCParametersView:116 -                SequencerNbRanks 1 : true
2023-05-22 16:57:45,414 [INFO] ADCParametersView:116 -                Rank 1 : false
2023-05-22 16:57:45,414 [INFO] ADCParametersView:116 -                SequencerNbRanks 1 : true
2023-05-22 16:57:45,414 [INFO] ADCParametersView:116 -                Rank 1 : false
2023-05-22 16:57:45,414 [INFO] ADCParametersView:116 -                SequencerNbRanks 1 : true
2023-05-22 16:57:45,414 [INFO] ADCParametersView:116 -                Rank 1 : false
2023-05-22 16:57:45,414 [INFO] ADCParametersView:116 -                SequencerNbRanks 1 : true
2023-05-22 16:57:45,414 [INFO] ADCParametersView:116 -                Rank 1 : false
2023-05-22 16:57:45,415 [INFO] ADCParametersView:116 -                SequencerNbRanks 1 : true
2023-05-22 16:57:45,415 [INFO] ADCParametersView:116 -                Rank 1 : false
2023-05-22 16:57:45,415 [INFO] ADCParametersView:116 -                SequencerNbRanks 1 : true
2023-05-22 16:57:45,415 [INFO] ADCParametersView:116 -                Rank 1 : false
2023-05-22 16:57:45,415 [INFO] ADCParametersView:116 -                SequencerNbRanks 1 : true
2023-05-22 16:57:45,415 [INFO] ADCParametersView:116 -                Rank 1 : false
2023-05-22 16:57:45,415 [INFO] ADCParametersView:116 -                Rank 1 : false
2023-05-22 16:57:45,415 [INFO] ADCParametersView:116 -                Rank 1 : false
2023-05-22 16:57:45,415 [INFO] ADCParametersView:116 -                Rank 1 : false
2023-05-22 16:57:45,415 [INFO] ADCParametersView:116 -                Rank 1 : false
2023-05-22 16:57:45,415 [INFO] ADCParametersView:116 -                Rank 1 : false
2023-05-22 16:57:45,415 [INFO] ADCParametersView:116 -                Rank 1 : false
2023-05-22 16:57:45,464 [INFO] ADCParametersView:116 -                SequencerNbRanks 1 : true
2023-05-22 16:57:45,464 [INFO] ADCParametersView:116 -                SequencerNbRanks 1 : true
2023-05-22 16:57:45,466 [INFO] ADCParametersView:116 -                SequencerNbRanks 1 : true
2023-05-22 16:57:45,466 [INFO] ADCParametersView:116 -                SequencerNbRanks 1 : true
2023-05-22 16:57:45,466 [INFO] ADCParametersView:116 -                SequencerNbRanks 1 : true
2023-05-22 16:57:45,466 [INFO] ADCParametersView:116 -                SequencerNbRanks 1 : true
2023-05-22 16:57:45,467 [INFO] ADCParametersView:116 -                SequencerNbRanks 1 : true
2023-05-22 16:57:45,467 [INFO] ADCParametersView:116 -                Rank 1 : false
2023-05-22 16:57:45,795 [INFO] ADCParametersView:116 -                SequencerNbRanks 1 : true
2023-05-22 16:57:45,795 [INFO] ADCParametersView:116 -                Rank 1 : false
2023-05-22 16:57:45,795 [INFO] ADCParametersView:116 -                SequencerNbRanks 1 : true
2023-05-22 16:57:45,795 [INFO] ADCParametersView:116 -                Rank 1 : false
2023-05-22 16:57:45,795 [INFO] ADCParametersView:116 -                SequencerNbRanks 1 : true
2023-05-22 16:57:45,795 [INFO] ADCParametersView:116 -                Rank 1 : false
2023-05-22 16:57:45,795 [INFO] ADCParametersView:116 -                SequencerNbRanks 1 : true
2023-05-22 16:57:45,795 [INFO] ADCParametersView:116 -                Rank 1 : false
2023-05-22 16:57:45,795 [INFO] ADCParametersView:116 -                SequencerNbRanks 1 : true
2023-05-22 16:57:45,795 [INFO] ADCParametersView:116 -                Rank 1 : false
2023-05-22 16:57:45,796 [INFO] ADCParametersView:116 -                SequencerNbRanks 1 : true
2023-05-22 16:57:45,796 [INFO] ADCParametersView:116 -                Rank 1 : false
2023-05-22 16:57:45,796 [INFO] ADCParametersView:116 -                SequencerNbRanks 1 : true
2023-05-22 16:57:45,796 [INFO] ADCParametersView:116 -                Rank 1 : false
2023-05-22 16:57:45,796 [INFO] ADCParametersView:116 -                SequencerNbRanks 1 : true
2023-05-22 16:57:45,796 [INFO] ADCParametersView:116 -                Rank 1 : false
2023-05-22 16:57:45,796 [INFO] ADCParametersView:116 -                SequencerNbRanks 1 : true
2023-05-22 16:57:45,796 [INFO] ADCParametersView:116 -                Rank 1 : false
2023-05-22 16:57:45,796 [INFO] ADCParametersView:116 -                SequencerNbRanks 1 : true
2023-05-22 16:57:45,796 [INFO] ADCParametersView:116 -                Rank 1 : false
2023-05-22 16:57:45,796 [INFO] ADCParametersView:116 -                SequencerNbRanks 1 : true
2023-05-22 16:57:45,796 [INFO] ADCParametersView:116 -                Rank 1 : false
2023-05-22 16:57:45,796 [INFO] ADCParametersView:116 -                SequencerNbRanks 1 : true
2023-05-22 16:57:45,796 [INFO] ADCParametersView:116 -                Rank 1 : false
2023-05-22 16:57:45,796 [INFO] ADCParametersView:116 -                SequencerNbRanks 1 : true
2023-05-22 16:57:45,796 [INFO] ADCParametersView:116 -                Rank 1 : false
2023-05-22 16:57:45,796 [INFO] ADCParametersView:116 -                SequencerNbRanks 1 : true
2023-05-22 16:57:45,796 [INFO] ADCParametersView:116 -                Rank 1 : false
2023-05-22 16:57:45,796 [INFO] ADCParametersView:116 -                SequencerNbRanks 1 : true
2023-05-22 16:57:45,796 [INFO] ADCParametersView:116 -                Rank 1 : false
2023-05-22 16:57:45,796 [INFO] ADCParametersView:116 -                Rank 1 : false
2023-05-22 16:57:45,797 [INFO] ADCParametersView:116 -                Rank 1 : false
2023-05-22 16:57:45,797 [INFO] ADCParametersView:116 -                Rank 1 : false
2023-05-22 16:57:45,797 [INFO] ADCParametersView:116 -                Rank 1 : false
2023-05-22 16:57:45,797 [INFO] ADCParametersView:116 -                Rank 1 : false
2023-05-22 16:57:45,797 [INFO] ADCParametersView:116 -                Rank 1 : false
2023-05-22 16:57:45,847 [INFO] ADCParametersView:116 -                SequencerNbRanks 1 : true
2023-05-22 16:57:45,847 [INFO] ADCParametersView:116 -                SequencerNbRanks 1 : true
2023-05-22 16:57:45,848 [INFO] ADCParametersView:116 -                SequencerNbRanks 1 : true
2023-05-22 16:57:45,848 [INFO] ADCParametersView:116 -                SequencerNbRanks 1 : true
2023-05-22 16:57:45,848 [INFO] ADCParametersView:116 -                SequencerNbRanks 1 : true
2023-05-22 16:57:45,848 [INFO] ADCParametersView:116 -                SequencerNbRanks 1 : true
2023-05-22 16:57:45,849 [INFO] ADCParametersView:116 -                SequencerNbRanks 1 : true
2023-05-22 16:57:45,849 [INFO] ADCParametersView:116 -                Rank 1 : false
2023-05-22 16:57:45,903 [INFO] ADCParametersView:116 -                SequencerNbRanks 1 : true
2023-05-22 16:57:45,903 [INFO] ADCParametersView:116 -                Rank 1 : false
2023-05-22 16:57:45,903 [INFO] ADCParametersView:116 -                SequencerNbRanks 1 : true
2023-05-22 16:57:45,905 [INFO] ADCParametersView:116 -                Rank 1 : false
2023-05-22 16:57:45,905 [INFO] ADCParametersView:116 -                SequencerNbRanks 1 : true
2023-05-22 16:57:45,905 [INFO] ADCParametersView:116 -                Rank 1 : false
2023-05-22 16:57:45,905 [INFO] ADCParametersView:116 -                SequencerNbRanks 1 : true
2023-05-22 16:57:45,905 [INFO] ADCParametersView:116 -                Rank 1 : false
2023-05-22 16:57:45,905 [INFO] ADCParametersView:116 -                SequencerNbRanks 1 : true
2023-05-22 16:57:45,905 [INFO] ADCParametersView:116 -                Rank 1 : false
2023-05-22 16:57:45,906 [INFO] ADCParametersView:116 -                SequencerNbRanks 1 : true
2023-05-22 16:57:45,906 [INFO] ADCParametersView:116 -                Rank 1 : false
2023-05-22 16:57:45,906 [INFO] ADCParametersView:116 -                SequencerNbRanks 1 : true
2023-05-22 16:57:45,906 [INFO] ADCParametersView:116 -                Rank 1 : false
2023-05-22 16:57:45,906 [INFO] ADCParametersView:116 -                SequencerNbRanks 1 : true
2023-05-22 16:57:45,906 [INFO] ADCParametersView:116 -                Rank 1 : false
2023-05-22 16:57:45,906 [INFO] ADCParametersView:116 -                SequencerNbRanks 1 : true
2023-05-22 16:57:45,906 [INFO] ADCParametersView:116 -                Rank 1 : false
2023-05-22 16:57:45,906 [INFO] ADCParametersView:116 -                SequencerNbRanks 1 : true
2023-05-22 16:57:45,906 [INFO] ADCParametersView:116 -                Rank 1 : false
2023-05-22 16:57:45,906 [INFO] ADCParametersView:116 -                SequencerNbRanks 1 : true
2023-05-22 16:57:45,906 [INFO] ADCParametersView:116 -                Rank 1 : false
2023-05-22 16:57:45,906 [INFO] ADCParametersView:116 -                SequencerNbRanks 1 : true
2023-05-22 16:57:45,906 [INFO] ADCParametersView:116 -                Rank 1 : false
2023-05-22 16:57:45,906 [INFO] ADCParametersView:116 -                SequencerNbRanks 1 : true
2023-05-22 16:57:45,906 [INFO] ADCParametersView:116 -                Rank 1 : false
2023-05-22 16:57:45,907 [INFO] ADCParametersView:116 -                SequencerNbRanks 1 : true
2023-05-22 16:57:45,907 [INFO] ADCParametersView:116 -                Rank 1 : false
2023-05-22 16:57:45,907 [INFO] ADCParametersView:116 -                SequencerNbRanks 1 : true
2023-05-22 16:57:45,907 [INFO] ADCParametersView:116 -                Rank 1 : false
2023-05-22 16:57:45,907 [INFO] ADCParametersView:116 -                Rank 1 : false
2023-05-22 16:57:45,907 [INFO] ADCParametersView:116 -                Rank 1 : false
2023-05-22 16:57:45,907 [INFO] ADCParametersView:116 -                Rank 1 : false
2023-05-22 16:57:45,907 [INFO] ADCParametersView:116 -                Rank 1 : false
2023-05-22 16:57:45,907 [INFO] ADCParametersView:116 -                Rank 1 : false
2023-05-22 16:57:45,907 [INFO] ADCParametersView:116 -                Rank 1 : false
2023-05-22 16:57:45,962 [INFO] ADCParametersView:116 -                SequencerNbRanks 1 : true
2023-05-22 16:57:45,963 [INFO] ADCParametersView:116 -                SequencerNbRanks 1 : true
2023-05-22 16:57:45,964 [INFO] ADCParametersView:116 -                SequencerNbRanks 1 : true
2023-05-22 16:57:45,964 [INFO] ADCParametersView:116 -                SequencerNbRanks 1 : true
2023-05-22 16:57:45,965 [INFO] ADCParametersView:116 -                SequencerNbRanks 1 : true
2023-05-22 16:57:45,965 [INFO] ADCParametersView:116 -                SequencerNbRanks 1 : true
2023-05-22 16:57:45,968 [INFO] ADCParametersView:116 -                SequencerNbRanks 1 : true
2023-05-22 16:57:45,968 [INFO] ADCParametersView:116 -                Rank 1 : false
2023-05-22 16:58:11,058 [INFO] NvicIntPanel:101 - NVIC parent = com.st.microxplorer.plugins.ip.nvic.MultiNvicIntPanel[,0,0,0x0,invalid,layout=javax.swing.BoxLayout,alignmentX=0.0,alignmentY=0.0,border=,flags=9,maximumSize=,minimumSize=,preferredSize=]
2023-05-22 16:58:15,910 [INFO] NvicIntPanel:101 - NVIC parent = com.st.microxplorer.plugins.ip.nvic.MultiNvicIntPanel[,0,0,0x0,invalid,layout=javax.swing.BoxLayout,alignmentX=0.0,alignmentY=0.0,border=,flags=9,maximumSize=,minimumSize=,preferredSize=]
2023-05-22 16:58:48,213 [INFO] UtilMem:75 - End SaveConfig() Used Memory: 552262424 Bytes (768606208)
2023-05-22 16:58:49,336 [INFO] UtilMem:75 - End SaveConfig() Used Memory: 585987640 Bytes (768606208)
2023-05-22 16:58:49,492 [INFO] UtilMem:75 - End SaveConfig() Used Memory: 619355608 Bytes (768606208)
2023-05-22 16:58:49,766 [INFO] ProjectBuilder:2308 - IP not ready for code generation: Clock
2023-05-22 16:59:19,134 [INFO] NvicIntPanel:101 - NVIC parent = com.st.microxplorer.plugins.ip.nvic.MultiNvicIntPanel[,0,0,450x180,invalid,layout=javax.swing.BoxLayout,alignmentX=0.0,alignmentY=0.0,border=,flags=9,maximumSize=,minimumSize=,preferredSize=]
2023-05-22 16:59:21,199 [INFO] UtilMem:75 - End SaveConfig() Used Memory: 895274888 Bytes (1073741824)
2023-05-22 16:59:22,559 [INFO] UtilMem:75 - End SaveConfig() Used Memory: 928256416 Bytes (1073741824)
2023-05-22 16:59:22,713 [INFO] UtilMem:75 - End SaveConfig() Used Memory: 959713696 Bytes (1073741824)
2023-05-22 16:59:23,015 [INFO] BlockDiagram:2759 - set Specific Code input for plugin: ADC
2023-05-22 16:59:23,015 [INFO] BlockDiagram:2759 - set Specific Code input for plugin: RCC
2023-05-22 16:59:23,015 [INFO] BlockDiagram:2759 - set Specific Code input for plugin: NVIC
2023-05-22 16:59:23,017 [INFO] BlockDiagram:2759 - set Specific Code input for plugin: GPIO
2023-05-22 16:59:23,019 [INFO] CodeGenerator:793 - code generatio: config db path: C:\ST\STM32CubeIDE_1.12.0\STM32CubeIDE\plugins\com.st.stm32cube.common.mx_6.8.0.202302231600\\db\
2023-05-22 16:59:23,271 [INFO] CodeEngine:255 - oldGeneratedFile, C:\Users\Utente\Desktop\CSD\Schedino\WorkSpace\Esercizio8\prova\MXTmpFiles\license.tmp_save
2023-05-22 16:59:23,392 [INFO] CodeEngine:279 - Generated code: C:\Users\Utente\Desktop\CSD\Schedino\WorkSpace\Esercizio8\prova\MXTmpFiles\license.tmp
2023-05-22 16:59:23,506 [INFO] CodeEngine:255 - oldGeneratedFile, C:\Users\Utente\Desktop\CSD\Schedino\WorkSpace\Esercizio8\prova\MXTmpFiles\gpio.tmp_save
2023-05-22 16:59:23,641 [INFO] CodeEngine:279 - Generated code: C:\Users\Utente\Desktop\CSD\Schedino\WorkSpace\Esercizio8\prova\MXTmpFiles\gpio.tmp
2023-05-22 16:59:23,716 [INFO] CodeEngine:255 - oldGeneratedFile, C:\Users\Utente\Desktop\CSD\Schedino\WorkSpace\Esercizio8\prova\Core\Src\stm32f3xx_it.c_save
2023-05-22 16:59:23,879 [INFO] CodeEngine:279 - Generated code: C:\Users\Utente\Desktop\CSD\Schedino\WorkSpace\Esercizio8\prova\Core\Src\stm32f3xx_it.c
2023-05-22 16:59:23,892 [INFO] CodeEngine:255 - oldGeneratedFile, C:\Users\Utente\Desktop\CSD\Schedino\WorkSpace\Esercizio8\prova\Core\Inc\stm32f3xx_it.h_save
2023-05-22 16:59:24,003 [INFO] CodeEngine:279 - Generated code: C:\Users\Utente\Desktop\CSD\Schedino\WorkSpace\Esercizio8\prova\Core\Inc\stm32f3xx_it.h
2023-05-22 16:59:24,036 [INFO] CodeEngine:255 - oldGeneratedFile, C:\Users\Utente\Desktop\CSD\Schedino\WorkSpace\Esercizio8\prova\Core\Src\stm32f3xx_hal_msp.c_save
2023-05-22 16:59:24,191 [INFO] CodeEngine:279 - Generated code: C:\Users\Utente\Desktop\CSD\Schedino\WorkSpace\Esercizio8\prova\Core\Src\stm32f3xx_hal_msp.c
2023-05-22 16:59:24,202 [INFO] CodeEngine:255 - oldGeneratedFile, C:\Users\Utente\Desktop\CSD\Schedino\WorkSpace\Esercizio8\prova\MXTmpFiles\system.tmp_save
2023-05-22 16:59:24,309 [INFO] CodeEngine:279 - Generated code: C:\Users\Utente\Desktop\CSD\Schedino\WorkSpace\Esercizio8\prova\MXTmpFiles\system.tmp
2023-05-22 16:59:24,323 [INFO] CodeEngine:311 - oldGeneratedFile, C:\Users\Utente\Desktop\CSD\Schedino\WorkSpace\Esercizio8\prova\Core\Inc\stm32f3xx_hal_conf.h_save
2023-05-22 16:59:24,422 [INFO] CodeEngine:335 - Generated code: C:\Users\Utente\Desktop\CSD\Schedino\WorkSpace\Esercizio8\prova\Core\Inc\stm32f3xx_hal_conf.h
2023-05-22 16:59:24,467 [INFO] CodeEngine:255 - oldGeneratedFile, C:\Users\Utente\Desktop\CSD\Schedino\WorkSpace\Esercizio8\prova\Core\Inc\main.h_save
2023-05-22 16:59:24,549 [INFO] CodeEngine:279 - Generated code: C:\Users\Utente\Desktop\CSD\Schedino\WorkSpace\Esercizio8\prova\Core\Inc\main.h
2023-05-22 16:59:24,559 [INFO] CodeEngine:255 - oldGeneratedFile, C:\Users\Utente\Desktop\CSD\Schedino\WorkSpace\Esercizio8\prova\Core\Src\main.c_save
2023-05-22 16:59:24,679 [INFO] CodeEngine:279 - Generated code: C:\Users\Utente\Desktop\CSD\Schedino\WorkSpace\Esercizio8\prova\Core\Src\main.c
2023-05-22 16:59:25,587 [INFO] ProjectBuilder:2996 - Time for Copy HAL[1] : 303mS.
2023-05-22 16:59:25,595 [INFO] ProjectBuilder:4304 - Project Generator version: 3.19.2
2023-05-22 16:59:25,865 [INFO] ConfigFileManager:1483 - The Die is : DIE422
2023-05-22 16:59:27,978 [INFO] ProjectBuilder:4505 - Time for Generating toolchain IDE Files: 2383mS.
2023-05-22 16:59:27,979 [INFO] ProjectBuilder:2867 - Time for Copy CMSIS : 1mS.
2023-05-22 16:59:27,999 [INFO] ProjectBuilder:2867 - Time for Copy CMSIS : 0mS.
