00000000                                     1  **************SottroProgramma:RICERCA_MIN***********************************
00008700                                     2  			ORG		$8700
00008700  4E56 0000                          3  RICERCA_MIN		LINK 		A6,#0
00008704  226E 0004                          4  			MOVEA.L	offRtn(A6),A1
00008708  206E 000C                          5  			MOVEA.L	offMtr(A6),A0
0000870C  3C2E 000A                          6  			MOVE.W	offRg(A6),D6
00008710  3E2E 0008                          7  			MOVE.W	offCl(A6),D7
00008714                                     8  
00008714                                     9  ***************************LOGICA*********************
00008714  363C 007F                         10  			MOVE.W	#$7F,D3
00008718  4240                              11  			CLR.W		D0
0000871A  4241                              12  LOOPm		CLR.W		D1
0000871C  B670 1000                         13  LOOP2m		CMP.W	(A0,D1),D3
00008720  6F00 0008                         14  			BLE		SKIPm
00008724  3630 1000                         15  			MOVE.W	(A0,D1),D3
00008728  3808                              16  			MOVE.W	A0,D4
0000872A  5441                              17  SKIPm			ADD		#2,D1		
0000872C  B246                              18  			CMP		D6,D1
0000872E  66EC                              19  			BNE		LOOP2m
00008730  D0C6                              20  			ADD		D6,A0
00008732  5440                              21  			ADD		#2,D0
00008734  B047                              22  			CMP		D7,D0
00008736  66E2                              23  			BNE		LOOPm
00008738                                    24  			
00008738                                    25  
00008738                                    26  
00008738                                    27  
00008738                                    28  
00008738                                    29  ***************************LOGICA*********************
00008738                                    30  
00008738  2D43 0010                         31  SAVE_MIN		MOVE.L	D3,offMin(A6)
0000873C  2D44 0014                         32  			MOVE.L	D4,offIndMin(A6)
00008740  4240                              33  			CLR.W		D0
00008742  4241                              34  			CLR.W		D1
00008744  4242                              35  			CLR.W		D2
00008746  4243                              36  			CLR.W		D3
00008748  4244                              37  			CLR.W		D4
0000874A  4245                              38  			CLR.W		D5
0000874C  4246                              39  			CLR.W		D6
0000874E  4247                              40  			CLR.W		D7
00008750  4E5E                              41  			UNLK		A6
00008752  4E75                              42  			RTS
00008754                                    43  
00008754                                    44  
00008754                                    45  
00008754                                    46  
00008754                                    47  
00008754                                    48  
00008754                                    49  
00008754                                    50  
00008754                                    51  
00008754                                    52  ***************************MAIN********************
00008754                                    53  		
00008500                                    54  			ORG		$8500
00008500  DFFC FFFFFFFC                     55  INIZIO			ADDA.L	#-4,SP
00008506  DFFC FFFFFFFC                     56  			ADDA.L	#-4,SP
0000850C  2F3C 00008000                     57  			MOVE.L	#MTR,-(SP)
00008512  3F39 00008014                     58  			MOVE.W	RG,-(SP)
00008518  3F39 00008012                     59  			MOVE.W	CL,-(SP)
0000851E  4EB9 00008700                     60  			JSR		RICERCA_MIN
00008524  DEFC 0008                         61  			ADDA		#8,SP
00008528  23DF 00008016                     62  			MOVE.L	(SP)+,MIN
0000852E  23DF 0000801A                     63  			MOVE.L	(SP)+,INDMIN
00008534  4EF9 00008534                     64  STOP			JMP		STOP
0000853A                                    65  			
0000853A                                    66  			
0000853A                                    67  
0000853A                                    68  
0000853A                                    69  
0000853A                                    70  
0000853A                                    71  
0000853A                                    72  
0000853A                                    73  
0000853A                                    74  
0000853A                                    75  
0000853A                                    76  
0000853A                                    77  
0000853A                                    78  
0000853A                                    79  ***************************AREA   DATI********************
0000853A                                    80  		
00008000                                    81  			ORG		$8000
00008000                                    82  
00008000  000B 0002 0037                    83  MTR			DC.W		11,2,55
00008006  0004 0001 0021                    84  			DC.W		4,1,33
0000800C  0006 0005 0003                    85  			DC.W		6,5,3
00008012                                    86  		
00008012  =00000002                         87  DIM_S			EQU		2
00008012  =00000006                         88  M			EQU		DIM_S*3
00008012  =00000006                         89  M1			EQU		DIM_S*3
00008012  0006                              90  CL			DC.W		M
00008014  0006                              91  RG			DC.W		M1
00008016                                    92  
00008016                                    93  MIN			DS.L		1
0000801A                                    94  INDMIN		DS.L		1
0000801E                                    95  
0000801E                                    96  ***OFFSET
0000801E  =00000004                         97  offRtn			EQU		4
0000801E  =00000008                         98  offCl			EQU		8
0000801E  =0000000A                         99  offRg			EQU		10
0000801E  =0000000C                        100  offMtr			EQU		12
0000801E  =00000010                        101  offMin			EQU		16
0000801E  =00000014                        102  offIndMin		EQU		20
0000801E                                   103  		
0000801E                                   104  			END		INIZIO				

No errors detected
No warnings generated
