2023-06-10 09:11:01,046 [INFO] Activator:176 - 


2023-06-10 09:11:01,051 [INFO] Activator:177 - !SESSION log4j initialized
2023-06-10 09:11:06,424 [INFO] LogOutputStream:77 - [STDOUT_REDIRECT] 
2023-06-10 09:11:32,077 [ERROR] LogOutputStream:75 - [STDERR_REDIRECT] SLF4J: Failed to load class "org.slf4j.impl.StaticLoggerBinder".
2023-06-10 09:11:32,078 [ERROR] LogOutputStream:75 - [STDERR_REDIRECT] SLF4J: Defaulting to no-operation (NOP) logger implementation
2023-06-10 09:11:32,081 [ERROR] LogOutputStream:75 - [STDERR_REDIRECT] SLF4J: See http://www.slf4j.org/codes.html#StaticLoggerBinder for further details.
2023-06-10 10:14:37,224 [INFO] Activator:176 - 


2023-06-10 10:14:37,226 [INFO] Activator:177 - !SESSION log4j initialized
2023-06-10 10:14:40,713 [INFO] LogOutputStream:77 - [STDOUT_REDIRECT] 
2023-06-10 10:14:44,014 [INFO] ApplicationProperties:184 - Using Application install path: C:\ST\STM32CubeIDE_1.12.0\STM32CubeIDE\plugins\com.st.stm32cube.common.mx_6.8.1.202304191431
2023-06-10 10:14:44,039 [INFO] DbMcusXml:78 - Set database path to: C:\ST\STM32CubeIDE_1.12.0\STM32CubeIDE\plugins\com.st.stm32cube.common.mx_6.8.1.202304191431\\db\/mcu/
2023-06-10 10:14:44,039 [INFO] ApiDb:274 - Set plugin database path to: C:\ST\STM32CubeIDE_1.12.0\STM32CubeIDE\plugins\com.st.stm32cube.common.mx_6.8.1.202304191431\\db\/plugins/boardmanager/
2023-06-10 10:14:44,042 [WARN] ApiDb:259 - Overriding images path with different value:  => C:\ST\STM32CubeIDE_1.12.0\STM32CubeIDE\plugins\com.st.stm32cube.common.mx_6.8.1.202304191431\\db\/plugins/mcufinder/images/
2023-06-10 10:14:44,064 [INFO] ApiDb:250 - Set database path to: C:\Users\Utente\.stmcufinder\plugins\mcufinder//mcu/
2023-06-10 10:14:44,066 [INFO] DbMcusAds:125 - Set database path to: C:\Users\Utente\.stmcufinder\plugins\mcufinder//mcu/
2023-06-10 10:14:44,068 [INFO] CrossReferenceDbSqlite:203 - Set database path to: C:\Users\Utente\.stmcufinder\plugins\mcufinder//mcu/cs/
2023-06-10 10:14:44,217 [INFO] RulesReader:64 - Compatibility file has been processed (293 Rules)
2023-06-10 10:14:44,311 [INFO] DbMcusXml:78 - Set database path to: C:\ST\STM32CubeIDE_1.12.0\STM32CubeIDE\plugins\com.st.stm32cube.common.mx_6.8.1.202304191431\\db\/mcu/
2023-06-10 10:14:44,311 [INFO] ApiDb:274 - Set plugin database path to: C:\ST\STM32CubeIDE_1.12.0\STM32CubeIDE\plugins\com.st.stm32cube.common.mx_6.8.1.202304191431\\db\/plugins/boardmanager/
2023-06-10 10:14:44,311 [INFO] ApiDb:261 - Set plugin images path to: C:\ST\STM32CubeIDE_1.12.0\STM32CubeIDE\plugins\com.st.stm32cube.common.mx_6.8.1.202304191431\\db\/plugins/mcufinder/images/
2023-06-10 10:14:44,312 [WARN] DbFile:41 - Overriding database path with different value: C:\Users\Utente\.stmcufinder\plugins\mcufinder/ => C:\Users\Utente\.stmcufinder\plugins\mcufinder
2023-06-10 10:14:44,312 [INFO] ApiDb:250 - Set database path to: C:\Users\Utente\.stmcufinder\plugins\mcufinder//mcu/
2023-06-10 10:14:44,312 [WARN] DbFile:41 - Overriding database path with different value: C:\Users\Utente\.stmcufinder\plugins\mcufinder/ => C:\Users\Utente\.stmcufinder\plugins\mcufinder
2023-06-10 10:14:44,312 [INFO] DbMcusAds:125 - Set database path to: C:\Users\Utente\.stmcufinder\plugins\mcufinder//mcu/
2023-06-10 10:14:44,312 [WARN] DbFile:41 - Overriding database path with different value: C:\Users\Utente\.stmcufinder\plugins\mcufinder/ => C:\Users\Utente\.stmcufinder\plugins\mcufinder
2023-06-10 10:14:44,312 [WARN] DbFile:41 - Overriding database path with different value: C:\Users\Utente\.stmcufinder\plugins\mcufinder/ => C:\Users\Utente\.stmcufinder\plugins\mcufinder
2023-06-10 10:14:44,313 [INFO] CrossReferenceDbSqlite:203 - Set database path to: C:\Users\Utente\.stmcufinder\plugins\mcufinder//mcu/cs/
2023-06-10 10:14:44,410 [INFO] MainPanel:253 - HeapMemory: 268435456
2023-06-10 10:14:44,508 [INFO] DbMcusXml:78 - Set database path to: C:\ST\STM32CubeIDE_1.12.0\STM32CubeIDE\plugins\com.st.stm32cube.common.mx_6.8.1.202304191431\\db\/mcu/
2023-06-10 10:14:44,509 [INFO] ApiDb:274 - Set plugin database path to: C:\ST\STM32CubeIDE_1.12.0\STM32CubeIDE\plugins\com.st.stm32cube.common.mx_6.8.1.202304191431\\db\/plugins/boardmanager/
2023-06-10 10:14:44,509 [INFO] ApiDb:261 - Set plugin images path to: C:\ST\STM32CubeIDE_1.12.0\STM32CubeIDE\plugins\com.st.stm32cube.common.mx_6.8.1.202304191431\\db\/plugins/mcufinder/images/
2023-06-10 10:14:44,509 [WARN] DbFile:41 - Overriding database path with different value: C:\Users\Utente\.stmcufinder\plugins\mcufinder/ => C:\Users\Utente\.stmcufinder\plugins\mcufinder
2023-06-10 10:14:44,509 [INFO] ApiDb:250 - Set database path to: C:\Users\Utente\.stmcufinder\plugins\mcufinder//mcu/
2023-06-10 10:14:44,510 [WARN] DbFile:41 - Overriding database path with different value: C:\Users\Utente\.stmcufinder\plugins\mcufinder/ => C:\Users\Utente\.stmcufinder\plugins\mcufinder
2023-06-10 10:14:44,510 [INFO] DbMcusAds:125 - Set database path to: C:\Users\Utente\.stmcufinder\plugins\mcufinder//mcu/
2023-06-10 10:14:44,510 [WARN] DbFile:41 - Overriding database path with different value: C:\Users\Utente\.stmcufinder\plugins\mcufinder/ => C:\Users\Utente\.stmcufinder\plugins\mcufinder
2023-06-10 10:14:44,510 [WARN] DbFile:41 - Overriding database path with different value: C:\Users\Utente\.stmcufinder\plugins\mcufinder/ => C:\Users\Utente\.stmcufinder\plugins\mcufinder
2023-06-10 10:14:44,510 [INFO] CrossReferenceDbSqlite:203 - Set database path to: C:\Users\Utente\.stmcufinder\plugins\mcufinder//mcu/cs/
2023-06-10 10:14:44,535 [INFO] ApplicationProperties:184 - Using Application install path: C:\ST\STM32CubeIDE_1.12.0\STM32CubeIDE\plugins\com.st.stm32cube.common.mx_6.8.1.202304191431
2023-06-10 10:14:44,536 [INFO] PluginManage:196 - Search for loadable plugins [exclusion list=, ]
2023-06-10 10:14:44,539 [INFO] PluginManage:310 - Check plugin analytics
2023-06-10 10:14:44,727 [INFO] AnalyticsPlugin:253 - Accepted Software Licenses: 
2023-06-10 10:14:44,728 [INFO] AnalyticsPlugin:255 - Accepted CMSIS Pack Licenses: STMicroelectronics.X-CUBE-ALGOBUILD.1.3.0,STMicroelectronics.X-CUBE-NFC7.1.0.0,STMicroelectronics.X-CUBE-BLE1.6.2.4
2023-06-10 10:14:44,728 [INFO] AnalyticsPlugin:257 - Accepted Firmware Licenses: FW.F4.1.27.0
2023-06-10 10:14:44,739 [INFO] PluginManage:359 - Loaded plugin analytics (category:tool,tabindex:-1)
2023-06-10 10:14:44,739 [INFO] PluginManage:310 - Check plugin cadmodel
2023-06-10 10:14:44,776 [INFO] CADModel:105 - Init CAD model plugin
2023-06-10 10:14:44,777 [INFO] PluginManage:359 - Loaded plugin cadmodel (category:power,tabindex:5)
2023-06-10 10:14:44,777 [INFO] PluginManage:310 - Check plugin clock
2023-06-10 10:14:44,791 [INFO] PluginManage:359 - Loaded plugin clock (category:base,tabindex:2)
2023-06-10 10:14:44,792 [INFO] PluginManage:310 - Check plugin ddr
2023-06-10 10:14:44,795 [INFO] PluginManage:359 - Loaded plugin ddr (category:tool,tabindex:6)
2023-06-10 10:14:44,795 [INFO] PluginManage:310 - Check plugin filemanager
2023-06-10 10:14:44,996 [INFO] PluginManage:359 - Loaded plugin filemanager (category:base,tabindex:10)
2023-06-10 10:14:44,996 [INFO] PluginManage:310 - Check plugin ipmanager
2023-06-10 10:14:45,007 [INFO] PluginManage:359 - Loaded plugin ipmanager (category:base,tabindex:5)
2023-06-10 10:14:45,008 [INFO] PluginManage:310 - Check plugin lpbam
2023-06-10 10:14:45,020 [INFO] PluginManage:359 - Loaded plugin lpbam (category:base,tabindex:0)
2023-06-10 10:14:45,020 [INFO] PluginManage:310 - Check plugin pinoutandconfiguration
2023-06-10 10:14:45,029 [INFO] PluginManage:359 - Loaded plugin pinoutandconfiguration (category:base,tabindex:1)
2023-06-10 10:14:45,030 [INFO] PluginManage:310 - Check plugin pinoutconfig
2023-06-10 10:14:45,111 [WARN] SupportedApi:132 - Cannot load RTOS API schema: s4s-elt-must-match.1: The content of 'definitions' must match (annotation?, (simpleType | complexType)?, (unique | key | keyref)*)). A problem was found starting at: attribute.
2023-06-10 10:14:45,357 [INFO] PluginManage:359 - Loaded plugin pinoutconfig (category:base,tabindex:0)
2023-06-10 10:14:45,357 [INFO] PluginManage:310 - Check plugin power
2023-06-10 10:14:45,374 [INFO] PluginManage:359 - Loaded plugin power (category:power,tabindex:4)
2023-06-10 10:14:45,375 [INFO] PluginManage:310 - Check plugin projectmanager
2023-06-10 10:14:45,411 [INFO] PluginManage:359 - Loaded plugin projectmanager (category:projectmanager,tabindex:3)
2023-06-10 10:14:45,411 [INFO] PluginManage:310 - Check plugin thirdparty
2023-06-10 10:14:45,594 [INFO] PluginManage:359 - Loaded plugin thirdparty (category:base,tabindex:-1)
2023-06-10 10:14:45,596 [INFO] PluginManage:310 - Check plugin tools
2023-06-10 10:14:45,594 [WARN] IntegrityCheckThread:84 - waiting for thirdparty lock release [integrity check]
2023-06-10 10:14:45,596 [INFO] IntegrityCheckThread:86 - entering critical section [integrity check]
2023-06-10 10:14:45,600 [INFO] ThirdPartyUpdaterWithRetryManager:70 - Updater plugin not ready yet. [1/15]
2023-06-10 10:14:45,600 [INFO] PluginManage:359 - Loaded plugin tools (category:base,tabindex:7)
2023-06-10 10:14:45,601 [INFO] PluginManage:310 - Check plugin tutovideos
2023-06-10 10:14:45,825 [INFO] PluginManage:359 - Loaded plugin tutovideos (category:base,tabindex:-1)
2023-06-10 10:14:45,825 [INFO] PluginManage:310 - Check plugin updater
2023-06-10 10:14:45,843 [INFO] PluginManage:359 - Loaded plugin updater (category:base,tabindex:12)
2023-06-10 10:14:45,845 [INFO] PluginManage:283 - PluginManage : Loaded plugins [15]
2023-06-10 10:14:46,158 [INFO] PinOutPanel:1499 - setPackage(No Configuration,No Configuration)
2023-06-10 10:14:46,253 [INFO] CADModel:165 - CPN selected for project level
2023-06-10 10:14:46,253 [INFO] CADModel:114 - Register for checkConnection events
2023-06-10 10:14:46,282 [INFO] IPUIPlugin:80 - create IPUIPlugin
2023-06-10 10:14:46,282 [INFO] PluginManager:220 - loadIPPluginJar : add adc
2023-06-10 10:14:46,286 [INFO] IPUIPlugin:80 - create IPUIPlugin
2023-06-10 10:14:46,286 [INFO] PluginManager:220 - loadIPPluginJar : add aes
2023-06-10 10:14:46,292 [INFO] IPUIPlugin:80 - create IPUIPlugin
2023-06-10 10:14:46,292 [INFO] PluginManager:220 - loadIPPluginJar : add can
2023-06-10 10:14:46,295 [INFO] IPUIPlugin:80 - create IPUIPlugin
2023-06-10 10:14:46,295 [INFO] PluginManager:220 - loadIPPluginJar : add comp
2023-06-10 10:14:46,298 [INFO] IPUIPlugin:80 - create IPUIPlugin
2023-06-10 10:14:46,298 [INFO] PluginManager:220 - loadIPPluginJar : add cryp
2023-06-10 10:14:46,301 [INFO] IPUIPlugin:80 - create IPUIPlugin
2023-06-10 10:14:46,301 [INFO] PluginManager:220 - loadIPPluginJar : add dfsdm
2023-06-10 10:14:46,311 [INFO] IPUIPlugin:80 - create IPUIPlugin
2023-06-10 10:14:46,312 [INFO] PluginManager:220 - loadIPPluginJar : add dma
2023-06-10 10:14:46,316 [INFO] IPUIPlugin:80 - create IPUIPlugin
2023-06-10 10:14:46,317 [INFO] PluginManager:220 - loadIPPluginJar : add dma3
2023-06-10 10:14:46,319 [INFO] IPUIPlugin:80 - create IPUIPlugin
2023-06-10 10:14:46,319 [INFO] PluginManager:220 - loadIPPluginJar : add fatfs
2023-06-10 10:14:46,327 [INFO] IPUIPlugin:80 - create IPUIPlugin
2023-06-10 10:14:46,327 [INFO] PluginManager:220 - loadIPPluginJar : add fmc
2023-06-10 10:14:46,334 [INFO] IPUIPlugin:80 - create IPUIPlugin
2023-06-10 10:14:46,335 [INFO] PluginManager:220 - loadIPPluginJar : add freertos
2023-06-10 10:14:46,337 [INFO] IPUIPlugin:80 - create IPUIPlugin
2023-06-10 10:14:46,338 [INFO] PluginManager:220 - loadIPPluginJar : add genericplugin
2023-06-10 10:14:46,341 [INFO] IPUIPlugin:80 - create IPUIPlugin
2023-06-10 10:14:46,341 [INFO] PluginManager:220 - loadIPPluginJar : add gfxmmu
2023-06-10 10:14:46,349 [INFO] IPUIPlugin:80 - create IPUIPlugin
2023-06-10 10:14:46,349 [INFO] PluginManager:220 - loadIPPluginJar : add gic
2023-06-10 10:14:46,356 [INFO] IPUIPlugin:80 - create IPUIPlugin
2023-06-10 10:14:46,356 [INFO] PluginManager:220 - loadIPPluginJar : add gpio
2023-06-10 10:14:46,361 [INFO] IPUIPlugin:80 - create IPUIPlugin
2023-06-10 10:14:46,362 [INFO] PluginManager:220 - loadIPPluginJar : add gtzc
2023-06-10 10:14:46,365 [INFO] IPUIPlugin:80 - create IPUIPlugin
2023-06-10 10:14:46,365 [INFO] PluginManager:220 - loadIPPluginJar : add hash
2023-06-10 10:14:46,369 [INFO] IPUIPlugin:80 - create IPUIPlugin
2023-06-10 10:14:46,369 [INFO] PluginManager:220 - loadIPPluginJar : add i2c
2023-06-10 10:14:46,373 [INFO] IPUIPlugin:80 - create IPUIPlugin
2023-06-10 10:14:46,374 [INFO] PluginManager:220 - loadIPPluginJar : add i2s
2023-06-10 10:14:46,378 [INFO] IPUIPlugin:80 - create IPUIPlugin
2023-06-10 10:14:46,378 [INFO] PluginManager:220 - loadIPPluginJar : add i3c
2023-06-10 10:14:46,383 [INFO] IPUIPlugin:80 - create IPUIPlugin
2023-06-10 10:14:46,383 [INFO] PluginManager:220 - loadIPPluginJar : add ipddr
2023-06-10 10:14:46,393 [INFO] IPUIPlugin:80 - create IPUIPlugin
2023-06-10 10:14:46,394 [INFO] PluginManager:220 - loadIPPluginJar : add linkedlist
2023-06-10 10:14:46,397 [INFO] IPUIPlugin:80 - create IPUIPlugin
2023-06-10 10:14:46,397 [INFO] PluginManager:220 - loadIPPluginJar : add lorawan
2023-06-10 10:14:46,399 [INFO] IPUIPlugin:80 - create IPUIPlugin
2023-06-10 10:14:46,399 [INFO] PluginManager:220 - loadIPPluginJar : add ltdc
2023-06-10 10:14:46,407 [INFO] IPUIPlugin:80 - create IPUIPlugin
2023-06-10 10:14:46,407 [INFO] PluginManager:220 - loadIPPluginJar : add mdma
2023-06-10 10:14:46,412 [INFO] IPUIPlugin:80 - create IPUIPlugin
2023-06-10 10:14:46,412 [INFO] PluginManager:220 - loadIPPluginJar : add nvic
2023-06-10 10:14:46,417 [INFO] IPUIPlugin:80 - create IPUIPlugin
2023-06-10 10:14:46,417 [INFO] PluginManager:220 - loadIPPluginJar : add opamp
2023-06-10 10:14:46,421 [INFO] IPUIPlugin:80 - create IPUIPlugin
2023-06-10 10:14:46,422 [INFO] PluginManager:220 - loadIPPluginJar : add openamp
2023-06-10 10:14:46,426 [INFO] IPUIPlugin:80 - create IPUIPlugin
2023-06-10 10:14:46,427 [INFO] PluginManager:220 - loadIPPluginJar : add pdm2pcm
2023-06-10 10:14:46,437 [INFO] IPUIPlugin:80 - create IPUIPlugin
2023-06-10 10:14:46,442 [INFO] PluginManager:220 - loadIPPluginJar : add plateformsettings
2023-06-10 10:14:46,445 [INFO] IPUIPlugin:80 - create IPUIPlugin
2023-06-10 10:14:46,445 [INFO] PluginManager:220 - loadIPPluginJar : add quadspi
2023-06-10 10:14:46,450 [INFO] IPUIPlugin:80 - create IPUIPlugin
2023-06-10 10:14:46,450 [INFO] PluginManager:220 - loadIPPluginJar : add resmgrutility
2023-06-10 10:14:46,456 [INFO] IPUIPlugin:80 - create IPUIPlugin
2023-06-10 10:14:46,456 [INFO] PluginManager:220 - loadIPPluginJar : add sai
2023-06-10 10:14:46,459 [INFO] IPUIPlugin:80 - create IPUIPlugin
2023-06-10 10:14:46,459 [INFO] PluginManager:220 - loadIPPluginJar : add spi
2023-06-10 10:14:46,468 [INFO] IPUIPlugin:80 - create IPUIPlugin
2023-06-10 10:14:46,469 [INFO] PluginManager:220 - loadIPPluginJar : add stm32_wpan
2023-06-10 10:14:46,472 [INFO] IPUIPlugin:80 - create IPUIPlugin
2023-06-10 10:14:46,472 [INFO] PluginManager:220 - loadIPPluginJar : add tim
2023-06-10 10:14:46,479 [INFO] IPUIPlugin:80 - create IPUIPlugin
2023-06-10 10:14:46,479 [INFO] PluginManager:220 - loadIPPluginJar : add touchsensing
2023-06-10 10:14:46,482 [INFO] IPUIPlugin:80 - create IPUIPlugin
2023-06-10 10:14:46,483 [INFO] PluginManager:220 - loadIPPluginJar : add tracer_emb
2023-06-10 10:14:46,486 [INFO] IPUIPlugin:80 - create IPUIPlugin
2023-06-10 10:14:46,487 [INFO] PluginManager:220 - loadIPPluginJar : add ts
2023-06-10 10:14:46,490 [INFO] IPUIPlugin:80 - create IPUIPlugin
2023-06-10 10:14:46,490 [INFO] PluginManager:220 - loadIPPluginJar : add tsc
2023-06-10 10:14:46,494 [INFO] IPUIPlugin:80 - create IPUIPlugin
2023-06-10 10:14:46,494 [INFO] PluginManager:220 - loadIPPluginJar : add ucpd
2023-06-10 10:14:46,499 [INFO] IPUIPlugin:80 - create IPUIPlugin
2023-06-10 10:14:46,499 [INFO] PluginManager:220 - loadIPPluginJar : add usart
2023-06-10 10:14:46,505 [INFO] IPUIPlugin:80 - create IPUIPlugin
2023-06-10 10:14:46,506 [INFO] PluginManager:220 - loadIPPluginJar : add usbx
2023-06-10 10:14:46,679 [INFO] CADModel:165 - CPN selected for project level
2023-06-10 10:14:46,679 [INFO] CADModel:114 - Register for checkConnection events
2023-06-10 10:14:46,679 [FATAL] Updater:308 - Updater called before beeing initialized
2023-06-10 10:14:46,680 [ERROR] CADModel:125 - Updater not yet initialized, retry later 
2023-06-10 10:14:46,878 [INFO] CADModel:165 - CPN selected for project level
2023-06-10 10:14:46,878 [INFO] CADModel:114 - Register for checkConnection events
2023-06-10 10:14:46,878 [FATAL] Updater:308 - Updater called before beeing initialized
2023-06-10 10:14:46,878 [ERROR] CADModel:125 - Updater not yet initialized, retry later 
2023-06-10 10:14:46,884 [FATAL] Updater:308 - Updater called before beeing initialized
2023-06-10 10:14:47,051 [FATAL] Updater:308 - Updater called before beeing initialized
2023-06-10 10:14:47,062 [INFO] DbMcusAds:53 - JSON generation date=Tue Mar 07 09:50:55 CET 2023 (1678179055335)
2023-06-10 10:14:47,063 [FATAL] Updater:308 - Updater called before beeing initialized
2023-06-10 10:14:47,113 [WARN] DetailPanel:346 - Failed to get advertising image, set to default
2023-06-10 10:14:47,268 [FATAL] Updater:308 - Updater called before beeing initialized
2023-06-10 10:14:47,271 [FATAL] Updater:308 - Updater called before beeing initialized
2023-06-10 10:14:47,271 [FATAL] Updater:308 - Updater called before beeing initialized
2023-06-10 10:14:47,271 [WARN] DetailPanel:346 - Failed to get advertising image, set to default
2023-06-10 10:14:47,272 [FATAL] Updater:308 - Updater called before beeing initialized
2023-06-10 10:14:47,334 [ERROR] Updater:1120 - MainUpdater not yet initialized. External WinMGr cannot be set.
2023-06-10 10:14:47,336 [INFO] Updater:1056 - Updater Version found : 6.8.1
2023-06-10 10:14:47,363 [INFO] ApplicationProperties:184 - Using Application install path: C:\ST\STM32CubeIDE_1.12.0\STM32CubeIDE\plugins\com.st.stm32cube.common.mx_6.8.1.202304191431
2023-06-10 10:14:47,703 [INFO] MainUpdater:2854 - connection check result : 10
2023-06-10 10:14:47,704 [INFO] MainUpdater:283 - Updater Check For Update Now.
2023-06-10 10:14:47,704 [INFO] MicroXplorer:498 - Change Database Version : DB.6.0.81
2023-06-10 10:14:48,007 [INFO] CheckServerUpdateThread:120 - End of CheckServer Thread
2023-06-10 10:14:48,142 [INFO] MainUpdater:2854 - connection check result : 10
2023-06-10 10:14:48,732 [INFO] ApiDb:581 - Connected to CubeFinder SQLite database (C:\Users\Utente\.stmcufinder\plugins\mcufinder\mcu\cube-finder-db.db)
2023-06-10 10:14:48,885 [INFO] ApiDb:668 - CubeFinder database Data Model version=2.1
2023-06-10 10:14:48,885 [INFO] ApiDb:669 - CubeFinder database Configuration version=3.0.35
2023-06-10 10:14:48,886 [INFO] ApiDb:670 - CubeFinder database generation date=2023-05-12 (1683877179)
2023-06-10 10:14:48,886 [INFO] ApiDb:671 - CubeFinder database FW Pack versions=[FP-ATR-ASTRA1_V2.0.0, FP-SNS-FLIGHT1_V5.0.0, FP-SNS-MOTENV1_V4.3.0, STM32Cube_FW_C0_V1.0.1, STM32Cube_FW_F0_V1.11.4, STM32Cube_FW_F3_V1.11.4, STM32Cube_FW_F4_V1.27.1, STM32Cube_FW_F7_V1.17.0, STM32Cube_FW_G0_V1.6.1, STM32Cube_FW_G4_V1.5.1, STM32Cube_FW_H5_V0.5.1, STM32Cube_FW_H5_V1.0.0, STM32Cube_FW_H7_V1.11.0, STM32Cube_FW_L0_V1.12.2, STM32Cube_FW_L5_V1.5.0, STM32Cube_FW_U5_V1.2.0, STM32Cube_FW_WBA_V1.0.0, STM32Cube_FW_WBA_V1.0.0RC1, STM32Cube_FW_WBA_V1.0.0RC3, STM32Cube_FW_WB_V1.15.0RC1, STM32Cube_FW_WB_V1.16.0, STM32Cube_FW_WB_V1.16.0RC2, STM32Cube_FW_WL_V1.3.0, X-CUBE-ALGOBUILD_V1.3.0, X-CUBE-ALS_V1.0.1, X-CUBE-AZRTOS-F4_V1.1.0, X-CUBE-AZRTOS-F7_V1.1.0, X-CUBE-AZRTOS-G0_V1.1.0, X-CUBE-AZRTOS-G4_V2.0.0, X-CUBE-AZRTOS-H7_V3.1.0, X-CUBE-AZRTOS-L4_V1.0.0, X-CUBE-AZRTOS-L5_V1.1.0, X-CUBE-AZRTOS-WB_V1.1.0, X-CUBE-AZRTOS-WL_V1.0.0, X-CUBE-BLE1_V6.2.4, X-CUBE-BLE2_V3.3.0, X-CUBE-BLEMGR_V2.0.0, X-CUBE-EEPRMA1_V4.1.0, X-CUBE-FREERTOS_V1.0.1, X-CUBE-GNSS1_V6.0.0, X-CUBE-MEMS1_V9.1.0, X-CUBE-MEMS1_V9.4.0, X-CUBE-MEMS1_V9.6.0, X-CUBE-NFC4_V3.0.0, X-CUBE-NFC7_V1.0.0, X-CUBE-SFXS2LP1_V4.0.0, X-CUBE-SUBG2_V5.0.0]
2023-06-10 10:14:49,045 [WARN] PackLoader:240 - Cannot read IP mode file for STMicroelectronics.X-CUBE-GNSS1.6.0.0
2023-06-10 10:14:49,046 [INFO] DbBoardsSqlite:226 - include board P-NUCLEO-WB55-NUCLEO as a kit item of type 'Nucleo-64'
2023-06-10 10:14:49,047 [INFO] DbBoardsSqlite:226 - include board P-NUCLEO-WB55-USBDONGLE as a kit item of type 'Nucleo USB Dongle'
2023-06-10 10:14:49,048 [INFO] DbBoardsSqlite:226 - include board STEVAL-IDP005V1 as a kit item of type 'Evaluation Board'
2023-06-10 10:14:49,048 [INFO] DbBoardsSqlite:226 - include board STEVAL-IDP005V2 as a kit item of type 'Evaluation Board'
2023-06-10 10:14:49,176 [WARN] PackLoader:240 - Cannot read IP mode file for STMicroelectronics.X-CUBE-AZRTOS-F4.1.1.0
2023-06-10 10:14:49,209 [WARN] PackLoader:240 - Cannot read IP mode file for STMicroelectronics.X-CUBE-SMBUS.2.1.0
2023-06-10 10:14:49,226 [INFO] ApiDb:240 - Found 297 in-development CPN: [B-G473E-ZEST1S, B-WB1M-WPAN1, B-WL5M-SUBG1, NUCLEO-C031C6, NUCLEO-H503RB, NUCLEO-H563ZI, NUCLEO-U545RE-Q, NUCLEO-U5A5ZJ-Q, NUCLEO-WBA52CG, STEVAL-PROTEUS1, STEVAL-STWINBX1, STM320518-EVAL, STM32C0116-DK, STM32C011D6Y3TR, STM32C011D6Y6TR, STM32C011F4P3, STM32C011F4P6, STM32C011F4U3, STM32C011F4U6TR, STM32C011F6P3, STM32C011F6P6, STM32C011F6U3, STM32C011F6U6TR, STM32C011J4M3, STM32C011J4M6, STM32C011J6M3, STM32C011J6M6, STM32C0316-DK, STM32C031C4T3, STM32C031C4T6, STM32C031C4U3, STM32C031C4U6, STM32C031C6T3, STM32C031C6T6, STM32C031C6U3, STM32C031C6U6, STM32C031F4P3, STM32C031F4P6, STM32C031F6P3, STM32C031F6P6, STM32C031G4U3, STM32C031G4U6, STM32C031G6U3, STM32C031G6U6, STM32C031K4T3, STM32C031K4T6, STM32C031K4U3, STM32C031K4U6, STM32C031K6T3, STM32C031K6T6, STM32C031K6U3, STM32C031K6U6, STM32G071K8TXN, STM32G071K8UXN, STM32G081GBU6N, STM32G081KBT6N, STM32G081KBUXN, STM32G0B1CCT6N, STM32G0B1KCT6, STM32G0B1NEY6TR, STM32G0B1RCT6N, STM32G0C1CCT6, STM32G0C1CCT6N, STM32G0C1CCU6N, STM32G0C1CET6N, STM32G0C1CEU6N, STM32G0C1KCT6, STM32G0C1NEY6TR, STM32G0C1RCI6N, STM32G0C1RCT6N, STM32G0C1REI6N, STM32G0C1RET6N, STM32G0C1VCI6, STM32G0C1VEI6, STM32G471CCT6, STM32G471CCU6, STM32G471CET3, STM32G471CET6, STM32G471CEU3, STM32G471CEU6, STM32G471MCT6, STM32G471MET3, STM32G471MET6, STM32G471MEY6TR, STM32G471QCT6, STM32G471QET3, STM32G471RCT6, STM32G471RET3, STM32G471RET6, STM32G471VCH6, STM32G471VCI6, STM32G471VCT6, STM32G471VEH3, STM32G471VEH6, STM32G471VEI3, STM32G471VEI6, STM32G471VET3, STM32G471VET6, STM32G474CCT6, STM32H503CBT6, STM32H503CBU6, STM32H503EBY6TR, STM32H503KBU6, STM32H503RBT6, STM32H562AGI6, STM32H562AII6, STM32H562IGK6, STM32H562IGT6, STM32H562IIK6, STM32H562IIT6, STM32H562RGT6, STM32H562RGV6, STM32H562RIT6, STM32H562RIV6, STM32H562VGT6, STM32H562VIT6, STM32H562ZGT6, STM32H562ZIT6, STM32H563AGI6, STM32H563AII3Q, STM32H563AII6, STM32H563IGK6, STM32H563IGT6, STM32H563IIK3Q, STM32H563IIK6, STM32H563IIT3Q, STM32H563IIT6, STM32H563MIY3QTR, STM32H563RGT6, STM32H563RGV6, STM32H563RIT6, STM32H563RIV6, STM32H563VGT6, STM32H563VIT3Q, STM32H563VIT6, STM32H563ZGT6, STM32H563ZIT3Q, STM32H563ZIT6, STM32H573AII3Q, STM32H573AII6, STM32H573I-DK, STM32H573IIK3Q, STM32H573IIK6, STM32H573IIT3Q, STM32H573IIT6, STM32H573MIY3QTR, STM32H573RIT6, STM32H573RIV6, STM32H573VIT3Q, STM32H573VIT6, STM32H573ZIT3Q, STM32H573ZIT6, STM32L4R5QGI6STR, STM32MP131AAE3, STM32MP131AAF3, STM32MP131AAG3, STM32MP131CAE3, STM32MP131CAF3, STM32MP131CAG3, STM32MP131DAE7, STM32MP131DAF7, STM32MP131DAG7, STM32MP131FAE7, STM32MP131FAF7, STM32MP131FAG7, STM32MP133AAE3, STM32MP133AAF3, STM32MP133AAG3, STM32MP133CAE3, STM32MP133CAF3, STM32MP133CAG3, STM32MP133DAE7, STM32MP133DAF7, STM32MP133DAG7, STM32MP133FAE7, STM32MP133FAF7, STM32MP133FAG7, STM32MP135AAE3, STM32MP135AAF3, STM32MP135AAG3, STM32MP135CAE3, STM32MP135CAF3, STM32MP135CAG3, STM32MP135DAE7, STM32MP135DAF7, STM32MP135DAG7, STM32MP135F-DK, STM32MP135FAE7, STM32MP135FAF7, STM32MP135FAF7T, STM32MP135FAF7U, STM32MP135FAG7, STM32U535CBT6, STM32U535CBT6Q, STM32U535CBU6, STM32U535CBU6Q, STM32U535CCT6, STM32U535CCT6Q, STM32U535CCU6, STM32U535CCU6Q, STM32U535CET6, STM32U535CET6Q, STM32U535CEU6, STM32U535CEU6Q, STM32U535JEY6QTR, STM32U535NCY6QTR, STM32U535NEY6QTR, STM32U535RBI6, STM32U535RBI6Q, STM32U535RBT6, STM32U535RBT6Q, STM32U535RCI6, STM32U535RCI6Q, STM32U535RCT6, STM32U535RCT6Q, STM32U535REI6, STM32U535REI6Q, STM32U535RET6, STM32U535RET6Q, STM32U535VCI6, STM32U535VCI6Q, STM32U535VCT6, STM32U535VCT6Q, STM32U535VEI6, STM32U535VEI6Q, STM32U535VET6, STM32U535VET6Q, STM32U545CET6, STM32U545CET6Q, STM32U545CEU6, STM32U545CEU6Q, STM32U545JEY6QTR, STM32U545NEY6QTR, STM32U545REI6, STM32U545REI6Q, STM32U545RET6, STM32U545RET6Q, STM32U545VEI6, STM32U545VEI6Q, STM32U545VET6, STM32U545VET6Q, STM32U595AIH6, STM32U595AIH6Q, STM32U595AJH6, STM32U595AJH6Q, STM32U595QII6, STM32U595QII6Q, STM32U595QJI6, STM32U595QJI6Q, STM32U595RIT6, STM32U595RIT6Q, STM32U595RJT6, STM32U595RJT6Q, STM32U595VIT6, STM32U595VIT6Q, STM32U595VJT6, STM32U595VJT6Q, STM32U595ZIT6, STM32U595ZIT6Q, STM32U595ZIY6QTR, STM32U595ZJT6, STM32U595ZJT6Q, STM32U595ZJY6QTR, STM32U599BJY6QTR, STM32U599NIH6Q, STM32U599NJH6Q, STM32U599VIT6Q, STM32U599VJT6, STM32U599VJT6Q, STM32U599ZIT6Q, STM32U599ZIY6QTR, STM32U599ZJT6Q, STM32U599ZJY6QTR, STM32U5A5AJH6, STM32U5A5AJH6Q, STM32U5A5QJI6, STM32U5A5QJI6Q, STM32U5A5RJT6, STM32U5A5RJT6Q, STM32U5A5VJT6, STM32U5A5VJT6Q, STM32U5A5ZJT6, STM32U5A5ZJT6Q, STM32U5A5ZJY6QTR, STM32U5A9BJY6QTR, STM32U5A9J-DK, STM32U5A9NJH6Q, STM32U5A9VJT6Q, STM32U5A9ZJT6Q, STM32U5A9ZJY6QTR, STM32WB1MMCH6, STM32WBA52CEU6, STM32WBA52CEU6T, STM32WBA52CGU6, STM32WBA52CGU6T, STM32WL5MOCH6, STM32WL5MOCH6TR]
2023-06-10 10:14:49,299 [WARN] PackLoader:240 - Cannot read IP mode file for STMicroelectronics.X-CUBE-AZRTOS-F7.1.1.0
2023-06-10 10:14:49,440 [WARN] PackLoader:240 - Cannot read IP mode file for STMicroelectronics.X-CUBE-MEMS1.9.6.0
2023-06-10 10:14:49,695 [INFO] BoardInfo:880 - No configuration file found for board P-NUCLEO-WB55
2023-06-10 10:14:49,696 [INFO] DbBoards:157 - Kit is not supported: P-NUCLEO-WB55
2023-06-10 10:14:49,715 [INFO] BoardInfo:880 - No configuration file found for board STEVAL-BFA001V1B
2023-06-10 10:14:49,716 [INFO] DbBoards:157 - Kit is not supported: STEVAL-BFA001V1B
2023-06-10 10:14:49,719 [INFO] BoardInfo:880 - No configuration file found for board STEVAL-BFA001V2B
2023-06-10 10:14:49,719 [INFO] DbBoards:157 - Kit is not supported: STEVAL-BFA001V2B
2023-06-10 10:14:49,842 [ERROR] RealEvaluatedCondition:428 - Found unsupported composite condition: GROUP='STM32_MetaDataManager' CLASS='Data Exchange'
2023-06-10 10:14:49,843 [ERROR] RealEvaluatedCondition:428 - Found unsupported composite condition: CLASS='Data Exchange' GROUP='STM32_MetaDataManager'
2023-06-10 10:14:49,845 [WARN] PackLoader:240 - Cannot read IP mode file for STMicroelectronics.FP-SNS-MOTENV1.4.3.0
2023-06-10 10:14:49,854 [WARN] PackLoader:240 - Cannot read IP mode file for STMicroelectronics.FP-SNS-FLIGHT1.5.0.0
2023-06-10 10:14:49,865 [ERROR] RealEvaluatedCondition:428 - Found unsupported composite condition: GROUP='STM32_MetaDataManager' CLASS='Data Exchange'
2023-06-10 10:14:49,865 [ERROR] RealEvaluatedCondition:428 - Found unsupported composite condition: CLASS='Data Exchange' GROUP='STM32_MetaDataManager'
2023-06-10 10:14:49,866 [WARN] PackLoader:240 - Cannot read IP mode file for STMicroelectronics.FP-SNS-MOTENV1.4.3.1
2023-06-10 10:14:49,877 [WARN] PackLoader:240 - Cannot read IP mode file for STMicroelectronics.FP-SNS-FLIGHT1.5.0.1
2023-06-10 10:14:49,926 [WARN] PackLoader:240 - Cannot read IP mode file for STMicroelectronics.X-CUBE-BLE1.6.2.4
2023-06-10 10:14:50,076 [INFO] DbBoards:161 - Found 187 boards, 184 are supported
2023-06-10 10:14:50,080 [WARN] PackLoader:240 - Cannot read IP mode file for emotas.I-CUBE-CANOPEN.1.1.3
2023-06-10 10:14:50,085 [INFO] ApiDb:668 - CubeFinder database Data Model version=2.1
2023-06-10 10:14:50,085 [INFO] ApiDb:669 - CubeFinder database Configuration version=3.0.35
2023-06-10 10:14:50,085 [INFO] ApiDb:670 - CubeFinder database generation date=2023-05-12 (1683877179)
2023-06-10 10:14:50,085 [INFO] ApiDb:671 - CubeFinder database FW Pack versions=[FP-ATR-ASTRA1_V2.0.0, FP-SNS-FLIGHT1_V5.0.0, FP-SNS-MOTENV1_V4.3.0, STM32Cube_FW_C0_V1.0.1, STM32Cube_FW_F0_V1.11.4, STM32Cube_FW_F3_V1.11.4, STM32Cube_FW_F4_V1.27.1, STM32Cube_FW_F7_V1.17.0, STM32Cube_FW_G0_V1.6.1, STM32Cube_FW_G4_V1.5.1, STM32Cube_FW_H5_V0.5.1, STM32Cube_FW_H5_V1.0.0, STM32Cube_FW_H7_V1.11.0, STM32Cube_FW_L0_V1.12.2, STM32Cube_FW_L5_V1.5.0, STM32Cube_FW_U5_V1.2.0, STM32Cube_FW_WBA_V1.0.0, STM32Cube_FW_WBA_V1.0.0RC1, STM32Cube_FW_WBA_V1.0.0RC3, STM32Cube_FW_WB_V1.15.0RC1, STM32Cube_FW_WB_V1.16.0, STM32Cube_FW_WB_V1.16.0RC2, STM32Cube_FW_WL_V1.3.0, X-CUBE-ALGOBUILD_V1.3.0, X-CUBE-ALS_V1.0.1, X-CUBE-AZRTOS-F4_V1.1.0, X-CUBE-AZRTOS-F7_V1.1.0, X-CUBE-AZRTOS-G0_V1.1.0, X-CUBE-AZRTOS-G4_V2.0.0, X-CUBE-AZRTOS-H7_V3.1.0, X-CUBE-AZRTOS-L4_V1.0.0, X-CUBE-AZRTOS-L5_V1.1.0, X-CUBE-AZRTOS-WB_V1.1.0, X-CUBE-AZRTOS-WL_V1.0.0, X-CUBE-BLE1_V6.2.4, X-CUBE-BLE2_V3.3.0, X-CUBE-BLEMGR_V2.0.0, X-CUBE-EEPRMA1_V4.1.0, X-CUBE-FREERTOS_V1.0.1, X-CUBE-GNSS1_V6.0.0, X-CUBE-MEMS1_V9.1.0, X-CUBE-MEMS1_V9.4.0, X-CUBE-MEMS1_V9.6.0, X-CUBE-NFC4_V3.0.0, X-CUBE-NFC7_V1.0.0, X-CUBE-SFXS2LP1_V4.0.0, X-CUBE-SUBG2_V5.0.0]
2023-06-10 10:14:50,102 [WARN] PackLoader:240 - Cannot read IP mode file for STMicroelectronics.X-CUBE-BLEMGR.2.0.0
2023-06-10 10:14:50,151 [WARN] ConditionMgr:438 - getConditionDescription Invalid condition id : UX DEVICE CLASS RTOS Condition cause : null
2023-06-10 10:14:50,152 [WARN] ConditionMgr:438 - getConditionDescription Invalid condition id : UX DEVICE CLASS RTOS Condition cause : null
2023-06-10 10:14:50,160 [WARN] PackLoader:240 - Cannot read IP mode file for STMicroelectronics.X-CUBE-AZRTOS-H7.3.1.0
2023-06-10 10:14:50,165 [WARN] ConditionMgr:1039 - genDependencies : Invalid condition id : UX DEVICE CLASS RTOS Condition cause : null
2023-06-10 10:14:50,166 [WARN] ConditionMgr:1039 - genDependencies : Invalid condition id : UX DEVICE CLASS RTOS Condition cause : null
2023-06-10 10:14:50,167 [WARN] ConditionMgr:1039 - genDependencies : Invalid condition id : UX DEVICE CLASS RTOS Condition cause : null
2023-06-10 10:14:50,168 [WARN] ConditionMgr:1039 - genDependencies : Invalid condition id : UX DEVICE CLASS RTOS Condition cause : null
2023-06-10 10:14:50,168 [WARN] ConditionMgr:1039 - genDependencies : Invalid condition id : UX DEVICE CLASS RTOS Condition cause : null
2023-06-10 10:14:50,190 [WARN] PackLoader:240 - Cannot read IP mode file for STMicroelectronics.X-CUBE-DISPLAY.3.0.0
2023-06-10 10:14:50,214 [WARN] PackLoader:240 - Cannot read IP mode file for wolfSSL.I-CUBE-wolfSSL.5.5.4
2023-06-10 10:14:50,229 [WARN] PackLoader:240 - Cannot read IP mode file for STMicroelectronics.X-CUBE-NFC7.1.0.0
2023-06-10 10:14:50,331 [WARN] PackLoader:240 - Cannot read IP mode file for STMicroelectronics.X-CUBE-EEPRMA1.4.1.0
2023-06-10 10:14:50,353 [INFO] LogOutputStream:77 - [STDOUT_REDIRECT] 1 : Invalid condition id : UX_CORESTACK_Condition cause : null
2023-06-10 10:14:50,355 [INFO] LogOutputStream:77 - [STDOUT_REDIRECT] 1 : Invalid condition id : UX_CORESTACK_Condition cause : null
2023-06-10 10:14:50,359 [INFO] LogOutputStream:77 - [STDOUT_REDIRECT] 1 : Invalid condition id : UX_CORESTACK_Condition cause : null
2023-06-10 10:14:50,362 [INFO] LogOutputStream:77 - [STDOUT_REDIRECT] 1 : Invalid condition id : UX_CORESTACK_Condition cause : null
2023-06-10 10:14:50,365 [INFO] LogOutputStream:77 - [STDOUT_REDIRECT] 1 : Invalid condition id : UX_CORESTACK_Condition cause : null
2023-06-10 10:14:50,373 [WARN] PackLoader:240 - Cannot read IP mode file for STMicroelectronics.X-CUBE-AZRTOS-WL.2.0.0
2023-06-10 10:14:50,416 [WARN] ConditionMgr:438 - getConditionDescription Invalid condition id : LAN8742 Phy interface Condition cause : null
2023-06-10 10:14:50,418 [WARN] PackLoader:240 - Cannot read IP mode file for STMicroelectronics.X-CUBE-AZRTOS-L4.2.0.0
2023-06-10 10:14:50,422 [WARN] ConditionMgr:1039 - genDependencies : Invalid condition id : LAN8742 Phy interface Condition cause : null
2023-06-10 10:14:50,423 [WARN] ConditionMgr:1039 - genDependencies : Invalid condition id : LAN8742 Phy interface Condition cause : null
2023-06-10 10:14:50,425 [WARN] ConditionMgr:1039 - genDependencies : Invalid condition id : LAN8742 Phy interface Condition cause : null
2023-06-10 10:14:50,442 [WARN] PackLoader:240 - Cannot read IP mode file for WES.I-CUBE-Cesium.1.3.0
2023-06-10 10:14:50,458 [WARN] PackLoader:240 - Cannot read IP mode file for STMicroelectronics.X-CUBE-SFXS2LP1.4.0.0
2023-06-10 10:14:50,469 [WARN] PackLoader:240 - Cannot read IP mode file for STMicroelectronics.X-CUBE-BLE2.3.3.0
2023-06-10 10:14:50,511 [WARN] PackLoader:240 - Cannot read IP mode file for STMicroelectronics.X-CUBE-AZRTOS-H7.3.0.0
2023-06-10 10:14:50,525 [WARN] PackLoader:240 - Cannot read IP mode file for STMicroelectronics.X-CUBE-ISPU.1.1.0
2023-06-10 10:14:50,542 [WARN] PackLoader:240 - Cannot read IP mode file for RoweBots.I-CUBE-UNISONRTOS.5.5.0-4
2023-06-10 10:14:50,551 [WARN] PackLoader:240 - Cannot read IP mode file for STMicroelectronics.X-CUBE-AI.8.0.0
2023-06-10 10:14:50,562 [WARN] PackLoader:240 - Cannot read IP mode file for STMicroelectronics.X-CUBE-FREERTOS.1.0.0
2023-06-10 10:14:50,569 [WARN] PackLoader:240 - Cannot read IP mode file for STMicroelectronics.X-CUBE-FREERTOS.1.0.1
2023-06-10 10:14:50,578 [WARN] PackLoader:240 - Cannot read IP mode file for STMicroelectronics.X-CUBE-TOUCHGFX.4.21.3
2023-06-10 10:14:50,582 [WARN] PackLoader:240 - Cannot read IP mode file for STMicroelectronics.X-CUBE-TOUCHGFX.4.21.4
2023-06-10 10:14:50,615 [WARN] PackLoader:240 - Cannot read IP mode file for STMicroelectronics.X-CUBE-ALGOBUILD.1.3.0
2023-06-10 10:14:50,699 [WARN] PackLoader:240 - Cannot read IP mode file for STMicroelectronics.X-CUBE-AZRTOS-L5.1.1.0
2023-06-10 10:14:50,732 [WARN] PackLoader:240 - Cannot read IP mode file for STMicroelectronics.X-CUBE-AZRTOS-G0.1.1.0
2023-06-10 10:14:50,740 [WARN] PackLoader:240 - Cannot read IP mode file for STMicroelectronics.X-CUBE-AI.8.0.1
2023-06-10 10:14:50,776 [WARN] PackLoader:240 - Cannot read IP mode file for STMicroelectronics.X-CUBE-SUBG2.5.0.0
2023-06-10 10:14:50,797 [WARN] PackLoader:240 - Cannot read IP mode file for STMicroelectronics.X-CUBE-NFC4.3.0.0
2023-06-10 10:14:50,831 [WARN] PackLoader:240 - Cannot read IP mode file for STMicroelectronics.X-CUBE-AZRTOS-G4.2.0.0
2023-06-10 10:14:50,853 [WARN] PackLoader:240 - Cannot read IP mode file for STMicroelectronics.X-CUBE-TOF1.3.3.0
2023-06-10 10:14:50,879 [WARN] PackLoader:240 - Cannot read IP mode file for STMicroelectronics.FP-ATR-ASTRA1.1.1.1
2023-06-10 10:14:50,901 [WARN] PackLoader:240 - Cannot read IP mode file for STMicroelectronics.X-CUBE-AZRTOS-G4.1.0.0
2023-06-10 10:14:50,912 [WARN] PackLoader:240 - Cannot read IP mode file for STMicroelectronics.FP-ATR-SIGFOX1.3.2.0
2023-06-10 10:14:50,943 [WARN] PackLoader:240 - Cannot read IP mode file for STMicroelectronics.X-CUBE-AZRTOS-L4.1.0.0
2023-06-10 10:14:50,965 [WARN] PackLoader:240 - Cannot read IP mode file for STMicroelectronics.X-CUBE-AZRTOS-WL.1.0.0
2023-06-10 10:14:50,979 [WARN] PackLoader:240 - Cannot read IP mode file for portGmbH.I-Cube-SoM-uGOAL.1.1.0
2023-06-10 10:14:50,986 [WARN] PackLoader:240 - Cannot read IP mode file for STMicroelectronics.X-CUBE-ALS.1.0.1
2023-06-10 10:14:51,082 [WARN] PackLoader:240 - Cannot read IP mode file for STMicroelectronics.X-CUBE-MEMS1.9.5.0
2023-06-10 10:14:51,412 [WARN] PackLoader:240 - Cannot read IP mode file for STMicroelectronics.X-CUBE-AZRTOS-WB.1.1.0
2023-06-10 10:14:51,493 [WARN] PackLoader:240 - Cannot read IP mode file for SEGGER.I-CUBE-embOS.1.3.1
2023-06-10 10:14:51,607 [WARN] PackLoader:240 - Cannot read IP mode file for STMicroelectronics.FP-ATR-ASTRA1.2.0.0
2023-06-10 10:14:51,609 [INFO] ThirdParty:978 - Integrity check success = true
2023-06-10 10:14:51,609 [INFO] IntegrityCheckThread:100 - exiting critical section [integrity check]
2023-06-10 10:14:51,609 [INFO] IntegrityCheckThread:103 - End integrity checks thread
2023-06-10 10:14:53,891 [INFO] ApiDb:240 - Found 297 in-development CPN: [B-G473E-ZEST1S, B-WB1M-WPAN1, B-WL5M-SUBG1, NUCLEO-C031C6, NUCLEO-H503RB, NUCLEO-H563ZI, NUCLEO-U545RE-Q, NUCLEO-U5A5ZJ-Q, NUCLEO-WBA52CG, STEVAL-PROTEUS1, STEVAL-STWINBX1, STM320518-EVAL, STM32C0116-DK, STM32C011D6Y3TR, STM32C011D6Y6TR, STM32C011F4P3, STM32C011F4P6, STM32C011F4U3, STM32C011F4U6TR, STM32C011F6P3, STM32C011F6P6, STM32C011F6U3, STM32C011F6U6TR, STM32C011J4M3, STM32C011J4M6, STM32C011J6M3, STM32C011J6M6, STM32C0316-DK, STM32C031C4T3, STM32C031C4T6, STM32C031C4U3, STM32C031C4U6, STM32C031C6T3, STM32C031C6T6, STM32C031C6U3, STM32C031C6U6, STM32C031F4P3, STM32C031F4P6, STM32C031F6P3, STM32C031F6P6, STM32C031G4U3, STM32C031G4U6, STM32C031G6U3, STM32C031G6U6, STM32C031K4T3, STM32C031K4T6, STM32C031K4U3, STM32C031K4U6, STM32C031K6T3, STM32C031K6T6, STM32C031K6U3, STM32C031K6U6, STM32G071K8TXN, STM32G071K8UXN, STM32G081GBU6N, STM32G081KBT6N, STM32G081KBUXN, STM32G0B1CCT6N, STM32G0B1KCT6, STM32G0B1NEY6TR, STM32G0B1RCT6N, STM32G0C1CCT6, STM32G0C1CCT6N, STM32G0C1CCU6N, STM32G0C1CET6N, STM32G0C1CEU6N, STM32G0C1KCT6, STM32G0C1NEY6TR, STM32G0C1RCI6N, STM32G0C1RCT6N, STM32G0C1REI6N, STM32G0C1RET6N, STM32G0C1VCI6, STM32G0C1VEI6, STM32G471CCT6, STM32G471CCU6, STM32G471CET3, STM32G471CET6, STM32G471CEU3, STM32G471CEU6, STM32G471MCT6, STM32G471MET3, STM32G471MET6, STM32G471MEY6TR, STM32G471QCT6, STM32G471QET3, STM32G471RCT6, STM32G471RET3, STM32G471RET6, STM32G471VCH6, STM32G471VCI6, STM32G471VCT6, STM32G471VEH3, STM32G471VEH6, STM32G471VEI3, STM32G471VEI6, STM32G471VET3, STM32G471VET6, STM32G474CCT6, STM32H503CBT6, STM32H503CBU6, STM32H503EBY6TR, STM32H503KBU6, STM32H503RBT6, STM32H562AGI6, STM32H562AII6, STM32H562IGK6, STM32H562IGT6, STM32H562IIK6, STM32H562IIT6, STM32H562RGT6, STM32H562RGV6, STM32H562RIT6, STM32H562RIV6, STM32H562VGT6, STM32H562VIT6, STM32H562ZGT6, STM32H562ZIT6, STM32H563AGI6, STM32H563AII3Q, STM32H563AII6, STM32H563IGK6, STM32H563IGT6, STM32H563IIK3Q, STM32H563IIK6, STM32H563IIT3Q, STM32H563IIT6, STM32H563MIY3QTR, STM32H563RGT6, STM32H563RGV6, STM32H563RIT6, STM32H563RIV6, STM32H563VGT6, STM32H563VIT3Q, STM32H563VIT6, STM32H563ZGT6, STM32H563ZIT3Q, STM32H563ZIT6, STM32H573AII3Q, STM32H573AII6, STM32H573I-DK, STM32H573IIK3Q, STM32H573IIK6, STM32H573IIT3Q, STM32H573IIT6, STM32H573MIY3QTR, STM32H573RIT6, STM32H573RIV6, STM32H573VIT3Q, STM32H573VIT6, STM32H573ZIT3Q, STM32H573ZIT6, STM32L4R5QGI6STR, STM32MP131AAE3, STM32MP131AAF3, STM32MP131AAG3, STM32MP131CAE3, STM32MP131CAF3, STM32MP131CAG3, STM32MP131DAE7, STM32MP131DAF7, STM32MP131DAG7, STM32MP131FAE7, STM32MP131FAF7, STM32MP131FAG7, STM32MP133AAE3, STM32MP133AAF3, STM32MP133AAG3, STM32MP133CAE3, STM32MP133CAF3, STM32MP133CAG3, STM32MP133DAE7, STM32MP133DAF7, STM32MP133DAG7, STM32MP133FAE7, STM32MP133FAF7, STM32MP133FAG7, STM32MP135AAE3, STM32MP135AAF3, STM32MP135AAG3, STM32MP135CAE3, STM32MP135CAF3, STM32MP135CAG3, STM32MP135DAE7, STM32MP135DAF7, STM32MP135DAG7, STM32MP135F-DK, STM32MP135FAE7, STM32MP135FAF7, STM32MP135FAF7T, STM32MP135FAF7U, STM32MP135FAG7, STM32U535CBT6, STM32U535CBT6Q, STM32U535CBU6, STM32U535CBU6Q, STM32U535CCT6, STM32U535CCT6Q, STM32U535CCU6, STM32U535CCU6Q, STM32U535CET6, STM32U535CET6Q, STM32U535CEU6, STM32U535CEU6Q, STM32U535JEY6QTR, STM32U535NCY6QTR, STM32U535NEY6QTR, STM32U535RBI6, STM32U535RBI6Q, STM32U535RBT6, STM32U535RBT6Q, STM32U535RCI6, STM32U535RCI6Q, STM32U535RCT6, STM32U535RCT6Q, STM32U535REI6, STM32U535REI6Q, STM32U535RET6, STM32U535RET6Q, STM32U535VCI6, STM32U535VCI6Q, STM32U535VCT6, STM32U535VCT6Q, STM32U535VEI6, STM32U535VEI6Q, STM32U535VET6, STM32U535VET6Q, STM32U545CET6, STM32U545CET6Q, STM32U545CEU6, STM32U545CEU6Q, STM32U545JEY6QTR, STM32U545NEY6QTR, STM32U545REI6, STM32U545REI6Q, STM32U545RET6, STM32U545RET6Q, STM32U545VEI6, STM32U545VEI6Q, STM32U545VET6, STM32U545VET6Q, STM32U595AIH6, STM32U595AIH6Q, STM32U595AJH6, STM32U595AJH6Q, STM32U595QII6, STM32U595QII6Q, STM32U595QJI6, STM32U595QJI6Q, STM32U595RIT6, STM32U595RIT6Q, STM32U595RJT6, STM32U595RJT6Q, STM32U595VIT6, STM32U595VIT6Q, STM32U595VJT6, STM32U595VJT6Q, STM32U595ZIT6, STM32U595ZIT6Q, STM32U595ZIY6QTR, STM32U595ZJT6, STM32U595ZJT6Q, STM32U595ZJY6QTR, STM32U599BJY6QTR, STM32U599NIH6Q, STM32U599NJH6Q, STM32U599VIT6Q, STM32U599VJT6, STM32U599VJT6Q, STM32U599ZIT6Q, STM32U599ZIY6QTR, STM32U599ZJT6Q, STM32U599ZJY6QTR, STM32U5A5AJH6, STM32U5A5AJH6Q, STM32U5A5QJI6, STM32U5A5QJI6Q, STM32U5A5RJT6, STM32U5A5RJT6Q, STM32U5A5VJT6, STM32U5A5VJT6Q, STM32U5A5ZJT6, STM32U5A5ZJT6Q, STM32U5A5ZJY6QTR, STM32U5A9BJY6QTR, STM32U5A9J-DK, STM32U5A9NJH6Q, STM32U5A9VJT6Q, STM32U5A9ZJT6Q, STM32U5A9ZJY6QTR, STM32WB1MMCH6, STM32WBA52CEU6, STM32WBA52CEU6T, STM32WBA52CGU6, STM32WBA52CGU6T, STM32WL5MOCH6, STM32WL5MOCH6TR]
2023-06-10 10:14:53,898 [INFO] DbMcus:216 - Found 3775 MCUs, 3775 are supported
2023-06-10 10:14:53,902 [INFO] ApiDb:423 - Load user favorites file C:\Users\Utente/.stm32cubeide/favorites.mcus.txt: 1 item(s)
2023-06-10 10:14:53,902 [INFO] ApiDb:427 - User favorites MCUs=[STM32F303VCT6]
2023-06-10 10:14:53,903 [INFO] DbMcus:222 - Set 1 / 1 favorites MCUs
2023-06-10 10:14:54,218 [INFO] ApiDb:423 - Load user favorites file C:\Users\Utente/.stm32cubeide/favorites.boards.txt: 0 item(s)
2023-06-10 10:14:54,218 [INFO] ApiDb:427 - User favorites Boards=[]
2023-06-10 10:14:54,219 [INFO] DbBoards:190 - Set 0 / 0 favorites Boards
2023-06-10 10:14:54,219 [INFO] McuFinderGlobals:66 - Set McuFinderConnectedMode to true
2023-06-10 10:14:54,231 [INFO] MultiScanPanel:200 - Auto-refresh data requested => check proxy status ongoing
2023-06-10 10:14:54,235 [INFO] FinderPluginLoader:95 - Searching for filters in installed packs
2023-06-10 10:14:56,615 [INFO] LoadUrlFilesThread:185 - End of LoadServerUrlFiles without Thread
2023-06-10 10:14:56,645 [INFO] DetailPanel:341 - Set advertising image to C:/Users/Utente/STM32Cube/Repository/\en.prom-stm32h5-mcu-finder.jpg
2023-06-10 10:15:03,785 [ERROR] LogOutputStream:75 - [STDERR_REDIRECT] SLF4J: Failed to load class "org.slf4j.impl.StaticLoggerBinder".
2023-06-10 10:15:03,786 [ERROR] LogOutputStream:75 - [STDERR_REDIRECT] SLF4J: Defaulting to no-operation (NOP) logger implementation
2023-06-10 10:15:03,787 [ERROR] LogOutputStream:75 - [STDERR_REDIRECT] SLF4J: See http://www.slf4j.org/codes.html#StaticLoggerBinder for further details.
2023-06-10 10:15:11,373 [INFO] MainUpdater:2854 - connection check result : 10
2023-06-10 10:15:11,373 [INFO] MainUpdater:2854 - connection check result : 10
2023-06-10 10:15:11,406 [INFO] MicroXplorer:468 - Change Database Path : 
2023-06-10 10:15:11,406 [INFO] MicroXplorer:498 - Change Database Version : DB.6.0.81
2023-06-10 10:15:11,408 [WARN] ThirdParty:871 - waiting for thirdparty lock release [close project]
2023-06-10 10:15:11,409 [INFO] ThirdParty:873 - entering critical section [close project]
2023-06-10 10:15:11,411 [INFO] ThirdParty:883 - exiting critical section [close project]
2023-06-10 10:15:11,419 [INFO] PinOutPanel:1499 - setPackage(No Configuration,No Configuration)
2023-06-10 10:15:11,430 [INFO] UtilMem:75 - Begin LoadConfig() Used Memory: 195509656 Bytes (285212672)
2023-06-10 10:15:11,433 [INFO] MicroXplorer:468 - Change Database Path : 
2023-06-10 10:15:11,433 [INFO] MicroXplorer:498 - Change Database Version : DB.6.0.81
2023-06-10 10:15:11,434 [INFO] OpenFileManager:308 - Change cursor
2023-06-10 10:15:11,500 [INFO] Mcu:1937 - Initializing MCU STM32F303VCTx STM32F303VCTx 
2023-06-10 10:15:11,501 [INFO] Mcu:1950 - No CPN specified => set CPN to STM32F303VCT6
2023-06-10 10:15:17,940 [INFO] Context:659 - Trying to add GPIOservice into a context  which must be forbidden
2023-06-10 10:15:19,342 [INFO] ImportTextPane:194 - (OptionalMessage_ERROR) Unable to find key (Mcu.ThirdPartyNb) in loaded IOC file
2023-06-10 10:15:19,342 [INFO] ImportTextPane:194 - (OptionalMessage_ERROR) Unable to find key (Mcu.PinsNb) in loaded IOC file
2023-06-10 10:15:19,342 [INFO] ImportTextPane:194 - (OptionalMessage_ERROR) Unable to find key (Mcu.IPNb) in loaded IOC file
2023-06-10 10:15:20,116 [INFO] RtosManager:555 - Registered RTOS mode: class=CMSIS, group=RTOS, mode=CMSIS_V1, owner=FREERTOS
2023-06-10 10:15:20,117 [INFO] RtosManager:555 - Registered RTOS mode: class=CMSIS, group=RTOS2, mode=CMSIS_V2, owner=FREERTOS
2023-06-10 10:15:20,117 [INFO] RtosManager:555 - Registered RTOS mode: class=RTOS, group=Core, mode=CMSIS_V1, owner=FREERTOS
2023-06-10 10:15:20,117 [INFO] RtosManager:555 - Registered RTOS mode: class=RTOS, group=Core, mode=CMSIS_V2, owner=FREERTOS
2023-06-10 10:15:20,118 [WARN] ModelIntegratedComponent:184 - Missing modes for component STMicroelectronics:FreeRTOS:0.0.1:STMicroelectronics:RTOS:FreeRTOS:Core:::10.2.0:
2023-06-10 10:15:20,201 [WARN] ModelIntegratedComponent:63 - No mode defined for component null
2023-06-10 10:15:20,202 [WARN] ModelIntegratedComponent:63 - No mode defined for component null
2023-06-10 10:15:20,202 [WARN] ModelIntegratedComponent:63 - No mode defined for component null
2023-06-10 10:15:20,202 [WARN] ModelIntegratedComponent:63 - No mode defined for component null
2023-06-10 10:15:20,202 [WARN] ModelIntegratedComponent:63 - No mode defined for component null
2023-06-10 10:15:20,202 [WARN] ModelIntegratedComponent:63 - No mode defined for component null
2023-06-10 10:15:20,202 [WARN] ModelIntegratedComponent:63 - No mode defined for component null
2023-06-10 10:15:20,203 [WARN] ModelIntegratedComponent:63 - No mode defined for component null
2023-06-10 10:15:20,203 [WARN] ModelIntegratedComponent:63 - No mode defined for component null
2023-06-10 10:15:20,203 [WARN] ModelIntegratedComponent:63 - No mode defined for component null
2023-06-10 10:15:20,203 [WARN] ModelIntegratedComponent:63 - No mode defined for component null
2023-06-10 10:15:20,203 [WARN] ModelIntegratedComponent:63 - No mode defined for component null
2023-06-10 10:15:20,203 [WARN] ModelIntegratedComponent:63 - No mode defined for component null
2023-06-10 10:15:20,203 [WARN] ModelIntegratedComponent:63 - No mode defined for component null
2023-06-10 10:15:20,203 [WARN] ModelIntegratedComponent:63 - No mode defined for component null
2023-06-10 10:15:20,203 [WARN] ModelIntegratedComponent:63 - No mode defined for component null
2023-06-10 10:15:20,204 [WARN] ModelIntegratedComponent:63 - No mode defined for component null
2023-06-10 10:15:20,204 [WARN] ModelIntegratedComponent:63 - No mode defined for component null
2023-06-10 10:15:20,204 [WARN] ModelIntegratedComponent:63 - No mode defined for component null
2023-06-10 10:15:20,204 [WARN] ModelIntegratedComponent:63 - No mode defined for component null
2023-06-10 10:15:20,205 [WARN] ModelIntegratedComponent:63 - No mode defined for component null
2023-06-10 10:15:20,205 [WARN] ModelIntegratedComponent:63 - No mode defined for component null
2023-06-10 10:15:20,205 [WARN] ModelIntegratedComponent:63 - No mode defined for component null
2023-06-10 10:15:20,205 [WARN] ModelIntegratedComponent:63 - No mode defined for component null
2023-06-10 10:15:20,205 [WARN] ModelIntegratedComponent:63 - No mode defined for component null
2023-06-10 10:15:20,206 [WARN] ModelIntegratedComponent:63 - No mode defined for component null
2023-06-10 10:15:20,206 [WARN] ModelIntegratedComponent:63 - No mode defined for component null
2023-06-10 10:15:20,206 [WARN] ModelIntegratedComponent:63 - No mode defined for component null
2023-06-10 10:15:20,206 [WARN] ModelIntegratedComponent:63 - No mode defined for component null
2023-06-10 10:15:20,206 [WARN] ModelIntegratedComponent:63 - No mode defined for component null
2023-06-10 10:15:20,206 [WARN] ModelIntegratedComponent:63 - No mode defined for component null
2023-06-10 10:15:20,206 [WARN] ModelIntegratedComponent:63 - No mode defined for component null
2023-06-10 10:15:20,206 [WARN] ModelIntegratedComponent:63 - No mode defined for component null
2023-06-10 10:15:20,574 [INFO] ThirdPartyModel:298 - Start build external matchings
2023-06-10 10:15:22,731 [INFO] ThirdPartyModel:316 - End build external matchings
2023-06-10 10:15:24,021 [INFO] UtilMem:75 - End LoadConfig() Used Memory: 282134808 Bytes (355467264)
2023-06-10 10:15:24,044 [WARN] ThirdParty:833 - waiting for thirdparty lock release [change project]
2023-06-10 10:15:24,044 [INFO] ThirdParty:835 - entering critical section [change project]
2023-06-10 10:15:24,045 [INFO] ThirdParty:1030 - CMSIS Pack Vendor :STMicroelectronics X-CUBE-ISPU 1.1.0
2023-06-10 10:15:24,045 [INFO] ThirdParty:1030 - CMSIS Pack Vendor :RoweBots I-CUBE-UNISONRTOS 5.5.0-4
2023-06-10 10:15:24,045 [INFO] ThirdParty:1030 - CMSIS Pack Vendor :STMicroelectronics X-CUBE-GNSS1 6.0.0
2023-06-10 10:15:24,045 [INFO] ThirdParty:1030 - CMSIS Pack Vendor :STMicroelectronics USB_HOST 2.0.0
2023-06-10 10:15:24,045 [INFO] ThirdParty:1030 - CMSIS Pack Vendor :STMicroelectronics X-CUBE-AZRTOS-F4 1.1.0
2023-06-10 10:15:24,045 [INFO] ThirdParty:1030 - CMSIS Pack Vendor :STMicroelectronics LIBJPEG 8.0.0
2023-06-10 10:15:24,045 [INFO] ThirdParty:1030 - CMSIS Pack Vendor :STMicroelectronics X-CUBE-SMBUS 2.1.0
2023-06-10 10:15:24,045 [INFO] ThirdParty:1030 - CMSIS Pack Vendor :STMicroelectronics USB_DEVICE 3.0.0
2023-06-10 10:15:24,045 [INFO] ThirdParty:1030 - CMSIS Pack Vendor :STMicroelectronics X-CUBE-AI 8.0.0
2023-06-10 10:15:24,045 [INFO] ThirdParty:1030 - CMSIS Pack Vendor :STMicroelectronics X-CUBE-FREERTOS 1.0.0
2023-06-10 10:15:24,045 [INFO] ThirdParty:1030 - CMSIS Pack Vendor :STMicroelectronics X-CUBE-FREERTOS 1.0.1
2023-06-10 10:15:24,046 [INFO] ThirdParty:1030 - CMSIS Pack Vendor :STMicroelectronics X-CUBE-TOUCHGFX 4.21.3
2023-06-10 10:15:24,046 [INFO] ThirdParty:1030 - CMSIS Pack Vendor :STMicroelectronics X-CUBE-AZRTOS-F7 1.1.0
2023-06-10 10:15:24,046 [INFO] ThirdParty:1030 - CMSIS Pack Vendor :STMicroelectronics X-CUBE-TOUCHGFX 4.21.4
2023-06-10 10:15:24,046 [INFO] ThirdParty:1030 - CMSIS Pack Vendor :STMicroelectronics USB_DEVICE 2.0.0
2023-06-10 10:15:24,046 [INFO] ThirdParty:1030 - CMSIS Pack Vendor :STMicroelectronics X-CUBE-MEMS1 9.6.0
2023-06-10 10:15:24,046 [INFO] ThirdParty:1030 - CMSIS Pack Vendor :STMicroelectronics FP-SNS-MOTENV1 4.3.0
2023-06-10 10:15:24,046 [INFO] ThirdParty:1030 - CMSIS Pack Vendor :STMicroelectronics FP-SNS-FLIGHT1 5.0.0
2023-06-10 10:15:24,046 [INFO] ThirdParty:1030 - CMSIS Pack Vendor :STMicroelectronics FP-SNS-MOTENV1 4.3.1
2023-06-10 10:15:24,046 [INFO] ThirdParty:1030 - CMSIS Pack Vendor :STMicroelectronics FP-SNS-FLIGHT1 5.0.1
2023-06-10 10:15:24,046 [INFO] ThirdParty:1030 - CMSIS Pack Vendor :STMicroelectronics X-CUBE-ALGOBUILD 1.3.0
2023-06-10 10:15:24,046 [INFO] ThirdParty:1030 - CMSIS Pack Vendor :STMicroelectronics X-CUBE-BLE1 6.2.4
2023-06-10 10:15:24,046 [INFO] ThirdParty:1030 - CMSIS Pack Vendor :STMicroelectronics X-CUBE-AZRTOS-L5 1.1.0
2023-06-10 10:15:24,047 [INFO] ThirdParty:1030 - CMSIS Pack Vendor :STMicroelectronics FreeRTOS 0.0.1
2023-06-10 10:15:24,047 [INFO] ThirdParty:1030 - CMSIS Pack Vendor :emotas I-CUBE-CANOPEN 1.1.3
2023-06-10 10:15:24,048 [INFO] ThirdParty:1030 - CMSIS Pack Vendor :STMicroelectronics X-CUBE-AZRTOS-G0 1.1.0
2023-06-10 10:15:24,048 [INFO] ThirdParty:1030 - CMSIS Pack Vendor :STMicroelectronics X-CUBE-BLEMGR 2.0.0
2023-06-10 10:15:24,048 [INFO] ThirdParty:1030 - CMSIS Pack Vendor :STMicroelectronics X-CUBE-AI 8.0.1
2023-06-10 10:15:24,048 [INFO] ThirdParty:1030 - CMSIS Pack Vendor :STMicroelectronics X-CUBE-SUBG2 5.0.0
2023-06-10 10:15:24,048 [INFO] ThirdParty:1030 - CMSIS Pack Vendor :STMicroelectronics X-CUBE-NFC4 3.0.0
2023-06-10 10:15:24,048 [INFO] ThirdParty:1030 - CMSIS Pack Vendor :STMicroelectronics STM32_WPAN 1.0.0
2023-06-10 10:15:24,048 [INFO] ThirdParty:1030 - CMSIS Pack Vendor :STMicroelectronics lwIP 2.0.3
2023-06-10 10:15:24,048 [INFO] ThirdParty:1030 - CMSIS Pack Vendor :STMicroelectronics USB_HOST 1.0.0
2023-06-10 10:15:24,049 [INFO] ThirdParty:1030 - CMSIS Pack Vendor :STMicroelectronics X-CUBE-AZRTOS-G4 2.0.0
2023-06-10 10:15:24,049 [INFO] ThirdParty:1030 - CMSIS Pack Vendor :STMicroelectronics PDM2PCM 3.1.0
2023-06-10 10:15:24,049 [INFO] ThirdParty:1030 - CMSIS Pack Vendor :STMicroelectronics X-CUBE-AZRTOS-H7 3.1.0
2023-06-10 10:15:24,049 [INFO] ThirdParty:1030 - CMSIS Pack Vendor :STMicroelectronics X-CUBE-TOF1 3.3.0
2023-06-10 10:15:24,049 [INFO] ThirdParty:1030 - CMSIS Pack Vendor :STMicroelectronics FP-ATR-ASTRA1 1.1.1
2023-06-10 10:15:24,049 [INFO] ThirdParty:1030 - CMSIS Pack Vendor :STMicroelectronics PDM2PCM 3.3.0
2023-06-10 10:15:24,049 [INFO] ThirdParty:1030 - CMSIS Pack Vendor :STMicroelectronics X-CUBE-DISPLAY 3.0.0
2023-06-10 10:15:24,049 [INFO] ThirdParty:1030 - CMSIS Pack Vendor :STMicroelectronics X-CUBE-AZRTOS-G4 1.0.0
2023-06-10 10:15:24,049 [INFO] ThirdParty:1030 - CMSIS Pack Vendor :STMicroelectronics FP-ATR-SIGFOX1 3.2.0
2023-06-10 10:15:24,049 [INFO] ThirdParty:1030 - CMSIS Pack Vendor :wolfSSL I-CUBE-wolfSSL 5.5.4
2023-06-10 10:15:24,049 [INFO] ThirdParty:1030 - CMSIS Pack Vendor :STMicroelectronics X-CUBE-AZRTOS-L4 1.0.0
2023-06-10 10:15:24,049 [INFO] ThirdParty:1030 - CMSIS Pack Vendor :STMicroelectronics HAL Drivers 0.0.0
2023-06-10 10:15:24,049 [INFO] ThirdParty:1030 - CMSIS Pack Vendor :STMicroelectronics MBEDTLS 2.16.2
2023-06-10 10:15:24,049 [INFO] ThirdParty:1030 - CMSIS Pack Vendor :STMicroelectronics MBEDTLS 2.14.1
2023-06-10 10:15:24,049 [INFO] ThirdParty:1030 - CMSIS Pack Vendor :STMicroelectronics X-CUBE-NFC7 1.0.0
2023-06-10 10:15:24,050 [INFO] ThirdParty:1030 - CMSIS Pack Vendor :STMicroelectronics X-CUBE-AZRTOS-WL 1.0.0
2023-06-10 10:15:24,050 [INFO] ThirdParty:1030 - CMSIS Pack Vendor :STMicroelectronics X-CUBE-EEPRMA1 4.1.0
2023-06-10 10:15:24,050 [INFO] ThirdParty:1030 - CMSIS Pack Vendor :portGmbH I-Cube-SoM-uGOAL 1.1.0
2023-06-10 10:15:24,050 [INFO] ThirdParty:1030 - CMSIS Pack Vendor :STMicroelectronics X-CUBE-ALS 1.0.1
2023-06-10 10:15:24,050 [INFO] ThirdParty:1030 - CMSIS Pack Vendor :STMicroelectronics X-CUBE-MEMS1 9.5.0
2023-06-10 10:15:24,050 [INFO] ThirdParty:1030 - CMSIS Pack Vendor :STMicroelectronics ThreadX 1.0.0
2023-06-10 10:15:24,050 [INFO] ThirdParty:1030 - CMSIS Pack Vendor :STMicroelectronics X-CUBE-AZRTOS-WB 1.1.0
2023-06-10 10:15:24,050 [INFO] ThirdParty:1030 - CMSIS Pack Vendor :STMicroelectronics X-CUBE-AZRTOS-WL 2.0.0
2023-06-10 10:15:24,051 [INFO] ThirdParty:1030 - CMSIS Pack Vendor :SEGGER I-CUBE-embOS 1.3.1
2023-06-10 10:15:24,051 [INFO] ThirdParty:1030 - CMSIS Pack Vendor :STMicroelectronics USB_DEVICE 1.0.0
2023-06-10 10:15:24,051 [INFO] ThirdParty:1030 - CMSIS Pack Vendor :STMicroelectronics X-CUBE-AZRTOS-L4 2.0.0
2023-06-10 10:15:24,051 [INFO] ThirdParty:1030 - CMSIS Pack Vendor :STMicroelectronics ThreadX 0.0.2
2023-06-10 10:15:24,051 [INFO] ThirdParty:1030 - CMSIS Pack Vendor :WES I-CUBE-Cesium 1.3.0
2023-06-10 10:15:24,051 [INFO] ThirdParty:1030 - CMSIS Pack Vendor :STMicroelectronics FP-ATR-ASTRA1 2.0.0
2023-06-10 10:15:24,051 [INFO] ThirdParty:1030 - CMSIS Pack Vendor :STMicroelectronics lwIP 2.1.2
2023-06-10 10:15:24,051 [INFO] ThirdParty:1030 - CMSIS Pack Vendor :STMicroelectronics X-CUBE-SFXS2LP1 4.0.0
2023-06-10 10:15:24,051 [INFO] ThirdParty:1030 - CMSIS Pack Vendor :STMicroelectronics X-CUBE-BLE2 3.3.0
2023-06-10 10:15:24,051 [INFO] ThirdParty:1030 - CMSIS Pack Vendor :STMicroelectronics PDM2PCM 3.2.0
2023-06-10 10:15:24,051 [INFO] ThirdParty:1030 - CMSIS Pack Vendor :STMicroelectronics X-CUBE-AZRTOS-H7 3.0.0
2023-06-10 10:15:24,052 [INFO] ThirdParty:841 - exiting critical section [change project]
2023-06-10 10:15:25,441 [INFO] PinOutPanel:1499 - setPackage(No Configuration,No Configuration)
2023-06-10 10:15:25,467 [INFO] PinOutPanel:1499 - setPackage(STM32F303VCTx,LQFP100)
2023-06-10 10:15:27,928 [INFO] UtilMem:75 - Before build in PCC Used Memory: 273379840 Bytes (355467264)
2023-06-10 10:15:29,845 [INFO] UtilMem:75 - After build in PCC Used Memory: 260507136 Bytes (355467264)
2023-06-10 10:15:30,006 [INFO] IPUIPlugin:80 - create IPUIPlugin
2023-06-10 10:15:30,006 [INFO] IPUIPlugin:80 - create IPUIPlugin
2023-06-10 10:15:30,006 [INFO] IPUIPlugin:80 - create IPUIPlugin
2023-06-10 10:15:30,007 [INFO] IPUIPlugin:80 - create IPUIPlugin
2023-06-10 10:15:30,007 [INFO] IPUIPlugin:80 - create IPUIPlugin
2023-06-10 10:15:30,007 [INFO] IPUIPlugin:80 - create IPUIPlugin
2023-06-10 10:15:30,007 [INFO] IPUIPlugin:80 - create IPUIPlugin
2023-06-10 10:15:30,007 [INFO] IPUIPlugin:80 - create IPUIPlugin
2023-06-10 10:15:30,007 [INFO] IPUIPlugin:80 - create IPUIPlugin
2023-06-10 10:15:30,007 [INFO] IPUIPlugin:80 - create IPUIPlugin
2023-06-10 10:15:30,007 [INFO] IPUIPlugin:80 - create IPUIPlugin
2023-06-10 10:15:30,008 [INFO] IPUIPlugin:80 - create IPUIPlugin
2023-06-10 10:15:30,009 [INFO] IPUIPlugin:80 - create IPUIPlugin
2023-06-10 10:15:30,010 [INFO] IPUIPlugin:80 - create IPUIPlugin
2023-06-10 10:15:30,010 [INFO] IPUIPlugin:80 - create IPUIPlugin
2023-06-10 10:15:30,010 [INFO] IPUIPlugin:80 - create IPUIPlugin
2023-06-10 10:15:30,010 [INFO] IPUIPlugin:80 - create IPUIPlugin
2023-06-10 10:15:30,010 [INFO] IPUIPlugin:80 - create IPUIPlugin
2023-06-10 10:15:30,010 [INFO] IPUIPlugin:80 - create IPUIPlugin
2023-06-10 10:15:30,010 [INFO] IPUIPlugin:80 - create IPUIPlugin
2023-06-10 10:15:30,011 [INFO] IPUIPlugin:80 - create IPUIPlugin
2023-06-10 10:15:30,011 [INFO] IPUIPlugin:80 - create IPUIPlugin
2023-06-10 10:15:30,011 [INFO] IPUIPlugin:80 - create IPUIPlugin
2023-06-10 10:15:30,012 [INFO] IPUIPlugin:80 - create IPUIPlugin
2023-06-10 10:15:30,013 [INFO] IPUIPlugin:80 - create IPUIPlugin
2023-06-10 10:15:30,013 [INFO] IPUIPlugin:80 - create IPUIPlugin
2023-06-10 10:15:30,014 [INFO] IPUIPlugin:80 - create IPUIPlugin
2023-06-10 10:15:30,014 [INFO] IPUIPlugin:80 - create IPUIPlugin
2023-06-10 10:15:30,015 [INFO] IPUIPlugin:80 - create IPUIPlugin
2023-06-10 10:15:30,017 [INFO] IPUIPlugin:80 - create IPUIPlugin
2023-06-10 10:15:30,018 [INFO] IPUIPlugin:80 - create IPUIPlugin
2023-06-10 10:15:30,018 [INFO] IPUIPlugin:80 - create IPUIPlugin
2023-06-10 10:15:30,019 [INFO] IPUIPlugin:80 - create IPUIPlugin
2023-06-10 10:15:30,019 [INFO] IPUIPlugin:80 - create IPUIPlugin
2023-06-10 10:15:30,020 [INFO] IPUIPlugin:80 - create IPUIPlugin
2023-06-10 10:15:30,020 [INFO] IPUIPlugin:80 - create IPUIPlugin
2023-06-10 10:15:30,021 [INFO] IPUIPlugin:80 - create IPUIPlugin
2023-06-10 10:15:30,021 [INFO] IPUIPlugin:80 - create IPUIPlugin
2023-06-10 10:15:30,022 [INFO] IPUIPlugin:80 - create IPUIPlugin
2023-06-10 10:15:30,022 [INFO] IPUIPlugin:80 - create IPUIPlugin
2023-06-10 10:15:30,023 [INFO] IPUIPlugin:80 - create IPUIPlugin
2023-06-10 10:15:30,023 [INFO] IPUIPlugin:80 - create IPUIPlugin
2023-06-10 10:15:30,024 [INFO] IPUIPlugin:80 - create IPUIPlugin
2023-06-10 10:15:30,024 [INFO] IPUIPlugin:80 - create IPUIPlugin
2023-06-10 10:15:30,025 [INFO] IPUIPlugin:80 - create IPUIPlugin
2023-06-10 10:15:30,025 [INFO] IPUIPlugin:80 - create IPUIPlugin
2023-06-10 10:15:30,026 [INFO] IPUIPlugin:80 - create IPUIPlugin
2023-06-10 10:15:30,027 [INFO] IPUIPlugin:80 - create IPUIPlugin
2023-06-10 10:15:30,027 [INFO] IPUIPlugin:80 - create IPUIPlugin
2023-06-10 10:15:30,028 [INFO] IPUIPlugin:80 - create IPUIPlugin
2023-06-10 10:15:30,028 [INFO] IPUIPlugin:80 - create IPUIPlugin
2023-06-10 10:15:30,029 [INFO] IPUIPlugin:80 - create IPUIPlugin
2023-06-10 10:15:30,030 [INFO] IPUIPlugin:80 - create IPUIPlugin
2023-06-10 10:15:30,030 [INFO] IPUIPlugin:80 - create IPUIPlugin
2023-06-10 10:15:30,031 [INFO] IPUIPlugin:80 - create IPUIPlugin
2023-06-10 10:15:30,528 [INFO] CADModel:165 - CPN selected for project levelSTM32F303VCT6
2023-06-10 10:15:30,528 [INFO] CADModel:114 - Register for checkConnection events
2023-06-10 10:15:30,584 [INFO] OpenFileManager:328 - Restore cursor
2023-06-10 10:15:33,469 [INFO] UtilMem:75 - End SaveConfig() Used Memory: 282547848 Bytes (355467264)
2023-06-10 10:15:33,757 [INFO] UtilMem:75 - End SaveConfig() Used Memory: 277151528 Bytes (355467264)
2023-06-10 10:15:36,319 [INFO] BlockDiagram:2759 - set Specific Code input for plugin: RCC
2023-06-10 10:15:36,319 [INFO] BlockDiagram:2759 - set Specific Code input for plugin: NVIC
2023-06-10 10:15:36,323 [INFO] CodeGenerator:793 - code generatio: config db path: C:\ST\STM32CubeIDE_1.12.0\STM32CubeIDE\plugins\com.st.stm32cube.common.mx_6.8.1.202304191431\\db\
2023-06-10 10:15:37,570 [INFO] CodeEngine:255 - oldGeneratedFile, C:\Users\Utente\Desktop\CSD\Schedino\WorkSpace\Esercizio13\Slave0\Slave0\MXTmpFiles\license.tmp_save
2023-06-10 10:15:38,880 [INFO] CodeEngine:279 - Generated code: C:\Users\Utente\Desktop\CSD\Schedino\WorkSpace\Esercizio13\Slave0\Slave0\MXTmpFiles\license.tmp
2023-06-10 10:15:38,929 [INFO] CodeEngine:255 - oldGeneratedFile, C:\Users\Utente\Desktop\CSD\Schedino\WorkSpace\Esercizio13\Slave0\Slave0\Core\Src\stm32f3xx_it.c_save
2023-06-10 10:15:39,432 [INFO] CodeEngine:279 - Generated code: C:\Users\Utente\Desktop\CSD\Schedino\WorkSpace\Esercizio13\Slave0\Slave0\Core\Src\stm32f3xx_it.c
2023-06-10 10:15:39,504 [INFO] CodeEngine:255 - oldGeneratedFile, C:\Users\Utente\Desktop\CSD\Schedino\WorkSpace\Esercizio13\Slave0\Slave0\Core\Inc\stm32f3xx_it.h_save
2023-06-10 10:15:40,045 [INFO] CodeEngine:279 - Generated code: C:\Users\Utente\Desktop\CSD\Schedino\WorkSpace\Esercizio13\Slave0\Slave0\Core\Inc\stm32f3xx_it.h
2023-06-10 10:15:40,318 [INFO] CodeEngine:255 - oldGeneratedFile, C:\Users\Utente\Desktop\CSD\Schedino\WorkSpace\Esercizio13\Slave0\Slave0\Core\Src\stm32f3xx_hal_msp.c_save
2023-06-10 10:15:40,815 [INFO] CodeEngine:279 - Generated code: C:\Users\Utente\Desktop\CSD\Schedino\WorkSpace\Esercizio13\Slave0\Slave0\Core\Src\stm32f3xx_hal_msp.c
2023-06-10 10:15:40,824 [INFO] CodeEngine:255 - oldGeneratedFile, C:\Users\Utente\Desktop\CSD\Schedino\WorkSpace\Esercizio13\Slave0\Slave0\MXTmpFiles\system.tmp_save
2023-06-10 10:15:41,261 [INFO] CodeEngine:279 - Generated code: C:\Users\Utente\Desktop\CSD\Schedino\WorkSpace\Esercizio13\Slave0\Slave0\MXTmpFiles\system.tmp
2023-06-10 10:15:41,282 [INFO] CodeEngine:311 - oldGeneratedFile, C:\Users\Utente\Desktop\CSD\Schedino\WorkSpace\Esercizio13\Slave0\Slave0\Core\Inc\stm32f3xx_hal_conf.h_save
2023-06-10 10:15:41,790 [INFO] CodeEngine:335 - Generated code: C:\Users\Utente\Desktop\CSD\Schedino\WorkSpace\Esercizio13\Slave0\Slave0\Core\Inc\stm32f3xx_hal_conf.h
2023-06-10 10:15:41,952 [INFO] CodeEngine:255 - oldGeneratedFile, C:\Users\Utente\Desktop\CSD\Schedino\WorkSpace\Esercizio13\Slave0\Slave0\Core\Inc\main.h_save
2023-06-10 10:15:42,360 [INFO] CodeEngine:279 - Generated code: C:\Users\Utente\Desktop\CSD\Schedino\WorkSpace\Esercizio13\Slave0\Slave0\Core\Inc\main.h
2023-06-10 10:15:42,370 [INFO] CodeEngine:255 - oldGeneratedFile, C:\Users\Utente\Desktop\CSD\Schedino\WorkSpace\Esercizio13\Slave0\Slave0\Core\Src\main.c_save
2023-06-10 10:15:42,879 [INFO] CodeEngine:279 - Generated code: C:\Users\Utente\Desktop\CSD\Schedino\WorkSpace\Esercizio13\Slave0\Slave0\Core\Src\main.c
2023-06-10 10:15:45,423 [INFO] ProjectBuilder:2996 - Time for Copy HAL[1] : 470mS.
2023-06-10 10:15:45,499 [INFO] ProjectBuilder:4304 - Project Generator version: 3.19.2
2023-06-10 10:15:46,927 [INFO] ConfigFileManager:1483 - The Die is : DIE422
2023-06-10 10:15:46,952 [INFO] ApiDbMcu:507 - Load IP Config File for FATFS
2023-06-10 10:15:46,975 [INFO] ApiDbMcu:507 - Load IP Config File for FREERTOS
2023-06-10 10:15:47,023 [INFO] ApiDbMcu:507 - Load IP Config File for TOUCHSENSING
2023-06-10 10:15:47,034 [INFO] ApiDbMcu:507 - Load IP Config File for USB_DEVICE
2023-06-10 10:15:49,617 [INFO] LogOutputStream:77 - [STDOUT_REDIRECT] 
2023-06-10 10:15:56,871 [INFO] ProjectBuilder:4505 - Time for Generating toolchain IDE Files: 11372mS.
2023-06-10 10:15:56,877 [INFO] ProjectBuilder:2867 - Time for Copy CMSIS : 5mS.
2023-06-10 10:15:56,885 [INFO] ProjectBuilder:2867 - Time for Copy CMSIS : 0mS.
2023-06-10 10:15:59,075 [INFO] McuFinderGlobals:66 - Set McuFinderConnectedMode to true
2023-06-10 10:15:59,281 [INFO] ApiDb:448 - Save user favorites file C:\Users\Utente/.stm32cubeide/favorites.mcus.txt: 1 item(s)
2023-06-10 10:15:59,282 [INFO] ApiDb:452 - User favorites MCUs=[STM32F303VCT6]
2023-06-10 10:20:22,207 [INFO] NvicIntPanel:101 - NVIC parent = com.st.microxplorer.plugins.ip.nvic.MultiNvicIntPanel[,0,0,0x0,invalid,layout=javax.swing.BoxLayout,alignmentX=0.0,alignmentY=0.0,border=,flags=9,maximumSize=,minimumSize=,preferredSize=]
2023-06-10 10:20:32,341 [INFO] NvicIntPanel:101 - NVIC parent = com.st.microxplorer.plugins.ip.nvic.MultiNvicIntPanel[,0,0,0x0,invalid,layout=javax.swing.BoxLayout,alignmentX=0.0,alignmentY=0.0,border=,flags=9,maximumSize=,minimumSize=,preferredSize=]
2023-06-10 10:20:32,468 [INFO] NvicIntPanel:101 - NVIC parent = com.st.microxplorer.plugins.ip.nvic.MultiNvicIntPanel[,0,0,0x0,invalid,layout=javax.swing.BoxLayout,alignmentX=0.0,alignmentY=0.0,border=,flags=9,maximumSize=,minimumSize=,preferredSize=]
2023-06-10 10:20:34,129 [INFO] NvicIntPanel:101 - NVIC parent = com.st.microxplorer.plugins.ip.nvic.MultiNvicIntPanel[,0,0,0x0,invalid,layout=javax.swing.BoxLayout,alignmentX=0.0,alignmentY=0.0,border=,flags=9,maximumSize=,minimumSize=,preferredSize=]
2023-06-10 10:20:42,258 [INFO] UtilMem:75 - End SaveConfig() Used Memory: 667968904 Bytes (788529152)
2023-06-10 10:20:42,845 [INFO] UtilMem:75 - End SaveConfig() Used Memory: 470983984 Bytes (788529152)
2023-06-10 10:20:42,998 [INFO] UtilMem:75 - End SaveConfig() Used Memory: 504035680 Bytes (788529152)
2023-06-10 10:20:43,265 [INFO] BlockDiagram:2759 - set Specific Code input for plugin: RCC
2023-06-10 10:20:43,266 [INFO] BlockDiagram:2759 - set Specific Code input for plugin: NVIC
2023-06-10 10:20:43,266 [INFO] BlockDiagram:2759 - set Specific Code input for plugin: USART
2023-06-10 10:20:43,267 [INFO] BlockDiagram:2759 - set Specific Code input for plugin: GPIO
2023-06-10 10:20:43,268 [INFO] CodeGenerator:793 - code generatio: config db path: C:\ST\STM32CubeIDE_1.12.0\STM32CubeIDE\plugins\com.st.stm32cube.common.mx_6.8.1.202304191431\\db\
2023-06-10 10:20:43,469 [INFO] CodeEngine:255 - oldGeneratedFile, C:\Users\Utente\Desktop\CSD\Schedino\WorkSpace\Esercizio13\Slave0\Slave0\MXTmpFiles\license.tmp_save
2023-06-10 10:20:43,558 [INFO] CodeEngine:279 - Generated code: C:\Users\Utente\Desktop\CSD\Schedino\WorkSpace\Esercizio13\Slave0\Slave0\MXTmpFiles\license.tmp
2023-06-10 10:20:43,606 [INFO] CodeEngine:255 - oldGeneratedFile, C:\Users\Utente\Desktop\CSD\Schedino\WorkSpace\Esercizio13\Slave0\Slave0\MXTmpFiles\gpio.tmp_save
2023-06-10 10:20:43,690 [INFO] CodeEngine:279 - Generated code: C:\Users\Utente\Desktop\CSD\Schedino\WorkSpace\Esercizio13\Slave0\Slave0\MXTmpFiles\gpio.tmp
2023-06-10 10:20:43,746 [INFO] CodeEngine:255 - oldGeneratedFile, C:\Users\Utente\Desktop\CSD\Schedino\WorkSpace\Esercizio13\Slave0\Slave0\Core\Src\stm32f3xx_it.c_save
2023-06-10 10:20:43,924 [INFO] CodeEngine:279 - Generated code: C:\Users\Utente\Desktop\CSD\Schedino\WorkSpace\Esercizio13\Slave0\Slave0\Core\Src\stm32f3xx_it.c
2023-06-10 10:20:43,932 [INFO] CodeEngine:255 - oldGeneratedFile, C:\Users\Utente\Desktop\CSD\Schedino\WorkSpace\Esercizio13\Slave0\Slave0\Core\Inc\stm32f3xx_it.h_save
2023-06-10 10:20:44,005 [INFO] CodeEngine:279 - Generated code: C:\Users\Utente\Desktop\CSD\Schedino\WorkSpace\Esercizio13\Slave0\Slave0\Core\Inc\stm32f3xx_it.h
2023-06-10 10:20:44,029 [INFO] CodeEngine:255 - oldGeneratedFile, C:\Users\Utente\Desktop\CSD\Schedino\WorkSpace\Esercizio13\Slave0\Slave0\Core\Src\stm32f3xx_hal_msp.c_save
2023-06-10 10:20:44,152 [INFO] CodeEngine:279 - Generated code: C:\Users\Utente\Desktop\CSD\Schedino\WorkSpace\Esercizio13\Slave0\Slave0\Core\Src\stm32f3xx_hal_msp.c
2023-06-10 10:20:44,160 [INFO] CodeEngine:255 - oldGeneratedFile, C:\Users\Utente\Desktop\CSD\Schedino\WorkSpace\Esercizio13\Slave0\Slave0\MXTmpFiles\system.tmp_save
2023-06-10 10:20:44,233 [INFO] CodeEngine:279 - Generated code: C:\Users\Utente\Desktop\CSD\Schedino\WorkSpace\Esercizio13\Slave0\Slave0\MXTmpFiles\system.tmp
2023-06-10 10:20:44,248 [INFO] CodeEngine:311 - oldGeneratedFile, C:\Users\Utente\Desktop\CSD\Schedino\WorkSpace\Esercizio13\Slave0\Slave0\Core\Inc\stm32f3xx_hal_conf.h_save
2023-06-10 10:20:44,332 [INFO] CodeEngine:335 - Generated code: C:\Users\Utente\Desktop\CSD\Schedino\WorkSpace\Esercizio13\Slave0\Slave0\Core\Inc\stm32f3xx_hal_conf.h
2023-06-10 10:20:44,378 [INFO] CodeEngine:255 - oldGeneratedFile, C:\Users\Utente\Desktop\CSD\Schedino\WorkSpace\Esercizio13\Slave0\Slave0\Core\Inc\main.h_save
2023-06-10 10:20:44,459 [INFO] CodeEngine:279 - Generated code: C:\Users\Utente\Desktop\CSD\Schedino\WorkSpace\Esercizio13\Slave0\Slave0\Core\Inc\main.h
2023-06-10 10:20:44,468 [INFO] CodeEngine:255 - oldGeneratedFile, C:\Users\Utente\Desktop\CSD\Schedino\WorkSpace\Esercizio13\Slave0\Slave0\Core\Src\main.c_save
2023-06-10 10:20:44,573 [INFO] CodeEngine:279 - Generated code: C:\Users\Utente\Desktop\CSD\Schedino\WorkSpace\Esercizio13\Slave0\Slave0\Core\Src\main.c
2023-06-10 10:20:45,612 [INFO] ProjectBuilder:2996 - Time for Copy HAL[1] : 285mS.
2023-06-10 10:20:45,621 [INFO] ProjectBuilder:4304 - Project Generator version: 3.19.2
2023-06-10 10:20:46,707 [INFO] ConfigFileManager:1483 - The Die is : DIE422
2023-06-10 10:20:51,918 [INFO] ProjectBuilder:4505 - Time for Generating toolchain IDE Files: 6297mS.
2023-06-10 10:20:51,919 [INFO] ProjectBuilder:2867 - Time for Copy CMSIS : 1mS.
2023-06-10 10:20:51,936 [INFO] ProjectBuilder:2867 - Time for Copy CMSIS : 0mS.
2023-06-10 10:22:05,370 [INFO] NvicIntPanel:101 - NVIC parent = com.st.microxplorer.plugins.ip.nvic.MultiNvicIntPanel[,0,0,0x0,invalid,layout=javax.swing.BoxLayout,alignmentX=0.0,alignmentY=0.0,border=,flags=9,maximumSize=,minimumSize=,preferredSize=]
2023-06-10 10:22:08,726 [INFO] NvicIntPanel:101 - NVIC parent = com.st.microxplorer.plugins.ip.nvic.MultiNvicIntPanel[,0,0,0x0,invalid,layout=javax.swing.BoxLayout,alignmentX=0.0,alignmentY=0.0,border=,flags=9,maximumSize=,minimumSize=,preferredSize=]
2023-06-10 10:22:09,842 [INFO] UtilMem:75 - End SaveConfig() Used Memory: 612759696 Bytes (817889280)
2023-06-10 10:22:10,829 [INFO] UtilMem:75 - End SaveConfig() Used Memory: 652605584 Bytes (817889280)
2023-06-10 10:22:10,983 [INFO] UtilMem:75 - End SaveConfig() Used Memory: 684604864 Bytes (817889280)
2023-06-10 10:22:11,249 [INFO] BlockDiagram:2759 - set Specific Code input for plugin: RCC
2023-06-10 10:22:11,250 [INFO] BlockDiagram:2759 - set Specific Code input for plugin: NVIC
2023-06-10 10:22:11,250 [INFO] BlockDiagram:2759 - set Specific Code input for plugin: USART
2023-06-10 10:22:11,250 [INFO] BlockDiagram:2759 - set Specific Code input for plugin: GPIO
2023-06-10 10:22:11,252 [INFO] CodeGenerator:793 - code generatio: config db path: C:\ST\STM32CubeIDE_1.12.0\STM32CubeIDE\plugins\com.st.stm32cube.common.mx_6.8.1.202304191431\\db\
2023-06-10 10:22:11,442 [INFO] CodeEngine:255 - oldGeneratedFile, C:\Users\Utente\Desktop\CSD\Schedino\WorkSpace\Esercizio13\Slave0\Slave0\MXTmpFiles\license.tmp_save
2023-06-10 10:22:11,512 [INFO] CodeEngine:279 - Generated code: C:\Users\Utente\Desktop\CSD\Schedino\WorkSpace\Esercizio13\Slave0\Slave0\MXTmpFiles\license.tmp
2023-06-10 10:22:11,543 [INFO] CodeEngine:255 - oldGeneratedFile, C:\Users\Utente\Desktop\CSD\Schedino\WorkSpace\Esercizio13\Slave0\Slave0\MXTmpFiles\gpio.tmp_save
2023-06-10 10:22:11,608 [INFO] CodeEngine:279 - Generated code: C:\Users\Utente\Desktop\CSD\Schedino\WorkSpace\Esercizio13\Slave0\Slave0\MXTmpFiles\gpio.tmp
2023-06-10 10:22:11,657 [INFO] CodeEngine:255 - oldGeneratedFile, C:\Users\Utente\Desktop\CSD\Schedino\WorkSpace\Esercizio13\Slave0\Slave0\Core\Src\stm32f3xx_it.c_save
2023-06-10 10:22:11,739 [INFO] CodeEngine:279 - Generated code: C:\Users\Utente\Desktop\CSD\Schedino\WorkSpace\Esercizio13\Slave0\Slave0\Core\Src\stm32f3xx_it.c
2023-06-10 10:22:11,748 [INFO] CodeEngine:255 - oldGeneratedFile, C:\Users\Utente\Desktop\CSD\Schedino\WorkSpace\Esercizio13\Slave0\Slave0\Core\Inc\stm32f3xx_it.h_save
2023-06-10 10:22:11,828 [INFO] CodeEngine:279 - Generated code: C:\Users\Utente\Desktop\CSD\Schedino\WorkSpace\Esercizio13\Slave0\Slave0\Core\Inc\stm32f3xx_it.h
2023-06-10 10:22:11,867 [INFO] CodeEngine:255 - oldGeneratedFile, C:\Users\Utente\Desktop\CSD\Schedino\WorkSpace\Esercizio13\Slave0\Slave0\Core\Src\stm32f3xx_hal_msp.c_save
2023-06-10 10:22:12,025 [INFO] CodeEngine:279 - Generated code: C:\Users\Utente\Desktop\CSD\Schedino\WorkSpace\Esercizio13\Slave0\Slave0\Core\Src\stm32f3xx_hal_msp.c
2023-06-10 10:22:12,034 [INFO] CodeEngine:255 - oldGeneratedFile, C:\Users\Utente\Desktop\CSD\Schedino\WorkSpace\Esercizio13\Slave0\Slave0\MXTmpFiles\system.tmp_save
2023-06-10 10:22:12,127 [INFO] CodeEngine:279 - Generated code: C:\Users\Utente\Desktop\CSD\Schedino\WorkSpace\Esercizio13\Slave0\Slave0\MXTmpFiles\system.tmp
2023-06-10 10:22:12,144 [INFO] CodeEngine:311 - oldGeneratedFile, C:\Users\Utente\Desktop\CSD\Schedino\WorkSpace\Esercizio13\Slave0\Slave0\Core\Inc\stm32f3xx_hal_conf.h_save
2023-06-10 10:22:12,251 [INFO] CodeEngine:335 - Generated code: C:\Users\Utente\Desktop\CSD\Schedino\WorkSpace\Esercizio13\Slave0\Slave0\Core\Inc\stm32f3xx_hal_conf.h
2023-06-10 10:22:12,308 [INFO] CodeEngine:255 - oldGeneratedFile, C:\Users\Utente\Desktop\CSD\Schedino\WorkSpace\Esercizio13\Slave0\Slave0\Core\Inc\main.h_save
2023-06-10 10:22:12,433 [INFO] CodeEngine:279 - Generated code: C:\Users\Utente\Desktop\CSD\Schedino\WorkSpace\Esercizio13\Slave0\Slave0\Core\Inc\main.h
2023-06-10 10:22:12,446 [INFO] CodeEngine:255 - oldGeneratedFile, C:\Users\Utente\Desktop\CSD\Schedino\WorkSpace\Esercizio13\Slave0\Slave0\Core\Src\main.c_save
2023-06-10 10:22:12,649 [INFO] CodeEngine:279 - Generated code: C:\Users\Utente\Desktop\CSD\Schedino\WorkSpace\Esercizio13\Slave0\Slave0\Core\Src\main.c
2023-06-10 10:22:13,573 [INFO] ProjectBuilder:2996 - Time for Copy HAL[1] : 243mS.
2023-06-10 10:22:13,578 [INFO] ProjectBuilder:4304 - Project Generator version: 3.19.2
2023-06-10 10:22:14,162 [INFO] ConfigFileManager:1483 - The Die is : DIE422
2023-06-10 10:22:16,018 [INFO] ProjectBuilder:4505 - Time for Generating toolchain IDE Files: 2440mS.
2023-06-10 10:22:16,019 [INFO] ProjectBuilder:2867 - Time for Copy CMSIS : 1mS.
2023-06-10 10:22:16,024 [INFO] ProjectBuilder:2867 - Time for Copy CMSIS : 0mS.
2023-06-10 10:22:39,537 [INFO] NvicIntPanel:101 - NVIC parent = com.st.microxplorer.plugins.ip.nvic.MultiNvicIntPanel[,0,0,0x0,invalid,layout=javax.swing.BoxLayout,alignmentX=0.0,alignmentY=0.0,border=,flags=9,maximumSize=,minimumSize=,preferredSize=]
2023-06-10 10:22:40,616 [INFO] UtilMem:75 - End SaveConfig() Used Memory: 617534856 Bytes (846200832)
2023-06-10 10:22:41,636 [INFO] UtilMem:75 - End SaveConfig() Used Memory: 657840456 Bytes (846200832)
2023-06-10 10:22:41,784 [INFO] UtilMem:75 - End SaveConfig() Used Memory: 689323712 Bytes (846200832)
2023-06-10 10:22:42,051 [INFO] BlockDiagram:2759 - set Specific Code input for plugin: RCC
2023-06-10 10:22:42,051 [INFO] BlockDiagram:2759 - set Specific Code input for plugin: NVIC
2023-06-10 10:22:42,051 [INFO] BlockDiagram:2759 - set Specific Code input for plugin: USART
2023-06-10 10:22:42,051 [INFO] BlockDiagram:2759 - set Specific Code input for plugin: GPIO
2023-06-10 10:22:42,053 [INFO] CodeGenerator:793 - code generatio: config db path: C:\ST\STM32CubeIDE_1.12.0\STM32CubeIDE\plugins\com.st.stm32cube.common.mx_6.8.1.202304191431\\db\
2023-06-10 10:22:42,259 [INFO] CodeEngine:255 - oldGeneratedFile, C:\Users\Utente\Desktop\CSD\Schedino\WorkSpace\Esercizio13\Slave0\Slave0\MXTmpFiles\license.tmp_save
2023-06-10 10:22:42,339 [INFO] CodeEngine:279 - Generated code: C:\Users\Utente\Desktop\CSD\Schedino\WorkSpace\Esercizio13\Slave0\Slave0\MXTmpFiles\license.tmp
2023-06-10 10:22:42,378 [INFO] CodeEngine:255 - oldGeneratedFile, C:\Users\Utente\Desktop\CSD\Schedino\WorkSpace\Esercizio13\Slave0\Slave0\MXTmpFiles\gpio.tmp_save
2023-06-10 10:22:42,453 [INFO] CodeEngine:279 - Generated code: C:\Users\Utente\Desktop\CSD\Schedino\WorkSpace\Esercizio13\Slave0\Slave0\MXTmpFiles\gpio.tmp
2023-06-10 10:22:42,511 [INFO] CodeEngine:255 - oldGeneratedFile, C:\Users\Utente\Desktop\CSD\Schedino\WorkSpace\Esercizio13\Slave0\Slave0\Core\Src\stm32f3xx_it.c_save
2023-06-10 10:22:42,569 [INFO] CodeEngine:279 - Generated code: C:\Users\Utente\Desktop\CSD\Schedino\WorkSpace\Esercizio13\Slave0\Slave0\Core\Src\stm32f3xx_it.c
2023-06-10 10:22:42,578 [INFO] CodeEngine:255 - oldGeneratedFile, C:\Users\Utente\Desktop\CSD\Schedino\WorkSpace\Esercizio13\Slave0\Slave0\Core\Inc\stm32f3xx_it.h_save
2023-06-10 10:22:42,639 [INFO] CodeEngine:279 - Generated code: C:\Users\Utente\Desktop\CSD\Schedino\WorkSpace\Esercizio13\Slave0\Slave0\Core\Inc\stm32f3xx_it.h
2023-06-10 10:22:42,669 [INFO] CodeEngine:255 - oldGeneratedFile, C:\Users\Utente\Desktop\CSD\Schedino\WorkSpace\Esercizio13\Slave0\Slave0\Core\Src\stm32f3xx_hal_msp.c_save
2023-06-10 10:22:42,828 [INFO] CodeEngine:279 - Generated code: C:\Users\Utente\Desktop\CSD\Schedino\WorkSpace\Esercizio13\Slave0\Slave0\Core\Src\stm32f3xx_hal_msp.c
2023-06-10 10:22:42,835 [INFO] CodeEngine:255 - oldGeneratedFile, C:\Users\Utente\Desktop\CSD\Schedino\WorkSpace\Esercizio13\Slave0\Slave0\MXTmpFiles\system.tmp_save
2023-06-10 10:22:42,905 [INFO] CodeEngine:279 - Generated code: C:\Users\Utente\Desktop\CSD\Schedino\WorkSpace\Esercizio13\Slave0\Slave0\MXTmpFiles\system.tmp
2023-06-10 10:22:42,916 [INFO] CodeEngine:311 - oldGeneratedFile, C:\Users\Utente\Desktop\CSD\Schedino\WorkSpace\Esercizio13\Slave0\Slave0\Core\Inc\stm32f3xx_hal_conf.h_save
2023-06-10 10:22:42,974 [INFO] CodeEngine:335 - Generated code: C:\Users\Utente\Desktop\CSD\Schedino\WorkSpace\Esercizio13\Slave0\Slave0\Core\Inc\stm32f3xx_hal_conf.h
2023-06-10 10:22:43,005 [INFO] CodeEngine:255 - oldGeneratedFile, C:\Users\Utente\Desktop\CSD\Schedino\WorkSpace\Esercizio13\Slave0\Slave0\Core\Inc\main.h_save
2023-06-10 10:22:43,082 [INFO] CodeEngine:279 - Generated code: C:\Users\Utente\Desktop\CSD\Schedino\WorkSpace\Esercizio13\Slave0\Slave0\Core\Inc\main.h
2023-06-10 10:22:43,089 [INFO] CodeEngine:255 - oldGeneratedFile, C:\Users\Utente\Desktop\CSD\Schedino\WorkSpace\Esercizio13\Slave0\Slave0\Core\Src\main.c_save
2023-06-10 10:22:43,192 [INFO] CodeEngine:279 - Generated code: C:\Users\Utente\Desktop\CSD\Schedino\WorkSpace\Esercizio13\Slave0\Slave0\Core\Src\main.c
2023-06-10 10:22:44,193 [INFO] ProjectBuilder:2996 - Time for Copy HAL[1] : 248mS.
2023-06-10 10:22:44,199 [INFO] ProjectBuilder:4304 - Project Generator version: 3.19.2
2023-06-10 10:22:44,444 [INFO] ConfigFileManager:1483 - The Die is : DIE422
2023-06-10 10:22:46,053 [INFO] ProjectBuilder:4505 - Time for Generating toolchain IDE Files: 1855mS.
2023-06-10 10:22:46,054 [INFO] ProjectBuilder:2867 - Time for Copy CMSIS : 1mS.
2023-06-10 10:22:46,060 [INFO] ProjectBuilder:2867 - Time for Copy CMSIS : 1mS.
2023-06-10 11:18:45,362 [INFO] NvicIntPanel:101 - NVIC parent = com.st.microxplorer.plugins.ip.nvic.MultiNvicIntPanel[,0,0,0x0,invalid,layout=javax.swing.BoxLayout,alignmentX=0.0,alignmentY=0.0,border=,flags=9,maximumSize=,minimumSize=,preferredSize=]
2023-06-10 11:18:56,527 [INFO] Gpio:273 - dependency for GPIO [USART1]
2023-06-10 11:18:59,922 [INFO] NvicIntPanel:101 - NVIC parent = com.st.microxplorer.plugins.ip.nvic.MultiNvicIntPanel[,2,27,310x293,layout=javax.swing.BoxLayout,alignmentX=0.0,alignmentY=0.0,border=,flags=9,maximumSize=,minimumSize=,preferredSize=]
2023-06-10 11:19:02,124 [INFO] Gpio:273 - dependency for GPIO [USART1]
2023-06-10 11:19:06,876 [INFO] UtilMem:75 - End SaveConfig() Used Memory: 637006480 Bytes (867172352)
2023-06-10 11:19:07,468 [INFO] UtilMem:75 - End SaveConfig() Used Memory: 665442832 Bytes (867172352)
2023-06-10 11:19:08,776 [INFO] UtilMem:75 - End SaveConfig() Used Memory: 743037456 Bytes (867172352)
2023-06-10 11:19:09,015 [INFO] BlockDiagram:2759 - set Specific Code input for plugin: RCC
2023-06-10 11:19:09,015 [INFO] BlockDiagram:2759 - set Specific Code input for plugin: NVIC
2023-06-10 11:19:09,016 [INFO] BlockDiagram:2759 - set Specific Code input for plugin: USART
2023-06-10 11:19:09,016 [INFO] BlockDiagram:2759 - set Specific Code input for plugin: GPIO
2023-06-10 11:19:09,017 [INFO] CodeGenerator:793 - code generatio: config db path: C:\ST\STM32CubeIDE_1.12.0\STM32CubeIDE\plugins\com.st.stm32cube.common.mx_6.8.1.202304191431\\db\
2023-06-10 11:19:09,151 [INFO] CodeEngine:255 - oldGeneratedFile, C:\Users\Utente\Desktop\CSD\Schedino\WorkSpace\Esercizio13\Slave0\Slave0\MXTmpFiles\license.tmp_save
2023-06-10 11:19:09,260 [INFO] CodeEngine:279 - Generated code: C:\Users\Utente\Desktop\CSD\Schedino\WorkSpace\Esercizio13\Slave0\Slave0\MXTmpFiles\license.tmp
2023-06-10 11:19:09,294 [INFO] CodeEngine:255 - oldGeneratedFile, C:\Users\Utente\Desktop\CSD\Schedino\WorkSpace\Esercizio13\Slave0\Slave0\MXTmpFiles\gpio.tmp_save
2023-06-10 11:19:09,378 [INFO] CodeEngine:279 - Generated code: C:\Users\Utente\Desktop\CSD\Schedino\WorkSpace\Esercizio13\Slave0\Slave0\MXTmpFiles\gpio.tmp
2023-06-10 11:19:09,443 [INFO] CodeEngine:255 - oldGeneratedFile, C:\Users\Utente\Desktop\CSD\Schedino\WorkSpace\Esercizio13\Slave0\Slave0\Core\Src\stm32f3xx_it.c_save
2023-06-10 11:19:09,643 [INFO] CodeEngine:279 - Generated code: C:\Users\Utente\Desktop\CSD\Schedino\WorkSpace\Esercizio13\Slave0\Slave0\Core\Src\stm32f3xx_it.c
2023-06-10 11:19:09,655 [INFO] CodeEngine:255 - oldGeneratedFile, C:\Users\Utente\Desktop\CSD\Schedino\WorkSpace\Esercizio13\Slave0\Slave0\Core\Inc\stm32f3xx_it.h_save
2023-06-10 11:19:09,730 [INFO] CodeEngine:279 - Generated code: C:\Users\Utente\Desktop\CSD\Schedino\WorkSpace\Esercizio13\Slave0\Slave0\Core\Inc\stm32f3xx_it.h
2023-06-10 11:19:09,766 [INFO] CodeEngine:255 - oldGeneratedFile, C:\Users\Utente\Desktop\CSD\Schedino\WorkSpace\Esercizio13\Slave0\Slave0\Core\Src\stm32f3xx_hal_msp.c_save
2023-06-10 11:19:09,873 [INFO] CodeEngine:279 - Generated code: C:\Users\Utente\Desktop\CSD\Schedino\WorkSpace\Esercizio13\Slave0\Slave0\Core\Src\stm32f3xx_hal_msp.c
2023-06-10 11:19:09,879 [INFO] CodeEngine:255 - oldGeneratedFile, C:\Users\Utente\Desktop\CSD\Schedino\WorkSpace\Esercizio13\Slave0\Slave0\MXTmpFiles\system.tmp_save
2023-06-10 11:19:09,954 [INFO] CodeEngine:279 - Generated code: C:\Users\Utente\Desktop\CSD\Schedino\WorkSpace\Esercizio13\Slave0\Slave0\MXTmpFiles\system.tmp
2023-06-10 11:19:09,971 [INFO] CodeEngine:311 - oldGeneratedFile, C:\Users\Utente\Desktop\CSD\Schedino\WorkSpace\Esercizio13\Slave0\Slave0\Core\Inc\stm32f3xx_hal_conf.h_save
2023-06-10 11:19:10,070 [INFO] CodeEngine:335 - Generated code: C:\Users\Utente\Desktop\CSD\Schedino\WorkSpace\Esercizio13\Slave0\Slave0\Core\Inc\stm32f3xx_hal_conf.h
2023-06-10 11:19:10,112 [INFO] CodeEngine:255 - oldGeneratedFile, C:\Users\Utente\Desktop\CSD\Schedino\WorkSpace\Esercizio13\Slave0\Slave0\Core\Inc\main.h_save
2023-06-10 11:19:10,197 [INFO] CodeEngine:279 - Generated code: C:\Users\Utente\Desktop\CSD\Schedino\WorkSpace\Esercizio13\Slave0\Slave0\Core\Inc\main.h
2023-06-10 11:19:10,205 [INFO] CodeEngine:255 - oldGeneratedFile, C:\Users\Utente\Desktop\CSD\Schedino\WorkSpace\Esercizio13\Slave0\Slave0\Core\Src\main.c_save
2023-06-10 11:19:10,321 [INFO] CodeEngine:279 - Generated code: C:\Users\Utente\Desktop\CSD\Schedino\WorkSpace\Esercizio13\Slave0\Slave0\Core\Src\main.c
2023-06-10 11:19:10,875 [INFO] ProjectBuilder:2996 - Time for Copy HAL[1] : 174mS.
2023-06-10 11:19:10,878 [INFO] ProjectBuilder:4304 - Project Generator version: 3.19.2
2023-06-10 11:19:11,059 [INFO] ConfigFileManager:1483 - The Die is : DIE422
2023-06-10 11:19:12,813 [INFO] ProjectBuilder:4505 - Time for Generating toolchain IDE Files: 1935mS.
2023-06-10 11:19:12,814 [INFO] ProjectBuilder:2867 - Time for Copy CMSIS : 1mS.
2023-06-10 11:19:12,819 [INFO] ProjectBuilder:2867 - Time for Copy CMSIS : 0mS.
2023-06-10 12:25:21,692 [INFO] Gpio:273 - dependency for GPIO [USART1]
2023-06-10 12:25:21,831 [INFO] NvicIntPanel:101 - NVIC parent = com.st.microxplorer.plugins.ip.nvic.MultiNvicIntPanel[,0,0,0x0,invalid,layout=javax.swing.BoxLayout,alignmentX=0.0,alignmentY=0.0,border=,flags=9,maximumSize=,minimumSize=,preferredSize=]
2023-06-10 12:30:45,805 [INFO] UtilMem:75 - End SaveConfig() Used Memory: 438652688 Bytes (988807168)
2023-06-10 12:30:46,932 [INFO] UtilMem:75 - End SaveConfig() Used Memory: 467486480 Bytes (988807168)
2023-06-10 12:30:47,079 [INFO] UtilMem:75 - End SaveConfig() Used Memory: 534073104 Bytes (988807168)
2023-06-10 12:30:47,344 [INFO] BlockDiagram:2759 - set Specific Code input for plugin: RCC
2023-06-10 12:30:47,344 [INFO] BlockDiagram:2759 - set Specific Code input for plugin: NVIC
2023-06-10 12:30:47,344 [INFO] BlockDiagram:2759 - set Specific Code input for plugin: USART
2023-06-10 12:30:47,344 [INFO] BlockDiagram:2759 - set Specific Code input for plugin: GPIO
2023-06-10 12:30:47,346 [INFO] CodeGenerator:793 - code generatio: config db path: C:\ST\STM32CubeIDE_1.12.0\STM32CubeIDE\plugins\com.st.stm32cube.common.mx_6.8.1.202304191431\\db\
2023-06-10 12:30:47,602 [INFO] CodeEngine:255 - oldGeneratedFile, C:\Users\Utente\Desktop\CSD\Schedino\WorkSpace\Esercizio13\Slave0\Slave0\MXTmpFiles\license.tmp_save
2023-06-10 12:30:47,668 [INFO] CodeEngine:279 - Generated code: C:\Users\Utente\Desktop\CSD\Schedino\WorkSpace\Esercizio13\Slave0\Slave0\MXTmpFiles\license.tmp
2023-06-10 12:30:47,694 [INFO] CodeEngine:255 - oldGeneratedFile, C:\Users\Utente\Desktop\CSD\Schedino\WorkSpace\Esercizio13\Slave0\Slave0\MXTmpFiles\gpio.tmp_save
2023-06-10 12:30:47,749 [INFO] CodeEngine:279 - Generated code: C:\Users\Utente\Desktop\CSD\Schedino\WorkSpace\Esercizio13\Slave0\Slave0\MXTmpFiles\gpio.tmp
2023-06-10 12:30:47,799 [INFO] CodeEngine:255 - oldGeneratedFile, C:\Users\Utente\Desktop\CSD\Schedino\WorkSpace\Esercizio13\Slave0\Slave0\Core\Src\stm32f3xx_it.c_save
2023-06-10 12:30:47,925 [INFO] CodeEngine:279 - Generated code: C:\Users\Utente\Desktop\CSD\Schedino\WorkSpace\Esercizio13\Slave0\Slave0\Core\Src\stm32f3xx_it.c
2023-06-10 12:30:47,936 [INFO] CodeEngine:255 - oldGeneratedFile, C:\Users\Utente\Desktop\CSD\Schedino\WorkSpace\Esercizio13\Slave0\Slave0\Core\Inc\stm32f3xx_it.h_save
2023-06-10 12:30:48,020 [INFO] CodeEngine:279 - Generated code: C:\Users\Utente\Desktop\CSD\Schedino\WorkSpace\Esercizio13\Slave0\Slave0\Core\Inc\stm32f3xx_it.h
2023-06-10 12:30:48,054 [INFO] CodeEngine:255 - oldGeneratedFile, C:\Users\Utente\Desktop\CSD\Schedino\WorkSpace\Esercizio13\Slave0\Slave0\Core\Src\stm32f3xx_hal_msp.c_save
2023-06-10 12:30:48,190 [INFO] CodeEngine:279 - Generated code: C:\Users\Utente\Desktop\CSD\Schedino\WorkSpace\Esercizio13\Slave0\Slave0\Core\Src\stm32f3xx_hal_msp.c
2023-06-10 12:30:48,195 [INFO] CodeEngine:255 - oldGeneratedFile, C:\Users\Utente\Desktop\CSD\Schedino\WorkSpace\Esercizio13\Slave0\Slave0\MXTmpFiles\system.tmp_save
2023-06-10 12:30:48,248 [INFO] CodeEngine:279 - Generated code: C:\Users\Utente\Desktop\CSD\Schedino\WorkSpace\Esercizio13\Slave0\Slave0\MXTmpFiles\system.tmp
2023-06-10 12:30:48,258 [INFO] CodeEngine:311 - oldGeneratedFile, C:\Users\Utente\Desktop\CSD\Schedino\WorkSpace\Esercizio13\Slave0\Slave0\Core\Inc\stm32f3xx_hal_conf.h_save
2023-06-10 12:30:48,316 [INFO] CodeEngine:335 - Generated code: C:\Users\Utente\Desktop\CSD\Schedino\WorkSpace\Esercizio13\Slave0\Slave0\Core\Inc\stm32f3xx_hal_conf.h
2023-06-10 12:30:48,343 [INFO] CodeEngine:255 - oldGeneratedFile, C:\Users\Utente\Desktop\CSD\Schedino\WorkSpace\Esercizio13\Slave0\Slave0\Core\Inc\main.h_save
2023-06-10 12:30:48,419 [INFO] CodeEngine:279 - Generated code: C:\Users\Utente\Desktop\CSD\Schedino\WorkSpace\Esercizio13\Slave0\Slave0\Core\Inc\main.h
2023-06-10 12:30:48,426 [INFO] CodeEngine:255 - oldGeneratedFile, C:\Users\Utente\Desktop\CSD\Schedino\WorkSpace\Esercizio13\Slave0\Slave0\Core\Src\main.c_save
2023-06-10 12:30:48,537 [INFO] CodeEngine:279 - Generated code: C:\Users\Utente\Desktop\CSD\Schedino\WorkSpace\Esercizio13\Slave0\Slave0\Core\Src\main.c
2023-06-10 12:30:49,460 [INFO] ProjectBuilder:2996 - Time for Copy HAL[1] : 256mS.
2023-06-10 12:30:49,464 [INFO] ProjectBuilder:4304 - Project Generator version: 3.19.2
2023-06-10 12:30:49,670 [INFO] ConfigFileManager:1483 - The Die is : DIE422
2023-06-10 12:30:50,858 [INFO] ProjectBuilder:4505 - Time for Generating toolchain IDE Files: 1395mS.
2023-06-10 12:30:50,859 [INFO] ProjectBuilder:2867 - Time for Copy CMSIS : 1mS.
2023-06-10 12:30:50,892 [INFO] ProjectBuilder:2867 - Time for Copy CMSIS : 0mS.
2023-06-10 12:51:04,571 [INFO] Activator:176 - 


2023-06-10 12:51:04,574 [INFO] Activator:177 - !SESSION log4j initialized
2023-06-10 12:51:11,027 [INFO] LogOutputStream:77 - [STDOUT_REDIRECT] 
2023-06-10 12:51:34,846 [ERROR] LogOutputStream:75 - [STDERR_REDIRECT] SLF4J: Failed to load class "org.slf4j.impl.StaticLoggerBinder".
2023-06-10 12:51:34,846 [ERROR] LogOutputStream:75 - [STDERR_REDIRECT] SLF4J: Defaulting to no-operation (NOP) logger implementation
2023-06-10 12:51:34,849 [ERROR] LogOutputStream:75 - [STDERR_REDIRECT] SLF4J: See http://www.slf4j.org/codes.html#StaticLoggerBinder for further details.
2023-06-10 16:27:34,446 [INFO] Activator:176 - 


2023-06-10 16:27:34,446 [INFO] Activator:177 - !SESSION log4j initialized
2023-06-10 16:27:38,601 [INFO] LogOutputStream:77 - [STDOUT_REDIRECT] 
2023-06-10 16:28:02,165 [ERROR] LogOutputStream:75 - [STDERR_REDIRECT] SLF4J: Failed to load class "org.slf4j.impl.StaticLoggerBinder".
2023-06-10 16:28:02,165 [ERROR] LogOutputStream:75 - [STDERR_REDIRECT] SLF4J: Defaulting to no-operation (NOP) logger implementation
2023-06-10 16:28:02,172 [ERROR] LogOutputStream:75 - [STDERR_REDIRECT] SLF4J: See http://www.slf4j.org/codes.html#StaticLoggerBinder for further details.
2023-06-10 16:35:56,086 [INFO] Activator:176 - 


2023-06-10 16:35:56,091 [INFO] Activator:177 - !SESSION log4j initialized
2023-06-10 16:36:00,506 [INFO] LogOutputStream:77 - [STDOUT_REDIRECT] 
2023-06-10 16:36:22,386 [ERROR] LogOutputStream:75 - [STDERR_REDIRECT] SLF4J: Failed to load class "org.slf4j.impl.StaticLoggerBinder".
2023-06-10 16:36:22,386 [ERROR] LogOutputStream:75 - [STDERR_REDIRECT] SLF4J: Defaulting to no-operation (NOP) logger implementation
2023-06-10 16:36:22,386 [ERROR] LogOutputStream:75 - [STDERR_REDIRECT] SLF4J: See http://www.slf4j.org/codes.html#StaticLoggerBinder for further details.
2023-06-10 17:09:35,978 [INFO] Activator:176 - 


2023-06-10 17:09:35,982 [INFO] Activator:177 - !SESSION log4j initialized
2023-06-10 17:09:40,373 [INFO] LogOutputStream:77 - [STDOUT_REDIRECT] 
2023-06-10 17:10:02,358 [ERROR] LogOutputStream:75 - [STDERR_REDIRECT] SLF4J: Failed to load class "org.slf4j.impl.StaticLoggerBinder".
2023-06-10 17:10:02,358 [ERROR] LogOutputStream:75 - [STDERR_REDIRECT] SLF4J: Defaulting to no-operation (NOP) logger implementation
2023-06-10 17:10:02,359 [ERROR] LogOutputStream:75 - [STDERR_REDIRECT] SLF4J: See http://www.slf4j.org/codes.html#StaticLoggerBinder for further details.
2023-06-10 18:26:57,728 [INFO] Activator:176 - 


2023-06-10 18:26:57,730 [INFO] Activator:177 - !SESSION log4j initialized
2023-06-10 18:27:02,459 [INFO] LogOutputStream:77 - [STDOUT_REDIRECT] 
2023-06-10 18:27:24,404 [ERROR] LogOutputStream:75 - [STDERR_REDIRECT] SLF4J: Failed to load class "org.slf4j.impl.StaticLoggerBinder".
2023-06-10 18:27:24,404 [ERROR] LogOutputStream:75 - [STDERR_REDIRECT] SLF4J: Defaulting to no-operation (NOP) logger implementation
2023-06-10 18:27:24,404 [ERROR] LogOutputStream:75 - [STDERR_REDIRECT] SLF4J: See http://www.slf4j.org/codes.html#StaticLoggerBinder for further details.
