00000000                                     1  ***AREA DATI
00000000                                     2  
00008000                                     3  			ORG		$8000
00008000  03 05 07 09 0B 0D                  4  MSG			DC.B		3,5,7,9,11,13
00008006  02                                 5  N			DC.B		2
00008007  06                                 6  T			DC.B		6
00008008  00                                 7  CONT			DC.B		0
00008009                                     8  
00008009                                     9  **AREA MAIN
00008200                                    10  			ORG		$8200
00008200                                    11  
00008200  =00002006                         12  PIABD			EQU		$2006		;registro dato PIA-B
00008200  =00002007                         13  PIABC			EQU		$2007		;registro stato/controllo PIA-B
00008200                                    14  
00008200  4EB9 0000822E                     15  MAIN			JSR		PIA_B_INIT
00008206                                    16  			
00008206                                    17  			*inizializzo i registri 
00008206                                    18  		
00008206  227C 00002007                     19  			MOVEA.L	#PIABC,A1
0000820C  247C 00002006                     20  			MOVEA.L	#PIABD,A2
00008212  207C 00008000                     21  			MOVEA.L	#MSG,A0
00008218                                    22  
00008218  40C0                              23  			MOVE.W	SR,D0		;legge il registro di stato
0000821A  0240 D8FF                         24  			ANDI.W	#$D8FF,D0 	;maschera per reg stato (stato utente, int abilitati)
0000821E  46C0                              25  			MOVE.W	D0,SR		;pone liv int a 000
00008220                                    26  
00008220  1212                              27  			MOVE.B	(A2),D1 	;lettura fittizia, in maniera tale da partire da uno stato noto
00008222  1490                              28  			MOVE.B	(A0),(A2)	;dato su bus di PIA porto B, quindi CB2 si abbassa di conseguenza si abbassa anche CA1,viene generata l'interr che coincide con il segnale OKData
00008224  13FC 0001 00008008                29  			MOVE.B	#1,CONT
0000822C                                    30  
0000822C  60FE                              31  LOOP			BRA		LOOP
0000822E                                    32  
0000822E                                    33  
0000822E                                    34  
0000822E                                    35  ***SUBROUTINE:INIT_PIA
0000822E                                    36  
0000822E                                    37  
0000822E  11FC 0000 2007                    38  PIA_B_INIT		MOVE.B	#0,PIABC			;azzero il controllo
00008234  11FC 00FF 2006                    39  			MOVE.B	#$FF,PIABD			;definisco il flusso dati in uscita
0000823A  11FC 0025 2007                    40  			MOVE.B	#%00100101,PIABC		;definisco il modo di funzionamento
00008240  4E75                              41  			RTS
00008242                                    42  
00008242                                    43  
00008242                                    44  
00008242                                    45  ***ISR, trasmissione messaggio MSG
00008800                                    46  ISR1			ORG		$8800
00008800  48E7 F0C0                         47  			MOVEM.L	D0-D3/A0-A1,-(SP)		;salvataggio contesto
00008804                                    48  		
00008804                                    49  			
00008804                                    50  			*inizializzo i registri che mi servono	
00008804  227C 00002006                     51  			MOVEA.L	#PIABD,A1
0000880A  207C 00008000                     52  			MOVEA.L	#MSG,A0			;indirizzo area di salvataggio
00008810                                    53  			
00008810  1239 00008007                     54  			MOVE.B	T,D1				;dim msg
00008816  1439 00008008                     55  			MOVE.B	CONT,D2			;contatore corrente degli elementi ricevuti
0000881C                                    56  		
0000881C  B401                              57  			CMP.B		D1,D2
0000881E  6700 000C                         58  			BEQ		FINE
00008822                                    59  
00008822  12B0 2000                         60  INVIO			MOVE.B	(A0,D2),(A1)			;carattere corrente da trasferire in D2;
00008826  5239 00008008                     61  			ADD.B		#1,CONT			;aggiorno il contatore degli elementi trasmessi
0000882C                                    62  			
0000882C                                    63  
0000882C  4CDF 030F                         64  FINE			MOVEM.L	(SP)+,A0-A1/D0-D3		;ripristino contesto
00008830                                    65  
00008830  4E73                              66  			RTE
00008832                                    67  
00008832                                    68  			END		MAIN

No errors detected
No warnings generated
