00008800                                     1  		ORG		$8800
00008800                                     2  MERGE	
00008800  266F 0000                          3  		MOVEA.L	RTNOFF(SP),A3
00008804  246F 0004                          4  		MOVEA.L	V1OFF(SP),A2
00008808  226F 0008                          5  		MOVEA.L	V2OFF(SP),A1
0000880C  206F 000C                          6  		MOVEA.L	V3OFF(SP),A0
00008810  302F 0010                          7  		MOVE.W	DIMOFF(SP),D0	
00008814                                     8  		
00008814  4241                               9  		CLR.W		D1
00008816                                    10  
00008816  B240                              11  LOOP		CMP		D0,D1
00008818  6700 0008                         12  		BEQ		FINEINS1	
0000881C  10DA                              13  		MOVE.B	(A2)+,(A0)+
0000881E  5201                              14  		ADD.B		#1,D1
00008820  60F4                              15  		BRA		LOOP
00008822                                    16  
00008822  4241                              17  FINEINS1	CLR.W		D1
00008824                                    18  
00008824  B240                              19  LOOP1		CMP		D0,D1
00008826  6700 0008                         20  		BEQ		FINEINS2	
0000882A  10D9                              21  		MOVE.B	(A1)+,(A0)+
0000882C  5201                              22  		ADD.B		#1,D1
0000882E  60F4                              23  		BRA		LOOP1
00008830                                    24  
00008830  4E75                              25  FINEINS2	RTS
00008832                                    26  
00008832                                    27  
00008832                                    28  
00008832                                    29  
00008832                                    30  *MAIN
00008500                                    31  		ORG		$8500
00008500  3F39 00008010                     32  INIZIO		MOVE.W	DIM,-(SP)
00008506  2F3C 00008008                     33  		MOVE.L	#V3,-(SP)
0000850C  2F3C 00008004                     34  		MOVE.L	#V2,-(SP)
00008512  2F3C 00008000                     35  		MOVE.L	#V1,-(SP)
00008518  4EB9 00008800                     36  		JSR		MERGE
0000851E  DEFC 000E                         37  		ADDA		#14,SP
00008522                                    38  
00008522                                    39  
00008522                                    40  
00008522                                    41  *AREA	DATI
00008000                                    42  		ORG		$8000
00008000  01 03 05 07                       43  V1		DC.B		1,3,5,7
00008004  00 02 04 06                       44  V2		DC.B		0,2,4,6
00008008                                    45  V3		DS.B		8
00008010  =00000004                         46  N		EQU		4
00008010  0004                              47  DIM		DC.W		N
00008012                                    48  
00008012                                    49  *OFFSET STACK
00008012                                    50  
00008012  =00000000                         51  RTNOFF	EQU		0
00008012  =00000004                         52  V1OFF		EQU		4
00008012  =00000008                         53  V2OFF		EQU		8
00008012  =0000000C                         54  V3OFF		EQU		12
00008012  =00000010                         55  DIMOFF	EQU		16
00008012                                    56  		END		INIZIO

No errors detected
No warnings generated
