00000000                                     1  *Area Istruzioni
00008100                                     2  		ORG	$8100
00008100                                     3  MAIN
00008100  207C 00008000                      4  		MOVEA.L	#MATR,A0
00008106  227C 00008300                      5  		MOVEA.L	#MATRF,A1
0000810C  4242                               6  		CLR		D2
0000810E  4240                               7  		CLR		D0
00008110  4241                               8  LOOP		CLR		D1
00008112                                     9  		
00008112  1430 1000                         10  LOOP2		MOVE.B	(A0,D1),D2
00008116  1382 1000                         11  		MOVE.B	D2,(A1,D1)
0000811A  5241                              12  		ADD		#1,D1
0000811C  B27C 0003                         13  		CMP		#CL,D1
00008120  66F0                              14  		BNE		LOOP2
00008122  5648                              15  		ADD		#CL,A0
00008124  5649                              16  		ADD		#CL,A1
00008126  5240                              17  		ADD		#1,D0
00008128  B07C 0003                         18  		CMP		#RG,D0
0000812C  66E2                              19  		BNE		LOOP
0000812E  4EF9 0000812E                     20  FINE		JMP		FINE
00008134                                    21  
00008134                                    22  		
00008134                                    23  
00008134                                    24  	
00008134                                    25  	
00008134                                    26  
00008134                                    27  
00008134                                    28  
00008134                                    29  *Area Dati
00008000                                    30  	ORG	$8000
00008000  =00000003                         31  RG	EQU	3
00008000  =00000003                         32  CL	EQU	3
00008000  01 02 03 04 05 06 07 08 09        33  MATR	DC.B	1,2,3,4,5,6,7,8,9
00008300                                    34  	ORG	$8300
00008300                                    35  MATRF	DS.B	9
00008309                                    36  	END	MAIN

No errors detected
No warnings generated
