00000000                                     1  *Area Istruzioni
00008100                                     2  		ORG	$8100
00008100                                     3  MAIN
00008100  207C 00008000                      4  		MOVEA.L	#MATR,A0
00008106  227C 00008300                      5  		MOVEA.L	#MATRF,A1
0000810C  4242                               6  		CLR		D2
0000810E  4240                               7  		CLR		D0
00008110  4241                               8  LOOP		CLR		D1
00008112  B240                               9  LOOP2		CMP		D0,D1
00008114  6700 000A                         10  		BEQ		SKIP
00008118  1430 1000                         11  		MOVE.B	(A0,D1),D2
0000811C  1382 1000                         12  		MOVE.B	D2,(A1,D1)
00008120  5241                              13  SKIP		ADD		#1,D1
00008122  B27C 0003                         14  		CMP		#CL,D1
00008126  66EA                              15  		BNE		LOOP2
00008128  5648                              16  		ADD		#CL,A0
0000812A  5649                              17  		ADD		#CL,A1
0000812C  5240                              18  		ADD		#1,D0
0000812E  B07C 0003                         19  		CMP		#RG,D0
00008132  66DC                              20  		BNE		LOOP
00008134  4EF9 00008134                     21  FINE		JMP		FINE
0000813A                                    22  
0000813A                                    23  		
0000813A                                    24  
0000813A                                    25  	
0000813A                                    26  	
0000813A                                    27  
0000813A                                    28  
0000813A                                    29  
0000813A                                    30  *Area Dati
00008000                                    31  	ORG	$8000
00008000  =00000003                         32  RG	EQU	3
00008000  =00000003                         33  CL	EQU	3
00008000  01 02 03 04 05 06 07 08 09        34  MATR	DC.B	1,2,3,4,5,6,7,8,9
00008300                                    35  	ORG	$8300
00008300                                    36  MATRF	DS.B	9
00008309                                    37  	END	MAIN

No errors detected
No warnings generated
