2023-05-17 16:18:00,585 [INFO] Activator:176 - 


2023-05-17 16:18:00,586 [INFO] Activator:177 - !SESSION log4j initialized
2023-05-17 16:18:02,864 [INFO] LogOutputStream:77 - [STDOUT_REDIRECT] 
2023-05-17 16:18:26,340 [ERROR] LogOutputStream:75 - [STDERR_REDIRECT] SLF4J: Failed to load class "org.slf4j.impl.StaticLoggerBinder".
2023-05-17 16:18:26,341 [ERROR] LogOutputStream:75 - [STDERR_REDIRECT] SLF4J: Defaulting to no-operation (NOP) logger implementation
2023-05-17 16:18:26,343 [ERROR] LogOutputStream:75 - [STDERR_REDIRECT] SLF4J: See http://www.slf4j.org/codes.html#StaticLoggerBinder for further details.
2023-05-17 16:23:20,559 [INFO] ApplicationProperties:184 - Using Application install path: C:\ST\STM32CubeIDE_1.12.0\STM32CubeIDE\plugins\com.st.stm32cube.common.mx_6.8.0.202302231600
2023-05-17 16:23:20,588 [INFO] DbMcusXml:78 - Set database path to: C:\ST\STM32CubeIDE_1.12.0\STM32CubeIDE\plugins\com.st.stm32cube.common.mx_6.8.0.202302231600\\db\/mcu/
2023-05-17 16:23:20,588 [INFO] ApiDb:274 - Set plugin database path to: C:\ST\STM32CubeIDE_1.12.0\STM32CubeIDE\plugins\com.st.stm32cube.common.mx_6.8.0.202302231600\\db\/plugins/boardmanager/
2023-05-17 16:23:20,590 [WARN] ApiDb:259 - Overriding images path with different value:  => C:\ST\STM32CubeIDE_1.12.0\STM32CubeIDE\plugins\com.st.stm32cube.common.mx_6.8.0.202302231600\\db\/plugins/mcufinder/images/
2023-05-17 16:23:20,612 [INFO] ApiDb:250 - Set database path to: C:\Users\Utente\.stmcufinder\plugins\mcufinder//mcu/
2023-05-17 16:23:20,613 [INFO] DbMcusAds:125 - Set database path to: C:\Users\Utente\.stmcufinder\plugins\mcufinder//mcu/
2023-05-17 16:23:21,596 [INFO] CrossReferenceDbSqlite:203 - Set database path to: C:\Users\Utente\.stmcufinder\plugins\mcufinder//mcu/cs/
2023-05-17 16:23:21,703 [INFO] RulesReader:64 - Compatibility file has been processed (293 Rules)
2023-05-17 16:23:21,792 [INFO] DbMcusXml:78 - Set database path to: C:\ST\STM32CubeIDE_1.12.0\STM32CubeIDE\plugins\com.st.stm32cube.common.mx_6.8.0.202302231600\\db\/mcu/
2023-05-17 16:23:21,793 [INFO] ApiDb:274 - Set plugin database path to: C:\ST\STM32CubeIDE_1.12.0\STM32CubeIDE\plugins\com.st.stm32cube.common.mx_6.8.0.202302231600\\db\/plugins/boardmanager/
2023-05-17 16:23:21,793 [INFO] ApiDb:261 - Set plugin images path to: C:\ST\STM32CubeIDE_1.12.0\STM32CubeIDE\plugins\com.st.stm32cube.common.mx_6.8.0.202302231600\\db\/plugins/mcufinder/images/
2023-05-17 16:23:21,793 [WARN] DbFile:41 - Overriding database path with different value: C:\Users\Utente\.stmcufinder\plugins\mcufinder/ => C:\Users\Utente\.stmcufinder\plugins\mcufinder
2023-05-17 16:23:21,793 [INFO] ApiDb:250 - Set database path to: C:\Users\Utente\.stmcufinder\plugins\mcufinder//mcu/
2023-05-17 16:23:21,793 [WARN] DbFile:41 - Overriding database path with different value: C:\Users\Utente\.stmcufinder\plugins\mcufinder/ => C:\Users\Utente\.stmcufinder\plugins\mcufinder
2023-05-17 16:23:21,793 [INFO] DbMcusAds:125 - Set database path to: C:\Users\Utente\.stmcufinder\plugins\mcufinder//mcu/
2023-05-17 16:23:21,793 [WARN] DbFile:41 - Overriding database path with different value: C:\Users\Utente\.stmcufinder\plugins\mcufinder/ => C:\Users\Utente\.stmcufinder\plugins\mcufinder
2023-05-17 16:23:21,793 [WARN] DbFile:41 - Overriding database path with different value: C:\Users\Utente\.stmcufinder\plugins\mcufinder/ => C:\Users\Utente\.stmcufinder\plugins\mcufinder
2023-05-17 16:23:22,593 [INFO] CrossReferenceDbSqlite:203 - Set database path to: C:\Users\Utente\.stmcufinder\plugins\mcufinder//mcu/cs/
2023-05-17 16:23:22,672 [INFO] MainPanel:253 - HeapMemory: 416284672
2023-05-17 16:23:22,768 [INFO] DbMcusXml:78 - Set database path to: C:\ST\STM32CubeIDE_1.12.0\STM32CubeIDE\plugins\com.st.stm32cube.common.mx_6.8.0.202302231600\\db\/mcu/
2023-05-17 16:23:22,769 [INFO] ApiDb:274 - Set plugin database path to: C:\ST\STM32CubeIDE_1.12.0\STM32CubeIDE\plugins\com.st.stm32cube.common.mx_6.8.0.202302231600\\db\/plugins/boardmanager/
2023-05-17 16:23:22,769 [INFO] ApiDb:261 - Set plugin images path to: C:\ST\STM32CubeIDE_1.12.0\STM32CubeIDE\plugins\com.st.stm32cube.common.mx_6.8.0.202302231600\\db\/plugins/mcufinder/images/
2023-05-17 16:23:22,769 [WARN] DbFile:41 - Overriding database path with different value: C:\Users\Utente\.stmcufinder\plugins\mcufinder/ => C:\Users\Utente\.stmcufinder\plugins\mcufinder
2023-05-17 16:23:22,769 [INFO] ApiDb:250 - Set database path to: C:\Users\Utente\.stmcufinder\plugins\mcufinder//mcu/
2023-05-17 16:23:22,769 [WARN] DbFile:41 - Overriding database path with different value: C:\Users\Utente\.stmcufinder\plugins\mcufinder/ => C:\Users\Utente\.stmcufinder\plugins\mcufinder
2023-05-17 16:23:22,769 [INFO] DbMcusAds:125 - Set database path to: C:\Users\Utente\.stmcufinder\plugins\mcufinder//mcu/
2023-05-17 16:23:22,770 [WARN] DbFile:41 - Overriding database path with different value: C:\Users\Utente\.stmcufinder\plugins\mcufinder/ => C:\Users\Utente\.stmcufinder\plugins\mcufinder
2023-05-17 16:23:22,770 [WARN] DbFile:41 - Overriding database path with different value: C:\Users\Utente\.stmcufinder\plugins\mcufinder/ => C:\Users\Utente\.stmcufinder\plugins\mcufinder
2023-05-17 16:23:23,595 [INFO] CrossReferenceDbSqlite:203 - Set database path to: C:\Users\Utente\.stmcufinder\plugins\mcufinder//mcu/cs/
2023-05-17 16:23:23,615 [INFO] ApplicationProperties:184 - Using Application install path: C:\ST\STM32CubeIDE_1.12.0\STM32CubeIDE\plugins\com.st.stm32cube.common.mx_6.8.0.202302231600
2023-05-17 16:23:23,617 [INFO] PluginManage:196 - Search for loadable plugins [exclusion list=, ]
2023-05-17 16:23:23,619 [INFO] PluginManage:310 - Check plugin analytics
2023-05-17 16:23:24,650 [INFO] AnalyticsPlugin:253 - Accepted Software Licenses: 
2023-05-17 16:23:24,650 [INFO] AnalyticsPlugin:255 - Accepted CMSIS Pack Licenses: STMicroelectronics.X-CUBE-ALGOBUILD.1.3.0
2023-05-17 16:23:24,650 [INFO] AnalyticsPlugin:257 - Accepted Firmware Licenses: 
2023-05-17 16:23:24,658 [INFO] PluginManage:359 - Loaded plugin analytics (category:tool,tabindex:-1)
2023-05-17 16:23:24,659 [INFO] PluginManage:310 - Check plugin cadmodel
2023-05-17 16:23:24,666 [INFO] CADModel:105 - Init CAD model plugin
2023-05-17 16:23:24,667 [INFO] PluginManage:359 - Loaded plugin cadmodel (category:power,tabindex:5)
2023-05-17 16:23:24,667 [INFO] PluginManage:310 - Check plugin clock
2023-05-17 16:23:24,679 [INFO] PluginManage:359 - Loaded plugin clock (category:base,tabindex:2)
2023-05-17 16:23:24,679 [INFO] PluginManage:310 - Check plugin ddr
2023-05-17 16:23:24,684 [INFO] PluginManage:359 - Loaded plugin ddr (category:tool,tabindex:6)
2023-05-17 16:23:24,684 [INFO] PluginManage:310 - Check plugin filemanager
2023-05-17 16:23:24,826 [INFO] PluginManage:359 - Loaded plugin filemanager (category:base,tabindex:10)
2023-05-17 16:23:24,826 [INFO] PluginManage:310 - Check plugin ipmanager
2023-05-17 16:23:24,835 [INFO] PluginManage:359 - Loaded plugin ipmanager (category:base,tabindex:5)
2023-05-17 16:23:24,835 [INFO] PluginManage:310 - Check plugin lpbam
2023-05-17 16:23:24,847 [INFO] PluginManage:359 - Loaded plugin lpbam (category:base,tabindex:0)
2023-05-17 16:23:24,847 [INFO] PluginManage:310 - Check plugin pinoutandconfiguration
2023-05-17 16:23:24,861 [INFO] PluginManage:359 - Loaded plugin pinoutandconfiguration (category:base,tabindex:1)
2023-05-17 16:23:24,861 [INFO] PluginManage:310 - Check plugin pinoutconfig
2023-05-17 16:23:24,969 [WARN] SupportedApi:132 - Cannot load RTOS API schema: s4s-elt-must-match.1: The content of 'definitions' must match (annotation?, (simpleType | complexType)?, (unique | key | keyref)*)). A problem was found starting at: attribute.
2023-05-17 16:23:25,168 [INFO] PluginManage:359 - Loaded plugin pinoutconfig (category:base,tabindex:0)
2023-05-17 16:23:25,169 [INFO] PluginManage:310 - Check plugin power
2023-05-17 16:23:25,186 [INFO] PluginManage:359 - Loaded plugin power (category:power,tabindex:4)
2023-05-17 16:23:25,186 [INFO] PluginManage:310 - Check plugin projectmanager
2023-05-17 16:23:25,218 [INFO] PluginManage:359 - Loaded plugin projectmanager (category:projectmanager,tabindex:3)
2023-05-17 16:23:25,218 [INFO] PluginManage:310 - Check plugin thirdparty
2023-05-17 16:23:25,361 [INFO] PluginManage:359 - Loaded plugin thirdparty (category:base,tabindex:-1)
2023-05-17 16:23:25,361 [INFO] PluginManage:310 - Check plugin tools
2023-05-17 16:23:25,361 [WARN] IntegrityCheckThread:84 - waiting for thirdparty lock release [integrity check]
2023-05-17 16:23:25,362 [INFO] IntegrityCheckThread:86 - entering critical section [integrity check]
2023-05-17 16:23:25,363 [INFO] ThirdPartyUpdaterWithRetryManager:70 - Updater plugin not ready yet. [1/15]
2023-05-17 16:23:25,365 [INFO] PluginManage:359 - Loaded plugin tools (category:base,tabindex:7)
2023-05-17 16:23:25,365 [INFO] PluginManage:310 - Check plugin tutovideos
2023-05-17 16:23:25,559 [INFO] PluginManage:359 - Loaded plugin tutovideos (category:base,tabindex:-1)
2023-05-17 16:23:25,559 [INFO] PluginManage:310 - Check plugin updater
2023-05-17 16:23:25,578 [INFO] PluginManage:359 - Loaded plugin updater (category:base,tabindex:12)
2023-05-17 16:23:25,579 [INFO] PluginManage:283 - PluginManage : Loaded plugins [15]
2023-05-17 16:23:25,849 [INFO] PinOutPanel:1499 - setPackage(No Configuration,No Configuration)
2023-05-17 16:23:25,916 [INFO] CADModel:165 - CPN selected for project level
2023-05-17 16:23:25,916 [INFO] CADModel:114 - Register for checkConnection events
2023-05-17 16:23:25,934 [INFO] IPUIPlugin:80 - create IPUIPlugin
2023-05-17 16:23:25,934 [INFO] PluginManager:220 - loadIPPluginJar : add adc
2023-05-17 16:23:25,937 [INFO] IPUIPlugin:80 - create IPUIPlugin
2023-05-17 16:23:25,937 [INFO] PluginManager:220 - loadIPPluginJar : add aes
2023-05-17 16:23:25,939 [INFO] IPUIPlugin:80 - create IPUIPlugin
2023-05-17 16:23:25,940 [INFO] PluginManager:220 - loadIPPluginJar : add can
2023-05-17 16:23:25,941 [INFO] IPUIPlugin:80 - create IPUIPlugin
2023-05-17 16:23:25,942 [INFO] PluginManager:220 - loadIPPluginJar : add comp
2023-05-17 16:23:25,944 [INFO] IPUIPlugin:80 - create IPUIPlugin
2023-05-17 16:23:25,944 [INFO] PluginManager:220 - loadIPPluginJar : add cryp
2023-05-17 16:23:25,947 [INFO] IPUIPlugin:80 - create IPUIPlugin
2023-05-17 16:23:25,947 [INFO] PluginManager:220 - loadIPPluginJar : add dfsdm
2023-05-17 16:23:25,953 [INFO] IPUIPlugin:80 - create IPUIPlugin
2023-05-17 16:23:25,953 [INFO] PluginManager:220 - loadIPPluginJar : add dma
2023-05-17 16:23:25,956 [INFO] IPUIPlugin:80 - create IPUIPlugin
2023-05-17 16:23:25,956 [INFO] PluginManager:220 - loadIPPluginJar : add dma3
2023-05-17 16:23:25,957 [INFO] IPUIPlugin:80 - create IPUIPlugin
2023-05-17 16:23:25,958 [INFO] PluginManager:220 - loadIPPluginJar : add fatfs
2023-05-17 16:23:25,962 [INFO] IPUIPlugin:80 - create IPUIPlugin
2023-05-17 16:23:25,962 [INFO] PluginManager:220 - loadIPPluginJar : add fmc
2023-05-17 16:23:25,969 [INFO] IPUIPlugin:80 - create IPUIPlugin
2023-05-17 16:23:25,969 [INFO] PluginManager:220 - loadIPPluginJar : add freertos
2023-05-17 16:23:25,970 [INFO] IPUIPlugin:80 - create IPUIPlugin
2023-05-17 16:23:25,971 [INFO] PluginManager:220 - loadIPPluginJar : add genericplugin
2023-05-17 16:23:25,973 [INFO] IPUIPlugin:80 - create IPUIPlugin
2023-05-17 16:23:25,973 [INFO] PluginManager:220 - loadIPPluginJar : add gfxmmu
2023-05-17 16:23:25,978 [INFO] IPUIPlugin:80 - create IPUIPlugin
2023-05-17 16:23:25,979 [INFO] PluginManager:220 - loadIPPluginJar : add gic
2023-05-17 16:23:25,983 [INFO] IPUIPlugin:80 - create IPUIPlugin
2023-05-17 16:23:25,983 [INFO] PluginManager:220 - loadIPPluginJar : add gpio
2023-05-17 16:23:25,988 [INFO] IPUIPlugin:80 - create IPUIPlugin
2023-05-17 16:23:25,988 [INFO] PluginManager:220 - loadIPPluginJar : add gtzc
2023-05-17 16:23:25,993 [INFO] IPUIPlugin:80 - create IPUIPlugin
2023-05-17 16:23:25,993 [INFO] PluginManager:220 - loadIPPluginJar : add hash
2023-05-17 16:23:25,996 [INFO] IPUIPlugin:80 - create IPUIPlugin
2023-05-17 16:23:25,996 [INFO] PluginManager:220 - loadIPPluginJar : add i2c
2023-05-17 16:23:25,999 [INFO] IPUIPlugin:80 - create IPUIPlugin
2023-05-17 16:23:25,999 [INFO] PluginManager:220 - loadIPPluginJar : add i2s
2023-05-17 16:23:26,002 [INFO] IPUIPlugin:80 - create IPUIPlugin
2023-05-17 16:23:26,002 [INFO] PluginManager:220 - loadIPPluginJar : add i3c
2023-05-17 16:23:26,006 [INFO] IPUIPlugin:80 - create IPUIPlugin
2023-05-17 16:23:26,006 [INFO] PluginManager:220 - loadIPPluginJar : add ipddr
2023-05-17 16:23:26,014 [INFO] IPUIPlugin:80 - create IPUIPlugin
2023-05-17 16:23:26,014 [INFO] PluginManager:220 - loadIPPluginJar : add linkedlist
2023-05-17 16:23:26,017 [INFO] IPUIPlugin:80 - create IPUIPlugin
2023-05-17 16:23:26,017 [INFO] PluginManager:220 - loadIPPluginJar : add lorawan
2023-05-17 16:23:26,019 [INFO] IPUIPlugin:80 - create IPUIPlugin
2023-05-17 16:23:26,019 [INFO] PluginManager:220 - loadIPPluginJar : add ltdc
2023-05-17 16:23:26,025 [INFO] IPUIPlugin:80 - create IPUIPlugin
2023-05-17 16:23:26,025 [INFO] PluginManager:220 - loadIPPluginJar : add mdma
2023-05-17 16:23:26,029 [INFO] IPUIPlugin:80 - create IPUIPlugin
2023-05-17 16:23:26,029 [INFO] PluginManager:220 - loadIPPluginJar : add nvic
2023-05-17 16:23:26,032 [INFO] IPUIPlugin:80 - create IPUIPlugin
2023-05-17 16:23:26,032 [INFO] PluginManager:220 - loadIPPluginJar : add opamp
2023-05-17 16:23:26,036 [INFO] IPUIPlugin:80 - create IPUIPlugin
2023-05-17 16:23:26,036 [INFO] PluginManager:220 - loadIPPluginJar : add openamp
2023-05-17 16:23:26,039 [INFO] IPUIPlugin:80 - create IPUIPlugin
2023-05-17 16:23:26,039 [INFO] PluginManager:220 - loadIPPluginJar : add pdm2pcm
2023-05-17 16:23:26,055 [INFO] IPUIPlugin:80 - create IPUIPlugin
2023-05-17 16:23:26,057 [INFO] PluginManager:220 - loadIPPluginJar : add plateformsettings
2023-05-17 16:23:26,059 [INFO] IPUIPlugin:80 - create IPUIPlugin
2023-05-17 16:23:26,059 [INFO] PluginManager:220 - loadIPPluginJar : add quadspi
2023-05-17 16:23:26,064 [INFO] IPUIPlugin:80 - create IPUIPlugin
2023-05-17 16:23:26,064 [INFO] PluginManager:220 - loadIPPluginJar : add resmgrutility
2023-05-17 16:23:26,068 [INFO] IPUIPlugin:80 - create IPUIPlugin
2023-05-17 16:23:26,068 [INFO] PluginManager:220 - loadIPPluginJar : add sai
2023-05-17 16:23:26,071 [INFO] IPUIPlugin:80 - create IPUIPlugin
2023-05-17 16:23:26,071 [INFO] PluginManager:220 - loadIPPluginJar : add spi
2023-05-17 16:23:26,076 [INFO] IPUIPlugin:80 - create IPUIPlugin
2023-05-17 16:23:26,076 [INFO] PluginManager:220 - loadIPPluginJar : add stm32_wpan
2023-05-17 16:23:26,078 [INFO] IPUIPlugin:80 - create IPUIPlugin
2023-05-17 16:23:26,078 [INFO] PluginManager:220 - loadIPPluginJar : add tim
2023-05-17 16:23:26,082 [INFO] IPUIPlugin:80 - create IPUIPlugin
2023-05-17 16:23:26,082 [INFO] PluginManager:220 - loadIPPluginJar : add touchsensing
2023-05-17 16:23:26,084 [INFO] IPUIPlugin:80 - create IPUIPlugin
2023-05-17 16:23:26,084 [INFO] PluginManager:220 - loadIPPluginJar : add tracer_emb
2023-05-17 16:23:26,086 [INFO] IPUIPlugin:80 - create IPUIPlugin
2023-05-17 16:23:26,086 [INFO] PluginManager:220 - loadIPPluginJar : add ts
2023-05-17 16:23:26,088 [INFO] IPUIPlugin:80 - create IPUIPlugin
2023-05-17 16:23:26,088 [INFO] PluginManager:220 - loadIPPluginJar : add tsc
2023-05-17 16:23:26,090 [INFO] IPUIPlugin:80 - create IPUIPlugin
2023-05-17 16:23:26,090 [INFO] PluginManager:220 - loadIPPluginJar : add ucpd
2023-05-17 16:23:26,093 [INFO] IPUIPlugin:80 - create IPUIPlugin
2023-05-17 16:23:26,093 [INFO] PluginManager:220 - loadIPPluginJar : add usart
2023-05-17 16:23:26,096 [INFO] IPUIPlugin:80 - create IPUIPlugin
2023-05-17 16:23:26,096 [INFO] PluginManager:220 - loadIPPluginJar : add usbx
2023-05-17 16:23:26,226 [INFO] CADModel:165 - CPN selected for project level
2023-05-17 16:23:26,226 [INFO] CADModel:114 - Register for checkConnection events
2023-05-17 16:23:26,226 [FATAL] Updater:308 - Updater called before beeing initialized
2023-05-17 16:23:26,226 [ERROR] CADModel:125 - Updater not yet initialized, retry later 
2023-05-17 16:23:26,383 [INFO] CADModel:165 - CPN selected for project level
2023-05-17 16:23:26,383 [INFO] CADModel:114 - Register for checkConnection events
2023-05-17 16:23:26,383 [FATAL] Updater:308 - Updater called before beeing initialized
2023-05-17 16:23:26,384 [ERROR] CADModel:125 - Updater not yet initialized, retry later 
2023-05-17 16:23:26,388 [FATAL] Updater:308 - Updater called before beeing initialized
2023-05-17 16:23:26,547 [FATAL] Updater:308 - Updater called before beeing initialized
2023-05-17 16:23:26,558 [INFO] DbMcusAds:53 - JSON generation date=Tue Mar 07 09:50:54 CET 2023 (1678179054945)
2023-05-17 16:23:26,559 [FATAL] Updater:308 - Updater called before beeing initialized
2023-05-17 16:23:26,604 [WARN] DetailPanel:346 - Failed to get advertising image, set to default
2023-05-17 16:23:26,750 [FATAL] Updater:308 - Updater called before beeing initialized
2023-05-17 16:23:26,753 [FATAL] Updater:308 - Updater called before beeing initialized
2023-05-17 16:23:26,753 [FATAL] Updater:308 - Updater called before beeing initialized
2023-05-17 16:23:26,753 [WARN] DetailPanel:346 - Failed to get advertising image, set to default
2023-05-17 16:23:26,754 [FATAL] Updater:308 - Updater called before beeing initialized
2023-05-17 16:23:26,805 [ERROR] Updater:1120 - MainUpdater not yet initialized. External WinMGr cannot be set.
2023-05-17 16:23:26,807 [INFO] Updater:1056 - Updater Version found : 6.8.0
2023-05-17 16:23:26,826 [INFO] ApplicationProperties:184 - Using Application install path: C:\ST\STM32CubeIDE_1.12.0\STM32CubeIDE\plugins\com.st.stm32cube.common.mx_6.8.0.202302231600
2023-05-17 16:23:26,967 [INFO] MainUpdater:2854 - connection check result : 10
2023-05-17 16:23:26,968 [INFO] MainUpdater:283 - Updater Check For Update Now.
2023-05-17 16:23:26,969 [INFO] MicroXplorer:498 - Change Database Version : DB.6.0.80
2023-05-17 16:23:27,146 [INFO] CheckServerUpdateThread:120 - End of CheckServer Thread
2023-05-17 16:23:27,191 [INFO] MainUpdater:2854 - connection check result : 10
2023-05-17 16:23:27,595 [INFO] ApiDb:581 - Connected to CubeFinder SQLite database (C:\Users\Utente\.stmcufinder\plugins\mcufinder\mcu\cube-finder-db.db)
2023-05-17 16:23:27,732 [INFO] ApiDb:668 - CubeFinder database Data Model version=2.1
2023-05-17 16:23:27,732 [INFO] ApiDb:669 - CubeFinder database Configuration version=3.0.35
2023-05-17 16:23:27,733 [INFO] ApiDb:670 - CubeFinder database generation date=2023-04-03 (1680511692)
2023-05-17 16:23:27,733 [INFO] ApiDb:671 - CubeFinder database FW Pack versions=[FP-ATR-ASTRA1_V2.0.0, STM32Cube_FW_C0_V1.0.1, STM32Cube_FW_F0_V1.11.4, STM32Cube_FW_F3_V1.11.4, STM32Cube_FW_F4_V1.27.1, STM32Cube_FW_F7_V1.17.0, STM32Cube_FW_G0_V1.6.1, STM32Cube_FW_G4_V1.5.1, STM32Cube_FW_H5_V0.5.1, STM32Cube_FW_H5_V1.0.0, STM32Cube_FW_H7_V1.11.0, STM32Cube_FW_L0_V1.12.2, STM32Cube_FW_L5_V1.5.0, STM32Cube_FW_U5_V1.2.0, STM32Cube_FW_WBA_V1.0.0, STM32Cube_FW_WBA_V1.0.0RC1, STM32Cube_FW_WBA_V1.0.0RC3, STM32Cube_FW_WB_V1.15.0RC1, STM32Cube_FW_WB_V1.16.0, STM32Cube_FW_WB_V1.16.0RC2, STM32Cube_FW_WL_V1.3.0, X-CUBE-ALGOBUILD_V1.3.0, X-CUBE-ALS_V1.0.1, X-CUBE-AZRTOS-F4_V1.1.0, X-CUBE-AZRTOS-F7_V1.1.0, X-CUBE-AZRTOS-G0_V1.1.0, X-CUBE-AZRTOS-G4_V1.0.0, X-CUBE-AZRTOS-H7_V3.0.0, X-CUBE-AZRTOS-L4_V1.0.0, X-CUBE-AZRTOS-L5_V1.1.0, X-CUBE-AZRTOS-WB_V1.1.0, X-CUBE-AZRTOS-WL_V1.0.0, X-CUBE-BLE1_V6.2.4, X-CUBE-BLE2_V3.3.0, X-CUBE-BLEMGR_V1.3.0, X-CUBE-EEPRMA1_V4.1.0, X-CUBE-FREERTOS_V1.0.1, X-CUBE-GNSS1_V6.0.0, X-CUBE-MEMS1_V9.1.0, X-CUBE-MEMS1_V9.4.0, X-CUBE-MEMS1_V9.5.0, X-CUBE-NFC4_V3.0.0, X-CUBE-NFC7_V1.0.0, X-CUBE-SFXS2LP1_V4.0.0, X-CUBE-SUBG2_V5.0.0]
2023-05-17 16:23:27,933 [INFO] DbBoardsSqlite:226 - include board P-NUCLEO-WB55-NUCLEO as a kit item of type 'Nucleo-64'
2023-05-17 16:23:27,933 [INFO] DbBoardsSqlite:226 - include board P-NUCLEO-WB55-USBDONGLE as a kit item of type 'Nucleo USB Dongle'
2023-05-17 16:23:27,935 [INFO] DbBoardsSqlite:226 - include board STEVAL-IDP005V1 as a kit item of type 'Evaluation Board'
2023-05-17 16:23:27,936 [INFO] DbBoardsSqlite:226 - include board STEVAL-IDP005V2 as a kit item of type 'Evaluation Board'
2023-05-17 16:23:28,558 [WARN] PackLoader:240 - Cannot read IP mode file for STMicroelectronics.X-CUBE-GNSS1.6.0.0
2023-05-17 16:23:28,610 [WARN] PackLoader:240 - Cannot read IP mode file for STMicroelectronics.X-CUBE-AZRTOS-F4.1.1.0
2023-05-17 16:23:28,627 [WARN] PackLoader:240 - Cannot read IP mode file for STMicroelectronics.X-CUBE-SMBUS.2.1.0
2023-05-17 16:23:28,660 [WARN] PackLoader:240 - Cannot read IP mode file for STMicroelectronics.X-CUBE-AZRTOS-F7.1.1.0
2023-05-17 16:23:28,741 [WARN] PackLoader:240 - Cannot read IP mode file for STMicroelectronics.X-CUBE-MEMS1.9.6.0
2023-05-17 16:23:28,873 [INFO] ApiDb:240 - Found 297 in-development CPN: [B-G473E-ZEST1S, B-WB1M-WPAN1, B-WL5M-SUBG1, NUCLEO-C031C6, NUCLEO-H503RB, NUCLEO-H563ZI, NUCLEO-U545RE-Q, NUCLEO-U5A5ZJ-Q, NUCLEO-WBA52CG, STEVAL-PROTEUS1, STEVAL-STWINBX1, STM320518-EVAL, STM32C0116-DK, STM32C011D6Y3TR, STM32C011D6Y6TR, STM32C011F4P3, STM32C011F4P6, STM32C011F4U3, STM32C011F4U6TR, STM32C011F6P3, STM32C011F6P6, STM32C011F6U3, STM32C011F6U6TR, STM32C011J4M3, STM32C011J4M6, STM32C011J6M3, STM32C011J6M6, STM32C0316-DK, STM32C031C4T3, STM32C031C4T6, STM32C031C4U3, STM32C031C4U6, STM32C031C6T3, STM32C031C6T6, STM32C031C6U3, STM32C031C6U6, STM32C031F4P3, STM32C031F4P6, STM32C031F6P3, STM32C031F6P6, STM32C031G4U3, STM32C031G4U6, STM32C031G6U3, STM32C031G6U6, STM32C031K4T3, STM32C031K4T6, STM32C031K4U3, STM32C031K4U6, STM32C031K6T3, STM32C031K6T6, STM32C031K6U3, STM32C031K6U6, STM32G071K8TXN, STM32G071K8UXN, STM32G081GBU6N, STM32G081KBT6N, STM32G081KBUXN, STM32G0B1CCT6N, STM32G0B1KCT6, STM32G0B1NEY6TR, STM32G0B1RCT6N, STM32G0C1CCT6, STM32G0C1CCT6N, STM32G0C1CCU6N, STM32G0C1CET6N, STM32G0C1CEU6N, STM32G0C1KCT6, STM32G0C1NEY6TR, STM32G0C1RCI6N, STM32G0C1RCT6N, STM32G0C1REI6N, STM32G0C1RET6N, STM32G0C1VCI6, STM32G0C1VEI6, STM32G471CCT6, STM32G471CCU6, STM32G471CET3, STM32G471CET6, STM32G471CEU3, STM32G471CEU6, STM32G471MCT6, STM32G471MET3, STM32G471MET6, STM32G471MEY6TR, STM32G471QCT6, STM32G471QET3, STM32G471RCT6, STM32G471RET3, STM32G471RET6, STM32G471VCH6, STM32G471VCI6, STM32G471VCT6, STM32G471VEH3, STM32G471VEH6, STM32G471VEI3, STM32G471VEI6, STM32G471VET3, STM32G471VET6, STM32G474CCT6, STM32H503CBT6, STM32H503CBU6, STM32H503EBY6TR, STM32H503KBU6, STM32H503RBT6, STM32H562AGI6, STM32H562AII6, STM32H562IGK6, STM32H562IGT6, STM32H562IIK6, STM32H562IIT6, STM32H562RGT6, STM32H562RGV6, STM32H562RIT6, STM32H562RIV6, STM32H562VGT6, STM32H562VIT6, STM32H562ZGT6, STM32H562ZIT6, STM32H563AGI6, STM32H563AII3Q, STM32H563AII6, STM32H563IGK6, STM32H563IGT6, STM32H563IIK3Q, STM32H563IIK6, STM32H563IIT3Q, STM32H563IIT6, STM32H563MIY3QTR, STM32H563RGT6, STM32H563RGV6, STM32H563RIT6, STM32H563RIV6, STM32H563VGT6, STM32H563VIT3Q, STM32H563VIT6, STM32H563ZGT6, STM32H563ZIT3Q, STM32H563ZIT6, STM32H573AII3Q, STM32H573AII6, STM32H573I-DK, STM32H573IIK3Q, STM32H573IIK6, STM32H573IIT3Q, STM32H573IIT6, STM32H573MIY3QTR, STM32H573RIT6, STM32H573RIV6, STM32H573VIT3Q, STM32H573VIT6, STM32H573ZIT3Q, STM32H573ZIT6, STM32L4R5QGI6STR, STM32MP131AAE3, STM32MP131AAF3, STM32MP131AAG3, STM32MP131CAE3, STM32MP131CAF3, STM32MP131CAG3, STM32MP131DAE7, STM32MP131DAF7, STM32MP131DAG7, STM32MP131FAE7, STM32MP131FAF7, STM32MP131FAG7, STM32MP133AAE3, STM32MP133AAF3, STM32MP133AAG3, STM32MP133CAE3, STM32MP133CAF3, STM32MP133CAG3, STM32MP133DAE7, STM32MP133DAF7, STM32MP133DAG7, STM32MP133FAE7, STM32MP133FAF7, STM32MP133FAG7, STM32MP135AAE3, STM32MP135AAF3, STM32MP135AAG3, STM32MP135CAE3, STM32MP135CAF3, STM32MP135CAG3, STM32MP135DAE7, STM32MP135DAF7, STM32MP135DAG7, STM32MP135F-DK, STM32MP135FAE7, STM32MP135FAF7, STM32MP135FAF7T, STM32MP135FAF7U, STM32MP135FAG7, STM32U535CBT6, STM32U535CBT6Q, STM32U535CBU6, STM32U535CBU6Q, STM32U535CCT6, STM32U535CCT6Q, STM32U535CCU6, STM32U535CCU6Q, STM32U535CET6, STM32U535CET6Q, STM32U535CEU6, STM32U535CEU6Q, STM32U535JEY6QTR, STM32U535NCY6QTR, STM32U535NEY6QTR, STM32U535RBI6, STM32U535RBI6Q, STM32U535RBT6, STM32U535RBT6Q, STM32U535RCI6, STM32U535RCI6Q, STM32U535RCT6, STM32U535RCT6Q, STM32U535REI6, STM32U535REI6Q, STM32U535RET6, STM32U535RET6Q, STM32U535VCI6, STM32U535VCI6Q, STM32U535VCT6, STM32U535VCT6Q, STM32U535VEI6, STM32U535VEI6Q, STM32U535VET6, STM32U535VET6Q, STM32U545CET6, STM32U545CET6Q, STM32U545CEU6, STM32U545CEU6Q, STM32U545JEY6QTR, STM32U545NEY6QTR, STM32U545REI6, STM32U545REI6Q, STM32U545RET6, STM32U545RET6Q, STM32U545VEI6, STM32U545VEI6Q, STM32U545VET6, STM32U545VET6Q, STM32U595AIH6, STM32U595AIH6Q, STM32U595AJH6, STM32U595AJH6Q, STM32U595QII6, STM32U595QII6Q, STM32U595QJI6, STM32U595QJI6Q, STM32U595RIT6, STM32U595RIT6Q, STM32U595RJT6, STM32U595RJT6Q, STM32U595VIT6, STM32U595VIT6Q, STM32U595VJT6, STM32U595VJT6Q, STM32U595ZIT6, STM32U595ZIT6Q, STM32U595ZIY6QTR, STM32U595ZJT6, STM32U595ZJT6Q, STM32U595ZJY6QTR, STM32U599BJY6QTR, STM32U599NIH6Q, STM32U599NJH6Q, STM32U599VIT6Q, STM32U599VJT6, STM32U599VJT6Q, STM32U599ZIT6Q, STM32U599ZIY6QTR, STM32U599ZJT6Q, STM32U599ZJY6QTR, STM32U5A5AJH6, STM32U5A5AJH6Q, STM32U5A5QJI6, STM32U5A5QJI6Q, STM32U5A5RJT6, STM32U5A5RJT6Q, STM32U5A5VJT6, STM32U5A5VJT6Q, STM32U5A5ZJT6, STM32U5A5ZJT6Q, STM32U5A5ZJY6QTR, STM32U5A9BJY6QTR, STM32U5A9J-DK, STM32U5A9NJH6Q, STM32U5A9VJT6Q, STM32U5A9ZJT6Q, STM32U5A9ZJY6QTR, STM32WB1MMCH6, STM32WBA52CEU6, STM32WBA52CEU6T, STM32WBA52CGU6, STM32WBA52CGU6T, STM32WL5MOCH6, STM32WL5MOCH6TR]
2023-05-17 16:23:29,050 [ERROR] RealEvaluatedCondition:428 - Found unsupported composite condition: CLASS='Data Exchange' GROUP='STM32_MetaDataManager'
2023-05-17 16:23:29,051 [ERROR] RealEvaluatedCondition:428 - Found unsupported composite condition: CLASS='Data Exchange' GROUP='STM32_MetaDataManager'
2023-05-17 16:23:29,055 [WARN] PackLoader:240 - Cannot read IP mode file for STMicroelectronics.FP-SNS-MOTENV1.4.3.0
2023-05-17 16:23:29,063 [WARN] PackLoader:240 - Cannot read IP mode file for STMicroelectronics.FP-SNS-FLIGHT1.5.0.0
2023-05-17 16:23:29,077 [WARN] PackLoader:240 - Cannot read IP mode file for STMicroelectronics.X-CUBE-BLE1.6.2.4
2023-05-17 16:23:29,112 [WARN] PackLoader:240 - Cannot read IP mode file for emotas.I-CUBE-CANOPEN.1.1.3
2023-05-17 16:23:29,125 [WARN] PackLoader:240 - Cannot read IP mode file for STMicroelectronics.X-CUBE-BLEMGR.2.0.0
2023-05-17 16:23:29,139 [INFO] BoardInfo:880 - No configuration file found for board P-NUCLEO-WB55
2023-05-17 16:23:29,139 [INFO] DbBoards:157 - Kit is not supported: P-NUCLEO-WB55
2023-05-17 16:23:29,155 [INFO] BoardInfo:880 - No configuration file found for board STEVAL-BFA001V1B
2023-05-17 16:23:29,155 [INFO] DbBoards:157 - Kit is not supported: STEVAL-BFA001V1B
2023-05-17 16:23:29,158 [INFO] BoardInfo:880 - No configuration file found for board STEVAL-BFA001V2B
2023-05-17 16:23:29,159 [INFO] DbBoards:157 - Kit is not supported: STEVAL-BFA001V2B
2023-05-17 16:23:29,163 [WARN] ConditionMgr:438 - getConditionDescription Invalid condition id : UX DEVICE CLASS RTOS Condition cause : null
2023-05-17 16:23:29,163 [WARN] ConditionMgr:438 - getConditionDescription Invalid condition id : UX DEVICE CLASS RTOS Condition cause : null
2023-05-17 16:23:29,169 [WARN] PackLoader:240 - Cannot read IP mode file for STMicroelectronics.X-CUBE-AZRTOS-H7.3.1.0
2023-05-17 16:23:29,173 [WARN] ConditionMgr:1039 - genDependencies : Invalid condition id : UX DEVICE CLASS RTOS Condition cause : null
2023-05-17 16:23:29,173 [WARN] ConditionMgr:1039 - genDependencies : Invalid condition id : UX DEVICE CLASS RTOS Condition cause : null
2023-05-17 16:23:29,174 [WARN] ConditionMgr:1039 - genDependencies : Invalid condition id : UX DEVICE CLASS RTOS Condition cause : null
2023-05-17 16:23:29,175 [WARN] ConditionMgr:1039 - genDependencies : Invalid condition id : UX DEVICE CLASS RTOS Condition cause : null
2023-05-17 16:23:29,175 [WARN] ConditionMgr:1039 - genDependencies : Invalid condition id : UX DEVICE CLASS RTOS Condition cause : null
2023-05-17 16:23:29,200 [WARN] PackLoader:240 - Cannot read IP mode file for STMicroelectronics.X-CUBE-DISPLAY.3.0.0
2023-05-17 16:23:29,211 [WARN] PackLoader:240 - Cannot read IP mode file for wolfSSL.I-CUBE-wolfSSL.5.5.4
2023-05-17 16:23:29,219 [WARN] PackLoader:240 - Cannot read IP mode file for STMicroelectronics.X-CUBE-NFC7.1.0.0
2023-05-17 16:23:29,230 [WARN] PackLoader:240 - Cannot read IP mode file for STMicroelectronics.X-CUBE-EEPRMA1.4.1.0
2023-05-17 16:23:29,247 [WARN] PackLoader:240 - Cannot read IP mode file for WES.I-CUBE-Cesium.1.3.0
2023-05-17 16:23:29,270 [WARN] PackLoader:240 - Cannot read IP mode file for STMicroelectronics.X-CUBE-SFXS2LP1.4.0.0
2023-05-17 16:23:29,277 [WARN] PackLoader:240 - Cannot read IP mode file for STMicroelectronics.X-CUBE-BLE2.3.3.0
2023-05-17 16:23:29,314 [WARN] PackLoader:240 - Cannot read IP mode file for STMicroelectronics.X-CUBE-AZRTOS-H7.3.0.0
2023-05-17 16:23:29,326 [WARN] PackLoader:240 - Cannot read IP mode file for STMicroelectronics.X-CUBE-ISPU.1.1.0
2023-05-17 16:23:29,342 [WARN] PackLoader:240 - Cannot read IP mode file for RoweBots.I-CUBE-UNISONRTOS.5.5.0-4
2023-05-17 16:23:29,354 [WARN] PackLoader:240 - Cannot read IP mode file for STMicroelectronics.X-CUBE-AI.8.0.0
2023-05-17 16:23:29,361 [WARN] PackLoader:240 - Cannot read IP mode file for STMicroelectronics.X-CUBE-FREERTOS.1.0.0
2023-05-17 16:23:29,369 [WARN] PackLoader:240 - Cannot read IP mode file for STMicroelectronics.X-CUBE-FREERTOS.1.0.1
2023-05-17 16:23:29,381 [WARN] PackLoader:240 - Cannot read IP mode file for STMicroelectronics.X-CUBE-TOUCHGFX.4.21.3
2023-05-17 16:23:29,386 [WARN] PackLoader:240 - Cannot read IP mode file for STMicroelectronics.X-CUBE-TOUCHGFX.4.21.4
2023-05-17 16:23:29,397 [WARN] PackLoader:240 - Cannot read IP mode file for STMicroelectronics.X-CUBE-ALGOBUILD.1.3.0
2023-05-17 16:23:29,438 [INFO] DbBoards:161 - Found 187 boards, 184 are supported
2023-05-17 16:23:29,449 [INFO] ApiDb:668 - CubeFinder database Data Model version=2.1
2023-05-17 16:23:29,449 [INFO] ApiDb:669 - CubeFinder database Configuration version=3.0.35
2023-05-17 16:23:29,449 [INFO] ApiDb:670 - CubeFinder database generation date=2023-04-03 (1680511692)
2023-05-17 16:23:29,449 [INFO] ApiDb:671 - CubeFinder database FW Pack versions=[FP-ATR-ASTRA1_V2.0.0, STM32Cube_FW_C0_V1.0.1, STM32Cube_FW_F0_V1.11.4, STM32Cube_FW_F3_V1.11.4, STM32Cube_FW_F4_V1.27.1, STM32Cube_FW_F7_V1.17.0, STM32Cube_FW_G0_V1.6.1, STM32Cube_FW_G4_V1.5.1, STM32Cube_FW_H5_V0.5.1, STM32Cube_FW_H5_V1.0.0, STM32Cube_FW_H7_V1.11.0, STM32Cube_FW_L0_V1.12.2, STM32Cube_FW_L5_V1.5.0, STM32Cube_FW_U5_V1.2.0, STM32Cube_FW_WBA_V1.0.0, STM32Cube_FW_WBA_V1.0.0RC1, STM32Cube_FW_WBA_V1.0.0RC3, STM32Cube_FW_WB_V1.15.0RC1, STM32Cube_FW_WB_V1.16.0, STM32Cube_FW_WB_V1.16.0RC2, STM32Cube_FW_WL_V1.3.0, X-CUBE-ALGOBUILD_V1.3.0, X-CUBE-ALS_V1.0.1, X-CUBE-AZRTOS-F4_V1.1.0, X-CUBE-AZRTOS-F7_V1.1.0, X-CUBE-AZRTOS-G0_V1.1.0, X-CUBE-AZRTOS-G4_V1.0.0, X-CUBE-AZRTOS-H7_V3.0.0, X-CUBE-AZRTOS-L4_V1.0.0, X-CUBE-AZRTOS-L5_V1.1.0, X-CUBE-AZRTOS-WB_V1.1.0, X-CUBE-AZRTOS-WL_V1.0.0, X-CUBE-BLE1_V6.2.4, X-CUBE-BLE2_V3.3.0, X-CUBE-BLEMGR_V1.3.0, X-CUBE-EEPRMA1_V4.1.0, X-CUBE-FREERTOS_V1.0.1, X-CUBE-GNSS1_V6.0.0, X-CUBE-MEMS1_V9.1.0, X-CUBE-MEMS1_V9.4.0, X-CUBE-MEMS1_V9.5.0, X-CUBE-NFC4_V3.0.0, X-CUBE-NFC7_V1.0.0, X-CUBE-SFXS2LP1_V4.0.0, X-CUBE-SUBG2_V5.0.0]
2023-05-17 16:23:29,627 [WARN] PackLoader:240 - Cannot read IP mode file for STMicroelectronics.X-CUBE-AZRTOS-L5.1.1.0
2023-05-17 16:23:29,650 [WARN] PackLoader:240 - Cannot read IP mode file for STMicroelectronics.X-CUBE-AZRTOS-G0.1.1.0
2023-05-17 16:23:29,657 [WARN] PackLoader:240 - Cannot read IP mode file for STMicroelectronics.X-CUBE-AI.8.0.1
2023-05-17 16:23:29,674 [WARN] PackLoader:240 - Cannot read IP mode file for STMicroelectronics.X-CUBE-SUBG2.5.0.0
2023-05-17 16:23:29,684 [WARN] PackLoader:240 - Cannot read IP mode file for STMicroelectronics.X-CUBE-NFC4.3.0.0
2023-05-17 16:23:29,701 [WARN] PackLoader:240 - Cannot read IP mode file for STMicroelectronics.X-CUBE-AZRTOS-G4.2.0.0
2023-05-17 16:23:29,715 [WARN] PackLoader:240 - Cannot read IP mode file for STMicroelectronics.X-CUBE-TOF1.3.3.0
2023-05-17 16:23:29,738 [WARN] PackLoader:240 - Cannot read IP mode file for STMicroelectronics.FP-ATR-ASTRA1.1.1.1
2023-05-17 16:23:29,756 [WARN] PackLoader:240 - Cannot read IP mode file for STMicroelectronics.X-CUBE-AZRTOS-G4.1.0.0
2023-05-17 16:23:29,763 [WARN] PackLoader:240 - Cannot read IP mode file for STMicroelectronics.FP-ATR-SIGFOX1.3.2.0
2023-05-17 16:23:29,787 [WARN] PackLoader:240 - Cannot read IP mode file for STMicroelectronics.X-CUBE-AZRTOS-L4.1.0.0
2023-05-17 16:23:29,815 [WARN] PackLoader:240 - Cannot read IP mode file for STMicroelectronics.X-CUBE-AZRTOS-WL.1.0.0
2023-05-17 16:23:29,828 [WARN] PackLoader:240 - Cannot read IP mode file for portGmbH.I-Cube-SoM-uGOAL.1.1.0
2023-05-17 16:23:29,836 [WARN] PackLoader:240 - Cannot read IP mode file for STMicroelectronics.X-CUBE-ALS.1.0.1
2023-05-17 16:23:29,909 [WARN] PackLoader:240 - Cannot read IP mode file for STMicroelectronics.X-CUBE-MEMS1.9.5.0
2023-05-17 16:23:30,247 [WARN] PackLoader:240 - Cannot read IP mode file for STMicroelectronics.X-CUBE-AZRTOS-WB.1.1.0
2023-05-17 16:23:30,305 [WARN] PackLoader:240 - Cannot read IP mode file for SEGGER.I-CUBE-embOS.1.3.1
2023-05-17 16:23:30,365 [WARN] PackLoader:240 - Cannot read IP mode file for STMicroelectronics.FP-ATR-ASTRA1.2.0.0
2023-05-17 16:23:30,366 [INFO] ThirdParty:978 - Integrity check success = true
2023-05-17 16:23:30,366 [INFO] IntegrityCheckThread:100 - exiting critical section [integrity check]
2023-05-17 16:23:30,366 [INFO] IntegrityCheckThread:103 - End integrity checks thread
2023-05-17 16:23:31,615 [INFO] ApiDb:240 - Found 297 in-development CPN: [B-G473E-ZEST1S, B-WB1M-WPAN1, B-WL5M-SUBG1, NUCLEO-C031C6, NUCLEO-H503RB, NUCLEO-H563ZI, NUCLEO-U545RE-Q, NUCLEO-U5A5ZJ-Q, NUCLEO-WBA52CG, STEVAL-PROTEUS1, STEVAL-STWINBX1, STM320518-EVAL, STM32C0116-DK, STM32C011D6Y3TR, STM32C011D6Y6TR, STM32C011F4P3, STM32C011F4P6, STM32C011F4U3, STM32C011F4U6TR, STM32C011F6P3, STM32C011F6P6, STM32C011F6U3, STM32C011F6U6TR, STM32C011J4M3, STM32C011J4M6, STM32C011J6M3, STM32C011J6M6, STM32C0316-DK, STM32C031C4T3, STM32C031C4T6, STM32C031C4U3, STM32C031C4U6, STM32C031C6T3, STM32C031C6T6, STM32C031C6U3, STM32C031C6U6, STM32C031F4P3, STM32C031F4P6, STM32C031F6P3, STM32C031F6P6, STM32C031G4U3, STM32C031G4U6, STM32C031G6U3, STM32C031G6U6, STM32C031K4T3, STM32C031K4T6, STM32C031K4U3, STM32C031K4U6, STM32C031K6T3, STM32C031K6T6, STM32C031K6U3, STM32C031K6U6, STM32G071K8TXN, STM32G071K8UXN, STM32G081GBU6N, STM32G081KBT6N, STM32G081KBUXN, STM32G0B1CCT6N, STM32G0B1KCT6, STM32G0B1NEY6TR, STM32G0B1RCT6N, STM32G0C1CCT6, STM32G0C1CCT6N, STM32G0C1CCU6N, STM32G0C1CET6N, STM32G0C1CEU6N, STM32G0C1KCT6, STM32G0C1NEY6TR, STM32G0C1RCI6N, STM32G0C1RCT6N, STM32G0C1REI6N, STM32G0C1RET6N, STM32G0C1VCI6, STM32G0C1VEI6, STM32G471CCT6, STM32G471CCU6, STM32G471CET3, STM32G471CET6, STM32G471CEU3, STM32G471CEU6, STM32G471MCT6, STM32G471MET3, STM32G471MET6, STM32G471MEY6TR, STM32G471QCT6, STM32G471QET3, STM32G471RCT6, STM32G471RET3, STM32G471RET6, STM32G471VCH6, STM32G471VCI6, STM32G471VCT6, STM32G471VEH3, STM32G471VEH6, STM32G471VEI3, STM32G471VEI6, STM32G471VET3, STM32G471VET6, STM32G474CCT6, STM32H503CBT6, STM32H503CBU6, STM32H503EBY6TR, STM32H503KBU6, STM32H503RBT6, STM32H562AGI6, STM32H562AII6, STM32H562IGK6, STM32H562IGT6, STM32H562IIK6, STM32H562IIT6, STM32H562RGT6, STM32H562RGV6, STM32H562RIT6, STM32H562RIV6, STM32H562VGT6, STM32H562VIT6, STM32H562ZGT6, STM32H562ZIT6, STM32H563AGI6, STM32H563AII3Q, STM32H563AII6, STM32H563IGK6, STM32H563IGT6, STM32H563IIK3Q, STM32H563IIK6, STM32H563IIT3Q, STM32H563IIT6, STM32H563MIY3QTR, STM32H563RGT6, STM32H563RGV6, STM32H563RIT6, STM32H563RIV6, STM32H563VGT6, STM32H563VIT3Q, STM32H563VIT6, STM32H563ZGT6, STM32H563ZIT3Q, STM32H563ZIT6, STM32H573AII3Q, STM32H573AII6, STM32H573I-DK, STM32H573IIK3Q, STM32H573IIK6, STM32H573IIT3Q, STM32H573IIT6, STM32H573MIY3QTR, STM32H573RIT6, STM32H573RIV6, STM32H573VIT3Q, STM32H573VIT6, STM32H573ZIT3Q, STM32H573ZIT6, STM32L4R5QGI6STR, STM32MP131AAE3, STM32MP131AAF3, STM32MP131AAG3, STM32MP131CAE3, STM32MP131CAF3, STM32MP131CAG3, STM32MP131DAE7, STM32MP131DAF7, STM32MP131DAG7, STM32MP131FAE7, STM32MP131FAF7, STM32MP131FAG7, STM32MP133AAE3, STM32MP133AAF3, STM32MP133AAG3, STM32MP133CAE3, STM32MP133CAF3, STM32MP133CAG3, STM32MP133DAE7, STM32MP133DAF7, STM32MP133DAG7, STM32MP133FAE7, STM32MP133FAF7, STM32MP133FAG7, STM32MP135AAE3, STM32MP135AAF3, STM32MP135AAG3, STM32MP135CAE3, STM32MP135CAF3, STM32MP135CAG3, STM32MP135DAE7, STM32MP135DAF7, STM32MP135DAG7, STM32MP135F-DK, STM32MP135FAE7, STM32MP135FAF7, STM32MP135FAF7T, STM32MP135FAF7U, STM32MP135FAG7, STM32U535CBT6, STM32U535CBT6Q, STM32U535CBU6, STM32U535CBU6Q, STM32U535CCT6, STM32U535CCT6Q, STM32U535CCU6, STM32U535CCU6Q, STM32U535CET6, STM32U535CET6Q, STM32U535CEU6, STM32U535CEU6Q, STM32U535JEY6QTR, STM32U535NCY6QTR, STM32U535NEY6QTR, STM32U535RBI6, STM32U535RBI6Q, STM32U535RBT6, STM32U535RBT6Q, STM32U535RCI6, STM32U535RCI6Q, STM32U535RCT6, STM32U535RCT6Q, STM32U535REI6, STM32U535REI6Q, STM32U535RET6, STM32U535RET6Q, STM32U535VCI6, STM32U535VCI6Q, STM32U535VCT6, STM32U535VCT6Q, STM32U535VEI6, STM32U535VEI6Q, STM32U535VET6, STM32U535VET6Q, STM32U545CET6, STM32U545CET6Q, STM32U545CEU6, STM32U545CEU6Q, STM32U545JEY6QTR, STM32U545NEY6QTR, STM32U545REI6, STM32U545REI6Q, STM32U545RET6, STM32U545RET6Q, STM32U545VEI6, STM32U545VEI6Q, STM32U545VET6, STM32U545VET6Q, STM32U595AIH6, STM32U595AIH6Q, STM32U595AJH6, STM32U595AJH6Q, STM32U595QII6, STM32U595QII6Q, STM32U595QJI6, STM32U595QJI6Q, STM32U595RIT6, STM32U595RIT6Q, STM32U595RJT6, STM32U595RJT6Q, STM32U595VIT6, STM32U595VIT6Q, STM32U595VJT6, STM32U595VJT6Q, STM32U595ZIT6, STM32U595ZIT6Q, STM32U595ZIY6QTR, STM32U595ZJT6, STM32U595ZJT6Q, STM32U595ZJY6QTR, STM32U599BJY6QTR, STM32U599NIH6Q, STM32U599NJH6Q, STM32U599VIT6Q, STM32U599VJT6, STM32U599VJT6Q, STM32U599ZIT6Q, STM32U599ZIY6QTR, STM32U599ZJT6Q, STM32U599ZJY6QTR, STM32U5A5AJH6, STM32U5A5AJH6Q, STM32U5A5QJI6, STM32U5A5QJI6Q, STM32U5A5RJT6, STM32U5A5RJT6Q, STM32U5A5VJT6, STM32U5A5VJT6Q, STM32U5A5ZJT6, STM32U5A5ZJT6Q, STM32U5A5ZJY6QTR, STM32U5A9BJY6QTR, STM32U5A9J-DK, STM32U5A9NJH6Q, STM32U5A9VJT6Q, STM32U5A9ZJT6Q, STM32U5A9ZJY6QTR, STM32WB1MMCH6, STM32WBA52CEU6, STM32WBA52CEU6T, STM32WBA52CGU6, STM32WBA52CGU6T, STM32WL5MOCH6, STM32WL5MOCH6TR]
2023-05-17 16:23:31,622 [INFO] DbMcus:216 - Found 3775 MCUs, 3775 are supported
2023-05-17 16:23:31,625 [INFO] ApiDb:423 - Load user favorites file C:\Users\Utente/.stm32cubeide/favorites.mcus.txt: 1 item(s)
2023-05-17 16:23:31,626 [INFO] ApiDb:427 - User favorites MCUs=[STM32F303VCT6]
2023-05-17 16:23:31,626 [INFO] DbMcus:222 - Set 1 / 1 favorites MCUs
2023-05-17 16:23:31,806 [INFO] ApiDb:423 - Load user favorites file C:\Users\Utente/.stm32cubeide/favorites.boards.txt: 0 item(s)
2023-05-17 16:23:31,806 [INFO] ApiDb:427 - User favorites Boards=[]
2023-05-17 16:23:31,806 [INFO] DbBoards:190 - Set 0 / 0 favorites Boards
2023-05-17 16:23:31,806 [INFO] McuFinderGlobals:66 - Set McuFinderConnectedMode to true
2023-05-17 16:23:31,814 [INFO] MultiScanPanel:200 - Auto-refresh data requested => check proxy status ongoing
2023-05-17 16:23:31,818 [INFO] FinderPluginLoader:95 - Searching for filters in installed packs
2023-05-17 16:23:33,466 [INFO] LoadUrlFilesThread:185 - End of LoadServerUrlFiles without Thread
2023-05-17 16:23:33,480 [INFO] DetailPanel:341 - Set advertising image to C:/Users/Utente/STM32Cube/Repository/\en.prom-stm32h5-mcu-finder.jpg
2023-05-17 16:23:53,708 [INFO] MainUpdater:2854 - connection check result : 10
2023-05-17 16:23:53,708 [INFO] MainUpdater:2854 - connection check result : 10
2023-05-17 16:23:53,728 [INFO] MicroXplorer:468 - Change Database Path : 
2023-05-17 16:23:53,728 [INFO] MicroXplorer:498 - Change Database Version : DB.6.0.80
2023-05-17 16:23:53,728 [WARN] ThirdParty:871 - waiting for thirdparty lock release [close project]
2023-05-17 16:23:53,728 [INFO] ThirdParty:873 - entering critical section [close project]
2023-05-17 16:23:53,728 [INFO] ThirdParty:883 - exiting critical section [close project]
2023-05-17 16:23:53,740 [INFO] PinOutPanel:1499 - setPackage(No Configuration,No Configuration)
2023-05-17 16:23:53,746 [INFO] UtilMem:75 - Begin LoadConfig() Used Memory: 449191536 Bytes (553648128)
2023-05-17 16:23:53,747 [INFO] MicroXplorer:468 - Change Database Path : 
2023-05-17 16:23:53,748 [INFO] MicroXplorer:498 - Change Database Version : DB.6.0.80
2023-05-17 16:23:53,748 [INFO] OpenFileManager:308 - Change cursor
2023-05-17 16:23:53,882 [INFO] Mcu:1937 - Initializing MCU STM32F303VCTx STM32F303VCTx 
2023-05-17 16:23:53,882 [INFO] Mcu:1950 - No CPN specified => set CPN to STM32F303VCT6
2023-05-17 16:23:55,817 [INFO] Context:659 - Trying to add GPIOservice into a context  which must be forbidden
2023-05-17 16:23:56,461 [INFO] ImportTextPane:194 - (OptionalMessage_ERROR) Unable to find key (Mcu.ThirdPartyNb) in loaded IOC file
2023-05-17 16:23:56,462 [INFO] ImportTextPane:194 - (OptionalMessage_ERROR) Unable to find key (Mcu.PinsNb) in loaded IOC file
2023-05-17 16:23:56,462 [INFO] ImportTextPane:194 - (OptionalMessage_ERROR) Unable to find key (Mcu.IPNb) in loaded IOC file
2023-05-17 16:23:56,796 [INFO] RtosManager:555 - Registered RTOS mode: class=CMSIS, group=RTOS, mode=CMSIS_V1, owner=FREERTOS
2023-05-17 16:23:56,796 [INFO] RtosManager:555 - Registered RTOS mode: class=CMSIS, group=RTOS2, mode=CMSIS_V2, owner=FREERTOS
2023-05-17 16:23:56,796 [INFO] RtosManager:555 - Registered RTOS mode: class=RTOS, group=Core, mode=CMSIS_V1, owner=FREERTOS
2023-05-17 16:23:56,796 [INFO] RtosManager:555 - Registered RTOS mode: class=RTOS, group=Core, mode=CMSIS_V2, owner=FREERTOS
2023-05-17 16:23:56,797 [WARN] ModelIntegratedComponent:184 - Missing modes for component STMicroelectronics:FreeRTOS:0.0.1:STMicroelectronics:RTOS:FreeRTOS:Core:::10.2.0:
2023-05-17 16:23:56,824 [WARN] ModelIntegratedComponent:63 - No mode defined for component null
2023-05-17 16:23:56,824 [WARN] ModelIntegratedComponent:63 - No mode defined for component null
2023-05-17 16:23:56,824 [WARN] ModelIntegratedComponent:63 - No mode defined for component null
2023-05-17 16:23:56,824 [WARN] ModelIntegratedComponent:63 - No mode defined for component null
2023-05-17 16:23:56,824 [WARN] ModelIntegratedComponent:63 - No mode defined for component null
2023-05-17 16:23:56,824 [WARN] ModelIntegratedComponent:63 - No mode defined for component null
2023-05-17 16:23:56,824 [WARN] ModelIntegratedComponent:63 - No mode defined for component null
2023-05-17 16:23:56,824 [WARN] ModelIntegratedComponent:63 - No mode defined for component null
2023-05-17 16:23:56,824 [WARN] ModelIntegratedComponent:63 - No mode defined for component null
2023-05-17 16:23:56,824 [WARN] ModelIntegratedComponent:63 - No mode defined for component null
2023-05-17 16:23:56,825 [WARN] ModelIntegratedComponent:63 - No mode defined for component null
2023-05-17 16:23:56,825 [WARN] ModelIntegratedComponent:63 - No mode defined for component null
2023-05-17 16:23:56,825 [WARN] ModelIntegratedComponent:63 - No mode defined for component null
2023-05-17 16:23:56,825 [WARN] ModelIntegratedComponent:63 - No mode defined for component null
2023-05-17 16:23:56,825 [WARN] ModelIntegratedComponent:63 - No mode defined for component null
2023-05-17 16:23:56,825 [WARN] ModelIntegratedComponent:63 - No mode defined for component null
2023-05-17 16:23:56,825 [WARN] ModelIntegratedComponent:63 - No mode defined for component null
2023-05-17 16:23:56,825 [WARN] ModelIntegratedComponent:63 - No mode defined for component null
2023-05-17 16:23:56,825 [WARN] ModelIntegratedComponent:63 - No mode defined for component null
2023-05-17 16:23:56,825 [WARN] ModelIntegratedComponent:63 - No mode defined for component null
2023-05-17 16:23:56,825 [WARN] ModelIntegratedComponent:63 - No mode defined for component null
2023-05-17 16:23:56,825 [WARN] ModelIntegratedComponent:63 - No mode defined for component null
2023-05-17 16:23:56,825 [WARN] ModelIntegratedComponent:63 - No mode defined for component null
2023-05-17 16:23:56,825 [WARN] ModelIntegratedComponent:63 - No mode defined for component null
2023-05-17 16:23:56,825 [WARN] ModelIntegratedComponent:63 - No mode defined for component null
2023-05-17 16:23:56,825 [WARN] ModelIntegratedComponent:63 - No mode defined for component null
2023-05-17 16:23:56,825 [WARN] ModelIntegratedComponent:63 - No mode defined for component null
2023-05-17 16:23:56,825 [WARN] ModelIntegratedComponent:63 - No mode defined for component null
2023-05-17 16:23:56,826 [WARN] ModelIntegratedComponent:63 - No mode defined for component null
2023-05-17 16:23:56,826 [WARN] ModelIntegratedComponent:63 - No mode defined for component null
2023-05-17 16:23:56,826 [WARN] ModelIntegratedComponent:63 - No mode defined for component null
2023-05-17 16:23:56,826 [WARN] ModelIntegratedComponent:63 - No mode defined for component null
2023-05-17 16:23:56,826 [WARN] ModelIntegratedComponent:63 - No mode defined for component null
2023-05-17 16:23:56,941 [INFO] ThirdPartyModel:298 - Start build external matchings
2023-05-17 16:23:57,655 [INFO] ThirdPartyModel:316 - End build external matchings
2023-05-17 16:23:58,114 [INFO] UtilMem:75 - End LoadConfig() Used Memory: 485366568 Bytes (574619648)
2023-05-17 16:23:58,131 [WARN] ThirdParty:833 - waiting for thirdparty lock release [change project]
2023-05-17 16:23:58,131 [INFO] ThirdParty:835 - entering critical section [change project]
2023-05-17 16:23:58,131 [INFO] ThirdParty:1030 - CMSIS Pack Vendor :STMicroelectronics X-CUBE-ISPU 1.1.0
2023-05-17 16:23:58,131 [INFO] ThirdParty:1030 - CMSIS Pack Vendor :RoweBots I-CUBE-UNISONRTOS 5.5.0-4
2023-05-17 16:23:58,131 [INFO] ThirdParty:1030 - CMSIS Pack Vendor :STMicroelectronics X-CUBE-GNSS1 6.0.0
2023-05-17 16:23:58,131 [INFO] ThirdParty:1030 - CMSIS Pack Vendor :STMicroelectronics USB_HOST 2.0.0
2023-05-17 16:23:58,131 [INFO] ThirdParty:1030 - CMSIS Pack Vendor :STMicroelectronics X-CUBE-AZRTOS-F4 1.1.0
2023-05-17 16:23:58,131 [INFO] ThirdParty:1030 - CMSIS Pack Vendor :STMicroelectronics LIBJPEG 8.0.0
2023-05-17 16:23:58,131 [INFO] ThirdParty:1030 - CMSIS Pack Vendor :STMicroelectronics X-CUBE-SMBUS 2.1.0
2023-05-17 16:23:58,131 [INFO] ThirdParty:1030 - CMSIS Pack Vendor :STMicroelectronics USB_DEVICE 3.0.0
2023-05-17 16:23:58,131 [INFO] ThirdParty:1030 - CMSIS Pack Vendor :STMicroelectronics X-CUBE-AI 8.0.0
2023-05-17 16:23:58,131 [INFO] ThirdParty:1030 - CMSIS Pack Vendor :STMicroelectronics X-CUBE-FREERTOS 1.0.0
2023-05-17 16:23:58,131 [INFO] ThirdParty:1030 - CMSIS Pack Vendor :STMicroelectronics X-CUBE-FREERTOS 1.0.1
2023-05-17 16:23:58,131 [INFO] ThirdParty:1030 - CMSIS Pack Vendor :STMicroelectronics X-CUBE-TOUCHGFX 4.21.3
2023-05-17 16:23:58,131 [INFO] ThirdParty:1030 - CMSIS Pack Vendor :STMicroelectronics X-CUBE-AZRTOS-F7 1.1.0
2023-05-17 16:23:58,131 [INFO] ThirdParty:1030 - CMSIS Pack Vendor :STMicroelectronics X-CUBE-TOUCHGFX 4.21.4
2023-05-17 16:23:58,131 [INFO] ThirdParty:1030 - CMSIS Pack Vendor :STMicroelectronics USB_DEVICE 2.0.0
2023-05-17 16:23:58,131 [INFO] ThirdParty:1030 - CMSIS Pack Vendor :STMicroelectronics X-CUBE-MEMS1 9.6.0
2023-05-17 16:23:58,131 [INFO] ThirdParty:1030 - CMSIS Pack Vendor :STMicroelectronics FP-SNS-MOTENV1 4.3.0
2023-05-17 16:23:58,131 [INFO] ThirdParty:1030 - CMSIS Pack Vendor :STMicroelectronics FP-SNS-FLIGHT1 5.0.0
2023-05-17 16:23:58,131 [INFO] ThirdParty:1030 - CMSIS Pack Vendor :STMicroelectronics X-CUBE-ALGOBUILD 1.3.0
2023-05-17 16:23:58,131 [INFO] ThirdParty:1030 - CMSIS Pack Vendor :STMicroelectronics X-CUBE-BLE1 6.2.4
2023-05-17 16:23:58,131 [INFO] ThirdParty:1030 - CMSIS Pack Vendor :STMicroelectronics X-CUBE-AZRTOS-L5 1.1.0
2023-05-17 16:23:58,131 [INFO] ThirdParty:1030 - CMSIS Pack Vendor :STMicroelectronics FreeRTOS 0.0.1
2023-05-17 16:23:58,131 [INFO] ThirdParty:1030 - CMSIS Pack Vendor :emotas I-CUBE-CANOPEN 1.1.3
2023-05-17 16:23:58,131 [INFO] ThirdParty:1030 - CMSIS Pack Vendor :STMicroelectronics X-CUBE-AZRTOS-G0 1.1.0
2023-05-17 16:23:58,131 [INFO] ThirdParty:1030 - CMSIS Pack Vendor :STMicroelectronics X-CUBE-BLEMGR 2.0.0
2023-05-17 16:23:58,131 [INFO] ThirdParty:1030 - CMSIS Pack Vendor :STMicroelectronics X-CUBE-AI 8.0.1
2023-05-17 16:23:58,131 [INFO] ThirdParty:1030 - CMSIS Pack Vendor :STMicroelectronics X-CUBE-SUBG2 5.0.0
2023-05-17 16:23:58,131 [INFO] ThirdParty:1030 - CMSIS Pack Vendor :STMicroelectronics X-CUBE-NFC4 3.0.0
2023-05-17 16:23:58,131 [INFO] ThirdParty:1030 - CMSIS Pack Vendor :STMicroelectronics STM32_WPAN 1.0.0
2023-05-17 16:23:58,131 [INFO] ThirdParty:1030 - CMSIS Pack Vendor :STMicroelectronics lwIP 2.0.3
2023-05-17 16:23:58,131 [INFO] ThirdParty:1030 - CMSIS Pack Vendor :STMicroelectronics USB_HOST 1.0.0
2023-05-17 16:23:58,131 [INFO] ThirdParty:1030 - CMSIS Pack Vendor :STMicroelectronics X-CUBE-AZRTOS-G4 2.0.0
2023-05-17 16:23:58,131 [INFO] ThirdParty:1030 - CMSIS Pack Vendor :STMicroelectronics PDM2PCM 3.1.0
2023-05-17 16:23:58,131 [INFO] ThirdParty:1030 - CMSIS Pack Vendor :STMicroelectronics X-CUBE-AZRTOS-H7 3.1.0
2023-05-17 16:23:58,131 [INFO] ThirdParty:1030 - CMSIS Pack Vendor :STMicroelectronics X-CUBE-TOF1 3.3.0
2023-05-17 16:23:58,131 [INFO] ThirdParty:1030 - CMSIS Pack Vendor :STMicroelectronics FP-ATR-ASTRA1 1.1.1
2023-05-17 16:23:58,131 [INFO] ThirdParty:1030 - CMSIS Pack Vendor :STMicroelectronics PDM2PCM 3.3.0
2023-05-17 16:23:58,131 [INFO] ThirdParty:1030 - CMSIS Pack Vendor :STMicroelectronics X-CUBE-DISPLAY 3.0.0
2023-05-17 16:23:58,131 [INFO] ThirdParty:1030 - CMSIS Pack Vendor :STMicroelectronics X-CUBE-AZRTOS-G4 1.0.0
2023-05-17 16:23:58,131 [INFO] ThirdParty:1030 - CMSIS Pack Vendor :STMicroelectronics FP-ATR-SIGFOX1 3.2.0
2023-05-17 16:23:58,131 [INFO] ThirdParty:1030 - CMSIS Pack Vendor :wolfSSL I-CUBE-wolfSSL 5.5.4
2023-05-17 16:23:58,131 [INFO] ThirdParty:1030 - CMSIS Pack Vendor :STMicroelectronics X-CUBE-AZRTOS-L4 1.0.0
2023-05-17 16:23:58,131 [INFO] ThirdParty:1030 - CMSIS Pack Vendor :STMicroelectronics HAL Drivers 0.0.0
2023-05-17 16:23:58,131 [INFO] ThirdParty:1030 - CMSIS Pack Vendor :STMicroelectronics MBEDTLS 2.16.2
2023-05-17 16:23:58,131 [INFO] ThirdParty:1030 - CMSIS Pack Vendor :STMicroelectronics MBEDTLS 2.14.1
2023-05-17 16:23:58,131 [INFO] ThirdParty:1030 - CMSIS Pack Vendor :STMicroelectronics X-CUBE-NFC7 1.0.0
2023-05-17 16:23:58,131 [INFO] ThirdParty:1030 - CMSIS Pack Vendor :STMicroelectronics X-CUBE-AZRTOS-WL 1.0.0
2023-05-17 16:23:58,131 [INFO] ThirdParty:1030 - CMSIS Pack Vendor :STMicroelectronics X-CUBE-EEPRMA1 4.1.0
2023-05-17 16:23:58,131 [INFO] ThirdParty:1030 - CMSIS Pack Vendor :portGmbH I-Cube-SoM-uGOAL 1.1.0
2023-05-17 16:23:58,139 [INFO] ThirdParty:1030 - CMSIS Pack Vendor :STMicroelectronics X-CUBE-ALS 1.0.1
2023-05-17 16:23:58,139 [INFO] ThirdParty:1030 - CMSIS Pack Vendor :STMicroelectronics X-CUBE-MEMS1 9.5.0
2023-05-17 16:23:58,139 [INFO] ThirdParty:1030 - CMSIS Pack Vendor :STMicroelectronics ThreadX 1.0.0
2023-05-17 16:23:58,139 [INFO] ThirdParty:1030 - CMSIS Pack Vendor :STMicroelectronics X-CUBE-AZRTOS-WB 1.1.0
2023-05-17 16:23:58,139 [INFO] ThirdParty:1030 - CMSIS Pack Vendor :SEGGER I-CUBE-embOS 1.3.1
2023-05-17 16:23:58,139 [INFO] ThirdParty:1030 - CMSIS Pack Vendor :STMicroelectronics USB_DEVICE 1.0.0
2023-05-17 16:23:58,139 [INFO] ThirdParty:1030 - CMSIS Pack Vendor :STMicroelectronics ThreadX 0.0.2
2023-05-17 16:23:58,139 [INFO] ThirdParty:1030 - CMSIS Pack Vendor :WES I-CUBE-Cesium 1.3.0
2023-05-17 16:23:58,139 [INFO] ThirdParty:1030 - CMSIS Pack Vendor :STMicroelectronics FP-ATR-ASTRA1 2.0.0
2023-05-17 16:23:58,139 [INFO] ThirdParty:1030 - CMSIS Pack Vendor :STMicroelectronics lwIP 2.1.2
2023-05-17 16:23:58,139 [INFO] ThirdParty:1030 - CMSIS Pack Vendor :STMicroelectronics X-CUBE-SFXS2LP1 4.0.0
2023-05-17 16:23:58,139 [INFO] ThirdParty:1030 - CMSIS Pack Vendor :STMicroelectronics X-CUBE-BLE2 3.3.0
2023-05-17 16:23:58,139 [INFO] ThirdParty:1030 - CMSIS Pack Vendor :STMicroelectronics PDM2PCM 3.2.0
2023-05-17 16:23:58,139 [INFO] ThirdParty:1030 - CMSIS Pack Vendor :STMicroelectronics X-CUBE-AZRTOS-H7 3.0.0
2023-05-17 16:23:58,139 [INFO] ThirdParty:841 - exiting critical section [change project]
2023-05-17 16:23:58,923 [INFO] PinOutPanel:1499 - setPackage(No Configuration,No Configuration)
2023-05-17 16:23:58,923 [INFO] PinOutPanel:1499 - setPackage(STM32F303VCTx,LQFP100)
2023-05-17 16:24:00,092 [INFO] UtilMem:75 - Before build in PCC Used Memory: 510044672 Bytes (574619648)
2023-05-17 16:24:01,267 [INFO] UtilMem:75 - After build in PCC Used Memory: 440259496 Bytes (574619648)
2023-05-17 16:24:01,325 [INFO] IPUIPlugin:80 - create IPUIPlugin
2023-05-17 16:24:01,325 [INFO] IPUIPlugin:80 - create IPUIPlugin
2023-05-17 16:24:01,325 [INFO] IPUIPlugin:80 - create IPUIPlugin
2023-05-17 16:24:01,325 [INFO] IPUIPlugin:80 - create IPUIPlugin
2023-05-17 16:24:01,325 [INFO] IPUIPlugin:80 - create IPUIPlugin
2023-05-17 16:24:01,326 [INFO] IPUIPlugin:80 - create IPUIPlugin
2023-05-17 16:24:01,326 [INFO] IPUIPlugin:80 - create IPUIPlugin
2023-05-17 16:24:01,326 [INFO] IPUIPlugin:80 - create IPUIPlugin
2023-05-17 16:24:01,326 [INFO] IPUIPlugin:80 - create IPUIPlugin
2023-05-17 16:24:01,326 [INFO] IPUIPlugin:80 - create IPUIPlugin
2023-05-17 16:24:01,326 [INFO] IPUIPlugin:80 - create IPUIPlugin
2023-05-17 16:24:01,326 [INFO] IPUIPlugin:80 - create IPUIPlugin
2023-05-17 16:24:01,326 [INFO] IPUIPlugin:80 - create IPUIPlugin
2023-05-17 16:24:01,327 [INFO] IPUIPlugin:80 - create IPUIPlugin
2023-05-17 16:24:01,327 [INFO] IPUIPlugin:80 - create IPUIPlugin
2023-05-17 16:24:01,327 [INFO] IPUIPlugin:80 - create IPUIPlugin
2023-05-17 16:24:01,327 [INFO] IPUIPlugin:80 - create IPUIPlugin
2023-05-17 16:24:01,327 [INFO] IPUIPlugin:80 - create IPUIPlugin
2023-05-17 16:24:01,328 [INFO] IPUIPlugin:80 - create IPUIPlugin
2023-05-17 16:24:01,328 [INFO] IPUIPlugin:80 - create IPUIPlugin
2023-05-17 16:24:01,328 [INFO] IPUIPlugin:80 - create IPUIPlugin
2023-05-17 16:24:01,328 [INFO] IPUIPlugin:80 - create IPUIPlugin
2023-05-17 16:24:01,328 [INFO] IPUIPlugin:80 - create IPUIPlugin
2023-05-17 16:24:01,329 [INFO] IPUIPlugin:80 - create IPUIPlugin
2023-05-17 16:24:01,329 [INFO] IPUIPlugin:80 - create IPUIPlugin
2023-05-17 16:24:01,329 [INFO] IPUIPlugin:80 - create IPUIPlugin
2023-05-17 16:24:01,334 [INFO] IPUIPlugin:80 - create IPUIPlugin
2023-05-17 16:24:01,335 [INFO] IPUIPlugin:80 - create IPUIPlugin
2023-05-17 16:24:01,335 [INFO] IPUIPlugin:80 - create IPUIPlugin
2023-05-17 16:24:01,335 [INFO] IPUIPlugin:80 - create IPUIPlugin
2023-05-17 16:24:01,335 [INFO] IPUIPlugin:80 - create IPUIPlugin
2023-05-17 16:24:01,336 [INFO] IPUIPlugin:80 - create IPUIPlugin
2023-05-17 16:24:01,336 [INFO] IPUIPlugin:80 - create IPUIPlugin
2023-05-17 16:24:01,336 [INFO] IPUIPlugin:80 - create IPUIPlugin
2023-05-17 16:24:01,337 [INFO] IPUIPlugin:80 - create IPUIPlugin
2023-05-17 16:24:01,338 [INFO] IPUIPlugin:80 - create IPUIPlugin
2023-05-17 16:24:01,338 [INFO] IPUIPlugin:80 - create IPUIPlugin
2023-05-17 16:24:01,338 [INFO] IPUIPlugin:80 - create IPUIPlugin
2023-05-17 16:24:01,339 [INFO] IPUIPlugin:80 - create IPUIPlugin
2023-05-17 16:24:01,339 [INFO] IPUIPlugin:80 - create IPUIPlugin
2023-05-17 16:24:01,339 [INFO] IPUIPlugin:80 - create IPUIPlugin
2023-05-17 16:24:01,340 [INFO] IPUIPlugin:80 - create IPUIPlugin
2023-05-17 16:24:01,340 [INFO] IPUIPlugin:80 - create IPUIPlugin
2023-05-17 16:24:01,340 [INFO] IPUIPlugin:80 - create IPUIPlugin
2023-05-17 16:24:01,341 [INFO] IPUIPlugin:80 - create IPUIPlugin
2023-05-17 16:24:01,341 [INFO] IPUIPlugin:80 - create IPUIPlugin
2023-05-17 16:24:01,342 [INFO] IPUIPlugin:80 - create IPUIPlugin
2023-05-17 16:24:01,342 [INFO] IPUIPlugin:80 - create IPUIPlugin
2023-05-17 16:24:01,343 [INFO] IPUIPlugin:80 - create IPUIPlugin
2023-05-17 16:24:01,343 [INFO] IPUIPlugin:80 - create IPUIPlugin
2023-05-17 16:24:01,344 [INFO] IPUIPlugin:80 - create IPUIPlugin
2023-05-17 16:24:01,344 [INFO] IPUIPlugin:80 - create IPUIPlugin
2023-05-17 16:24:01,344 [INFO] IPUIPlugin:80 - create IPUIPlugin
2023-05-17 16:24:01,345 [INFO] IPUIPlugin:80 - create IPUIPlugin
2023-05-17 16:24:01,345 [INFO] IPUIPlugin:80 - create IPUIPlugin
2023-05-17 16:24:01,639 [INFO] CADModel:165 - CPN selected for project levelSTM32F303VCT6
2023-05-17 16:24:01,639 [INFO] CADModel:114 - Register for checkConnection events
2023-05-17 16:24:01,685 [INFO] OpenFileManager:328 - Restore cursor
2023-05-17 16:24:02,949 [INFO] UtilMem:75 - End SaveConfig() Used Memory: 466298208 Bytes (574619648)
2023-05-17 16:24:03,029 [INFO] UtilMem:75 - End SaveConfig() Used Memory: 492180912 Bytes (574619648)
2023-05-17 16:24:03,775 [INFO] BlockDiagram:2759 - set Specific Code input for plugin: RCC
2023-05-17 16:24:03,775 [INFO] BlockDiagram:2759 - set Specific Code input for plugin: NVIC
2023-05-17 16:24:03,780 [INFO] CodeGenerator:793 - code generatio: config db path: C:\ST\STM32CubeIDE_1.12.0\STM32CubeIDE\plugins\com.st.stm32cube.common.mx_6.8.0.202302231600\\db\
2023-05-17 16:24:04,580 [INFO] CodeEngine:255 - oldGeneratedFile, C:\Users\Utente\Desktop\CSD\Schedino\WorkSpace\Esercizio4\IsrButton\MXTmpFiles\license.tmp_save
2023-05-17 16:24:05,123 [INFO] CodeEngine:279 - Generated code: C:\Users\Utente\Desktop\CSD\Schedino\WorkSpace\Esercizio4\IsrButton\MXTmpFiles\license.tmp
2023-05-17 16:24:05,148 [INFO] CodeEngine:255 - oldGeneratedFile, C:\Users\Utente\Desktop\CSD\Schedino\WorkSpace\Esercizio4\IsrButton\Core\Src\stm32f3xx_it.c_save
2023-05-17 16:24:05,326 [INFO] CodeEngine:279 - Generated code: C:\Users\Utente\Desktop\CSD\Schedino\WorkSpace\Esercizio4\IsrButton\Core\Src\stm32f3xx_it.c
2023-05-17 16:24:05,331 [INFO] CodeEngine:255 - oldGeneratedFile, C:\Users\Utente\Desktop\CSD\Schedino\WorkSpace\Esercizio4\IsrButton\Core\Inc\stm32f3xx_it.h_save
2023-05-17 16:24:05,436 [INFO] CodeEngine:279 - Generated code: C:\Users\Utente\Desktop\CSD\Schedino\WorkSpace\Esercizio4\IsrButton\Core\Inc\stm32f3xx_it.h
2023-05-17 16:24:05,591 [INFO] CodeEngine:255 - oldGeneratedFile, C:\Users\Utente\Desktop\CSD\Schedino\WorkSpace\Esercizio4\IsrButton\Core\Src\stm32f3xx_hal_msp.c_save
2023-05-17 16:24:05,777 [INFO] CodeEngine:279 - Generated code: C:\Users\Utente\Desktop\CSD\Schedino\WorkSpace\Esercizio4\IsrButton\Core\Src\stm32f3xx_hal_msp.c
2023-05-17 16:24:05,787 [INFO] CodeEngine:255 - oldGeneratedFile, C:\Users\Utente\Desktop\CSD\Schedino\WorkSpace\Esercizio4\IsrButton\MXTmpFiles\system.tmp_save
2023-05-17 16:24:05,956 [INFO] CodeEngine:279 - Generated code: C:\Users\Utente\Desktop\CSD\Schedino\WorkSpace\Esercizio4\IsrButton\MXTmpFiles\system.tmp
2023-05-17 16:24:05,984 [INFO] CodeEngine:311 - oldGeneratedFile, C:\Users\Utente\Desktop\CSD\Schedino\WorkSpace\Esercizio4\IsrButton\Core\Inc\stm32f3xx_hal_conf.h_save
2023-05-17 16:24:06,142 [INFO] CodeEngine:335 - Generated code: C:\Users\Utente\Desktop\CSD\Schedino\WorkSpace\Esercizio4\IsrButton\Core\Inc\stm32f3xx_hal_conf.h
2023-05-17 16:24:06,225 [INFO] CodeEngine:255 - oldGeneratedFile, C:\Users\Utente\Desktop\CSD\Schedino\WorkSpace\Esercizio4\IsrButton\Core\Inc\main.h_save
2023-05-17 16:24:06,465 [INFO] CodeEngine:279 - Generated code: C:\Users\Utente\Desktop\CSD\Schedino\WorkSpace\Esercizio4\IsrButton\Core\Inc\main.h
2023-05-17 16:24:06,473 [INFO] CodeEngine:255 - oldGeneratedFile, C:\Users\Utente\Desktop\CSD\Schedino\WorkSpace\Esercizio4\IsrButton\Core\Src\main.c_save
2023-05-17 16:24:06,737 [INFO] CodeEngine:279 - Generated code: C:\Users\Utente\Desktop\CSD\Schedino\WorkSpace\Esercizio4\IsrButton\Core\Src\main.c
2023-05-17 16:24:07,800 [INFO] ProjectBuilder:2996 - Time for Copy HAL[1] : 269mS.
2023-05-17 16:24:07,891 [INFO] ProjectBuilder:4304 - Project Generator version: 3.19.2
2023-05-17 16:24:08,369 [INFO] ConfigFileManager:1483 - The Die is : DIE422
2023-05-17 16:24:08,382 [INFO] ApiDbMcu:507 - Load IP Config File for FATFS
2023-05-17 16:24:08,397 [INFO] ApiDbMcu:507 - Load IP Config File for FREERTOS
2023-05-17 16:24:08,428 [INFO] ApiDbMcu:507 - Load IP Config File for TOUCHSENSING
2023-05-17 16:24:08,504 [INFO] ApiDbMcu:507 - Load IP Config File for USB_DEVICE
2023-05-17 16:24:09,727 [INFO] LogOutputStream:77 - [STDOUT_REDIRECT] 
2023-05-17 16:24:15,918 [INFO] ProjectBuilder:4505 - Time for Generating toolchain IDE Files: 8027mS.
2023-05-17 16:24:15,921 [INFO] ProjectBuilder:2867 - Time for Copy CMSIS : 1mS.
2023-05-17 16:24:15,924 [INFO] ProjectBuilder:2867 - Time for Copy CMSIS : 0mS.
2023-05-17 16:24:17,082 [INFO] McuFinderGlobals:66 - Set McuFinderConnectedMode to true
2023-05-17 16:24:17,084 [INFO] ApiDb:448 - Save user favorites file C:\Users\Utente/.stm32cubeide/favorites.mcus.txt: 1 item(s)
2023-05-17 16:24:17,086 [INFO] ApiDb:452 - User favorites MCUs=[STM32F303VCT6]
2023-05-17 16:24:57,312 [INFO] Gpio:273 - dependency for GPIO []
2023-05-17 16:25:08,133 [INFO] NvicIntPanel:101 - NVIC parent = com.st.microxplorer.plugins.ip.nvic.MultiNvicIntPanel[,2,27,497x293,layout=javax.swing.BoxLayout,alignmentX=0.0,alignmentY=0.0,border=,flags=9,maximumSize=,minimumSize=,preferredSize=]
2023-05-17 16:25:09,426 [INFO] Gpio:273 - dependency for GPIO []
2023-05-17 16:28:17,988 [INFO] Gpio:273 - dependency for GPIO []
2023-05-17 16:29:16,576 [INFO] UtilMem:75 - End SaveConfig() Used Memory: 501472504 Bytes (868220928)
2023-05-17 16:29:18,282 [INFO] UtilMem:75 - End SaveConfig() Used Memory: 533736072 Bytes (868220928)
2023-05-17 16:29:18,412 [INFO] UtilMem:75 - End SaveConfig() Used Memory: 563676640 Bytes (868220928)
2023-05-17 16:29:18,656 [INFO] BlockDiagram:2759 - set Specific Code input for plugin: RCC
2023-05-17 16:29:18,657 [INFO] BlockDiagram:2759 - set Specific Code input for plugin: NVIC
2023-05-17 16:29:18,657 [INFO] BlockDiagram:2759 - set Specific Code input for plugin: GPIO
2023-05-17 16:29:18,658 [INFO] CodeGenerator:793 - code generatio: config db path: C:\ST\STM32CubeIDE_1.12.0\STM32CubeIDE\plugins\com.st.stm32cube.common.mx_6.8.0.202302231600\\db\
2023-05-17 16:29:18,837 [INFO] CodeEngine:255 - oldGeneratedFile, C:\Users\Utente\Desktop\CSD\Schedino\WorkSpace\Esercizio4\IsrButton\MXTmpFiles\license.tmp_save
2023-05-17 16:29:18,930 [INFO] CodeEngine:279 - Generated code: C:\Users\Utente\Desktop\CSD\Schedino\WorkSpace\Esercizio4\IsrButton\MXTmpFiles\license.tmp
2023-05-17 16:29:19,009 [INFO] CodeEngine:255 - oldGeneratedFile, C:\Users\Utente\Desktop\CSD\Schedino\WorkSpace\Esercizio4\IsrButton\MXTmpFiles\gpio.tmp_save
2023-05-17 16:29:19,111 [INFO] CodeEngine:279 - Generated code: C:\Users\Utente\Desktop\CSD\Schedino\WorkSpace\Esercizio4\IsrButton\MXTmpFiles\gpio.tmp
2023-05-17 16:29:19,128 [INFO] CodeEngine:255 - oldGeneratedFile, C:\Users\Utente\Desktop\CSD\Schedino\WorkSpace\Esercizio4\IsrButton\Core\Src\stm32f3xx_it.c_save
2023-05-17 16:29:19,255 [INFO] CodeEngine:279 - Generated code: C:\Users\Utente\Desktop\CSD\Schedino\WorkSpace\Esercizio4\IsrButton\Core\Src\stm32f3xx_it.c
2023-05-17 16:29:19,266 [INFO] CodeEngine:255 - oldGeneratedFile, C:\Users\Utente\Desktop\CSD\Schedino\WorkSpace\Esercizio4\IsrButton\Core\Inc\stm32f3xx_it.h_save
2023-05-17 16:29:19,360 [INFO] CodeEngine:279 - Generated code: C:\Users\Utente\Desktop\CSD\Schedino\WorkSpace\Esercizio4\IsrButton\Core\Inc\stm32f3xx_it.h
2023-05-17 16:29:19,386 [INFO] CodeEngine:255 - oldGeneratedFile, C:\Users\Utente\Desktop\CSD\Schedino\WorkSpace\Esercizio4\IsrButton\Core\Src\stm32f3xx_hal_msp.c_save
2023-05-17 16:29:19,490 [INFO] CodeEngine:279 - Generated code: C:\Users\Utente\Desktop\CSD\Schedino\WorkSpace\Esercizio4\IsrButton\Core\Src\stm32f3xx_hal_msp.c
2023-05-17 16:29:19,496 [INFO] CodeEngine:255 - oldGeneratedFile, C:\Users\Utente\Desktop\CSD\Schedino\WorkSpace\Esercizio4\IsrButton\MXTmpFiles\system.tmp_save
2023-05-17 16:29:19,567 [INFO] CodeEngine:279 - Generated code: C:\Users\Utente\Desktop\CSD\Schedino\WorkSpace\Esercizio4\IsrButton\MXTmpFiles\system.tmp
2023-05-17 16:29:19,583 [INFO] CodeEngine:311 - oldGeneratedFile, C:\Users\Utente\Desktop\CSD\Schedino\WorkSpace\Esercizio4\IsrButton\Core\Inc\stm32f3xx_hal_conf.h_save
2023-05-17 16:29:19,648 [INFO] CodeEngine:335 - Generated code: C:\Users\Utente\Desktop\CSD\Schedino\WorkSpace\Esercizio4\IsrButton\Core\Inc\stm32f3xx_hal_conf.h
2023-05-17 16:29:19,686 [INFO] CodeEngine:255 - oldGeneratedFile, C:\Users\Utente\Desktop\CSD\Schedino\WorkSpace\Esercizio4\IsrButton\Core\Inc\main.h_save
2023-05-17 16:29:19,740 [INFO] CodeEngine:279 - Generated code: C:\Users\Utente\Desktop\CSD\Schedino\WorkSpace\Esercizio4\IsrButton\Core\Inc\main.h
2023-05-17 16:29:19,748 [INFO] CodeEngine:255 - oldGeneratedFile, C:\Users\Utente\Desktop\CSD\Schedino\WorkSpace\Esercizio4\IsrButton\Core\Src\main.c_save
2023-05-17 16:29:19,840 [INFO] CodeEngine:279 - Generated code: C:\Users\Utente\Desktop\CSD\Schedino\WorkSpace\Esercizio4\IsrButton\Core\Src\main.c
2023-05-17 16:29:20,635 [INFO] ProjectBuilder:2996 - Time for Copy HAL[1] : 202mS.
2023-05-17 16:29:20,639 [INFO] ProjectBuilder:4304 - Project Generator version: 3.19.2
2023-05-17 16:29:20,973 [INFO] ConfigFileManager:1483 - The Die is : DIE422
2023-05-17 16:29:22,616 [INFO] ProjectBuilder:4505 - Time for Generating toolchain IDE Files: 1976mS.
2023-05-17 16:29:22,616 [INFO] ProjectBuilder:2867 - Time for Copy CMSIS : 0mS.
2023-05-17 16:29:22,620 [INFO] ProjectBuilder:2867 - Time for Copy CMSIS : 0mS.
