2023-06-06 14:20:42,678 [INFO] Activator:176 - 


2023-06-06 14:20:42,687 [INFO] Activator:177 - !SESSION log4j initialized
2023-06-06 14:20:47,362 [INFO] LogOutputStream:77 - [STDOUT_REDIRECT] 
2023-06-06 14:21:09,322 [ERROR] LogOutputStream:75 - [STDERR_REDIRECT] SLF4J: Failed to load class "org.slf4j.impl.StaticLoggerBinder".
2023-06-06 14:21:09,323 [ERROR] LogOutputStream:75 - [STDERR_REDIRECT] SLF4J: Defaulting to no-operation (NOP) logger implementation
2023-06-06 14:21:09,324 [ERROR] LogOutputStream:75 - [STDERR_REDIRECT] SLF4J: See http://www.slf4j.org/codes.html#StaticLoggerBinder for further details.
2023-06-06 14:25:00,123 [INFO] ApplicationProperties:184 - Using Application install path: C:\ST\STM32CubeIDE_1.12.0\STM32CubeIDE\plugins\com.st.stm32cube.common.mx_6.8.1.202304191431
2023-06-06 14:25:00,143 [INFO] DbMcusXml:78 - Set database path to: C:\ST\STM32CubeIDE_1.12.0\STM32CubeIDE\plugins\com.st.stm32cube.common.mx_6.8.1.202304191431\\db\/mcu/
2023-06-06 14:25:00,144 [INFO] ApiDb:274 - Set plugin database path to: C:\ST\STM32CubeIDE_1.12.0\STM32CubeIDE\plugins\com.st.stm32cube.common.mx_6.8.1.202304191431\\db\/plugins/boardmanager/
2023-06-06 14:25:00,146 [WARN] ApiDb:259 - Overriding images path with different value:  => C:\ST\STM32CubeIDE_1.12.0\STM32CubeIDE\plugins\com.st.stm32cube.common.mx_6.8.1.202304191431\\db\/plugins/mcufinder/images/
2023-06-06 14:25:00,164 [INFO] ApiDb:250 - Set database path to: C:\Users\Utente\.stmcufinder\plugins\mcufinder//mcu/
2023-06-06 14:25:00,165 [INFO] DbMcusAds:125 - Set database path to: C:\Users\Utente\.stmcufinder\plugins\mcufinder//mcu/
2023-06-06 14:25:00,173 [INFO] CrossReferenceDbSqlite:203 - Set database path to: C:\Users\Utente\.stmcufinder\plugins\mcufinder//mcu/cs/
2023-06-06 14:25:00,310 [INFO] RulesReader:64 - Compatibility file has been processed (293 Rules)
2023-06-06 14:25:00,402 [INFO] DbMcusXml:78 - Set database path to: C:\ST\STM32CubeIDE_1.12.0\STM32CubeIDE\plugins\com.st.stm32cube.common.mx_6.8.1.202304191431\\db\/mcu/
2023-06-06 14:25:00,402 [INFO] ApiDb:274 - Set plugin database path to: C:\ST\STM32CubeIDE_1.12.0\STM32CubeIDE\plugins\com.st.stm32cube.common.mx_6.8.1.202304191431\\db\/plugins/boardmanager/
2023-06-06 14:25:00,402 [INFO] ApiDb:261 - Set plugin images path to: C:\ST\STM32CubeIDE_1.12.0\STM32CubeIDE\plugins\com.st.stm32cube.common.mx_6.8.1.202304191431\\db\/plugins/mcufinder/images/
2023-06-06 14:25:00,402 [WARN] DbFile:41 - Overriding database path with different value: C:\Users\Utente\.stmcufinder\plugins\mcufinder/ => C:\Users\Utente\.stmcufinder\plugins\mcufinder
2023-06-06 14:25:00,402 [INFO] ApiDb:250 - Set database path to: C:\Users\Utente\.stmcufinder\plugins\mcufinder//mcu/
2023-06-06 14:25:00,403 [WARN] DbFile:41 - Overriding database path with different value: C:\Users\Utente\.stmcufinder\plugins\mcufinder/ => C:\Users\Utente\.stmcufinder\plugins\mcufinder
2023-06-06 14:25:00,403 [INFO] DbMcusAds:125 - Set database path to: C:\Users\Utente\.stmcufinder\plugins\mcufinder//mcu/
2023-06-06 14:25:00,403 [WARN] DbFile:41 - Overriding database path with different value: C:\Users\Utente\.stmcufinder\plugins\mcufinder/ => C:\Users\Utente\.stmcufinder\plugins\mcufinder
2023-06-06 14:25:00,403 [WARN] DbFile:41 - Overriding database path with different value: C:\Users\Utente\.stmcufinder\plugins\mcufinder/ => C:\Users\Utente\.stmcufinder\plugins\mcufinder
2023-06-06 14:25:00,403 [INFO] CrossReferenceDbSqlite:203 - Set database path to: C:\Users\Utente\.stmcufinder\plugins\mcufinder//mcu/cs/
2023-06-06 14:25:00,480 [INFO] MainPanel:253 - HeapMemory: 476053504
2023-06-06 14:25:00,575 [INFO] DbMcusXml:78 - Set database path to: C:\ST\STM32CubeIDE_1.12.0\STM32CubeIDE\plugins\com.st.stm32cube.common.mx_6.8.1.202304191431\\db\/mcu/
2023-06-06 14:25:00,575 [INFO] ApiDb:274 - Set plugin database path to: C:\ST\STM32CubeIDE_1.12.0\STM32CubeIDE\plugins\com.st.stm32cube.common.mx_6.8.1.202304191431\\db\/plugins/boardmanager/
2023-06-06 14:25:00,575 [INFO] ApiDb:261 - Set plugin images path to: C:\ST\STM32CubeIDE_1.12.0\STM32CubeIDE\plugins\com.st.stm32cube.common.mx_6.8.1.202304191431\\db\/plugins/mcufinder/images/
2023-06-06 14:25:00,575 [WARN] DbFile:41 - Overriding database path with different value: C:\Users\Utente\.stmcufinder\plugins\mcufinder/ => C:\Users\Utente\.stmcufinder\plugins\mcufinder
2023-06-06 14:25:00,576 [INFO] ApiDb:250 - Set database path to: C:\Users\Utente\.stmcufinder\plugins\mcufinder//mcu/
2023-06-06 14:25:00,576 [WARN] DbFile:41 - Overriding database path with different value: C:\Users\Utente\.stmcufinder\plugins\mcufinder/ => C:\Users\Utente\.stmcufinder\plugins\mcufinder
2023-06-06 14:25:00,576 [INFO] DbMcusAds:125 - Set database path to: C:\Users\Utente\.stmcufinder\plugins\mcufinder//mcu/
2023-06-06 14:25:00,576 [WARN] DbFile:41 - Overriding database path with different value: C:\Users\Utente\.stmcufinder\plugins\mcufinder/ => C:\Users\Utente\.stmcufinder\plugins\mcufinder
2023-06-06 14:25:00,576 [WARN] DbFile:41 - Overriding database path with different value: C:\Users\Utente\.stmcufinder\plugins\mcufinder/ => C:\Users\Utente\.stmcufinder\plugins\mcufinder
2023-06-06 14:25:00,576 [INFO] CrossReferenceDbSqlite:203 - Set database path to: C:\Users\Utente\.stmcufinder\plugins\mcufinder//mcu/cs/
2023-06-06 14:25:00,593 [INFO] ApplicationProperties:184 - Using Application install path: C:\ST\STM32CubeIDE_1.12.0\STM32CubeIDE\plugins\com.st.stm32cube.common.mx_6.8.1.202304191431
2023-06-06 14:25:00,595 [INFO] PluginManage:196 - Search for loadable plugins [exclusion list=, ]
2023-06-06 14:25:00,596 [INFO] PluginManage:310 - Check plugin analytics
2023-06-06 14:25:00,753 [INFO] AnalyticsPlugin:253 - Accepted Software Licenses: 
2023-06-06 14:25:00,754 [INFO] AnalyticsPlugin:255 - Accepted CMSIS Pack Licenses: STMicroelectronics.X-CUBE-ALGOBUILD.1.3.0,STMicroelectronics.X-CUBE-NFC7.1.0.0,STMicroelectronics.X-CUBE-BLE1.6.2.4
2023-06-06 14:25:00,754 [INFO] AnalyticsPlugin:257 - Accepted Firmware Licenses: FW.F4.1.27.0
2023-06-06 14:25:00,762 [INFO] PluginManage:359 - Loaded plugin analytics (category:tool,tabindex:-1)
2023-06-06 14:25:00,762 [INFO] PluginManage:310 - Check plugin cadmodel
2023-06-06 14:25:00,767 [INFO] CADModel:105 - Init CAD model plugin
2023-06-06 14:25:00,767 [INFO] PluginManage:359 - Loaded plugin cadmodel (category:power,tabindex:5)
2023-06-06 14:25:00,767 [INFO] PluginManage:310 - Check plugin clock
2023-06-06 14:25:00,778 [INFO] PluginManage:359 - Loaded plugin clock (category:base,tabindex:2)
2023-06-06 14:25:00,778 [INFO] PluginManage:310 - Check plugin ddr
2023-06-06 14:25:00,780 [INFO] PluginManage:359 - Loaded plugin ddr (category:tool,tabindex:6)
2023-06-06 14:25:00,780 [INFO] PluginManage:310 - Check plugin filemanager
2023-06-06 14:25:00,941 [INFO] PluginManage:359 - Loaded plugin filemanager (category:base,tabindex:10)
2023-06-06 14:25:00,941 [INFO] PluginManage:310 - Check plugin ipmanager
2023-06-06 14:25:00,951 [INFO] PluginManage:359 - Loaded plugin ipmanager (category:base,tabindex:5)
2023-06-06 14:25:00,952 [INFO] PluginManage:310 - Check plugin lpbam
2023-06-06 14:25:00,963 [INFO] PluginManage:359 - Loaded plugin lpbam (category:base,tabindex:0)
2023-06-06 14:25:00,963 [INFO] PluginManage:310 - Check plugin pinoutandconfiguration
2023-06-06 14:25:00,971 [INFO] PluginManage:359 - Loaded plugin pinoutandconfiguration (category:base,tabindex:1)
2023-06-06 14:25:00,971 [INFO] PluginManage:310 - Check plugin pinoutconfig
2023-06-06 14:25:01,049 [WARN] SupportedApi:132 - Cannot load RTOS API schema: s4s-elt-must-match.1: The content of 'definitions' must match (annotation?, (simpleType | complexType)?, (unique | key | keyref)*)). A problem was found starting at: attribute.
2023-06-06 14:25:01,175 [INFO] PluginManage:359 - Loaded plugin pinoutconfig (category:base,tabindex:0)
2023-06-06 14:25:01,175 [INFO] PluginManage:310 - Check plugin power
2023-06-06 14:25:01,188 [INFO] PluginManage:359 - Loaded plugin power (category:power,tabindex:4)
2023-06-06 14:25:01,188 [INFO] PluginManage:310 - Check plugin projectmanager
2023-06-06 14:25:01,210 [INFO] PluginManage:359 - Loaded plugin projectmanager (category:projectmanager,tabindex:3)
2023-06-06 14:25:01,210 [INFO] PluginManage:310 - Check plugin thirdparty
2023-06-06 14:25:01,344 [INFO] PluginManage:359 - Loaded plugin thirdparty (category:base,tabindex:-1)
2023-06-06 14:25:01,344 [INFO] PluginManage:310 - Check plugin tools
2023-06-06 14:25:01,344 [WARN] IntegrityCheckThread:84 - waiting for thirdparty lock release [integrity check]
2023-06-06 14:25:01,344 [INFO] IntegrityCheckThread:86 - entering critical section [integrity check]
2023-06-06 14:25:01,348 [INFO] ThirdPartyUpdaterWithRetryManager:70 - Updater plugin not ready yet. [1/15]
2023-06-06 14:25:01,349 [INFO] PluginManage:359 - Loaded plugin tools (category:base,tabindex:7)
2023-06-06 14:25:01,349 [INFO] PluginManage:310 - Check plugin tutovideos
2023-06-06 14:25:01,524 [INFO] PluginManage:359 - Loaded plugin tutovideos (category:base,tabindex:-1)
2023-06-06 14:25:01,524 [INFO] PluginManage:310 - Check plugin updater
2023-06-06 14:25:01,541 [INFO] PluginManage:359 - Loaded plugin updater (category:base,tabindex:12)
2023-06-06 14:25:01,542 [INFO] PluginManage:283 - PluginManage : Loaded plugins [15]
2023-06-06 14:25:01,821 [INFO] PinOutPanel:1499 - setPackage(No Configuration,No Configuration)
2023-06-06 14:25:01,896 [INFO] CADModel:165 - CPN selected for project level
2023-06-06 14:25:01,897 [INFO] CADModel:114 - Register for checkConnection events
2023-06-06 14:25:01,917 [INFO] IPUIPlugin:80 - create IPUIPlugin
2023-06-06 14:25:01,917 [INFO] PluginManager:220 - loadIPPluginJar : add adc
2023-06-06 14:25:01,921 [INFO] IPUIPlugin:80 - create IPUIPlugin
2023-06-06 14:25:01,921 [INFO] PluginManager:220 - loadIPPluginJar : add aes
2023-06-06 14:25:01,924 [INFO] IPUIPlugin:80 - create IPUIPlugin
2023-06-06 14:25:01,924 [INFO] PluginManager:220 - loadIPPluginJar : add can
2023-06-06 14:25:01,926 [INFO] IPUIPlugin:80 - create IPUIPlugin
2023-06-06 14:25:01,926 [INFO] PluginManager:220 - loadIPPluginJar : add comp
2023-06-06 14:25:01,928 [INFO] IPUIPlugin:80 - create IPUIPlugin
2023-06-06 14:25:01,929 [INFO] PluginManager:220 - loadIPPluginJar : add cryp
2023-06-06 14:25:01,931 [INFO] IPUIPlugin:80 - create IPUIPlugin
2023-06-06 14:25:01,931 [INFO] PluginManager:220 - loadIPPluginJar : add dfsdm
2023-06-06 14:25:01,938 [INFO] IPUIPlugin:80 - create IPUIPlugin
2023-06-06 14:25:01,938 [INFO] PluginManager:220 - loadIPPluginJar : add dma
2023-06-06 14:25:01,941 [INFO] IPUIPlugin:80 - create IPUIPlugin
2023-06-06 14:25:01,941 [INFO] PluginManager:220 - loadIPPluginJar : add dma3
2023-06-06 14:25:01,942 [INFO] IPUIPlugin:80 - create IPUIPlugin
2023-06-06 14:25:01,942 [INFO] PluginManager:220 - loadIPPluginJar : add fatfs
2023-06-06 14:25:01,947 [INFO] IPUIPlugin:80 - create IPUIPlugin
2023-06-06 14:25:01,947 [INFO] PluginManager:220 - loadIPPluginJar : add fmc
2023-06-06 14:25:01,953 [INFO] IPUIPlugin:80 - create IPUIPlugin
2023-06-06 14:25:01,953 [INFO] PluginManager:220 - loadIPPluginJar : add freertos
2023-06-06 14:25:01,956 [INFO] IPUIPlugin:80 - create IPUIPlugin
2023-06-06 14:25:01,956 [INFO] PluginManager:220 - loadIPPluginJar : add genericplugin
2023-06-06 14:25:01,959 [INFO] IPUIPlugin:80 - create IPUIPlugin
2023-06-06 14:25:01,959 [INFO] PluginManager:220 - loadIPPluginJar : add gfxmmu
2023-06-06 14:25:01,965 [INFO] IPUIPlugin:80 - create IPUIPlugin
2023-06-06 14:25:01,965 [INFO] PluginManager:220 - loadIPPluginJar : add gic
2023-06-06 14:25:01,968 [INFO] IPUIPlugin:80 - create IPUIPlugin
2023-06-06 14:25:01,969 [INFO] PluginManager:220 - loadIPPluginJar : add gpio
2023-06-06 14:25:01,971 [INFO] IPUIPlugin:80 - create IPUIPlugin
2023-06-06 14:25:01,971 [INFO] PluginManager:220 - loadIPPluginJar : add gtzc
2023-06-06 14:25:01,973 [INFO] IPUIPlugin:80 - create IPUIPlugin
2023-06-06 14:25:01,973 [INFO] PluginManager:220 - loadIPPluginJar : add hash
2023-06-06 14:25:01,975 [INFO] IPUIPlugin:80 - create IPUIPlugin
2023-06-06 14:25:01,975 [INFO] PluginManager:220 - loadIPPluginJar : add i2c
2023-06-06 14:25:01,978 [INFO] IPUIPlugin:80 - create IPUIPlugin
2023-06-06 14:25:01,978 [INFO] PluginManager:220 - loadIPPluginJar : add i2s
2023-06-06 14:25:01,980 [INFO] IPUIPlugin:80 - create IPUIPlugin
2023-06-06 14:25:01,981 [INFO] PluginManager:220 - loadIPPluginJar : add i3c
2023-06-06 14:25:01,984 [INFO] IPUIPlugin:80 - create IPUIPlugin
2023-06-06 14:25:01,984 [INFO] PluginManager:220 - loadIPPluginJar : add ipddr
2023-06-06 14:25:01,990 [INFO] IPUIPlugin:80 - create IPUIPlugin
2023-06-06 14:25:01,990 [INFO] PluginManager:220 - loadIPPluginJar : add linkedlist
2023-06-06 14:25:01,993 [INFO] IPUIPlugin:80 - create IPUIPlugin
2023-06-06 14:25:01,993 [INFO] PluginManager:220 - loadIPPluginJar : add lorawan
2023-06-06 14:25:01,994 [INFO] IPUIPlugin:80 - create IPUIPlugin
2023-06-06 14:25:01,994 [INFO] PluginManager:220 - loadIPPluginJar : add ltdc
2023-06-06 14:25:01,999 [INFO] IPUIPlugin:80 - create IPUIPlugin
2023-06-06 14:25:01,999 [INFO] PluginManager:220 - loadIPPluginJar : add mdma
2023-06-06 14:25:02,002 [INFO] IPUIPlugin:80 - create IPUIPlugin
2023-06-06 14:25:02,003 [INFO] PluginManager:220 - loadIPPluginJar : add nvic
2023-06-06 14:25:02,005 [INFO] IPUIPlugin:80 - create IPUIPlugin
2023-06-06 14:25:02,005 [INFO] PluginManager:220 - loadIPPluginJar : add opamp
2023-06-06 14:25:02,008 [INFO] IPUIPlugin:80 - create IPUIPlugin
2023-06-06 14:25:02,008 [INFO] PluginManager:220 - loadIPPluginJar : add openamp
2023-06-06 14:25:02,011 [INFO] IPUIPlugin:80 - create IPUIPlugin
2023-06-06 14:25:02,011 [INFO] PluginManager:220 - loadIPPluginJar : add pdm2pcm
2023-06-06 14:25:02,019 [INFO] IPUIPlugin:80 - create IPUIPlugin
2023-06-06 14:25:02,022 [INFO] PluginManager:220 - loadIPPluginJar : add plateformsettings
2023-06-06 14:25:02,024 [INFO] IPUIPlugin:80 - create IPUIPlugin
2023-06-06 14:25:02,024 [INFO] PluginManager:220 - loadIPPluginJar : add quadspi
2023-06-06 14:25:02,027 [INFO] IPUIPlugin:80 - create IPUIPlugin
2023-06-06 14:25:02,027 [INFO] PluginManager:220 - loadIPPluginJar : add resmgrutility
2023-06-06 14:25:02,031 [INFO] IPUIPlugin:80 - create IPUIPlugin
2023-06-06 14:25:02,031 [INFO] PluginManager:220 - loadIPPluginJar : add sai
2023-06-06 14:25:02,034 [INFO] IPUIPlugin:80 - create IPUIPlugin
2023-06-06 14:25:02,034 [INFO] PluginManager:220 - loadIPPluginJar : add spi
2023-06-06 14:25:02,043 [INFO] IPUIPlugin:80 - create IPUIPlugin
2023-06-06 14:25:02,043 [INFO] PluginManager:220 - loadIPPluginJar : add stm32_wpan
2023-06-06 14:25:02,046 [INFO] IPUIPlugin:80 - create IPUIPlugin
2023-06-06 14:25:02,046 [INFO] PluginManager:220 - loadIPPluginJar : add tim
2023-06-06 14:25:02,050 [INFO] IPUIPlugin:80 - create IPUIPlugin
2023-06-06 14:25:02,050 [INFO] PluginManager:220 - loadIPPluginJar : add touchsensing
2023-06-06 14:25:02,052 [INFO] IPUIPlugin:80 - create IPUIPlugin
2023-06-06 14:25:02,052 [INFO] PluginManager:220 - loadIPPluginJar : add tracer_emb
2023-06-06 14:25:02,055 [INFO] IPUIPlugin:80 - create IPUIPlugin
2023-06-06 14:25:02,055 [INFO] PluginManager:220 - loadIPPluginJar : add ts
2023-06-06 14:25:02,056 [INFO] IPUIPlugin:80 - create IPUIPlugin
2023-06-06 14:25:02,070 [INFO] PluginManager:220 - loadIPPluginJar : add tsc
2023-06-06 14:25:02,074 [INFO] IPUIPlugin:80 - create IPUIPlugin
2023-06-06 14:25:02,074 [INFO] PluginManager:220 - loadIPPluginJar : add ucpd
2023-06-06 14:25:02,077 [INFO] IPUIPlugin:80 - create IPUIPlugin
2023-06-06 14:25:02,077 [INFO] PluginManager:220 - loadIPPluginJar : add usart
2023-06-06 14:25:02,081 [INFO] IPUIPlugin:80 - create IPUIPlugin
2023-06-06 14:25:02,081 [INFO] PluginManager:220 - loadIPPluginJar : add usbx
2023-06-06 14:25:02,222 [INFO] CADModel:165 - CPN selected for project level
2023-06-06 14:25:02,222 [INFO] CADModel:114 - Register for checkConnection events
2023-06-06 14:25:02,222 [FATAL] Updater:308 - Updater called before beeing initialized
2023-06-06 14:25:02,223 [ERROR] CADModel:125 - Updater not yet initialized, retry later 
2023-06-06 14:25:02,411 [INFO] CADModel:165 - CPN selected for project level
2023-06-06 14:25:02,412 [INFO] CADModel:114 - Register for checkConnection events
2023-06-06 14:25:02,412 [FATAL] Updater:308 - Updater called before beeing initialized
2023-06-06 14:25:02,412 [ERROR] CADModel:125 - Updater not yet initialized, retry later 
2023-06-06 14:25:02,418 [FATAL] Updater:308 - Updater called before beeing initialized
2023-06-06 14:25:02,565 [FATAL] Updater:308 - Updater called before beeing initialized
2023-06-06 14:25:02,574 [INFO] DbMcusAds:53 - JSON generation date=Tue Mar 07 09:50:55 CET 2023 (1678179055335)
2023-06-06 14:25:02,574 [FATAL] Updater:308 - Updater called before beeing initialized
2023-06-06 14:25:02,618 [WARN] DetailPanel:346 - Failed to get advertising image, set to default
2023-06-06 14:25:02,712 [FATAL] Updater:308 - Updater called before beeing initialized
2023-06-06 14:25:02,714 [FATAL] Updater:308 - Updater called before beeing initialized
2023-06-06 14:25:02,714 [FATAL] Updater:308 - Updater called before beeing initialized
2023-06-06 14:25:02,714 [WARN] DetailPanel:346 - Failed to get advertising image, set to default
2023-06-06 14:25:02,714 [FATAL] Updater:308 - Updater called before beeing initialized
2023-06-06 14:25:02,762 [ERROR] Updater:1120 - MainUpdater not yet initialized. External WinMGr cannot be set.
2023-06-06 14:25:02,763 [INFO] Updater:1056 - Updater Version found : 6.8.1
2023-06-06 14:25:02,781 [INFO] ApplicationProperties:184 - Using Application install path: C:\ST\STM32CubeIDE_1.12.0\STM32CubeIDE\plugins\com.st.stm32cube.common.mx_6.8.1.202304191431
2023-06-06 14:25:02,966 [INFO] MainUpdater:2854 - connection check result : 10
2023-06-06 14:25:02,967 [INFO] MainUpdater:283 - Updater Check For Update Now.
2023-06-06 14:25:02,967 [INFO] MicroXplorer:498 - Change Database Version : DB.6.0.81
2023-06-06 14:25:03,133 [INFO] CheckServerUpdateThread:120 - End of CheckServer Thread
2023-06-06 14:25:03,190 [INFO] MainUpdater:2854 - connection check result : 10
2023-06-06 14:25:03,191 [INFO] MainUpdater:2854 - connection check result : 10
2023-06-06 14:25:03,242 [INFO] MicroXplorer:468 - Change Database Path : 
2023-06-06 14:25:03,242 [INFO] MicroXplorer:498 - Change Database Version : DB.6.0.81
2023-06-06 14:25:03,244 [WARN] ThirdParty:871 - waiting for thirdparty lock release [close project]
2023-06-06 14:25:04,504 [WARN] PackLoader:240 - Cannot read IP mode file for STMicroelectronics.X-CUBE-GNSS1.6.0.0
2023-06-06 14:25:04,536 [WARN] PackLoader:240 - Cannot read IP mode file for STMicroelectronics.X-CUBE-AZRTOS-F4.1.1.0
2023-06-06 14:25:04,550 [WARN] PackLoader:240 - Cannot read IP mode file for STMicroelectronics.X-CUBE-SMBUS.2.1.0
2023-06-06 14:25:04,580 [WARN] PackLoader:240 - Cannot read IP mode file for STMicroelectronics.X-CUBE-AZRTOS-F7.1.1.0
2023-06-06 14:25:04,654 [WARN] PackLoader:240 - Cannot read IP mode file for STMicroelectronics.X-CUBE-MEMS1.9.6.0
2023-06-06 14:25:04,912 [ERROR] RealEvaluatedCondition:428 - Found unsupported composite condition: GROUP='STM32_MetaDataManager' CLASS='Data Exchange'
2023-06-06 14:25:04,912 [ERROR] RealEvaluatedCondition:428 - Found unsupported composite condition: CLASS='Data Exchange' GROUP='STM32_MetaDataManager'
2023-06-06 14:25:04,914 [WARN] PackLoader:240 - Cannot read IP mode file for STMicroelectronics.FP-SNS-MOTENV1.4.3.0
2023-06-06 14:25:04,928 [WARN] PackLoader:240 - Cannot read IP mode file for STMicroelectronics.FP-SNS-FLIGHT1.5.0.0
2023-06-06 14:25:04,931 [ERROR] RealEvaluatedCondition:428 - Found unsupported composite condition: GROUP='STM32_MetaDataManager' CLASS='Data Exchange'
2023-06-06 14:25:04,932 [ERROR] RealEvaluatedCondition:428 - Found unsupported composite condition: CLASS='Data Exchange' GROUP='STM32_MetaDataManager'
2023-06-06 14:25:04,934 [WARN] PackLoader:240 - Cannot read IP mode file for STMicroelectronics.FP-SNS-MOTENV1.4.3.1
2023-06-06 14:25:04,939 [WARN] PackLoader:240 - Cannot read IP mode file for STMicroelectronics.FP-SNS-FLIGHT1.5.0.1
2023-06-06 14:25:04,948 [WARN] PackLoader:240 - Cannot read IP mode file for STMicroelectronics.X-CUBE-BLE1.6.2.4
2023-06-06 14:25:05,113 [WARN] PackLoader:240 - Cannot read IP mode file for emotas.I-CUBE-CANOPEN.1.1.3
2023-06-06 14:25:05,121 [WARN] PackLoader:240 - Cannot read IP mode file for STMicroelectronics.X-CUBE-BLEMGR.2.0.0
2023-06-06 14:25:05,146 [WARN] ConditionMgr:438 - getConditionDescription Invalid condition id : UX DEVICE CLASS RTOS Condition cause : null
2023-06-06 14:25:05,148 [WARN] ConditionMgr:438 - getConditionDescription Invalid condition id : UX DEVICE CLASS RTOS Condition cause : null
2023-06-06 14:25:05,156 [WARN] PackLoader:240 - Cannot read IP mode file for STMicroelectronics.X-CUBE-AZRTOS-H7.3.1.0
2023-06-06 14:25:05,165 [WARN] ConditionMgr:1039 - genDependencies : Invalid condition id : UX DEVICE CLASS RTOS Condition cause : null
2023-06-06 14:25:05,165 [WARN] ConditionMgr:1039 - genDependencies : Invalid condition id : UX DEVICE CLASS RTOS Condition cause : null
2023-06-06 14:25:05,166 [WARN] ConditionMgr:1039 - genDependencies : Invalid condition id : UX DEVICE CLASS RTOS Condition cause : null
2023-06-06 14:25:05,166 [WARN] ConditionMgr:1039 - genDependencies : Invalid condition id : UX DEVICE CLASS RTOS Condition cause : null
2023-06-06 14:25:05,169 [WARN] ConditionMgr:1039 - genDependencies : Invalid condition id : UX DEVICE CLASS RTOS Condition cause : null
2023-06-06 14:25:05,197 [WARN] PackLoader:240 - Cannot read IP mode file for STMicroelectronics.X-CUBE-DISPLAY.3.0.0
2023-06-06 14:25:05,224 [WARN] PackLoader:240 - Cannot read IP mode file for wolfSSL.I-CUBE-wolfSSL.5.5.4
2023-06-06 14:25:05,231 [WARN] PackLoader:240 - Cannot read IP mode file for STMicroelectronics.X-CUBE-NFC7.1.0.0
2023-06-06 14:25:05,284 [WARN] PackLoader:240 - Cannot read IP mode file for STMicroelectronics.X-CUBE-EEPRMA1.4.1.0
2023-06-06 14:25:05,301 [INFO] LogOutputStream:77 - [STDOUT_REDIRECT] 1 : Invalid condition id : UX_CORESTACK_Condition cause : null
2023-06-06 14:25:05,301 [INFO] LogOutputStream:77 - [STDOUT_REDIRECT] 1 : Invalid condition id : UX_CORESTACK_Condition cause : null
2023-06-06 14:25:05,303 [INFO] LogOutputStream:77 - [STDOUT_REDIRECT] 1 : Invalid condition id : UX_CORESTACK_Condition cause : null
2023-06-06 14:25:05,304 [INFO] LogOutputStream:77 - [STDOUT_REDIRECT] 1 : Invalid condition id : UX_CORESTACK_Condition cause : null
2023-06-06 14:25:05,305 [INFO] LogOutputStream:77 - [STDOUT_REDIRECT] 1 : Invalid condition id : UX_CORESTACK_Condition cause : null
2023-06-06 14:25:05,308 [WARN] PackLoader:240 - Cannot read IP mode file for STMicroelectronics.X-CUBE-AZRTOS-WL.2.0.0
2023-06-06 14:25:05,339 [WARN] ConditionMgr:438 - getConditionDescription Invalid condition id : LAN8742 Phy interface Condition cause : null
2023-06-06 14:25:05,341 [WARN] PackLoader:240 - Cannot read IP mode file for STMicroelectronics.X-CUBE-AZRTOS-L4.2.0.0
2023-06-06 14:25:05,342 [WARN] ConditionMgr:1039 - genDependencies : Invalid condition id : LAN8742 Phy interface Condition cause : null
2023-06-06 14:25:05,342 [WARN] ConditionMgr:1039 - genDependencies : Invalid condition id : LAN8742 Phy interface Condition cause : null
2023-06-06 14:25:05,343 [WARN] ConditionMgr:1039 - genDependencies : Invalid condition id : LAN8742 Phy interface Condition cause : null
2023-06-06 14:25:05,352 [WARN] PackLoader:240 - Cannot read IP mode file for WES.I-CUBE-Cesium.1.3.0
2023-06-06 14:25:05,360 [WARN] PackLoader:240 - Cannot read IP mode file for STMicroelectronics.X-CUBE-SFXS2LP1.4.0.0
2023-06-06 14:25:05,367 [WARN] PackLoader:240 - Cannot read IP mode file for STMicroelectronics.X-CUBE-BLE2.3.3.0
2023-06-06 14:25:05,388 [WARN] PackLoader:240 - Cannot read IP mode file for STMicroelectronics.X-CUBE-AZRTOS-H7.3.0.0
2023-06-06 14:25:05,396 [WARN] PackLoader:240 - Cannot read IP mode file for STMicroelectronics.X-CUBE-ISPU.1.1.0
2023-06-06 14:25:05,411 [WARN] PackLoader:240 - Cannot read IP mode file for RoweBots.I-CUBE-UNISONRTOS.5.5.0-4
2023-06-06 14:25:05,418 [WARN] PackLoader:240 - Cannot read IP mode file for STMicroelectronics.X-CUBE-AI.8.0.0
2023-06-06 14:25:05,424 [WARN] PackLoader:240 - Cannot read IP mode file for STMicroelectronics.X-CUBE-FREERTOS.1.0.0
2023-06-06 14:25:05,429 [WARN] PackLoader:240 - Cannot read IP mode file for STMicroelectronics.X-CUBE-FREERTOS.1.0.1
2023-06-06 14:25:05,435 [WARN] PackLoader:240 - Cannot read IP mode file for STMicroelectronics.X-CUBE-TOUCHGFX.4.21.3
2023-06-06 14:25:05,438 [WARN] PackLoader:240 - Cannot read IP mode file for STMicroelectronics.X-CUBE-TOUCHGFX.4.21.4
2023-06-06 14:25:05,445 [WARN] PackLoader:240 - Cannot read IP mode file for STMicroelectronics.X-CUBE-ALGOBUILD.1.3.0
2023-06-06 14:25:05,493 [WARN] PackLoader:240 - Cannot read IP mode file for STMicroelectronics.X-CUBE-AZRTOS-L5.1.1.0
2023-06-06 14:25:05,521 [WARN] PackLoader:240 - Cannot read IP mode file for STMicroelectronics.X-CUBE-AZRTOS-G0.1.1.0
2023-06-06 14:25:05,527 [WARN] PackLoader:240 - Cannot read IP mode file for STMicroelectronics.X-CUBE-AI.8.0.1
2023-06-06 14:25:05,537 [WARN] PackLoader:240 - Cannot read IP mode file for STMicroelectronics.X-CUBE-SUBG2.5.0.0
2023-06-06 14:25:05,548 [WARN] PackLoader:240 - Cannot read IP mode file for STMicroelectronics.X-CUBE-NFC4.3.0.0
2023-06-06 14:25:05,564 [WARN] PackLoader:240 - Cannot read IP mode file for STMicroelectronics.X-CUBE-AZRTOS-G4.2.0.0
2023-06-06 14:25:05,573 [WARN] PackLoader:240 - Cannot read IP mode file for STMicroelectronics.X-CUBE-TOF1.3.3.0
2023-06-06 14:25:05,597 [WARN] PackLoader:240 - Cannot read IP mode file for STMicroelectronics.FP-ATR-ASTRA1.1.1.1
2023-06-06 14:25:05,610 [WARN] PackLoader:240 - Cannot read IP mode file for STMicroelectronics.X-CUBE-AZRTOS-G4.1.0.0
2023-06-06 14:25:05,618 [WARN] PackLoader:240 - Cannot read IP mode file for STMicroelectronics.FP-ATR-SIGFOX1.3.2.0
2023-06-06 14:25:05,631 [WARN] PackLoader:240 - Cannot read IP mode file for STMicroelectronics.X-CUBE-AZRTOS-L4.1.0.0
2023-06-06 14:25:05,653 [WARN] PackLoader:240 - Cannot read IP mode file for STMicroelectronics.X-CUBE-AZRTOS-WL.1.0.0
2023-06-06 14:25:05,661 [WARN] PackLoader:240 - Cannot read IP mode file for portGmbH.I-Cube-SoM-uGOAL.1.1.0
2023-06-06 14:25:05,666 [WARN] PackLoader:240 - Cannot read IP mode file for STMicroelectronics.X-CUBE-ALS.1.0.1
2023-06-06 14:25:05,719 [WARN] PackLoader:240 - Cannot read IP mode file for STMicroelectronics.X-CUBE-MEMS1.9.5.0
2023-06-06 14:25:05,928 [WARN] PackLoader:240 - Cannot read IP mode file for STMicroelectronics.X-CUBE-AZRTOS-WB.1.1.0
2023-06-06 14:25:05,992 [WARN] PackLoader:240 - Cannot read IP mode file for SEGGER.I-CUBE-embOS.1.3.1
2023-06-06 14:25:06,074 [WARN] PackLoader:240 - Cannot read IP mode file for STMicroelectronics.FP-ATR-ASTRA1.2.0.0
2023-06-06 14:25:06,075 [INFO] ThirdParty:978 - Integrity check success = true
2023-06-06 14:25:06,075 [INFO] IntegrityCheckThread:100 - exiting critical section [integrity check]
2023-06-06 14:25:06,075 [INFO] IntegrityCheckThread:103 - End integrity checks thread
2023-06-06 14:25:06,075 [INFO] ThirdParty:873 - entering critical section [close project]
2023-06-06 14:25:06,077 [INFO] ThirdParty:883 - exiting critical section [close project]
2023-06-06 14:25:06,082 [INFO] PinOutPanel:1499 - setPackage(No Configuration,No Configuration)
2023-06-06 14:25:06,090 [INFO] UtilMem:75 - Begin LoadConfig() Used Memory: 458327200 Bytes (504365056)
2023-06-06 14:25:06,092 [INFO] MicroXplorer:468 - Change Database Path : 
2023-06-06 14:25:06,092 [INFO] MicroXplorer:498 - Change Database Version : DB.6.0.81
2023-06-06 14:25:06,092 [INFO] OpenFileManager:308 - Change cursor
2023-06-06 14:25:06,140 [INFO] Mcu:1937 - Initializing MCU STM32F303V(B-C)Tx STM32F303VCTx STM32F303VCT6
2023-06-06 14:25:08,311 [INFO] Context:659 - Trying to add GPIOservice into a context  which must be forbidden
2023-06-06 14:25:09,197 [INFO] RtosManager:555 - Registered RTOS mode: class=CMSIS, group=RTOS, mode=CMSIS_V1, owner=FREERTOS
2023-06-06 14:25:09,197 [INFO] RtosManager:555 - Registered RTOS mode: class=CMSIS, group=RTOS2, mode=CMSIS_V2, owner=FREERTOS
2023-06-06 14:25:09,197 [INFO] RtosManager:555 - Registered RTOS mode: class=RTOS, group=Core, mode=CMSIS_V1, owner=FREERTOS
2023-06-06 14:25:09,197 [INFO] RtosManager:555 - Registered RTOS mode: class=RTOS, group=Core, mode=CMSIS_V2, owner=FREERTOS
2023-06-06 14:25:09,198 [WARN] ModelIntegratedComponent:184 - Missing modes for component STMicroelectronics:FreeRTOS:0.0.1:STMicroelectronics:RTOS:FreeRTOS:Core:::10.2.0:
2023-06-06 14:25:09,228 [WARN] ModelIntegratedComponent:63 - No mode defined for component null
2023-06-06 14:25:09,228 [WARN] ModelIntegratedComponent:63 - No mode defined for component null
2023-06-06 14:25:09,228 [WARN] ModelIntegratedComponent:63 - No mode defined for component null
2023-06-06 14:25:09,228 [WARN] ModelIntegratedComponent:63 - No mode defined for component null
2023-06-06 14:25:09,228 [WARN] ModelIntegratedComponent:63 - No mode defined for component null
2023-06-06 14:25:09,230 [WARN] ModelIntegratedComponent:63 - No mode defined for component null
2023-06-06 14:25:09,230 [WARN] ModelIntegratedComponent:63 - No mode defined for component null
2023-06-06 14:25:09,230 [WARN] ModelIntegratedComponent:63 - No mode defined for component null
2023-06-06 14:25:09,230 [WARN] ModelIntegratedComponent:63 - No mode defined for component null
2023-06-06 14:25:09,230 [WARN] ModelIntegratedComponent:63 - No mode defined for component null
2023-06-06 14:25:09,230 [WARN] ModelIntegratedComponent:63 - No mode defined for component null
2023-06-06 14:25:09,230 [WARN] ModelIntegratedComponent:63 - No mode defined for component null
2023-06-06 14:25:09,230 [WARN] ModelIntegratedComponent:63 - No mode defined for component null
2023-06-06 14:25:09,230 [WARN] ModelIntegratedComponent:63 - No mode defined for component null
2023-06-06 14:25:09,230 [WARN] ModelIntegratedComponent:63 - No mode defined for component null
2023-06-06 14:25:09,230 [WARN] ModelIntegratedComponent:63 - No mode defined for component null
2023-06-06 14:25:09,230 [WARN] ModelIntegratedComponent:63 - No mode defined for component null
2023-06-06 14:25:09,230 [WARN] ModelIntegratedComponent:63 - No mode defined for component null
2023-06-06 14:25:09,230 [WARN] ModelIntegratedComponent:63 - No mode defined for component null
2023-06-06 14:25:09,230 [WARN] ModelIntegratedComponent:63 - No mode defined for component null
2023-06-06 14:25:09,231 [WARN] ModelIntegratedComponent:63 - No mode defined for component null
2023-06-06 14:25:09,231 [WARN] ModelIntegratedComponent:63 - No mode defined for component null
2023-06-06 14:25:09,231 [WARN] ModelIntegratedComponent:63 - No mode defined for component null
2023-06-06 14:25:09,231 [WARN] ModelIntegratedComponent:63 - No mode defined for component null
2023-06-06 14:25:09,231 [WARN] ModelIntegratedComponent:63 - No mode defined for component null
2023-06-06 14:25:09,231 [WARN] ModelIntegratedComponent:63 - No mode defined for component null
2023-06-06 14:25:09,231 [WARN] ModelIntegratedComponent:63 - No mode defined for component null
2023-06-06 14:25:09,231 [WARN] ModelIntegratedComponent:63 - No mode defined for component null
2023-06-06 14:25:09,231 [WARN] ModelIntegratedComponent:63 - No mode defined for component null
2023-06-06 14:25:09,231 [WARN] ModelIntegratedComponent:63 - No mode defined for component null
2023-06-06 14:25:09,231 [WARN] ModelIntegratedComponent:63 - No mode defined for component null
2023-06-06 14:25:09,231 [WARN] ModelIntegratedComponent:63 - No mode defined for component null
2023-06-06 14:25:09,231 [WARN] ModelIntegratedComponent:63 - No mode defined for component null
2023-06-06 14:25:09,345 [INFO] ThirdPartyModel:298 - Start build external matchings
2023-06-06 14:25:09,670 [INFO] ThirdPartyModel:316 - End build external matchings
2023-06-06 14:25:09,692 [INFO] ImportTextPane:194 - (OptionalMessage_ERROR) IP (RCC) : Invalid parameter (FamilyName)
2023-06-06 14:25:09,694 [INFO] ImportTextPane:194 - (OptionalMessage_ERROR) IP (RCC) : Invalid parameter (TIM2Freq_Value)
2023-06-06 14:25:10,210 [INFO] UtilMem:75 - End LoadConfig() Used Memory: 512071696 Bytes (617611264)
2023-06-06 14:25:10,346 [INFO] ApiDb:581 - Connected to CubeFinder SQLite database (C:\Users\Utente\.stmcufinder\plugins\mcufinder\mcu\cube-finder-db.db)
2023-06-06 14:25:10,420 [INFO] ApiDb:668 - CubeFinder database Data Model version=2.1
2023-06-06 14:25:10,420 [INFO] ApiDb:669 - CubeFinder database Configuration version=3.0.35
2023-06-06 14:25:10,420 [INFO] ApiDb:670 - CubeFinder database generation date=2023-05-12 (1683877179)
2023-06-06 14:25:10,420 [INFO] ApiDb:671 - CubeFinder database FW Pack versions=[FP-ATR-ASTRA1_V2.0.0, FP-SNS-FLIGHT1_V5.0.0, FP-SNS-MOTENV1_V4.3.0, STM32Cube_FW_C0_V1.0.1, STM32Cube_FW_F0_V1.11.4, STM32Cube_FW_F3_V1.11.4, STM32Cube_FW_F4_V1.27.1, STM32Cube_FW_F7_V1.17.0, STM32Cube_FW_G0_V1.6.1, STM32Cube_FW_G4_V1.5.1, STM32Cube_FW_H5_V0.5.1, STM32Cube_FW_H5_V1.0.0, STM32Cube_FW_H7_V1.11.0, STM32Cube_FW_L0_V1.12.2, STM32Cube_FW_L5_V1.5.0, STM32Cube_FW_U5_V1.2.0, STM32Cube_FW_WBA_V1.0.0, STM32Cube_FW_WBA_V1.0.0RC1, STM32Cube_FW_WBA_V1.0.0RC3, STM32Cube_FW_WB_V1.15.0RC1, STM32Cube_FW_WB_V1.16.0, STM32Cube_FW_WB_V1.16.0RC2, STM32Cube_FW_WL_V1.3.0, X-CUBE-ALGOBUILD_V1.3.0, X-CUBE-ALS_V1.0.1, X-CUBE-AZRTOS-F4_V1.1.0, X-CUBE-AZRTOS-F7_V1.1.0, X-CUBE-AZRTOS-G0_V1.1.0, X-CUBE-AZRTOS-G4_V2.0.0, X-CUBE-AZRTOS-H7_V3.1.0, X-CUBE-AZRTOS-L4_V1.0.0, X-CUBE-AZRTOS-L5_V1.1.0, X-CUBE-AZRTOS-WB_V1.1.0, X-CUBE-AZRTOS-WL_V1.0.0, X-CUBE-BLE1_V6.2.4, X-CUBE-BLE2_V3.3.0, X-CUBE-BLEMGR_V2.0.0, X-CUBE-EEPRMA1_V4.1.0, X-CUBE-FREERTOS_V1.0.1, X-CUBE-GNSS1_V6.0.0, X-CUBE-MEMS1_V9.1.0, X-CUBE-MEMS1_V9.4.0, X-CUBE-MEMS1_V9.6.0, X-CUBE-NFC4_V3.0.0, X-CUBE-NFC7_V1.0.0, X-CUBE-SFXS2LP1_V4.0.0, X-CUBE-SUBG2_V5.0.0]
2023-06-06 14:25:11,977 [INFO] ApiDb:240 - Found 297 in-development CPN: [B-G473E-ZEST1S, B-WB1M-WPAN1, B-WL5M-SUBG1, NUCLEO-C031C6, NUCLEO-H503RB, NUCLEO-H563ZI, NUCLEO-U545RE-Q, NUCLEO-U5A5ZJ-Q, NUCLEO-WBA52CG, STEVAL-PROTEUS1, STEVAL-STWINBX1, STM320518-EVAL, STM32C0116-DK, STM32C011D6Y3TR, STM32C011D6Y6TR, STM32C011F4P3, STM32C011F4P6, STM32C011F4U3, STM32C011F4U6TR, STM32C011F6P3, STM32C011F6P6, STM32C011F6U3, STM32C011F6U6TR, STM32C011J4M3, STM32C011J4M6, STM32C011J6M3, STM32C011J6M6, STM32C0316-DK, STM32C031C4T3, STM32C031C4T6, STM32C031C4U3, STM32C031C4U6, STM32C031C6T3, STM32C031C6T6, STM32C031C6U3, STM32C031C6U6, STM32C031F4P3, STM32C031F4P6, STM32C031F6P3, STM32C031F6P6, STM32C031G4U3, STM32C031G4U6, STM32C031G6U3, STM32C031G6U6, STM32C031K4T3, STM32C031K4T6, STM32C031K4U3, STM32C031K4U6, STM32C031K6T3, STM32C031K6T6, STM32C031K6U3, STM32C031K6U6, STM32G071K8TXN, STM32G071K8UXN, STM32G081GBU6N, STM32G081KBT6N, STM32G081KBUXN, STM32G0B1CCT6N, STM32G0B1KCT6, STM32G0B1NEY6TR, STM32G0B1RCT6N, STM32G0C1CCT6, STM32G0C1CCT6N, STM32G0C1CCU6N, STM32G0C1CET6N, STM32G0C1CEU6N, STM32G0C1KCT6, STM32G0C1NEY6TR, STM32G0C1RCI6N, STM32G0C1RCT6N, STM32G0C1REI6N, STM32G0C1RET6N, STM32G0C1VCI6, STM32G0C1VEI6, STM32G471CCT6, STM32G471CCU6, STM32G471CET3, STM32G471CET6, STM32G471CEU3, STM32G471CEU6, STM32G471MCT6, STM32G471MET3, STM32G471MET6, STM32G471MEY6TR, STM32G471QCT6, STM32G471QET3, STM32G471RCT6, STM32G471RET3, STM32G471RET6, STM32G471VCH6, STM32G471VCI6, STM32G471VCT6, STM32G471VEH3, STM32G471VEH6, STM32G471VEI3, STM32G471VEI6, STM32G471VET3, STM32G471VET6, STM32G474CCT6, STM32H503CBT6, STM32H503CBU6, STM32H503EBY6TR, STM32H503KBU6, STM32H503RBT6, STM32H562AGI6, STM32H562AII6, STM32H562IGK6, STM32H562IGT6, STM32H562IIK6, STM32H562IIT6, STM32H562RGT6, STM32H562RGV6, STM32H562RIT6, STM32H562RIV6, STM32H562VGT6, STM32H562VIT6, STM32H562ZGT6, STM32H562ZIT6, STM32H563AGI6, STM32H563AII3Q, STM32H563AII6, STM32H563IGK6, STM32H563IGT6, STM32H563IIK3Q, STM32H563IIK6, STM32H563IIT3Q, STM32H563IIT6, STM32H563MIY3QTR, STM32H563RGT6, STM32H563RGV6, STM32H563RIT6, STM32H563RIV6, STM32H563VGT6, STM32H563VIT3Q, STM32H563VIT6, STM32H563ZGT6, STM32H563ZIT3Q, STM32H563ZIT6, STM32H573AII3Q, STM32H573AII6, STM32H573I-DK, STM32H573IIK3Q, STM32H573IIK6, STM32H573IIT3Q, STM32H573IIT6, STM32H573MIY3QTR, STM32H573RIT6, STM32H573RIV6, STM32H573VIT3Q, STM32H573VIT6, STM32H573ZIT3Q, STM32H573ZIT6, STM32L4R5QGI6STR, STM32MP131AAE3, STM32MP131AAF3, STM32MP131AAG3, STM32MP131CAE3, STM32MP131CAF3, STM32MP131CAG3, STM32MP131DAE7, STM32MP131DAF7, STM32MP131DAG7, STM32MP131FAE7, STM32MP131FAF7, STM32MP131FAG7, STM32MP133AAE3, STM32MP133AAF3, STM32MP133AAG3, STM32MP133CAE3, STM32MP133CAF3, STM32MP133CAG3, STM32MP133DAE7, STM32MP133DAF7, STM32MP133DAG7, STM32MP133FAE7, STM32MP133FAF7, STM32MP133FAG7, STM32MP135AAE3, STM32MP135AAF3, STM32MP135AAG3, STM32MP135CAE3, STM32MP135CAF3, STM32MP135CAG3, STM32MP135DAE7, STM32MP135DAF7, STM32MP135DAG7, STM32MP135F-DK, STM32MP135FAE7, STM32MP135FAF7, STM32MP135FAF7T, STM32MP135FAF7U, STM32MP135FAG7, STM32U535CBT6, STM32U535CBT6Q, STM32U535CBU6, STM32U535CBU6Q, STM32U535CCT6, STM32U535CCT6Q, STM32U535CCU6, STM32U535CCU6Q, STM32U535CET6, STM32U535CET6Q, STM32U535CEU6, STM32U535CEU6Q, STM32U535JEY6QTR, STM32U535NCY6QTR, STM32U535NEY6QTR, STM32U535RBI6, STM32U535RBI6Q, STM32U535RBT6, STM32U535RBT6Q, STM32U535RCI6, STM32U535RCI6Q, STM32U535RCT6, STM32U535RCT6Q, STM32U535REI6, STM32U535REI6Q, STM32U535RET6, STM32U535RET6Q, STM32U535VCI6, STM32U535VCI6Q, STM32U535VCT6, STM32U535VCT6Q, STM32U535VEI6, STM32U535VEI6Q, STM32U535VET6, STM32U535VET6Q, STM32U545CET6, STM32U545CET6Q, STM32U545CEU6, STM32U545CEU6Q, STM32U545JEY6QTR, STM32U545NEY6QTR, STM32U545REI6, STM32U545REI6Q, STM32U545RET6, STM32U545RET6Q, STM32U545VEI6, STM32U545VEI6Q, STM32U545VET6, STM32U545VET6Q, STM32U595AIH6, STM32U595AIH6Q, STM32U595AJH6, STM32U595AJH6Q, STM32U595QII6, STM32U595QII6Q, STM32U595QJI6, STM32U595QJI6Q, STM32U595RIT6, STM32U595RIT6Q, STM32U595RJT6, STM32U595RJT6Q, STM32U595VIT6, STM32U595VIT6Q, STM32U595VJT6, STM32U595VJT6Q, STM32U595ZIT6, STM32U595ZIT6Q, STM32U595ZIY6QTR, STM32U595ZJT6, STM32U595ZJT6Q, STM32U595ZJY6QTR, STM32U599BJY6QTR, STM32U599NIH6Q, STM32U599NJH6Q, STM32U599VIT6Q, STM32U599VJT6, STM32U599VJT6Q, STM32U599ZIT6Q, STM32U599ZIY6QTR, STM32U599ZJT6Q, STM32U599ZJY6QTR, STM32U5A5AJH6, STM32U5A5AJH6Q, STM32U5A5QJI6, STM32U5A5QJI6Q, STM32U5A5RJT6, STM32U5A5RJT6Q, STM32U5A5VJT6, STM32U5A5VJT6Q, STM32U5A5ZJT6, STM32U5A5ZJT6Q, STM32U5A5ZJY6QTR, STM32U5A9BJY6QTR, STM32U5A9J-DK, STM32U5A9NJH6Q, STM32U5A9VJT6Q, STM32U5A9ZJT6Q, STM32U5A9ZJY6QTR, STM32WB1MMCH6, STM32WBA52CEU6, STM32WBA52CEU6T, STM32WBA52CGU6, STM32WBA52CGU6T, STM32WL5MOCH6, STM32WL5MOCH6TR]
2023-06-06 14:25:11,983 [INFO] DbMcus:216 - Found 3775 MCUs, 3775 are supported
2023-06-06 14:25:11,986 [INFO] ApiDb:423 - Load user favorites file C:\Users\Utente/.stm32cubeide/favorites.mcus.txt: 1 item(s)
2023-06-06 14:25:11,986 [INFO] ApiDb:427 - User favorites MCUs=[STM32F303VCT6]
2023-06-06 14:25:11,986 [INFO] DbMcus:222 - Set 1 / 1 favorites MCUs
2023-06-06 14:25:12,306 [WARN] ThirdParty:833 - waiting for thirdparty lock release [change project]
2023-06-06 14:25:12,306 [INFO] ThirdParty:835 - entering critical section [change project]
2023-06-06 14:25:12,306 [INFO] ThirdParty:1030 - CMSIS Pack Vendor :STMicroelectronics X-CUBE-ISPU 1.1.0
2023-06-06 14:25:12,306 [INFO] ThirdParty:1030 - CMSIS Pack Vendor :RoweBots I-CUBE-UNISONRTOS 5.5.0-4
2023-06-06 14:25:12,306 [INFO] ThirdParty:1030 - CMSIS Pack Vendor :STMicroelectronics X-CUBE-GNSS1 6.0.0
2023-06-06 14:25:12,306 [INFO] ThirdParty:1030 - CMSIS Pack Vendor :STMicroelectronics USB_HOST 2.0.0
2023-06-06 14:25:12,306 [INFO] ThirdParty:1030 - CMSIS Pack Vendor :STMicroelectronics X-CUBE-AZRTOS-F4 1.1.0
2023-06-06 14:25:12,306 [INFO] ThirdParty:1030 - CMSIS Pack Vendor :STMicroelectronics LIBJPEG 8.0.0
2023-06-06 14:25:12,306 [INFO] ThirdParty:1030 - CMSIS Pack Vendor :STMicroelectronics X-CUBE-SMBUS 2.1.0
2023-06-06 14:25:12,306 [INFO] ThirdParty:1030 - CMSIS Pack Vendor :STMicroelectronics USB_DEVICE 3.0.0
2023-06-06 14:25:12,307 [INFO] ThirdParty:1030 - CMSIS Pack Vendor :STMicroelectronics X-CUBE-AI 8.0.0
2023-06-06 14:25:12,307 [INFO] ThirdParty:1030 - CMSIS Pack Vendor :STMicroelectronics X-CUBE-FREERTOS 1.0.0
2023-06-06 14:25:12,307 [INFO] ThirdParty:1030 - CMSIS Pack Vendor :STMicroelectronics X-CUBE-FREERTOS 1.0.1
2023-06-06 14:25:12,307 [INFO] ThirdParty:1030 - CMSIS Pack Vendor :STMicroelectronics X-CUBE-TOUCHGFX 4.21.3
2023-06-06 14:25:12,307 [INFO] ThirdParty:1030 - CMSIS Pack Vendor :STMicroelectronics X-CUBE-AZRTOS-F7 1.1.0
2023-06-06 14:25:12,307 [INFO] ThirdParty:1030 - CMSIS Pack Vendor :STMicroelectronics X-CUBE-TOUCHGFX 4.21.4
2023-06-06 14:25:12,307 [INFO] ThirdParty:1030 - CMSIS Pack Vendor :STMicroelectronics USB_DEVICE 2.0.0
2023-06-06 14:25:12,307 [INFO] ThirdParty:1030 - CMSIS Pack Vendor :STMicroelectronics X-CUBE-MEMS1 9.6.0
2023-06-06 14:25:12,307 [INFO] ThirdParty:1030 - CMSIS Pack Vendor :STMicroelectronics FP-SNS-MOTENV1 4.3.0
2023-06-06 14:25:12,307 [INFO] ThirdParty:1030 - CMSIS Pack Vendor :STMicroelectronics FP-SNS-FLIGHT1 5.0.0
2023-06-06 14:25:12,307 [INFO] ThirdParty:1030 - CMSIS Pack Vendor :STMicroelectronics FP-SNS-MOTENV1 4.3.1
2023-06-06 14:25:12,307 [INFO] ThirdParty:1030 - CMSIS Pack Vendor :STMicroelectronics FP-SNS-FLIGHT1 5.0.1
2023-06-06 14:25:12,307 [INFO] ThirdParty:1030 - CMSIS Pack Vendor :STMicroelectronics X-CUBE-ALGOBUILD 1.3.0
2023-06-06 14:25:12,307 [INFO] ThirdParty:1030 - CMSIS Pack Vendor :STMicroelectronics X-CUBE-BLE1 6.2.4
2023-06-06 14:25:12,307 [INFO] ThirdParty:1030 - CMSIS Pack Vendor :STMicroelectronics X-CUBE-AZRTOS-L5 1.1.0
2023-06-06 14:25:12,307 [INFO] ThirdParty:1030 - CMSIS Pack Vendor :STMicroelectronics FreeRTOS 0.0.1
2023-06-06 14:25:12,307 [INFO] ThirdParty:1030 - CMSIS Pack Vendor :emotas I-CUBE-CANOPEN 1.1.3
2023-06-06 14:25:12,307 [INFO] ThirdParty:1030 - CMSIS Pack Vendor :STMicroelectronics X-CUBE-AZRTOS-G0 1.1.0
2023-06-06 14:25:12,307 [INFO] ThirdParty:1030 - CMSIS Pack Vendor :STMicroelectronics X-CUBE-BLEMGR 2.0.0
2023-06-06 14:25:12,307 [INFO] ThirdParty:1030 - CMSIS Pack Vendor :STMicroelectronics X-CUBE-AI 8.0.1
2023-06-06 14:25:12,307 [INFO] ThirdParty:1030 - CMSIS Pack Vendor :STMicroelectronics X-CUBE-SUBG2 5.0.0
2023-06-06 14:25:12,307 [INFO] ThirdParty:1030 - CMSIS Pack Vendor :STMicroelectronics X-CUBE-NFC4 3.0.0
2023-06-06 14:25:12,307 [INFO] ThirdParty:1030 - CMSIS Pack Vendor :STMicroelectronics STM32_WPAN 1.0.0
2023-06-06 14:25:12,307 [INFO] ThirdParty:1030 - CMSIS Pack Vendor :STMicroelectronics lwIP 2.0.3
2023-06-06 14:25:12,307 [INFO] ThirdParty:1030 - CMSIS Pack Vendor :STMicroelectronics USB_HOST 1.0.0
2023-06-06 14:25:12,307 [INFO] ThirdParty:1030 - CMSIS Pack Vendor :STMicroelectronics X-CUBE-AZRTOS-G4 2.0.0
2023-06-06 14:25:12,307 [INFO] ThirdParty:1030 - CMSIS Pack Vendor :STMicroelectronics PDM2PCM 3.1.0
2023-06-06 14:25:12,307 [INFO] ThirdParty:1030 - CMSIS Pack Vendor :STMicroelectronics X-CUBE-AZRTOS-H7 3.1.0
2023-06-06 14:25:12,307 [INFO] ThirdParty:1030 - CMSIS Pack Vendor :STMicroelectronics X-CUBE-TOF1 3.3.0
2023-06-06 14:25:12,307 [INFO] ThirdParty:1030 - CMSIS Pack Vendor :STMicroelectronics FP-ATR-ASTRA1 1.1.1
2023-06-06 14:25:12,307 [INFO] ThirdParty:1030 - CMSIS Pack Vendor :STMicroelectronics PDM2PCM 3.3.0
2023-06-06 14:25:12,308 [INFO] ThirdParty:1030 - CMSIS Pack Vendor :STMicroelectronics X-CUBE-DISPLAY 3.0.0
2023-06-06 14:25:12,308 [INFO] ThirdParty:1030 - CMSIS Pack Vendor :STMicroelectronics X-CUBE-AZRTOS-G4 1.0.0
2023-06-06 14:25:12,308 [INFO] ThirdParty:1030 - CMSIS Pack Vendor :STMicroelectronics FP-ATR-SIGFOX1 3.2.0
2023-06-06 14:25:12,308 [INFO] ThirdParty:1030 - CMSIS Pack Vendor :wolfSSL I-CUBE-wolfSSL 5.5.4
2023-06-06 14:25:12,308 [INFO] ThirdParty:1030 - CMSIS Pack Vendor :STMicroelectronics X-CUBE-AZRTOS-L4 1.0.0
2023-06-06 14:25:12,308 [INFO] ThirdParty:1030 - CMSIS Pack Vendor :STMicroelectronics HAL Drivers 0.0.0
2023-06-06 14:25:12,308 [INFO] ThirdParty:1030 - CMSIS Pack Vendor :STMicroelectronics MBEDTLS 2.16.2
2023-06-06 14:25:12,308 [INFO] ThirdParty:1030 - CMSIS Pack Vendor :STMicroelectronics MBEDTLS 2.14.1
2023-06-06 14:25:12,308 [INFO] ThirdParty:1030 - CMSIS Pack Vendor :STMicroelectronics X-CUBE-NFC7 1.0.0
2023-06-06 14:25:12,308 [INFO] ThirdParty:1030 - CMSIS Pack Vendor :STMicroelectronics X-CUBE-AZRTOS-WL 1.0.0
2023-06-06 14:25:12,308 [INFO] ThirdParty:1030 - CMSIS Pack Vendor :STMicroelectronics X-CUBE-EEPRMA1 4.1.0
2023-06-06 14:25:12,308 [INFO] ThirdParty:1030 - CMSIS Pack Vendor :portGmbH I-Cube-SoM-uGOAL 1.1.0
2023-06-06 14:25:12,308 [INFO] ThirdParty:1030 - CMSIS Pack Vendor :STMicroelectronics X-CUBE-ALS 1.0.1
2023-06-06 14:25:12,308 [INFO] ThirdParty:1030 - CMSIS Pack Vendor :STMicroelectronics X-CUBE-MEMS1 9.5.0
2023-06-06 14:25:12,308 [INFO] ThirdParty:1030 - CMSIS Pack Vendor :STMicroelectronics ThreadX 1.0.0
2023-06-06 14:25:12,308 [INFO] ThirdParty:1030 - CMSIS Pack Vendor :STMicroelectronics X-CUBE-AZRTOS-WB 1.1.0
2023-06-06 14:25:12,308 [INFO] ThirdParty:1030 - CMSIS Pack Vendor :STMicroelectronics X-CUBE-AZRTOS-WL 2.0.0
2023-06-06 14:25:12,308 [INFO] ThirdParty:1030 - CMSIS Pack Vendor :SEGGER I-CUBE-embOS 1.3.1
2023-06-06 14:25:12,308 [INFO] ThirdParty:1030 - CMSIS Pack Vendor :STMicroelectronics USB_DEVICE 1.0.0
2023-06-06 14:25:12,308 [INFO] ThirdParty:1030 - CMSIS Pack Vendor :STMicroelectronics X-CUBE-AZRTOS-L4 2.0.0
2023-06-06 14:25:12,308 [INFO] ThirdParty:1030 - CMSIS Pack Vendor :STMicroelectronics ThreadX 0.0.2
2023-06-06 14:25:12,308 [INFO] ThirdParty:1030 - CMSIS Pack Vendor :WES I-CUBE-Cesium 1.3.0
2023-06-06 14:25:12,309 [INFO] ThirdParty:1030 - CMSIS Pack Vendor :STMicroelectronics FP-ATR-ASTRA1 2.0.0
2023-06-06 14:25:12,309 [INFO] ThirdParty:1030 - CMSIS Pack Vendor :STMicroelectronics lwIP 2.1.2
2023-06-06 14:25:12,310 [INFO] ThirdParty:1030 - CMSIS Pack Vendor :STMicroelectronics X-CUBE-SFXS2LP1 4.0.0
2023-06-06 14:25:12,310 [INFO] ThirdParty:1030 - CMSIS Pack Vendor :STMicroelectronics X-CUBE-BLE2 3.3.0
2023-06-06 14:25:12,311 [INFO] ThirdParty:1030 - CMSIS Pack Vendor :STMicroelectronics PDM2PCM 3.2.0
2023-06-06 14:25:12,311 [INFO] ThirdParty:1030 - CMSIS Pack Vendor :STMicroelectronics X-CUBE-AZRTOS-H7 3.0.0
2023-06-06 14:25:12,312 [INFO] ThirdParty:841 - exiting critical section [change project]
2023-06-06 14:25:12,942 [INFO] PinOutPanel:1499 - setPackage(No Configuration,No Configuration)
2023-06-06 14:25:12,945 [INFO] PinOutPanel:1499 - setPackage(STM32F303VCTx,LQFP100)
2023-06-06 14:25:13,754 [INFO] UtilMem:75 - Before build in PCC Used Memory: 516956792 Bytes (617611264)
2023-06-06 14:25:14,663 [INFO] UtilMem:75 - After build in PCC Used Memory: 524327440 Bytes (617611264)
2023-06-06 14:25:14,758 [INFO] IPUIPlugin:80 - create IPUIPlugin
2023-06-06 14:25:14,758 [INFO] IPUIPlugin:80 - create IPUIPlugin
2023-06-06 14:25:14,758 [INFO] IPUIPlugin:80 - create IPUIPlugin
2023-06-06 14:25:14,758 [INFO] IPUIPlugin:80 - create IPUIPlugin
2023-06-06 14:25:14,758 [INFO] IPUIPlugin:80 - create IPUIPlugin
2023-06-06 14:25:14,758 [INFO] IPUIPlugin:80 - create IPUIPlugin
2023-06-06 14:25:14,758 [INFO] IPUIPlugin:80 - create IPUIPlugin
2023-06-06 14:25:14,758 [INFO] IPUIPlugin:80 - create IPUIPlugin
2023-06-06 14:25:14,758 [INFO] IPUIPlugin:80 - create IPUIPlugin
2023-06-06 14:25:14,759 [INFO] IPUIPlugin:80 - create IPUIPlugin
2023-06-06 14:25:14,759 [INFO] IPUIPlugin:80 - create IPUIPlugin
2023-06-06 14:25:14,759 [INFO] IPUIPlugin:80 - create IPUIPlugin
2023-06-06 14:25:14,759 [INFO] IPUIPlugin:80 - create IPUIPlugin
2023-06-06 14:25:14,760 [INFO] IPUIPlugin:80 - create IPUIPlugin
2023-06-06 14:25:14,760 [INFO] IPUIPlugin:80 - create IPUIPlugin
2023-06-06 14:25:14,760 [INFO] IPUIPlugin:80 - create IPUIPlugin
2023-06-06 14:25:14,760 [INFO] IPUIPlugin:80 - create IPUIPlugin
2023-06-06 14:25:14,761 [INFO] IPUIPlugin:80 - create IPUIPlugin
2023-06-06 14:25:14,761 [INFO] IPUIPlugin:80 - create IPUIPlugin
2023-06-06 14:25:14,761 [INFO] IPUIPlugin:80 - create IPUIPlugin
2023-06-06 14:25:14,761 [INFO] IPUIPlugin:80 - create IPUIPlugin
2023-06-06 14:25:14,761 [INFO] IPUIPlugin:80 - create IPUIPlugin
2023-06-06 14:25:14,762 [INFO] IPUIPlugin:80 - create IPUIPlugin
2023-06-06 14:25:14,762 [INFO] IPUIPlugin:80 - create IPUIPlugin
2023-06-06 14:25:14,762 [INFO] IPUIPlugin:80 - create IPUIPlugin
2023-06-06 14:25:14,762 [INFO] IPUIPlugin:80 - create IPUIPlugin
2023-06-06 14:25:14,763 [INFO] IPUIPlugin:80 - create IPUIPlugin
2023-06-06 14:25:14,763 [INFO] IPUIPlugin:80 - create IPUIPlugin
2023-06-06 14:25:14,763 [INFO] IPUIPlugin:80 - create IPUIPlugin
2023-06-06 14:25:14,763 [INFO] IPUIPlugin:80 - create IPUIPlugin
2023-06-06 14:25:14,764 [INFO] IPUIPlugin:80 - create IPUIPlugin
2023-06-06 14:25:14,764 [INFO] IPUIPlugin:80 - create IPUIPlugin
2023-06-06 14:25:14,764 [INFO] IPUIPlugin:80 - create IPUIPlugin
2023-06-06 14:25:14,765 [INFO] IPUIPlugin:80 - create IPUIPlugin
2023-06-06 14:25:14,765 [INFO] IPUIPlugin:80 - create IPUIPlugin
2023-06-06 14:25:14,765 [INFO] IPUIPlugin:80 - create IPUIPlugin
2023-06-06 14:25:14,766 [INFO] IPUIPlugin:80 - create IPUIPlugin
2023-06-06 14:25:14,766 [INFO] IPUIPlugin:80 - create IPUIPlugin
2023-06-06 14:25:14,766 [INFO] IPUIPlugin:80 - create IPUIPlugin
2023-06-06 14:25:14,767 [INFO] IPUIPlugin:80 - create IPUIPlugin
2023-06-06 14:25:14,767 [INFO] IPUIPlugin:80 - create IPUIPlugin
2023-06-06 14:25:14,768 [INFO] IPUIPlugin:80 - create IPUIPlugin
2023-06-06 14:25:14,768 [INFO] IPUIPlugin:80 - create IPUIPlugin
2023-06-06 14:25:14,768 [INFO] IPUIPlugin:80 - create IPUIPlugin
2023-06-06 14:25:14,768 [INFO] IPUIPlugin:80 - create IPUIPlugin
2023-06-06 14:25:14,769 [INFO] IPUIPlugin:80 - create IPUIPlugin
2023-06-06 14:25:14,769 [INFO] IPUIPlugin:80 - create IPUIPlugin
2023-06-06 14:25:14,770 [INFO] IPUIPlugin:80 - create IPUIPlugin
2023-06-06 14:25:14,770 [INFO] IPUIPlugin:80 - create IPUIPlugin
2023-06-06 14:25:14,770 [INFO] IPUIPlugin:80 - create IPUIPlugin
2023-06-06 14:25:14,771 [INFO] IPUIPlugin:80 - create IPUIPlugin
2023-06-06 14:25:14,771 [INFO] IPUIPlugin:80 - create IPUIPlugin
2023-06-06 14:25:14,772 [INFO] IPUIPlugin:80 - create IPUIPlugin
2023-06-06 14:25:14,772 [INFO] IPUIPlugin:80 - create IPUIPlugin
2023-06-06 14:25:14,773 [INFO] IPUIPlugin:80 - create IPUIPlugin
2023-06-06 14:25:15,143 [INFO] CADModel:165 - CPN selected for project levelSTM32F303VCT6
2023-06-06 14:25:15,143 [INFO] CADModel:114 - Register for checkConnection events
2023-06-06 14:25:15,220 [INFO] OpenFileManager:328 - Restore cursor
