2023-05-17 18:38:42,361 [INFO] Activator:176 - 


2023-05-17 18:38:42,364 [INFO] Activator:177 - !SESSION log4j initialized
2023-05-17 18:38:45,105 [INFO] LogOutputStream:77 - [STDOUT_REDIRECT] 
2023-05-17 18:39:08,750 [ERROR] LogOutputStream:75 - [STDERR_REDIRECT] SLF4J: Failed to load class "org.slf4j.impl.StaticLoggerBinder".
2023-05-17 18:39:08,752 [ERROR] LogOutputStream:75 - [STDERR_REDIRECT] SLF4J: Defaulting to no-operation (NOP) logger implementation
2023-05-17 18:39:08,754 [ERROR] LogOutputStream:75 - [STDERR_REDIRECT] SLF4J: See http://www.slf4j.org/codes.html#StaticLoggerBinder for further details.
2023-05-17 18:40:35,505 [INFO] ApplicationProperties:184 - Using Application install path: C:\ST\STM32CubeIDE_1.12.0\STM32CubeIDE\plugins\com.st.stm32cube.common.mx_6.8.0.202302231600
2023-05-17 18:40:35,521 [INFO] DbMcusXml:78 - Set database path to: C:\ST\STM32CubeIDE_1.12.0\STM32CubeIDE\plugins\com.st.stm32cube.common.mx_6.8.0.202302231600\\db\/mcu/
2023-05-17 18:40:35,521 [INFO] ApiDb:274 - Set plugin database path to: C:\ST\STM32CubeIDE_1.12.0\STM32CubeIDE\plugins\com.st.stm32cube.common.mx_6.8.0.202302231600\\db\/plugins/boardmanager/
2023-05-17 18:40:35,523 [WARN] ApiDb:259 - Overriding images path with different value:  => C:\ST\STM32CubeIDE_1.12.0\STM32CubeIDE\plugins\com.st.stm32cube.common.mx_6.8.0.202302231600\\db\/plugins/mcufinder/images/
2023-05-17 18:40:35,535 [INFO] ApiDb:250 - Set database path to: C:\Users\Utente\.stmcufinder\plugins\mcufinder//mcu/
2023-05-17 18:40:35,537 [INFO] DbMcusAds:125 - Set database path to: C:\Users\Utente\.stmcufinder\plugins\mcufinder//mcu/
2023-05-17 18:40:36,604 [INFO] CrossReferenceDbSqlite:203 - Set database path to: C:\Users\Utente\.stmcufinder\plugins\mcufinder//mcu/cs/
2023-05-17 18:40:36,690 [INFO] RulesReader:64 - Compatibility file has been processed (293 Rules)
2023-05-17 18:40:36,759 [INFO] DbMcusXml:78 - Set database path to: C:\ST\STM32CubeIDE_1.12.0\STM32CubeIDE\plugins\com.st.stm32cube.common.mx_6.8.0.202302231600\\db\/mcu/
2023-05-17 18:40:36,759 [INFO] ApiDb:274 - Set plugin database path to: C:\ST\STM32CubeIDE_1.12.0\STM32CubeIDE\plugins\com.st.stm32cube.common.mx_6.8.0.202302231600\\db\/plugins/boardmanager/
2023-05-17 18:40:36,759 [INFO] ApiDb:261 - Set plugin images path to: C:\ST\STM32CubeIDE_1.12.0\STM32CubeIDE\plugins\com.st.stm32cube.common.mx_6.8.0.202302231600\\db\/plugins/mcufinder/images/
2023-05-17 18:40:36,759 [WARN] DbFile:41 - Overriding database path with different value: C:\Users\Utente\.stmcufinder\plugins\mcufinder/ => C:\Users\Utente\.stmcufinder\plugins\mcufinder
2023-05-17 18:40:36,759 [INFO] ApiDb:250 - Set database path to: C:\Users\Utente\.stmcufinder\plugins\mcufinder//mcu/
2023-05-17 18:40:36,759 [WARN] DbFile:41 - Overriding database path with different value: C:\Users\Utente\.stmcufinder\plugins\mcufinder/ => C:\Users\Utente\.stmcufinder\plugins\mcufinder
2023-05-17 18:40:36,759 [INFO] DbMcusAds:125 - Set database path to: C:\Users\Utente\.stmcufinder\plugins\mcufinder//mcu/
2023-05-17 18:40:36,760 [WARN] DbFile:41 - Overriding database path with different value: C:\Users\Utente\.stmcufinder\plugins\mcufinder/ => C:\Users\Utente\.stmcufinder\plugins\mcufinder
2023-05-17 18:40:36,760 [WARN] DbFile:41 - Overriding database path with different value: C:\Users\Utente\.stmcufinder\plugins\mcufinder/ => C:\Users\Utente\.stmcufinder\plugins\mcufinder
2023-05-17 18:40:37,596 [INFO] CrossReferenceDbSqlite:203 - Set database path to: C:\Users\Utente\.stmcufinder\plugins\mcufinder//mcu/cs/
2023-05-17 18:40:37,694 [INFO] MainPanel:253 - HeapMemory: 429916160
2023-05-17 18:40:37,766 [INFO] DbMcusXml:78 - Set database path to: C:\ST\STM32CubeIDE_1.12.0\STM32CubeIDE\plugins\com.st.stm32cube.common.mx_6.8.0.202302231600\\db\/mcu/
2023-05-17 18:40:37,766 [INFO] ApiDb:274 - Set plugin database path to: C:\ST\STM32CubeIDE_1.12.0\STM32CubeIDE\plugins\com.st.stm32cube.common.mx_6.8.0.202302231600\\db\/plugins/boardmanager/
2023-05-17 18:40:37,766 [INFO] ApiDb:261 - Set plugin images path to: C:\ST\STM32CubeIDE_1.12.0\STM32CubeIDE\plugins\com.st.stm32cube.common.mx_6.8.0.202302231600\\db\/plugins/mcufinder/images/
2023-05-17 18:40:37,767 [WARN] DbFile:41 - Overriding database path with different value: C:\Users\Utente\.stmcufinder\plugins\mcufinder/ => C:\Users\Utente\.stmcufinder\plugins\mcufinder
2023-05-17 18:40:37,767 [INFO] ApiDb:250 - Set database path to: C:\Users\Utente\.stmcufinder\plugins\mcufinder//mcu/
2023-05-17 18:40:37,767 [WARN] DbFile:41 - Overriding database path with different value: C:\Users\Utente\.stmcufinder\plugins\mcufinder/ => C:\Users\Utente\.stmcufinder\plugins\mcufinder
2023-05-17 18:40:37,767 [INFO] DbMcusAds:125 - Set database path to: C:\Users\Utente\.stmcufinder\plugins\mcufinder//mcu/
2023-05-17 18:40:37,767 [WARN] DbFile:41 - Overriding database path with different value: C:\Users\Utente\.stmcufinder\plugins\mcufinder/ => C:\Users\Utente\.stmcufinder\plugins\mcufinder
2023-05-17 18:40:37,767 [WARN] DbFile:41 - Overriding database path with different value: C:\Users\Utente\.stmcufinder\plugins\mcufinder/ => C:\Users\Utente\.stmcufinder\plugins\mcufinder
2023-05-17 18:40:38,590 [INFO] CrossReferenceDbSqlite:203 - Set database path to: C:\Users\Utente\.stmcufinder\plugins\mcufinder//mcu/cs/
2023-05-17 18:40:38,608 [INFO] ApplicationProperties:184 - Using Application install path: C:\ST\STM32CubeIDE_1.12.0\STM32CubeIDE\plugins\com.st.stm32cube.common.mx_6.8.0.202302231600
2023-05-17 18:40:38,612 [INFO] PluginManage:196 - Search for loadable plugins [exclusion list=, ]
2023-05-17 18:40:38,614 [INFO] PluginManage:310 - Check plugin analytics
2023-05-17 18:40:39,656 [INFO] AnalyticsPlugin:253 - Accepted Software Licenses: 
2023-05-17 18:40:39,657 [INFO] AnalyticsPlugin:255 - Accepted CMSIS Pack Licenses: STMicroelectronics.X-CUBE-ALGOBUILD.1.3.0
2023-05-17 18:40:39,657 [INFO] AnalyticsPlugin:257 - Accepted Firmware Licenses: 
2023-05-17 18:40:39,665 [INFO] PluginManage:359 - Loaded plugin analytics (category:tool,tabindex:-1)
2023-05-17 18:40:39,665 [INFO] PluginManage:310 - Check plugin cadmodel
2023-05-17 18:40:39,670 [INFO] CADModel:105 - Init CAD model plugin
2023-05-17 18:40:39,670 [INFO] PluginManage:359 - Loaded plugin cadmodel (category:power,tabindex:5)
2023-05-17 18:40:39,670 [INFO] PluginManage:310 - Check plugin clock
2023-05-17 18:40:39,680 [INFO] PluginManage:359 - Loaded plugin clock (category:base,tabindex:2)
2023-05-17 18:40:39,680 [INFO] PluginManage:310 - Check plugin ddr
2023-05-17 18:40:39,682 [INFO] PluginManage:359 - Loaded plugin ddr (category:tool,tabindex:6)
2023-05-17 18:40:39,682 [INFO] PluginManage:310 - Check plugin filemanager
2023-05-17 18:40:39,815 [INFO] PluginManage:359 - Loaded plugin filemanager (category:base,tabindex:10)
2023-05-17 18:40:39,815 [INFO] PluginManage:310 - Check plugin ipmanager
2023-05-17 18:40:39,823 [INFO] PluginManage:359 - Loaded plugin ipmanager (category:base,tabindex:5)
2023-05-17 18:40:39,824 [INFO] PluginManage:310 - Check plugin lpbam
2023-05-17 18:40:39,832 [INFO] PluginManage:359 - Loaded plugin lpbam (category:base,tabindex:0)
2023-05-17 18:40:39,833 [INFO] PluginManage:310 - Check plugin pinoutandconfiguration
2023-05-17 18:40:39,842 [INFO] PluginManage:359 - Loaded plugin pinoutandconfiguration (category:base,tabindex:1)
2023-05-17 18:40:39,842 [INFO] PluginManage:310 - Check plugin pinoutconfig
2023-05-17 18:40:39,903 [WARN] SupportedApi:132 - Cannot load RTOS API schema: s4s-elt-must-match.1: The content of 'definitions' must match (annotation?, (simpleType | complexType)?, (unique | key | keyref)*)). A problem was found starting at: attribute.
2023-05-17 18:40:40,011 [INFO] PluginManage:359 - Loaded plugin pinoutconfig (category:base,tabindex:0)
2023-05-17 18:40:40,011 [INFO] PluginManage:310 - Check plugin power
2023-05-17 18:40:40,019 [INFO] PluginManage:359 - Loaded plugin power (category:power,tabindex:4)
2023-05-17 18:40:40,019 [INFO] PluginManage:310 - Check plugin projectmanager
2023-05-17 18:40:40,032 [INFO] PluginManage:359 - Loaded plugin projectmanager (category:projectmanager,tabindex:3)
2023-05-17 18:40:40,032 [INFO] PluginManage:310 - Check plugin thirdparty
2023-05-17 18:40:40,161 [INFO] PluginManage:359 - Loaded plugin thirdparty (category:base,tabindex:-1)
2023-05-17 18:40:40,161 [WARN] IntegrityCheckThread:84 - waiting for thirdparty lock release [integrity check]
2023-05-17 18:40:40,162 [INFO] PluginManage:310 - Check plugin tools
2023-05-17 18:40:40,162 [INFO] IntegrityCheckThread:86 - entering critical section [integrity check]
2023-05-17 18:40:40,164 [INFO] ThirdPartyUpdaterWithRetryManager:70 - Updater plugin not ready yet. [1/15]
2023-05-17 18:40:40,165 [INFO] PluginManage:359 - Loaded plugin tools (category:base,tabindex:7)
2023-05-17 18:40:40,165 [INFO] PluginManage:310 - Check plugin tutovideos
2023-05-17 18:40:40,357 [INFO] PluginManage:359 - Loaded plugin tutovideos (category:base,tabindex:-1)
2023-05-17 18:40:40,357 [INFO] PluginManage:310 - Check plugin updater
2023-05-17 18:40:40,372 [INFO] PluginManage:359 - Loaded plugin updater (category:base,tabindex:12)
2023-05-17 18:40:40,372 [INFO] PluginManage:283 - PluginManage : Loaded plugins [15]
2023-05-17 18:40:40,690 [INFO] PinOutPanel:1499 - setPackage(No Configuration,No Configuration)
2023-05-17 18:40:40,745 [INFO] CADModel:165 - CPN selected for project level
2023-05-17 18:40:40,746 [INFO] CADModel:114 - Register for checkConnection events
2023-05-17 18:40:40,760 [INFO] IPUIPlugin:80 - create IPUIPlugin
2023-05-17 18:40:40,760 [INFO] PluginManager:220 - loadIPPluginJar : add adc
2023-05-17 18:40:40,762 [INFO] IPUIPlugin:80 - create IPUIPlugin
2023-05-17 18:40:40,763 [INFO] PluginManager:220 - loadIPPluginJar : add aes
2023-05-17 18:40:40,766 [INFO] IPUIPlugin:80 - create IPUIPlugin
2023-05-17 18:40:40,766 [INFO] PluginManager:220 - loadIPPluginJar : add can
2023-05-17 18:40:40,768 [INFO] IPUIPlugin:80 - create IPUIPlugin
2023-05-17 18:40:40,768 [INFO] PluginManager:220 - loadIPPluginJar : add comp
2023-05-17 18:40:40,771 [INFO] IPUIPlugin:80 - create IPUIPlugin
2023-05-17 18:40:40,771 [INFO] PluginManager:220 - loadIPPluginJar : add cryp
2023-05-17 18:40:40,773 [INFO] IPUIPlugin:80 - create IPUIPlugin
2023-05-17 18:40:40,773 [INFO] PluginManager:220 - loadIPPluginJar : add dfsdm
2023-05-17 18:40:40,779 [INFO] IPUIPlugin:80 - create IPUIPlugin
2023-05-17 18:40:40,779 [INFO] PluginManager:220 - loadIPPluginJar : add dma
2023-05-17 18:40:40,781 [INFO] IPUIPlugin:80 - create IPUIPlugin
2023-05-17 18:40:40,781 [INFO] PluginManager:220 - loadIPPluginJar : add dma3
2023-05-17 18:40:40,783 [INFO] IPUIPlugin:80 - create IPUIPlugin
2023-05-17 18:40:40,783 [INFO] PluginManager:220 - loadIPPluginJar : add fatfs
2023-05-17 18:40:40,787 [INFO] IPUIPlugin:80 - create IPUIPlugin
2023-05-17 18:40:40,787 [INFO] PluginManager:220 - loadIPPluginJar : add fmc
2023-05-17 18:40:40,793 [INFO] IPUIPlugin:80 - create IPUIPlugin
2023-05-17 18:40:40,793 [INFO] PluginManager:220 - loadIPPluginJar : add freertos
2023-05-17 18:40:40,795 [INFO] IPUIPlugin:80 - create IPUIPlugin
2023-05-17 18:40:40,795 [INFO] PluginManager:220 - loadIPPluginJar : add genericplugin
2023-05-17 18:40:40,800 [INFO] IPUIPlugin:80 - create IPUIPlugin
2023-05-17 18:40:40,800 [INFO] PluginManager:220 - loadIPPluginJar : add gfxmmu
2023-05-17 18:40:40,811 [INFO] IPUIPlugin:80 - create IPUIPlugin
2023-05-17 18:40:40,811 [INFO] PluginManager:220 - loadIPPluginJar : add gic
2023-05-17 18:40:40,817 [INFO] IPUIPlugin:80 - create IPUIPlugin
2023-05-17 18:40:40,817 [INFO] PluginManager:220 - loadIPPluginJar : add gpio
2023-05-17 18:40:40,821 [INFO] IPUIPlugin:80 - create IPUIPlugin
2023-05-17 18:40:40,821 [INFO] PluginManager:220 - loadIPPluginJar : add gtzc
2023-05-17 18:40:40,824 [INFO] IPUIPlugin:80 - create IPUIPlugin
2023-05-17 18:40:40,824 [INFO] PluginManager:220 - loadIPPluginJar : add hash
2023-05-17 18:40:40,828 [INFO] IPUIPlugin:80 - create IPUIPlugin
2023-05-17 18:40:40,829 [INFO] PluginManager:220 - loadIPPluginJar : add i2c
2023-05-17 18:40:40,832 [INFO] IPUIPlugin:80 - create IPUIPlugin
2023-05-17 18:40:40,832 [INFO] PluginManager:220 - loadIPPluginJar : add i2s
2023-05-17 18:40:40,835 [INFO] IPUIPlugin:80 - create IPUIPlugin
2023-05-17 18:40:40,835 [INFO] PluginManager:220 - loadIPPluginJar : add i3c
2023-05-17 18:40:40,838 [INFO] IPUIPlugin:80 - create IPUIPlugin
2023-05-17 18:40:40,838 [INFO] PluginManager:220 - loadIPPluginJar : add ipddr
2023-05-17 18:40:40,845 [INFO] IPUIPlugin:80 - create IPUIPlugin
2023-05-17 18:40:40,845 [INFO] PluginManager:220 - loadIPPluginJar : add linkedlist
2023-05-17 18:40:40,848 [INFO] IPUIPlugin:80 - create IPUIPlugin
2023-05-17 18:40:40,848 [INFO] PluginManager:220 - loadIPPluginJar : add lorawan
2023-05-17 18:40:40,849 [INFO] IPUIPlugin:80 - create IPUIPlugin
2023-05-17 18:40:40,849 [INFO] PluginManager:220 - loadIPPluginJar : add ltdc
2023-05-17 18:40:40,854 [INFO] IPUIPlugin:80 - create IPUIPlugin
2023-05-17 18:40:40,854 [INFO] PluginManager:220 - loadIPPluginJar : add mdma
2023-05-17 18:40:40,857 [INFO] IPUIPlugin:80 - create IPUIPlugin
2023-05-17 18:40:40,857 [INFO] PluginManager:220 - loadIPPluginJar : add nvic
2023-05-17 18:40:40,859 [INFO] IPUIPlugin:80 - create IPUIPlugin
2023-05-17 18:40:40,860 [INFO] PluginManager:220 - loadIPPluginJar : add opamp
2023-05-17 18:40:40,862 [INFO] IPUIPlugin:80 - create IPUIPlugin
2023-05-17 18:40:40,863 [INFO] PluginManager:220 - loadIPPluginJar : add openamp
2023-05-17 18:40:40,865 [INFO] IPUIPlugin:80 - create IPUIPlugin
2023-05-17 18:40:40,865 [INFO] PluginManager:220 - loadIPPluginJar : add pdm2pcm
2023-05-17 18:40:40,871 [INFO] IPUIPlugin:80 - create IPUIPlugin
2023-05-17 18:40:40,873 [INFO] PluginManager:220 - loadIPPluginJar : add plateformsettings
2023-05-17 18:40:40,875 [INFO] IPUIPlugin:80 - create IPUIPlugin
2023-05-17 18:40:40,875 [INFO] PluginManager:220 - loadIPPluginJar : add quadspi
2023-05-17 18:40:40,878 [INFO] IPUIPlugin:80 - create IPUIPlugin
2023-05-17 18:40:40,878 [INFO] PluginManager:220 - loadIPPluginJar : add resmgrutility
2023-05-17 18:40:40,881 [INFO] IPUIPlugin:80 - create IPUIPlugin
2023-05-17 18:40:40,881 [INFO] PluginManager:220 - loadIPPluginJar : add sai
2023-05-17 18:40:40,883 [INFO] IPUIPlugin:80 - create IPUIPlugin
2023-05-17 18:40:40,883 [INFO] PluginManager:220 - loadIPPluginJar : add spi
2023-05-17 18:40:40,887 [INFO] IPUIPlugin:80 - create IPUIPlugin
2023-05-17 18:40:40,887 [INFO] PluginManager:220 - loadIPPluginJar : add stm32_wpan
2023-05-17 18:40:40,888 [INFO] IPUIPlugin:80 - create IPUIPlugin
2023-05-17 18:40:40,888 [INFO] PluginManager:220 - loadIPPluginJar : add tim
2023-05-17 18:40:40,892 [INFO] IPUIPlugin:80 - create IPUIPlugin
2023-05-17 18:40:40,892 [INFO] PluginManager:220 - loadIPPluginJar : add touchsensing
2023-05-17 18:40:40,894 [INFO] IPUIPlugin:80 - create IPUIPlugin
2023-05-17 18:40:40,894 [INFO] PluginManager:220 - loadIPPluginJar : add tracer_emb
2023-05-17 18:40:40,895 [INFO] IPUIPlugin:80 - create IPUIPlugin
2023-05-17 18:40:40,895 [INFO] PluginManager:220 - loadIPPluginJar : add ts
2023-05-17 18:40:40,896 [INFO] IPUIPlugin:80 - create IPUIPlugin
2023-05-17 18:40:40,897 [INFO] PluginManager:220 - loadIPPluginJar : add tsc
2023-05-17 18:40:40,898 [INFO] IPUIPlugin:80 - create IPUIPlugin
2023-05-17 18:40:40,898 [INFO] PluginManager:220 - loadIPPluginJar : add ucpd
2023-05-17 18:40:40,900 [INFO] IPUIPlugin:80 - create IPUIPlugin
2023-05-17 18:40:40,900 [INFO] PluginManager:220 - loadIPPluginJar : add usart
2023-05-17 18:40:40,902 [INFO] IPUIPlugin:80 - create IPUIPlugin
2023-05-17 18:40:40,902 [INFO] PluginManager:220 - loadIPPluginJar : add usbx
2023-05-17 18:40:41,035 [INFO] CADModel:165 - CPN selected for project level
2023-05-17 18:40:41,035 [INFO] CADModel:114 - Register for checkConnection events
2023-05-17 18:40:41,036 [FATAL] Updater:308 - Updater called before beeing initialized
2023-05-17 18:40:41,036 [ERROR] CADModel:125 - Updater not yet initialized, retry later 
2023-05-17 18:40:41,173 [INFO] CADModel:165 - CPN selected for project level
2023-05-17 18:40:41,173 [INFO] CADModel:114 - Register for checkConnection events
2023-05-17 18:40:41,173 [FATAL] Updater:308 - Updater called before beeing initialized
2023-05-17 18:40:41,173 [ERROR] CADModel:125 - Updater not yet initialized, retry later 
2023-05-17 18:40:41,178 [FATAL] Updater:308 - Updater called before beeing initialized
2023-05-17 18:40:41,279 [FATAL] Updater:308 - Updater called before beeing initialized
2023-05-17 18:40:41,286 [INFO] DbMcusAds:53 - JSON generation date=Tue Mar 07 09:50:54 CET 2023 (1678179054945)
2023-05-17 18:40:41,286 [FATAL] Updater:308 - Updater called before beeing initialized
2023-05-17 18:40:41,314 [WARN] DetailPanel:346 - Failed to get advertising image, set to default
2023-05-17 18:40:41,436 [FATAL] Updater:308 - Updater called before beeing initialized
2023-05-17 18:40:41,437 [FATAL] Updater:308 - Updater called before beeing initialized
2023-05-17 18:40:41,438 [FATAL] Updater:308 - Updater called before beeing initialized
2023-05-17 18:40:41,438 [WARN] DetailPanel:346 - Failed to get advertising image, set to default
2023-05-17 18:40:41,439 [FATAL] Updater:308 - Updater called before beeing initialized
2023-05-17 18:40:41,495 [ERROR] Updater:1120 - MainUpdater not yet initialized. External WinMGr cannot be set.
2023-05-17 18:40:41,497 [INFO] Updater:1056 - Updater Version found : 6.8.0
2023-05-17 18:40:41,516 [INFO] ApplicationProperties:184 - Using Application install path: C:\ST\STM32CubeIDE_1.12.0\STM32CubeIDE\plugins\com.st.stm32cube.common.mx_6.8.0.202302231600
2023-05-17 18:40:41,699 [INFO] MainUpdater:2854 - connection check result : 10
2023-05-17 18:40:41,700 [INFO] MainUpdater:283 - Updater Check For Update Now.
2023-05-17 18:40:41,700 [INFO] MicroXplorer:498 - Change Database Version : DB.6.0.80
2023-05-17 18:40:41,906 [INFO] CheckServerUpdateThread:120 - End of CheckServer Thread
2023-05-17 18:40:41,915 [INFO] MainUpdater:2854 - connection check result : 10
2023-05-17 18:40:42,269 [INFO] ApiDb:581 - Connected to CubeFinder SQLite database (C:\Users\Utente\.stmcufinder\plugins\mcufinder\mcu\cube-finder-db.db)
2023-05-17 18:40:42,379 [INFO] ApiDb:668 - CubeFinder database Data Model version=2.1
2023-05-17 18:40:42,380 [INFO] ApiDb:669 - CubeFinder database Configuration version=3.0.35
2023-05-17 18:40:42,380 [INFO] ApiDb:670 - CubeFinder database generation date=2023-04-03 (1680511692)
2023-05-17 18:40:42,380 [INFO] ApiDb:671 - CubeFinder database FW Pack versions=[FP-ATR-ASTRA1_V2.0.0, STM32Cube_FW_C0_V1.0.1, STM32Cube_FW_F0_V1.11.4, STM32Cube_FW_F3_V1.11.4, STM32Cube_FW_F4_V1.27.1, STM32Cube_FW_F7_V1.17.0, STM32Cube_FW_G0_V1.6.1, STM32Cube_FW_G4_V1.5.1, STM32Cube_FW_H5_V0.5.1, STM32Cube_FW_H5_V1.0.0, STM32Cube_FW_H7_V1.11.0, STM32Cube_FW_L0_V1.12.2, STM32Cube_FW_L5_V1.5.0, STM32Cube_FW_U5_V1.2.0, STM32Cube_FW_WBA_V1.0.0, STM32Cube_FW_WBA_V1.0.0RC1, STM32Cube_FW_WBA_V1.0.0RC3, STM32Cube_FW_WB_V1.15.0RC1, STM32Cube_FW_WB_V1.16.0, STM32Cube_FW_WB_V1.16.0RC2, STM32Cube_FW_WL_V1.3.0, X-CUBE-ALGOBUILD_V1.3.0, X-CUBE-ALS_V1.0.1, X-CUBE-AZRTOS-F4_V1.1.0, X-CUBE-AZRTOS-F7_V1.1.0, X-CUBE-AZRTOS-G0_V1.1.0, X-CUBE-AZRTOS-G4_V1.0.0, X-CUBE-AZRTOS-H7_V3.0.0, X-CUBE-AZRTOS-L4_V1.0.0, X-CUBE-AZRTOS-L5_V1.1.0, X-CUBE-AZRTOS-WB_V1.1.0, X-CUBE-AZRTOS-WL_V1.0.0, X-CUBE-BLE1_V6.2.4, X-CUBE-BLE2_V3.3.0, X-CUBE-BLEMGR_V1.3.0, X-CUBE-EEPRMA1_V4.1.0, X-CUBE-FREERTOS_V1.0.1, X-CUBE-GNSS1_V6.0.0, X-CUBE-MEMS1_V9.1.0, X-CUBE-MEMS1_V9.4.0, X-CUBE-MEMS1_V9.5.0, X-CUBE-NFC4_V3.0.0, X-CUBE-NFC7_V1.0.0, X-CUBE-SFXS2LP1_V4.0.0, X-CUBE-SUBG2_V5.0.0]
2023-05-17 18:40:42,522 [INFO] DbBoardsSqlite:226 - include board P-NUCLEO-WB55-NUCLEO as a kit item of type 'Nucleo-64'
2023-05-17 18:40:42,522 [INFO] DbBoardsSqlite:226 - include board P-NUCLEO-WB55-USBDONGLE as a kit item of type 'Nucleo USB Dongle'
2023-05-17 18:40:42,524 [INFO] DbBoardsSqlite:226 - include board STEVAL-IDP005V1 as a kit item of type 'Evaluation Board'
2023-05-17 18:40:42,525 [INFO] DbBoardsSqlite:226 - include board STEVAL-IDP005V2 as a kit item of type 'Evaluation Board'
2023-05-17 18:40:42,606 [INFO] ApiDb:240 - Found 297 in-development CPN: [B-G473E-ZEST1S, B-WB1M-WPAN1, B-WL5M-SUBG1, NUCLEO-C031C6, NUCLEO-H503RB, NUCLEO-H563ZI, NUCLEO-U545RE-Q, NUCLEO-U5A5ZJ-Q, NUCLEO-WBA52CG, STEVAL-PROTEUS1, STEVAL-STWINBX1, STM320518-EVAL, STM32C0116-DK, STM32C011D6Y3TR, STM32C011D6Y6TR, STM32C011F4P3, STM32C011F4P6, STM32C011F4U3, STM32C011F4U6TR, STM32C011F6P3, STM32C011F6P6, STM32C011F6U3, STM32C011F6U6TR, STM32C011J4M3, STM32C011J4M6, STM32C011J6M3, STM32C011J6M6, STM32C0316-DK, STM32C031C4T3, STM32C031C4T6, STM32C031C4U3, STM32C031C4U6, STM32C031C6T3, STM32C031C6T6, STM32C031C6U3, STM32C031C6U6, STM32C031F4P3, STM32C031F4P6, STM32C031F6P3, STM32C031F6P6, STM32C031G4U3, STM32C031G4U6, STM32C031G6U3, STM32C031G6U6, STM32C031K4T3, STM32C031K4T6, STM32C031K4U3, STM32C031K4U6, STM32C031K6T3, STM32C031K6T6, STM32C031K6U3, STM32C031K6U6, STM32G071K8TXN, STM32G071K8UXN, STM32G081GBU6N, STM32G081KBT6N, STM32G081KBUXN, STM32G0B1CCT6N, STM32G0B1KCT6, STM32G0B1NEY6TR, STM32G0B1RCT6N, STM32G0C1CCT6, STM32G0C1CCT6N, STM32G0C1CCU6N, STM32G0C1CET6N, STM32G0C1CEU6N, STM32G0C1KCT6, STM32G0C1NEY6TR, STM32G0C1RCI6N, STM32G0C1RCT6N, STM32G0C1REI6N, STM32G0C1RET6N, STM32G0C1VCI6, STM32G0C1VEI6, STM32G471CCT6, STM32G471CCU6, STM32G471CET3, STM32G471CET6, STM32G471CEU3, STM32G471CEU6, STM32G471MCT6, STM32G471MET3, STM32G471MET6, STM32G471MEY6TR, STM32G471QCT6, STM32G471QET3, STM32G471RCT6, STM32G471RET3, STM32G471RET6, STM32G471VCH6, STM32G471VCI6, STM32G471VCT6, STM32G471VEH3, STM32G471VEH6, STM32G471VEI3, STM32G471VEI6, STM32G471VET3, STM32G471VET6, STM32G474CCT6, STM32H503CBT6, STM32H503CBU6, STM32H503EBY6TR, STM32H503KBU6, STM32H503RBT6, STM32H562AGI6, STM32H562AII6, STM32H562IGK6, STM32H562IGT6, STM32H562IIK6, STM32H562IIT6, STM32H562RGT6, STM32H562RGV6, STM32H562RIT6, STM32H562RIV6, STM32H562VGT6, STM32H562VIT6, STM32H562ZGT6, STM32H562ZIT6, STM32H563AGI6, STM32H563AII3Q, STM32H563AII6, STM32H563IGK6, STM32H563IGT6, STM32H563IIK3Q, STM32H563IIK6, STM32H563IIT3Q, STM32H563IIT6, STM32H563MIY3QTR, STM32H563RGT6, STM32H563RGV6, STM32H563RIT6, STM32H563RIV6, STM32H563VGT6, STM32H563VIT3Q, STM32H563VIT6, STM32H563ZGT6, STM32H563ZIT3Q, STM32H563ZIT6, STM32H573AII3Q, STM32H573AII6, STM32H573I-DK, STM32H573IIK3Q, STM32H573IIK6, STM32H573IIT3Q, STM32H573IIT6, STM32H573MIY3QTR, STM32H573RIT6, STM32H573RIV6, STM32H573VIT3Q, STM32H573VIT6, STM32H573ZIT3Q, STM32H573ZIT6, STM32L4R5QGI6STR, STM32MP131AAE3, STM32MP131AAF3, STM32MP131AAG3, STM32MP131CAE3, STM32MP131CAF3, STM32MP131CAG3, STM32MP131DAE7, STM32MP131DAF7, STM32MP131DAG7, STM32MP131FAE7, STM32MP131FAF7, STM32MP131FAG7, STM32MP133AAE3, STM32MP133AAF3, STM32MP133AAG3, STM32MP133CAE3, STM32MP133CAF3, STM32MP133CAG3, STM32MP133DAE7, STM32MP133DAF7, STM32MP133DAG7, STM32MP133FAE7, STM32MP133FAF7, STM32MP133FAG7, STM32MP135AAE3, STM32MP135AAF3, STM32MP135AAG3, STM32MP135CAE3, STM32MP135CAF3, STM32MP135CAG3, STM32MP135DAE7, STM32MP135DAF7, STM32MP135DAG7, STM32MP135F-DK, STM32MP135FAE7, STM32MP135FAF7, STM32MP135FAF7T, STM32MP135FAF7U, STM32MP135FAG7, STM32U535CBT6, STM32U535CBT6Q, STM32U535CBU6, STM32U535CBU6Q, STM32U535CCT6, STM32U535CCT6Q, STM32U535CCU6, STM32U535CCU6Q, STM32U535CET6, STM32U535CET6Q, STM32U535CEU6, STM32U535CEU6Q, STM32U535JEY6QTR, STM32U535NCY6QTR, STM32U535NEY6QTR, STM32U535RBI6, STM32U535RBI6Q, STM32U535RBT6, STM32U535RBT6Q, STM32U535RCI6, STM32U535RCI6Q, STM32U535RCT6, STM32U535RCT6Q, STM32U535REI6, STM32U535REI6Q, STM32U535RET6, STM32U535RET6Q, STM32U535VCI6, STM32U535VCI6Q, STM32U535VCT6, STM32U535VCT6Q, STM32U535VEI6, STM32U535VEI6Q, STM32U535VET6, STM32U535VET6Q, STM32U545CET6, STM32U545CET6Q, STM32U545CEU6, STM32U545CEU6Q, STM32U545JEY6QTR, STM32U545NEY6QTR, STM32U545REI6, STM32U545REI6Q, STM32U545RET6, STM32U545RET6Q, STM32U545VEI6, STM32U545VEI6Q, STM32U545VET6, STM32U545VET6Q, STM32U595AIH6, STM32U595AIH6Q, STM32U595AJH6, STM32U595AJH6Q, STM32U595QII6, STM32U595QII6Q, STM32U595QJI6, STM32U595QJI6Q, STM32U595RIT6, STM32U595RIT6Q, STM32U595RJT6, STM32U595RJT6Q, STM32U595VIT6, STM32U595VIT6Q, STM32U595VJT6, STM32U595VJT6Q, STM32U595ZIT6, STM32U595ZIT6Q, STM32U595ZIY6QTR, STM32U595ZJT6, STM32U595ZJT6Q, STM32U595ZJY6QTR, STM32U599BJY6QTR, STM32U599NIH6Q, STM32U599NJH6Q, STM32U599VIT6Q, STM32U599VJT6, STM32U599VJT6Q, STM32U599ZIT6Q, STM32U599ZIY6QTR, STM32U599ZJT6Q, STM32U599ZJY6QTR, STM32U5A5AJH6, STM32U5A5AJH6Q, STM32U5A5QJI6, STM32U5A5QJI6Q, STM32U5A5RJT6, STM32U5A5RJT6Q, STM32U5A5VJT6, STM32U5A5VJT6Q, STM32U5A5ZJT6, STM32U5A5ZJT6Q, STM32U5A5ZJY6QTR, STM32U5A9BJY6QTR, STM32U5A9J-DK, STM32U5A9NJH6Q, STM32U5A9VJT6Q, STM32U5A9ZJT6Q, STM32U5A9ZJY6QTR, STM32WB1MMCH6, STM32WBA52CEU6, STM32WBA52CEU6T, STM32WBA52CGU6, STM32WBA52CGU6T, STM32WL5MOCH6, STM32WL5MOCH6TR]
2023-05-17 18:40:42,785 [INFO] BoardInfo:880 - No configuration file found for board P-NUCLEO-WB55
2023-05-17 18:40:42,785 [INFO] DbBoards:157 - Kit is not supported: P-NUCLEO-WB55
2023-05-17 18:40:42,790 [INFO] BoardInfo:880 - No configuration file found for board STEVAL-BFA001V1B
2023-05-17 18:40:42,790 [INFO] DbBoards:157 - Kit is not supported: STEVAL-BFA001V1B
2023-05-17 18:40:42,792 [INFO] BoardInfo:880 - No configuration file found for board STEVAL-BFA001V2B
2023-05-17 18:40:42,792 [INFO] DbBoards:157 - Kit is not supported: STEVAL-BFA001V2B
2023-05-17 18:40:42,929 [INFO] DbBoards:161 - Found 187 boards, 184 are supported
2023-05-17 18:40:42,934 [INFO] ApiDb:668 - CubeFinder database Data Model version=2.1
2023-05-17 18:40:42,934 [INFO] ApiDb:669 - CubeFinder database Configuration version=3.0.35
2023-05-17 18:40:42,935 [INFO] ApiDb:670 - CubeFinder database generation date=2023-04-03 (1680511692)
2023-05-17 18:40:42,935 [INFO] ApiDb:671 - CubeFinder database FW Pack versions=[FP-ATR-ASTRA1_V2.0.0, STM32Cube_FW_C0_V1.0.1, STM32Cube_FW_F0_V1.11.4, STM32Cube_FW_F3_V1.11.4, STM32Cube_FW_F4_V1.27.1, STM32Cube_FW_F7_V1.17.0, STM32Cube_FW_G0_V1.6.1, STM32Cube_FW_G4_V1.5.1, STM32Cube_FW_H5_V0.5.1, STM32Cube_FW_H5_V1.0.0, STM32Cube_FW_H7_V1.11.0, STM32Cube_FW_L0_V1.12.2, STM32Cube_FW_L5_V1.5.0, STM32Cube_FW_U5_V1.2.0, STM32Cube_FW_WBA_V1.0.0, STM32Cube_FW_WBA_V1.0.0RC1, STM32Cube_FW_WBA_V1.0.0RC3, STM32Cube_FW_WB_V1.15.0RC1, STM32Cube_FW_WB_V1.16.0, STM32Cube_FW_WB_V1.16.0RC2, STM32Cube_FW_WL_V1.3.0, X-CUBE-ALGOBUILD_V1.3.0, X-CUBE-ALS_V1.0.1, X-CUBE-AZRTOS-F4_V1.1.0, X-CUBE-AZRTOS-F7_V1.1.0, X-CUBE-AZRTOS-G0_V1.1.0, X-CUBE-AZRTOS-G4_V1.0.0, X-CUBE-AZRTOS-H7_V3.0.0, X-CUBE-AZRTOS-L4_V1.0.0, X-CUBE-AZRTOS-L5_V1.1.0, X-CUBE-AZRTOS-WB_V1.1.0, X-CUBE-AZRTOS-WL_V1.0.0, X-CUBE-BLE1_V6.2.4, X-CUBE-BLE2_V3.3.0, X-CUBE-BLEMGR_V1.3.0, X-CUBE-EEPRMA1_V4.1.0, X-CUBE-FREERTOS_V1.0.1, X-CUBE-GNSS1_V6.0.0, X-CUBE-MEMS1_V9.1.0, X-CUBE-MEMS1_V9.4.0, X-CUBE-MEMS1_V9.5.0, X-CUBE-NFC4_V3.0.0, X-CUBE-NFC7_V1.0.0, X-CUBE-SFXS2LP1_V4.0.0, X-CUBE-SUBG2_V5.0.0]
2023-05-17 18:40:43,420 [WARN] PackLoader:240 - Cannot read IP mode file for STMicroelectronics.X-CUBE-GNSS1.6.0.0
2023-05-17 18:40:43,471 [WARN] PackLoader:240 - Cannot read IP mode file for STMicroelectronics.X-CUBE-AZRTOS-F4.1.1.0
2023-05-17 18:40:43,509 [WARN] PackLoader:240 - Cannot read IP mode file for STMicroelectronics.X-CUBE-SMBUS.2.1.0
2023-05-17 18:40:43,545 [WARN] PackLoader:240 - Cannot read IP mode file for STMicroelectronics.X-CUBE-AZRTOS-F7.1.1.0
2023-05-17 18:40:43,654 [WARN] PackLoader:240 - Cannot read IP mode file for STMicroelectronics.X-CUBE-MEMS1.9.6.0
2023-05-17 18:40:44,049 [ERROR] RealEvaluatedCondition:428 - Found unsupported composite condition: GROUP='STM32_MetaDataManager' CLASS='Data Exchange'
2023-05-17 18:40:44,049 [ERROR] RealEvaluatedCondition:428 - Found unsupported composite condition: CLASS='Data Exchange' GROUP='STM32_MetaDataManager'
2023-05-17 18:40:44,051 [WARN] PackLoader:240 - Cannot read IP mode file for STMicroelectronics.FP-SNS-MOTENV1.4.3.0
2023-05-17 18:40:44,082 [WARN] PackLoader:240 - Cannot read IP mode file for STMicroelectronics.FP-SNS-FLIGHT1.5.0.0
2023-05-17 18:40:44,091 [WARN] PackLoader:240 - Cannot read IP mode file for STMicroelectronics.X-CUBE-BLE1.6.2.4
2023-05-17 18:40:44,103 [WARN] PackLoader:240 - Cannot read IP mode file for emotas.I-CUBE-CANOPEN.1.1.3
2023-05-17 18:40:44,155 [WARN] PackLoader:240 - Cannot read IP mode file for STMicroelectronics.X-CUBE-BLEMGR.2.0.0
2023-05-17 18:40:44,207 [WARN] ConditionMgr:438 - getConditionDescription Invalid condition id : UX DEVICE CLASS RTOS Condition cause : null
2023-05-17 18:40:44,208 [WARN] ConditionMgr:438 - getConditionDescription Invalid condition id : UX DEVICE CLASS RTOS Condition cause : null
2023-05-17 18:40:44,212 [WARN] PackLoader:240 - Cannot read IP mode file for STMicroelectronics.X-CUBE-AZRTOS-H7.3.1.0
2023-05-17 18:40:44,214 [WARN] ConditionMgr:1039 - genDependencies : Invalid condition id : UX DEVICE CLASS RTOS Condition cause : null
2023-05-17 18:40:44,214 [WARN] ConditionMgr:1039 - genDependencies : Invalid condition id : UX DEVICE CLASS RTOS Condition cause : null
2023-05-17 18:40:44,215 [WARN] ConditionMgr:1039 - genDependencies : Invalid condition id : UX DEVICE CLASS RTOS Condition cause : null
2023-05-17 18:40:44,216 [WARN] ConditionMgr:1039 - genDependencies : Invalid condition id : UX DEVICE CLASS RTOS Condition cause : null
2023-05-17 18:40:44,216 [WARN] ConditionMgr:1039 - genDependencies : Invalid condition id : UX DEVICE CLASS RTOS Condition cause : null
2023-05-17 18:40:44,226 [WARN] PackLoader:240 - Cannot read IP mode file for STMicroelectronics.X-CUBE-DISPLAY.3.0.0
2023-05-17 18:40:44,238 [WARN] PackLoader:240 - Cannot read IP mode file for wolfSSL.I-CUBE-wolfSSL.5.5.4
2023-05-17 18:40:44,244 [WARN] PackLoader:240 - Cannot read IP mode file for STMicroelectronics.X-CUBE-NFC7.1.0.0
2023-05-17 18:40:44,253 [WARN] PackLoader:240 - Cannot read IP mode file for STMicroelectronics.X-CUBE-EEPRMA1.4.1.0
2023-05-17 18:40:44,263 [WARN] PackLoader:240 - Cannot read IP mode file for WES.I-CUBE-Cesium.1.3.0
2023-05-17 18:40:44,271 [WARN] PackLoader:240 - Cannot read IP mode file for STMicroelectronics.X-CUBE-SFXS2LP1.4.0.0
2023-05-17 18:40:44,278 [WARN] PackLoader:240 - Cannot read IP mode file for STMicroelectronics.X-CUBE-BLE2.3.3.0
2023-05-17 18:40:44,320 [WARN] PackLoader:240 - Cannot read IP mode file for STMicroelectronics.X-CUBE-AZRTOS-H7.3.0.0
2023-05-17 18:40:44,331 [WARN] PackLoader:240 - Cannot read IP mode file for STMicroelectronics.X-CUBE-ISPU.1.1.0
2023-05-17 18:40:44,341 [WARN] PackLoader:240 - Cannot read IP mode file for RoweBots.I-CUBE-UNISONRTOS.5.5.0-4
2023-05-17 18:40:44,346 [WARN] PackLoader:240 - Cannot read IP mode file for STMicroelectronics.X-CUBE-AI.8.0.0
2023-05-17 18:40:44,356 [WARN] PackLoader:240 - Cannot read IP mode file for STMicroelectronics.X-CUBE-FREERTOS.1.0.0
2023-05-17 18:40:44,363 [WARN] PackLoader:240 - Cannot read IP mode file for STMicroelectronics.X-CUBE-FREERTOS.1.0.1
2023-05-17 18:40:44,370 [WARN] PackLoader:240 - Cannot read IP mode file for STMicroelectronics.X-CUBE-TOUCHGFX.4.21.3
2023-05-17 18:40:44,374 [WARN] PackLoader:240 - Cannot read IP mode file for STMicroelectronics.X-CUBE-TOUCHGFX.4.21.4
2023-05-17 18:40:44,382 [WARN] PackLoader:240 - Cannot read IP mode file for STMicroelectronics.X-CUBE-ALGOBUILD.1.3.0
2023-05-17 18:40:44,537 [WARN] PackLoader:240 - Cannot read IP mode file for STMicroelectronics.X-CUBE-AZRTOS-L5.1.1.0
2023-05-17 18:40:44,558 [WARN] PackLoader:240 - Cannot read IP mode file for STMicroelectronics.X-CUBE-AZRTOS-G0.1.1.0
2023-05-17 18:40:44,564 [WARN] PackLoader:240 - Cannot read IP mode file for STMicroelectronics.X-CUBE-AI.8.0.1
2023-05-17 18:40:44,582 [WARN] PackLoader:240 - Cannot read IP mode file for STMicroelectronics.X-CUBE-SUBG2.5.0.0
2023-05-17 18:40:44,595 [WARN] PackLoader:240 - Cannot read IP mode file for STMicroelectronics.X-CUBE-NFC4.3.0.0
2023-05-17 18:40:44,614 [WARN] PackLoader:240 - Cannot read IP mode file for STMicroelectronics.X-CUBE-AZRTOS-G4.2.0.0
2023-05-17 18:40:44,630 [WARN] PackLoader:240 - Cannot read IP mode file for STMicroelectronics.X-CUBE-TOF1.3.3.0
2023-05-17 18:40:44,654 [WARN] PackLoader:240 - Cannot read IP mode file for STMicroelectronics.FP-ATR-ASTRA1.1.1.1
2023-05-17 18:40:44,668 [WARN] PackLoader:240 - Cannot read IP mode file for STMicroelectronics.X-CUBE-AZRTOS-G4.1.0.0
2023-05-17 18:40:44,675 [WARN] PackLoader:240 - Cannot read IP mode file for STMicroelectronics.FP-ATR-SIGFOX1.3.2.0
2023-05-17 18:40:44,701 [WARN] PackLoader:240 - Cannot read IP mode file for STMicroelectronics.X-CUBE-AZRTOS-L4.1.0.0
2023-05-17 18:40:44,717 [WARN] PackLoader:240 - Cannot read IP mode file for STMicroelectronics.X-CUBE-AZRTOS-WL.1.0.0
2023-05-17 18:40:44,743 [WARN] PackLoader:240 - Cannot read IP mode file for portGmbH.I-Cube-SoM-uGOAL.1.1.0
2023-05-17 18:40:44,766 [WARN] PackLoader:240 - Cannot read IP mode file for STMicroelectronics.X-CUBE-ALS.1.0.1
2023-05-17 18:40:44,835 [WARN] PackLoader:240 - Cannot read IP mode file for STMicroelectronics.X-CUBE-MEMS1.9.5.0
2023-05-17 18:40:45,222 [WARN] PackLoader:240 - Cannot read IP mode file for STMicroelectronics.X-CUBE-AZRTOS-WB.1.1.0
2023-05-17 18:40:45,321 [WARN] PackLoader:240 - Cannot read IP mode file for SEGGER.I-CUBE-embOS.1.3.1
2023-05-17 18:40:45,386 [WARN] PackLoader:240 - Cannot read IP mode file for STMicroelectronics.FP-ATR-ASTRA1.2.0.0
2023-05-17 18:40:45,387 [INFO] ThirdParty:978 - Integrity check success = true
2023-05-17 18:40:45,387 [INFO] IntegrityCheckThread:100 - exiting critical section [integrity check]
2023-05-17 18:40:45,387 [INFO] IntegrityCheckThread:103 - End integrity checks thread
2023-05-17 18:40:46,355 [INFO] ApiDb:240 - Found 297 in-development CPN: [B-G473E-ZEST1S, B-WB1M-WPAN1, B-WL5M-SUBG1, NUCLEO-C031C6, NUCLEO-H503RB, NUCLEO-H563ZI, NUCLEO-U545RE-Q, NUCLEO-U5A5ZJ-Q, NUCLEO-WBA52CG, STEVAL-PROTEUS1, STEVAL-STWINBX1, STM320518-EVAL, STM32C0116-DK, STM32C011D6Y3TR, STM32C011D6Y6TR, STM32C011F4P3, STM32C011F4P6, STM32C011F4U3, STM32C011F4U6TR, STM32C011F6P3, STM32C011F6P6, STM32C011F6U3, STM32C011F6U6TR, STM32C011J4M3, STM32C011J4M6, STM32C011J6M3, STM32C011J6M6, STM32C0316-DK, STM32C031C4T3, STM32C031C4T6, STM32C031C4U3, STM32C031C4U6, STM32C031C6T3, STM32C031C6T6, STM32C031C6U3, STM32C031C6U6, STM32C031F4P3, STM32C031F4P6, STM32C031F6P3, STM32C031F6P6, STM32C031G4U3, STM32C031G4U6, STM32C031G6U3, STM32C031G6U6, STM32C031K4T3, STM32C031K4T6, STM32C031K4U3, STM32C031K4U6, STM32C031K6T3, STM32C031K6T6, STM32C031K6U3, STM32C031K6U6, STM32G071K8TXN, STM32G071K8UXN, STM32G081GBU6N, STM32G081KBT6N, STM32G081KBUXN, STM32G0B1CCT6N, STM32G0B1KCT6, STM32G0B1NEY6TR, STM32G0B1RCT6N, STM32G0C1CCT6, STM32G0C1CCT6N, STM32G0C1CCU6N, STM32G0C1CET6N, STM32G0C1CEU6N, STM32G0C1KCT6, STM32G0C1NEY6TR, STM32G0C1RCI6N, STM32G0C1RCT6N, STM32G0C1REI6N, STM32G0C1RET6N, STM32G0C1VCI6, STM32G0C1VEI6, STM32G471CCT6, STM32G471CCU6, STM32G471CET3, STM32G471CET6, STM32G471CEU3, STM32G471CEU6, STM32G471MCT6, STM32G471MET3, STM32G471MET6, STM32G471MEY6TR, STM32G471QCT6, STM32G471QET3, STM32G471RCT6, STM32G471RET3, STM32G471RET6, STM32G471VCH6, STM32G471VCI6, STM32G471VCT6, STM32G471VEH3, STM32G471VEH6, STM32G471VEI3, STM32G471VEI6, STM32G471VET3, STM32G471VET6, STM32G474CCT6, STM32H503CBT6, STM32H503CBU6, STM32H503EBY6TR, STM32H503KBU6, STM32H503RBT6, STM32H562AGI6, STM32H562AII6, STM32H562IGK6, STM32H562IGT6, STM32H562IIK6, STM32H562IIT6, STM32H562RGT6, STM32H562RGV6, STM32H562RIT6, STM32H562RIV6, STM32H562VGT6, STM32H562VIT6, STM32H562ZGT6, STM32H562ZIT6, STM32H563AGI6, STM32H563AII3Q, STM32H563AII6, STM32H563IGK6, STM32H563IGT6, STM32H563IIK3Q, STM32H563IIK6, STM32H563IIT3Q, STM32H563IIT6, STM32H563MIY3QTR, STM32H563RGT6, STM32H563RGV6, STM32H563RIT6, STM32H563RIV6, STM32H563VGT6, STM32H563VIT3Q, STM32H563VIT6, STM32H563ZGT6, STM32H563ZIT3Q, STM32H563ZIT6, STM32H573AII3Q, STM32H573AII6, STM32H573I-DK, STM32H573IIK3Q, STM32H573IIK6, STM32H573IIT3Q, STM32H573IIT6, STM32H573MIY3QTR, STM32H573RIT6, STM32H573RIV6, STM32H573VIT3Q, STM32H573VIT6, STM32H573ZIT3Q, STM32H573ZIT6, STM32L4R5QGI6STR, STM32MP131AAE3, STM32MP131AAF3, STM32MP131AAG3, STM32MP131CAE3, STM32MP131CAF3, STM32MP131CAG3, STM32MP131DAE7, STM32MP131DAF7, STM32MP131DAG7, STM32MP131FAE7, STM32MP131FAF7, STM32MP131FAG7, STM32MP133AAE3, STM32MP133AAF3, STM32MP133AAG3, STM32MP133CAE3, STM32MP133CAF3, STM32MP133CAG3, STM32MP133DAE7, STM32MP133DAF7, STM32MP133DAG7, STM32MP133FAE7, STM32MP133FAF7, STM32MP133FAG7, STM32MP135AAE3, STM32MP135AAF3, STM32MP135AAG3, STM32MP135CAE3, STM32MP135CAF3, STM32MP135CAG3, STM32MP135DAE7, STM32MP135DAF7, STM32MP135DAG7, STM32MP135F-DK, STM32MP135FAE7, STM32MP135FAF7, STM32MP135FAF7T, STM32MP135FAF7U, STM32MP135FAG7, STM32U535CBT6, STM32U535CBT6Q, STM32U535CBU6, STM32U535CBU6Q, STM32U535CCT6, STM32U535CCT6Q, STM32U535CCU6, STM32U535CCU6Q, STM32U535CET6, STM32U535CET6Q, STM32U535CEU6, STM32U535CEU6Q, STM32U535JEY6QTR, STM32U535NCY6QTR, STM32U535NEY6QTR, STM32U535RBI6, STM32U535RBI6Q, STM32U535RBT6, STM32U535RBT6Q, STM32U535RCI6, STM32U535RCI6Q, STM32U535RCT6, STM32U535RCT6Q, STM32U535REI6, STM32U535REI6Q, STM32U535RET6, STM32U535RET6Q, STM32U535VCI6, STM32U535VCI6Q, STM32U535VCT6, STM32U535VCT6Q, STM32U535VEI6, STM32U535VEI6Q, STM32U535VET6, STM32U535VET6Q, STM32U545CET6, STM32U545CET6Q, STM32U545CEU6, STM32U545CEU6Q, STM32U545JEY6QTR, STM32U545NEY6QTR, STM32U545REI6, STM32U545REI6Q, STM32U545RET6, STM32U545RET6Q, STM32U545VEI6, STM32U545VEI6Q, STM32U545VET6, STM32U545VET6Q, STM32U595AIH6, STM32U595AIH6Q, STM32U595AJH6, STM32U595AJH6Q, STM32U595QII6, STM32U595QII6Q, STM32U595QJI6, STM32U595QJI6Q, STM32U595RIT6, STM32U595RIT6Q, STM32U595RJT6, STM32U595RJT6Q, STM32U595VIT6, STM32U595VIT6Q, STM32U595VJT6, STM32U595VJT6Q, STM32U595ZIT6, STM32U595ZIT6Q, STM32U595ZIY6QTR, STM32U595ZJT6, STM32U595ZJT6Q, STM32U595ZJY6QTR, STM32U599BJY6QTR, STM32U599NIH6Q, STM32U599NJH6Q, STM32U599VIT6Q, STM32U599VJT6, STM32U599VJT6Q, STM32U599ZIT6Q, STM32U599ZIY6QTR, STM32U599ZJT6Q, STM32U599ZJY6QTR, STM32U5A5AJH6, STM32U5A5AJH6Q, STM32U5A5QJI6, STM32U5A5QJI6Q, STM32U5A5RJT6, STM32U5A5RJT6Q, STM32U5A5VJT6, STM32U5A5VJT6Q, STM32U5A5ZJT6, STM32U5A5ZJT6Q, STM32U5A5ZJY6QTR, STM32U5A9BJY6QTR, STM32U5A9J-DK, STM32U5A9NJH6Q, STM32U5A9VJT6Q, STM32U5A9ZJT6Q, STM32U5A9ZJY6QTR, STM32WB1MMCH6, STM32WBA52CEU6, STM32WBA52CEU6T, STM32WBA52CGU6, STM32WBA52CGU6T, STM32WL5MOCH6, STM32WL5MOCH6TR]
2023-05-17 18:40:46,362 [INFO] DbMcus:216 - Found 3775 MCUs, 3775 are supported
2023-05-17 18:40:46,365 [INFO] ApiDb:423 - Load user favorites file C:\Users\Utente/.stm32cubeide/favorites.mcus.txt: 1 item(s)
2023-05-17 18:40:46,365 [INFO] ApiDb:427 - User favorites MCUs=[STM32F303VCT6]
2023-05-17 18:40:46,365 [INFO] DbMcus:222 - Set 1 / 1 favorites MCUs
2023-05-17 18:40:46,675 [INFO] ApiDb:423 - Load user favorites file C:\Users\Utente/.stm32cubeide/favorites.boards.txt: 0 item(s)
2023-05-17 18:40:46,675 [INFO] ApiDb:427 - User favorites Boards=[]
2023-05-17 18:40:46,676 [INFO] DbBoards:190 - Set 0 / 0 favorites Boards
2023-05-17 18:40:46,676 [INFO] McuFinderGlobals:66 - Set McuFinderConnectedMode to true
2023-05-17 18:40:46,685 [INFO] MultiScanPanel:200 - Auto-refresh data requested => check proxy status ongoing
2023-05-17 18:40:46,688 [INFO] FinderPluginLoader:95 - Searching for filters in installed packs
2023-05-17 18:40:48,602 [INFO] LoadUrlFilesThread:185 - End of LoadServerUrlFiles without Thread
2023-05-17 18:40:48,615 [INFO] DetailPanel:341 - Set advertising image to C:/Users/Utente/STM32Cube/Repository/\en.prom-stm32h5-mcu-finder.jpg
2023-05-17 18:41:08,285 [INFO] MainUpdater:2854 - connection check result : 10
2023-05-17 18:41:08,285 [INFO] MainUpdater:2854 - connection check result : 10
2023-05-17 18:41:08,308 [INFO] MicroXplorer:468 - Change Database Path : 
2023-05-17 18:41:08,308 [INFO] MicroXplorer:498 - Change Database Version : DB.6.0.80
2023-05-17 18:41:08,309 [WARN] ThirdParty:871 - waiting for thirdparty lock release [close project]
2023-05-17 18:41:08,310 [INFO] ThirdParty:873 - entering critical section [close project]
2023-05-17 18:41:08,311 [INFO] ThirdParty:883 - exiting critical section [close project]
2023-05-17 18:41:08,315 [INFO] PinOutPanel:1499 - setPackage(No Configuration,No Configuration)
2023-05-17 18:41:08,320 [INFO] UtilMem:75 - Begin LoadConfig() Used Memory: 492240464 Bytes (636485632)
2023-05-17 18:41:08,323 [INFO] MicroXplorer:468 - Change Database Path : 
2023-05-17 18:41:08,323 [INFO] MicroXplorer:498 - Change Database Version : DB.6.0.80
2023-05-17 18:41:08,323 [INFO] OpenFileManager:308 - Change cursor
2023-05-17 18:41:08,371 [INFO] Mcu:1937 - Initializing MCU STM32F303VCTx STM32F303VCTx 
2023-05-17 18:41:08,373 [INFO] Mcu:1950 - No CPN specified => set CPN to STM32F303VCT6
2023-05-17 18:41:10,986 [INFO] Context:659 - Trying to add GPIOservice into a context  which must be forbidden
2023-05-17 18:41:12,058 [INFO] ImportTextPane:194 - (OptionalMessage_ERROR) Unable to find key (Mcu.ThirdPartyNb) in loaded IOC file
2023-05-17 18:41:12,058 [INFO] ImportTextPane:194 - (OptionalMessage_ERROR) Unable to find key (Mcu.PinsNb) in loaded IOC file
2023-05-17 18:41:12,058 [INFO] ImportTextPane:194 - (OptionalMessage_ERROR) Unable to find key (Mcu.IPNb) in loaded IOC file
2023-05-17 18:41:12,520 [INFO] RtosManager:555 - Registered RTOS mode: class=CMSIS, group=RTOS, mode=CMSIS_V1, owner=FREERTOS
2023-05-17 18:41:12,521 [INFO] RtosManager:555 - Registered RTOS mode: class=CMSIS, group=RTOS2, mode=CMSIS_V2, owner=FREERTOS
2023-05-17 18:41:12,521 [INFO] RtosManager:555 - Registered RTOS mode: class=RTOS, group=Core, mode=CMSIS_V1, owner=FREERTOS
2023-05-17 18:41:12,521 [INFO] RtosManager:555 - Registered RTOS mode: class=RTOS, group=Core, mode=CMSIS_V2, owner=FREERTOS
2023-05-17 18:41:12,522 [WARN] ModelIntegratedComponent:184 - Missing modes for component STMicroelectronics:FreeRTOS:0.0.1:STMicroelectronics:RTOS:FreeRTOS:Core:::10.2.0:
2023-05-17 18:41:12,560 [WARN] ModelIntegratedComponent:63 - No mode defined for component null
2023-05-17 18:41:12,560 [WARN] ModelIntegratedComponent:63 - No mode defined for component null
2023-05-17 18:41:12,560 [WARN] ModelIntegratedComponent:63 - No mode defined for component null
2023-05-17 18:41:12,560 [WARN] ModelIntegratedComponent:63 - No mode defined for component null
2023-05-17 18:41:12,560 [WARN] ModelIntegratedComponent:63 - No mode defined for component null
2023-05-17 18:41:12,560 [WARN] ModelIntegratedComponent:63 - No mode defined for component null
2023-05-17 18:41:12,560 [WARN] ModelIntegratedComponent:63 - No mode defined for component null
2023-05-17 18:41:12,560 [WARN] ModelIntegratedComponent:63 - No mode defined for component null
2023-05-17 18:41:12,560 [WARN] ModelIntegratedComponent:63 - No mode defined for component null
2023-05-17 18:41:12,560 [WARN] ModelIntegratedComponent:63 - No mode defined for component null
2023-05-17 18:41:12,560 [WARN] ModelIntegratedComponent:63 - No mode defined for component null
2023-05-17 18:41:12,560 [WARN] ModelIntegratedComponent:63 - No mode defined for component null
2023-05-17 18:41:12,560 [WARN] ModelIntegratedComponent:63 - No mode defined for component null
2023-05-17 18:41:12,560 [WARN] ModelIntegratedComponent:63 - No mode defined for component null
2023-05-17 18:41:12,560 [WARN] ModelIntegratedComponent:63 - No mode defined for component null
2023-05-17 18:41:12,560 [WARN] ModelIntegratedComponent:63 - No mode defined for component null
2023-05-17 18:41:12,560 [WARN] ModelIntegratedComponent:63 - No mode defined for component null
2023-05-17 18:41:12,560 [WARN] ModelIntegratedComponent:63 - No mode defined for component null
2023-05-17 18:41:12,561 [WARN] ModelIntegratedComponent:63 - No mode defined for component null
2023-05-17 18:41:12,562 [WARN] ModelIntegratedComponent:63 - No mode defined for component null
2023-05-17 18:41:12,562 [WARN] ModelIntegratedComponent:63 - No mode defined for component null
2023-05-17 18:41:12,562 [WARN] ModelIntegratedComponent:63 - No mode defined for component null
2023-05-17 18:41:12,562 [WARN] ModelIntegratedComponent:63 - No mode defined for component null
2023-05-17 18:41:12,562 [WARN] ModelIntegratedComponent:63 - No mode defined for component null
2023-05-17 18:41:12,562 [WARN] ModelIntegratedComponent:63 - No mode defined for component null
2023-05-17 18:41:12,563 [WARN] ModelIntegratedComponent:63 - No mode defined for component null
2023-05-17 18:41:12,563 [WARN] ModelIntegratedComponent:63 - No mode defined for component null
2023-05-17 18:41:12,563 [WARN] ModelIntegratedComponent:63 - No mode defined for component null
2023-05-17 18:41:12,563 [WARN] ModelIntegratedComponent:63 - No mode defined for component null
2023-05-17 18:41:12,563 [WARN] ModelIntegratedComponent:63 - No mode defined for component null
2023-05-17 18:41:12,563 [WARN] ModelIntegratedComponent:63 - No mode defined for component null
2023-05-17 18:41:12,563 [WARN] ModelIntegratedComponent:63 - No mode defined for component null
2023-05-17 18:41:12,563 [WARN] ModelIntegratedComponent:63 - No mode defined for component null
2023-05-17 18:41:12,714 [INFO] ThirdPartyModel:298 - Start build external matchings
2023-05-17 18:41:14,016 [INFO] ThirdPartyModel:316 - End build external matchings
2023-05-17 18:41:14,828 [INFO] UtilMem:75 - End LoadConfig() Used Memory: 516243656 Bytes (636485632)
2023-05-17 18:41:14,847 [WARN] ThirdParty:833 - waiting for thirdparty lock release [change project]
2023-05-17 18:41:14,848 [INFO] ThirdParty:835 - entering critical section [change project]
2023-05-17 18:41:14,848 [INFO] ThirdParty:1030 - CMSIS Pack Vendor :STMicroelectronics X-CUBE-ISPU 1.1.0
2023-05-17 18:41:14,848 [INFO] ThirdParty:1030 - CMSIS Pack Vendor :RoweBots I-CUBE-UNISONRTOS 5.5.0-4
2023-05-17 18:41:14,848 [INFO] ThirdParty:1030 - CMSIS Pack Vendor :STMicroelectronics X-CUBE-GNSS1 6.0.0
2023-05-17 18:41:14,848 [INFO] ThirdParty:1030 - CMSIS Pack Vendor :STMicroelectronics USB_HOST 2.0.0
2023-05-17 18:41:14,848 [INFO] ThirdParty:1030 - CMSIS Pack Vendor :STMicroelectronics X-CUBE-AZRTOS-F4 1.1.0
2023-05-17 18:41:14,848 [INFO] ThirdParty:1030 - CMSIS Pack Vendor :STMicroelectronics LIBJPEG 8.0.0
2023-05-17 18:41:14,848 [INFO] ThirdParty:1030 - CMSIS Pack Vendor :STMicroelectronics X-CUBE-SMBUS 2.1.0
2023-05-17 18:41:14,848 [INFO] ThirdParty:1030 - CMSIS Pack Vendor :STMicroelectronics USB_DEVICE 3.0.0
2023-05-17 18:41:14,849 [INFO] ThirdParty:1030 - CMSIS Pack Vendor :STMicroelectronics X-CUBE-AI 8.0.0
2023-05-17 18:41:14,849 [INFO] ThirdParty:1030 - CMSIS Pack Vendor :STMicroelectronics X-CUBE-FREERTOS 1.0.0
2023-05-17 18:41:14,849 [INFO] ThirdParty:1030 - CMSIS Pack Vendor :STMicroelectronics X-CUBE-FREERTOS 1.0.1
2023-05-17 18:41:14,849 [INFO] ThirdParty:1030 - CMSIS Pack Vendor :STMicroelectronics X-CUBE-TOUCHGFX 4.21.3
2023-05-17 18:41:14,849 [INFO] ThirdParty:1030 - CMSIS Pack Vendor :STMicroelectronics X-CUBE-AZRTOS-F7 1.1.0
2023-05-17 18:41:14,849 [INFO] ThirdParty:1030 - CMSIS Pack Vendor :STMicroelectronics X-CUBE-TOUCHGFX 4.21.4
2023-05-17 18:41:14,849 [INFO] ThirdParty:1030 - CMSIS Pack Vendor :STMicroelectronics USB_DEVICE 2.0.0
2023-05-17 18:41:14,849 [INFO] ThirdParty:1030 - CMSIS Pack Vendor :STMicroelectronics X-CUBE-MEMS1 9.6.0
2023-05-17 18:41:14,849 [INFO] ThirdParty:1030 - CMSIS Pack Vendor :STMicroelectronics FP-SNS-MOTENV1 4.3.0
2023-05-17 18:41:14,849 [INFO] ThirdParty:1030 - CMSIS Pack Vendor :STMicroelectronics FP-SNS-FLIGHT1 5.0.0
2023-05-17 18:41:14,850 [INFO] ThirdParty:1030 - CMSIS Pack Vendor :STMicroelectronics X-CUBE-ALGOBUILD 1.3.0
2023-05-17 18:41:14,851 [INFO] ThirdParty:1030 - CMSIS Pack Vendor :STMicroelectronics X-CUBE-BLE1 6.2.4
2023-05-17 18:41:14,851 [INFO] ThirdParty:1030 - CMSIS Pack Vendor :STMicroelectronics X-CUBE-AZRTOS-L5 1.1.0
2023-05-17 18:41:14,851 [INFO] ThirdParty:1030 - CMSIS Pack Vendor :STMicroelectronics FreeRTOS 0.0.1
2023-05-17 18:41:14,851 [INFO] ThirdParty:1030 - CMSIS Pack Vendor :emotas I-CUBE-CANOPEN 1.1.3
2023-05-17 18:41:14,851 [INFO] ThirdParty:1030 - CMSIS Pack Vendor :STMicroelectronics X-CUBE-AZRTOS-G0 1.1.0
2023-05-17 18:41:14,851 [INFO] ThirdParty:1030 - CMSIS Pack Vendor :STMicroelectronics X-CUBE-BLEMGR 2.0.0
2023-05-17 18:41:14,851 [INFO] ThirdParty:1030 - CMSIS Pack Vendor :STMicroelectronics X-CUBE-AI 8.0.1
2023-05-17 18:41:14,851 [INFO] ThirdParty:1030 - CMSIS Pack Vendor :STMicroelectronics X-CUBE-SUBG2 5.0.0
2023-05-17 18:41:14,851 [INFO] ThirdParty:1030 - CMSIS Pack Vendor :STMicroelectronics X-CUBE-NFC4 3.0.0
2023-05-17 18:41:14,852 [INFO] ThirdParty:1030 - CMSIS Pack Vendor :STMicroelectronics STM32_WPAN 1.0.0
2023-05-17 18:41:14,852 [INFO] ThirdParty:1030 - CMSIS Pack Vendor :STMicroelectronics lwIP 2.0.3
2023-05-17 18:41:14,852 [INFO] ThirdParty:1030 - CMSIS Pack Vendor :STMicroelectronics USB_HOST 1.0.0
2023-05-17 18:41:14,852 [INFO] ThirdParty:1030 - CMSIS Pack Vendor :STMicroelectronics X-CUBE-AZRTOS-G4 2.0.0
2023-05-17 18:41:14,852 [INFO] ThirdParty:1030 - CMSIS Pack Vendor :STMicroelectronics PDM2PCM 3.1.0
2023-05-17 18:41:14,852 [INFO] ThirdParty:1030 - CMSIS Pack Vendor :STMicroelectronics X-CUBE-AZRTOS-H7 3.1.0
2023-05-17 18:41:14,852 [INFO] ThirdParty:1030 - CMSIS Pack Vendor :STMicroelectronics X-CUBE-TOF1 3.3.0
2023-05-17 18:41:14,852 [INFO] ThirdParty:1030 - CMSIS Pack Vendor :STMicroelectronics FP-ATR-ASTRA1 1.1.1
2023-05-17 18:41:14,853 [INFO] ThirdParty:1030 - CMSIS Pack Vendor :STMicroelectronics PDM2PCM 3.3.0
2023-05-17 18:41:14,853 [INFO] ThirdParty:1030 - CMSIS Pack Vendor :STMicroelectronics X-CUBE-DISPLAY 3.0.0
2023-05-17 18:41:14,853 [INFO] ThirdParty:1030 - CMSIS Pack Vendor :STMicroelectronics X-CUBE-AZRTOS-G4 1.0.0
2023-05-17 18:41:14,853 [INFO] ThirdParty:1030 - CMSIS Pack Vendor :STMicroelectronics FP-ATR-SIGFOX1 3.2.0
2023-05-17 18:41:14,854 [INFO] ThirdParty:1030 - CMSIS Pack Vendor :wolfSSL I-CUBE-wolfSSL 5.5.4
2023-05-17 18:41:14,855 [INFO] ThirdParty:1030 - CMSIS Pack Vendor :STMicroelectronics X-CUBE-AZRTOS-L4 1.0.0
2023-05-17 18:41:14,855 [INFO] ThirdParty:1030 - CMSIS Pack Vendor :STMicroelectronics HAL Drivers 0.0.0
2023-05-17 18:41:14,855 [INFO] ThirdParty:1030 - CMSIS Pack Vendor :STMicroelectronics MBEDTLS 2.16.2
2023-05-17 18:41:14,855 [INFO] ThirdParty:1030 - CMSIS Pack Vendor :STMicroelectronics MBEDTLS 2.14.1
2023-05-17 18:41:14,855 [INFO] ThirdParty:1030 - CMSIS Pack Vendor :STMicroelectronics X-CUBE-NFC7 1.0.0
2023-05-17 18:41:14,855 [INFO] ThirdParty:1030 - CMSIS Pack Vendor :STMicroelectronics X-CUBE-AZRTOS-WL 1.0.0
2023-05-17 18:41:14,855 [INFO] ThirdParty:1030 - CMSIS Pack Vendor :STMicroelectronics X-CUBE-EEPRMA1 4.1.0
2023-05-17 18:41:14,855 [INFO] ThirdParty:1030 - CMSIS Pack Vendor :portGmbH I-Cube-SoM-uGOAL 1.1.0
2023-05-17 18:41:14,855 [INFO] ThirdParty:1030 - CMSIS Pack Vendor :STMicroelectronics X-CUBE-ALS 1.0.1
2023-05-17 18:41:14,856 [INFO] ThirdParty:1030 - CMSIS Pack Vendor :STMicroelectronics X-CUBE-MEMS1 9.5.0
2023-05-17 18:41:14,856 [INFO] ThirdParty:1030 - CMSIS Pack Vendor :STMicroelectronics ThreadX 1.0.0
2023-05-17 18:41:14,856 [INFO] ThirdParty:1030 - CMSIS Pack Vendor :STMicroelectronics X-CUBE-AZRTOS-WB 1.1.0
2023-05-17 18:41:14,856 [INFO] ThirdParty:1030 - CMSIS Pack Vendor :SEGGER I-CUBE-embOS 1.3.1
2023-05-17 18:41:14,857 [INFO] ThirdParty:1030 - CMSIS Pack Vendor :STMicroelectronics USB_DEVICE 1.0.0
2023-05-17 18:41:14,857 [INFO] ThirdParty:1030 - CMSIS Pack Vendor :STMicroelectronics ThreadX 0.0.2
2023-05-17 18:41:14,857 [INFO] ThirdParty:1030 - CMSIS Pack Vendor :WES I-CUBE-Cesium 1.3.0
2023-05-17 18:41:14,857 [INFO] ThirdParty:1030 - CMSIS Pack Vendor :STMicroelectronics FP-ATR-ASTRA1 2.0.0
2023-05-17 18:41:14,858 [INFO] ThirdParty:1030 - CMSIS Pack Vendor :STMicroelectronics lwIP 2.1.2
2023-05-17 18:41:14,858 [INFO] ThirdParty:1030 - CMSIS Pack Vendor :STMicroelectronics X-CUBE-SFXS2LP1 4.0.0
2023-05-17 18:41:14,858 [INFO] ThirdParty:1030 - CMSIS Pack Vendor :STMicroelectronics X-CUBE-BLE2 3.3.0
2023-05-17 18:41:14,858 [INFO] ThirdParty:1030 - CMSIS Pack Vendor :STMicroelectronics PDM2PCM 3.2.0
2023-05-17 18:41:14,858 [INFO] ThirdParty:1030 - CMSIS Pack Vendor :STMicroelectronics X-CUBE-AZRTOS-H7 3.0.0
2023-05-17 18:41:14,858 [INFO] ThirdParty:841 - exiting critical section [change project]
2023-05-17 18:41:16,139 [INFO] PinOutPanel:1499 - setPackage(No Configuration,No Configuration)
2023-05-17 18:41:16,142 [INFO] PinOutPanel:1499 - setPackage(STM32F303VCTx,LQFP100)
2023-05-17 18:41:17,538 [INFO] UtilMem:75 - Before build in PCC Used Memory: 438050496 Bytes (636485632)
2023-05-17 18:41:18,949 [INFO] UtilMem:75 - After build in PCC Used Memory: 473420784 Bytes (636485632)
2023-05-17 18:41:19,030 [INFO] IPUIPlugin:80 - create IPUIPlugin
2023-05-17 18:41:19,030 [INFO] IPUIPlugin:80 - create IPUIPlugin
2023-05-17 18:41:19,030 [INFO] IPUIPlugin:80 - create IPUIPlugin
2023-05-17 18:41:19,030 [INFO] IPUIPlugin:80 - create IPUIPlugin
2023-05-17 18:41:19,030 [INFO] IPUIPlugin:80 - create IPUIPlugin
2023-05-17 18:41:19,030 [INFO] IPUIPlugin:80 - create IPUIPlugin
2023-05-17 18:41:19,030 [INFO] IPUIPlugin:80 - create IPUIPlugin
2023-05-17 18:41:19,030 [INFO] IPUIPlugin:80 - create IPUIPlugin
2023-05-17 18:41:19,030 [INFO] IPUIPlugin:80 - create IPUIPlugin
2023-05-17 18:41:19,030 [INFO] IPUIPlugin:80 - create IPUIPlugin
2023-05-17 18:41:19,030 [INFO] IPUIPlugin:80 - create IPUIPlugin
2023-05-17 18:41:19,030 [INFO] IPUIPlugin:80 - create IPUIPlugin
2023-05-17 18:41:19,030 [INFO] IPUIPlugin:80 - create IPUIPlugin
2023-05-17 18:41:19,030 [INFO] IPUIPlugin:80 - create IPUIPlugin
2023-05-17 18:41:19,030 [INFO] IPUIPlugin:80 - create IPUIPlugin
2023-05-17 18:41:19,030 [INFO] IPUIPlugin:80 - create IPUIPlugin
2023-05-17 18:41:19,030 [INFO] IPUIPlugin:80 - create IPUIPlugin
2023-05-17 18:41:19,030 [INFO] IPUIPlugin:80 - create IPUIPlugin
2023-05-17 18:41:19,030 [INFO] IPUIPlugin:80 - create IPUIPlugin
2023-05-17 18:41:19,030 [INFO] IPUIPlugin:80 - create IPUIPlugin
2023-05-17 18:41:19,030 [INFO] IPUIPlugin:80 - create IPUIPlugin
2023-05-17 18:41:19,030 [INFO] IPUIPlugin:80 - create IPUIPlugin
2023-05-17 18:41:19,030 [INFO] IPUIPlugin:80 - create IPUIPlugin
2023-05-17 18:41:19,030 [INFO] IPUIPlugin:80 - create IPUIPlugin
2023-05-17 18:41:19,030 [INFO] IPUIPlugin:80 - create IPUIPlugin
2023-05-17 18:41:19,030 [INFO] IPUIPlugin:80 - create IPUIPlugin
2023-05-17 18:41:19,030 [INFO] IPUIPlugin:80 - create IPUIPlugin
2023-05-17 18:41:19,030 [INFO] IPUIPlugin:80 - create IPUIPlugin
2023-05-17 18:41:19,030 [INFO] IPUIPlugin:80 - create IPUIPlugin
2023-05-17 18:41:19,040 [INFO] IPUIPlugin:80 - create IPUIPlugin
2023-05-17 18:41:19,040 [INFO] IPUIPlugin:80 - create IPUIPlugin
2023-05-17 18:41:19,041 [INFO] IPUIPlugin:80 - create IPUIPlugin
2023-05-17 18:41:19,041 [INFO] IPUIPlugin:80 - create IPUIPlugin
2023-05-17 18:41:19,041 [INFO] IPUIPlugin:80 - create IPUIPlugin
2023-05-17 18:41:19,043 [INFO] IPUIPlugin:80 - create IPUIPlugin
2023-05-17 18:41:19,044 [INFO] IPUIPlugin:80 - create IPUIPlugin
2023-05-17 18:41:19,044 [INFO] IPUIPlugin:80 - create IPUIPlugin
2023-05-17 18:41:19,044 [INFO] IPUIPlugin:80 - create IPUIPlugin
2023-05-17 18:41:19,044 [INFO] IPUIPlugin:80 - create IPUIPlugin
2023-05-17 18:41:19,044 [INFO] IPUIPlugin:80 - create IPUIPlugin
2023-05-17 18:41:19,044 [INFO] IPUIPlugin:80 - create IPUIPlugin
2023-05-17 18:41:19,044 [INFO] IPUIPlugin:80 - create IPUIPlugin
2023-05-17 18:41:19,044 [INFO] IPUIPlugin:80 - create IPUIPlugin
2023-05-17 18:41:19,044 [INFO] IPUIPlugin:80 - create IPUIPlugin
2023-05-17 18:41:19,044 [INFO] IPUIPlugin:80 - create IPUIPlugin
2023-05-17 18:41:19,044 [INFO] IPUIPlugin:80 - create IPUIPlugin
2023-05-17 18:41:19,044 [INFO] IPUIPlugin:80 - create IPUIPlugin
2023-05-17 18:41:19,044 [INFO] IPUIPlugin:80 - create IPUIPlugin
2023-05-17 18:41:19,044 [INFO] IPUIPlugin:80 - create IPUIPlugin
2023-05-17 18:41:19,044 [INFO] IPUIPlugin:80 - create IPUIPlugin
2023-05-17 18:41:19,044 [INFO] IPUIPlugin:80 - create IPUIPlugin
2023-05-17 18:41:19,044 [INFO] IPUIPlugin:80 - create IPUIPlugin
2023-05-17 18:41:19,044 [INFO] IPUIPlugin:80 - create IPUIPlugin
2023-05-17 18:41:19,044 [INFO] IPUIPlugin:80 - create IPUIPlugin
2023-05-17 18:41:19,044 [INFO] IPUIPlugin:80 - create IPUIPlugin
2023-05-17 18:41:19,356 [INFO] CADModel:165 - CPN selected for project levelSTM32F303VCT6
2023-05-17 18:41:19,357 [INFO] CADModel:114 - Register for checkConnection events
2023-05-17 18:41:19,399 [INFO] OpenFileManager:328 - Restore cursor
2023-05-17 18:41:20,693 [INFO] UtilMem:75 - End SaveConfig() Used Memory: 536540336 Bytes (636485632)
2023-05-17 18:41:20,851 [INFO] UtilMem:75 - End SaveConfig() Used Memory: 446245240 Bytes (636485632)
2023-05-17 18:41:21,902 [INFO] BlockDiagram:2759 - set Specific Code input for plugin: RCC
2023-05-17 18:41:21,902 [INFO] BlockDiagram:2759 - set Specific Code input for plugin: NVIC
2023-05-17 18:41:21,907 [INFO] CodeGenerator:793 - code generatio: config db path: C:\ST\STM32CubeIDE_1.12.0\STM32CubeIDE\plugins\com.st.stm32cube.common.mx_6.8.0.202302231600\\db\
2023-05-17 18:41:22,830 [INFO] CodeEngine:255 - oldGeneratedFile, C:\Users\Utente\Desktop\CSD\Schedino\WorkSpace\Esercizio5\usart\MXTmpFiles\license.tmp_save
2023-05-17 18:41:23,686 [INFO] CodeEngine:279 - Generated code: C:\Users\Utente\Desktop\CSD\Schedino\WorkSpace\Esercizio5\usart\MXTmpFiles\license.tmp
2023-05-17 18:41:23,725 [INFO] CodeEngine:255 - oldGeneratedFile, C:\Users\Utente\Desktop\CSD\Schedino\WorkSpace\Esercizio5\usart\Core\Src\stm32f3xx_it.c_save
2023-05-17 18:41:24,125 [INFO] CodeEngine:279 - Generated code: C:\Users\Utente\Desktop\CSD\Schedino\WorkSpace\Esercizio5\usart\Core\Src\stm32f3xx_it.c
2023-05-17 18:41:24,139 [INFO] CodeEngine:255 - oldGeneratedFile, C:\Users\Utente\Desktop\CSD\Schedino\WorkSpace\Esercizio5\usart\Core\Inc\stm32f3xx_it.h_save
2023-05-17 18:41:24,369 [INFO] CodeEngine:279 - Generated code: C:\Users\Utente\Desktop\CSD\Schedino\WorkSpace\Esercizio5\usart\Core\Inc\stm32f3xx_it.h
2023-05-17 18:41:24,647 [INFO] CodeEngine:255 - oldGeneratedFile, C:\Users\Utente\Desktop\CSD\Schedino\WorkSpace\Esercizio5\usart\Core\Src\stm32f3xx_hal_msp.c_save
2023-05-17 18:41:25,030 [INFO] CodeEngine:279 - Generated code: C:\Users\Utente\Desktop\CSD\Schedino\WorkSpace\Esercizio5\usart\Core\Src\stm32f3xx_hal_msp.c
2023-05-17 18:41:25,039 [INFO] CodeEngine:255 - oldGeneratedFile, C:\Users\Utente\Desktop\CSD\Schedino\WorkSpace\Esercizio5\usart\MXTmpFiles\system.tmp_save
2023-05-17 18:41:25,314 [INFO] CodeEngine:279 - Generated code: C:\Users\Utente\Desktop\CSD\Schedino\WorkSpace\Esercizio5\usart\MXTmpFiles\system.tmp
2023-05-17 18:41:25,337 [INFO] CodeEngine:311 - oldGeneratedFile, C:\Users\Utente\Desktop\CSD\Schedino\WorkSpace\Esercizio5\usart\Core\Inc\stm32f3xx_hal_conf.h_save
2023-05-17 18:41:25,562 [INFO] CodeEngine:335 - Generated code: C:\Users\Utente\Desktop\CSD\Schedino\WorkSpace\Esercizio5\usart\Core\Inc\stm32f3xx_hal_conf.h
2023-05-17 18:41:25,659 [INFO] CodeEngine:255 - oldGeneratedFile, C:\Users\Utente\Desktop\CSD\Schedino\WorkSpace\Esercizio5\usart\Core\Inc\main.h_save
2023-05-17 18:41:25,918 [INFO] CodeEngine:279 - Generated code: C:\Users\Utente\Desktop\CSD\Schedino\WorkSpace\Esercizio5\usart\Core\Inc\main.h
2023-05-17 18:41:25,930 [INFO] CodeEngine:255 - oldGeneratedFile, C:\Users\Utente\Desktop\CSD\Schedino\WorkSpace\Esercizio5\usart\Core\Src\main.c_save
2023-05-17 18:41:26,281 [INFO] CodeEngine:279 - Generated code: C:\Users\Utente\Desktop\CSD\Schedino\WorkSpace\Esercizio5\usart\Core\Src\main.c
2023-05-17 18:41:27,791 [INFO] ProjectBuilder:2996 - Time for Copy HAL[1] : 226mS.
2023-05-17 18:41:27,815 [INFO] ProjectBuilder:4304 - Project Generator version: 3.19.2
2023-05-17 18:41:28,304 [INFO] ConfigFileManager:1483 - The Die is : DIE422
2023-05-17 18:41:28,324 [INFO] ApiDbMcu:507 - Load IP Config File for FATFS
2023-05-17 18:41:28,331 [INFO] ApiDbMcu:507 - Load IP Config File for FREERTOS
2023-05-17 18:41:28,396 [INFO] ApiDbMcu:507 - Load IP Config File for TOUCHSENSING
2023-05-17 18:41:28,404 [INFO] ApiDbMcu:507 - Load IP Config File for USB_DEVICE
2023-05-17 18:41:30,341 [INFO] LogOutputStream:77 - [STDOUT_REDIRECT] 
2023-05-17 18:41:36,869 [INFO] ProjectBuilder:4505 - Time for Generating toolchain IDE Files: 9055mS.
2023-05-17 18:41:36,875 [INFO] ProjectBuilder:2867 - Time for Copy CMSIS : 5mS.
2023-05-17 18:41:36,880 [INFO] ProjectBuilder:2867 - Time for Copy CMSIS : 0mS.
2023-05-17 18:41:37,934 [INFO] McuFinderGlobals:66 - Set McuFinderConnectedMode to true
2023-05-17 18:41:37,938 [INFO] ApiDb:448 - Save user favorites file C:\Users\Utente/.stm32cubeide/favorites.mcus.txt: 1 item(s)
2023-05-17 18:41:37,939 [INFO] ApiDb:452 - User favorites MCUs=[STM32F303VCT6]
2023-05-17 18:43:16,237 [INFO] Gpio:273 - dependency for GPIO []
2023-05-17 18:43:23,727 [INFO] NvicIntPanel:101 - NVIC parent = com.st.microxplorer.plugins.ip.nvic.MultiNvicIntPanel[,2,27,497x293,layout=javax.swing.BoxLayout,alignmentX=0.0,alignmentY=0.0,border=,flags=9,maximumSize=,minimumSize=,preferredSize=]
2023-05-17 18:43:25,022 [INFO] Gpio:273 - dependency for GPIO []
2023-05-17 18:45:26,879 [INFO] Gpio:273 - dependency for GPIO []
2023-05-17 18:48:21,779 [INFO] NvicIntPanel:101 - NVIC parent = com.st.microxplorer.plugins.ip.nvic.MultiNvicIntPanel[,0,0,0x0,invalid,layout=javax.swing.BoxLayout,alignmentX=0.0,alignmentY=0.0,border=,flags=9,maximumSize=,minimumSize=,preferredSize=]
2023-05-17 18:48:21,878 [INFO] NvicIntPanel:101 - NVIC parent = com.st.microxplorer.plugins.ip.nvic.MultiNvicIntPanel[,0,0,0x0,invalid,layout=javax.swing.BoxLayout,alignmentX=0.0,alignmentY=0.0,border=,flags=9,maximumSize=,minimumSize=,preferredSize=]
2023-05-17 18:49:54,972 [WARN] IP:2113 - AutoBaudRateEnableParam not found: check if there is a RefParameter without a condition.
2023-05-17 18:49:54,975 [WARN] IP:2113 - AutoBaudRateEnableParam not found: check if there is a RefParameter without a condition.
2023-05-17 18:49:54,976 [WARN] IP:2113 - AutoBaudRateEnableParam not found: check if there is a RefParameter without a condition.
2023-05-17 18:49:55,004 [WARN] IP:2113 - AutoBaudRateEnableParam not found: check if there is a RefParameter without a condition.
2023-05-17 18:49:55,006 [WARN] IP:2113 - AutoBaudRateEnableParam not found: check if there is a RefParameter without a condition.
2023-05-17 18:51:32,650 [WARN] IP:2113 - AutoBaudRateEnableParam not found: check if there is a RefParameter without a condition.
2023-05-17 18:51:32,650 [WARN] IP:2113 - AutoBaudRateEnableParam not found: check if there is a RefParameter without a condition.
2023-05-17 18:51:32,698 [WARN] IP:2113 - AutoBaudRateEnableParam not found: check if there is a RefParameter without a condition.
2023-05-17 18:51:32,713 [WARN] IP:2113 - AutoBaudRateEnableParam not found: check if there is a RefParameter without a condition.
2023-05-17 18:51:32,713 [WARN] IP:2113 - AutoBaudRateEnableParam not found: check if there is a RefParameter without a condition.
2023-05-17 18:51:39,140 [WARN] IP:2113 - AutoBaudRateEnableParam not found: check if there is a RefParameter without a condition.
2023-05-17 18:51:39,140 [WARN] IP:2113 - AutoBaudRateEnableParam not found: check if there is a RefParameter without a condition.
2023-05-17 18:51:39,172 [WARN] IP:2113 - AutoBaudRateEnableParam not found: check if there is a RefParameter without a condition.
2023-05-17 18:51:39,187 [WARN] IP:2113 - AutoBaudRateEnableParam not found: check if there is a RefParameter without a condition.
2023-05-17 18:51:43,348 [WARN] IP:2113 - AutoBaudRateEnableParam not found: check if there is a RefParameter without a condition.
2023-05-17 18:51:43,348 [WARN] IP:2113 - AutoBaudRateEnableParam not found: check if there is a RefParameter without a condition.
2023-05-17 18:51:43,364 [WARN] IP:2113 - AutoBaudRateEnableParam not found: check if there is a RefParameter without a condition.
2023-05-17 18:51:43,379 [WARN] IP:2113 - AutoBaudRateEnableParam not found: check if there is a RefParameter without a condition.
2023-05-17 18:52:23,582 [WARN] IP:2113 - AutoBaudRateEnableParam not found: check if there is a RefParameter without a condition.
2023-05-17 18:52:23,585 [WARN] IP:2113 - AutoBaudRateEnableParam not found: check if there is a RefParameter without a condition.
2023-05-17 18:52:23,585 [WARN] IP:2113 - AutoBaudRateEnableParam not found: check if there is a RefParameter without a condition.
2023-05-17 18:52:23,616 [WARN] IP:2113 - AutoBaudRateEnableParam not found: check if there is a RefParameter without a condition.
2023-05-17 18:52:23,617 [WARN] IP:2113 - AutoBaudRateEnableParam not found: check if there is a RefParameter without a condition.
2023-05-17 18:52:28,352 [WARN] IP:2113 - AutoBaudRateEnableParam not found: check if there is a RefParameter without a condition.
2023-05-17 18:53:09,523 [INFO] NvicIntPanel:101 - NVIC parent = com.st.microxplorer.plugins.ip.nvic.MultiNvicIntPanel[,0,0,553x149,layout=javax.swing.BoxLayout,alignmentX=0.0,alignmentY=0.0,border=,flags=9,maximumSize=,minimumSize=,preferredSize=]
2023-05-17 18:54:23,249 [INFO] UtilMem:75 - End SaveConfig() Used Memory: 605660808 Bytes (848297984)
2023-05-17 18:54:25,297 [INFO] UtilMem:75 - End SaveConfig() Used Memory: 678715224 Bytes (848297984)
2023-05-17 18:54:25,416 [INFO] UtilMem:75 - End SaveConfig() Used Memory: 709525320 Bytes (848297984)
2023-05-17 18:54:25,650 [INFO] BlockDiagram:2759 - set Specific Code input for plugin: RCC
2023-05-17 18:54:25,651 [INFO] BlockDiagram:2759 - set Specific Code input for plugin: NVIC
2023-05-17 18:54:25,651 [INFO] BlockDiagram:2759 - set Specific Code input for plugin: UART
2023-05-17 18:54:25,651 [INFO] BlockDiagram:2759 - set Specific Code input for plugin: GPIO
2023-05-17 18:54:25,652 [INFO] CodeGenerator:793 - code generatio: config db path: C:\ST\STM32CubeIDE_1.12.0\STM32CubeIDE\plugins\com.st.stm32cube.common.mx_6.8.0.202302231600\\db\
2023-05-17 18:54:25,662 [WARN] IP:2113 - AutoBaudRateEnableParam not found: check if there is a RefParameter without a condition.
2023-05-17 18:54:25,761 [INFO] CodeEngine:255 - oldGeneratedFile, C:\Users\Utente\Desktop\CSD\Schedino\WorkSpace\Esercizio5\usart\MXTmpFiles\license.tmp_save
2023-05-17 18:54:25,823 [INFO] CodeEngine:279 - Generated code: C:\Users\Utente\Desktop\CSD\Schedino\WorkSpace\Esercizio5\usart\MXTmpFiles\license.tmp
2023-05-17 18:54:25,868 [INFO] CodeEngine:255 - oldGeneratedFile, C:\Users\Utente\Desktop\CSD\Schedino\WorkSpace\Esercizio5\usart\MXTmpFiles\gpio.tmp_save
2023-05-17 18:54:25,952 [INFO] CodeEngine:279 - Generated code: C:\Users\Utente\Desktop\CSD\Schedino\WorkSpace\Esercizio5\usart\MXTmpFiles\gpio.tmp
2023-05-17 18:54:26,009 [INFO] CodeEngine:255 - oldGeneratedFile, C:\Users\Utente\Desktop\CSD\Schedino\WorkSpace\Esercizio5\usart\Core\Src\stm32f3xx_it.c_save
2023-05-17 18:54:26,107 [INFO] CodeEngine:279 - Generated code: C:\Users\Utente\Desktop\CSD\Schedino\WorkSpace\Esercizio5\usart\Core\Src\stm32f3xx_it.c
2023-05-17 18:54:26,115 [INFO] CodeEngine:255 - oldGeneratedFile, C:\Users\Utente\Desktop\CSD\Schedino\WorkSpace\Esercizio5\usart\Core\Inc\stm32f3xx_it.h_save
2023-05-17 18:54:26,171 [INFO] CodeEngine:279 - Generated code: C:\Users\Utente\Desktop\CSD\Schedino\WorkSpace\Esercizio5\usart\Core\Inc\stm32f3xx_it.h
2023-05-17 18:54:26,191 [INFO] CodeEngine:255 - oldGeneratedFile, C:\Users\Utente\Desktop\CSD\Schedino\WorkSpace\Esercizio5\usart\Core\Src\stm32f3xx_hal_msp.c_save
2023-05-17 18:54:26,280 [INFO] CodeEngine:279 - Generated code: C:\Users\Utente\Desktop\CSD\Schedino\WorkSpace\Esercizio5\usart\Core\Src\stm32f3xx_hal_msp.c
2023-05-17 18:54:26,286 [INFO] CodeEngine:255 - oldGeneratedFile, C:\Users\Utente\Desktop\CSD\Schedino\WorkSpace\Esercizio5\usart\MXTmpFiles\system.tmp_save
2023-05-17 18:54:26,331 [INFO] CodeEngine:279 - Generated code: C:\Users\Utente\Desktop\CSD\Schedino\WorkSpace\Esercizio5\usart\MXTmpFiles\system.tmp
2023-05-17 18:54:26,340 [INFO] CodeEngine:311 - oldGeneratedFile, C:\Users\Utente\Desktop\CSD\Schedino\WorkSpace\Esercizio5\usart\Core\Inc\stm32f3xx_hal_conf.h_save
2023-05-17 18:54:26,399 [INFO] CodeEngine:335 - Generated code: C:\Users\Utente\Desktop\CSD\Schedino\WorkSpace\Esercizio5\usart\Core\Inc\stm32f3xx_hal_conf.h
2023-05-17 18:54:26,431 [INFO] CodeEngine:255 - oldGeneratedFile, C:\Users\Utente\Desktop\CSD\Schedino\WorkSpace\Esercizio5\usart\Core\Inc\main.h_save
2023-05-17 18:54:26,506 [INFO] CodeEngine:279 - Generated code: C:\Users\Utente\Desktop\CSD\Schedino\WorkSpace\Esercizio5\usart\Core\Inc\main.h
2023-05-17 18:54:26,514 [INFO] CodeEngine:255 - oldGeneratedFile, C:\Users\Utente\Desktop\CSD\Schedino\WorkSpace\Esercizio5\usart\Core\Src\main.c_save
2023-05-17 18:54:26,602 [INFO] CodeEngine:279 - Generated code: C:\Users\Utente\Desktop\CSD\Schedino\WorkSpace\Esercizio5\usart\Core\Src\main.c
2023-05-17 18:54:27,161 [INFO] ProjectBuilder:2996 - Time for Copy HAL[1] : 149mS.
2023-05-17 18:54:27,166 [INFO] ProjectBuilder:4304 - Project Generator version: 3.19.2
2023-05-17 18:54:27,680 [INFO] ConfigFileManager:1483 - The Die is : DIE422
2023-05-17 18:54:29,362 [INFO] ProjectBuilder:4505 - Time for Generating toolchain IDE Files: 2197mS.
2023-05-17 18:54:29,363 [INFO] ProjectBuilder:2867 - Time for Copy CMSIS : 1mS.
2023-05-17 18:54:29,366 [INFO] ProjectBuilder:2867 - Time for Copy CMSIS : 0mS.
2023-05-17 19:08:06,834 [WARN] IP:2113 - AutoBaudRateEnableParam not found: check if there is a RefParameter without a condition.
2023-05-17 19:08:06,834 [WARN] IP:2113 - AutoBaudRateEnableParam not found: check if there is a RefParameter without a condition.
2023-05-17 19:08:06,849 [WARN] IP:2113 - AutoBaudRateEnableParam not found: check if there is a RefParameter without a condition.
2023-05-17 19:08:06,865 [WARN] IP:2113 - AutoBaudRateEnableParam not found: check if there is a RefParameter without a condition.
2023-05-17 19:08:32,475 [INFO] Gpio:273 - dependency for GPIO [UART4]
2023-05-17 19:08:38,854 [INFO] UtilMem:75 - End SaveConfig() Used Memory: 621664472 Bytes (887095296)
2023-05-17 19:08:40,202 [INFO] UtilMem:75 - End SaveConfig() Used Memory: 670646056 Bytes (887095296)
2023-05-17 19:08:40,305 [INFO] UtilMem:75 - End SaveConfig() Used Memory: 733560424 Bytes (887095296)
2023-05-17 19:08:40,594 [INFO] BlockDiagram:2759 - set Specific Code input for plugin: RCC
2023-05-17 19:08:40,594 [INFO] BlockDiagram:2759 - set Specific Code input for plugin: NVIC
2023-05-17 19:08:40,594 [INFO] BlockDiagram:2759 - set Specific Code input for plugin: UART
2023-05-17 19:08:40,594 [INFO] BlockDiagram:2759 - set Specific Code input for plugin: GPIO
2023-05-17 19:08:40,596 [INFO] CodeGenerator:793 - code generatio: config db path: C:\ST\STM32CubeIDE_1.12.0\STM32CubeIDE\plugins\com.st.stm32cube.common.mx_6.8.0.202302231600\\db\
2023-05-17 19:08:40,600 [WARN] IP:2113 - AutoBaudRateEnableParam not found: check if there is a RefParameter without a condition.
2023-05-17 19:08:40,843 [INFO] CodeEngine:255 - oldGeneratedFile, C:\Users\Utente\Desktop\CSD\Schedino\WorkSpace\Esercizio5\usart\MXTmpFiles\license.tmp_save
2023-05-17 19:08:41,030 [INFO] CodeEngine:279 - Generated code: C:\Users\Utente\Desktop\CSD\Schedino\WorkSpace\Esercizio5\usart\MXTmpFiles\license.tmp
2023-05-17 19:08:41,072 [INFO] CodeEngine:255 - oldGeneratedFile, C:\Users\Utente\Desktop\CSD\Schedino\WorkSpace\Esercizio5\usart\MXTmpFiles\gpio.tmp_save
2023-05-17 19:08:41,177 [INFO] CodeEngine:279 - Generated code: C:\Users\Utente\Desktop\CSD\Schedino\WorkSpace\Esercizio5\usart\MXTmpFiles\gpio.tmp
2023-05-17 19:08:41,232 [INFO] CodeEngine:255 - oldGeneratedFile, C:\Users\Utente\Desktop\CSD\Schedino\WorkSpace\Esercizio5\usart\Core\Src\stm32f3xx_it.c_save
2023-05-17 19:08:41,535 [INFO] CodeEngine:279 - Generated code: C:\Users\Utente\Desktop\CSD\Schedino\WorkSpace\Esercizio5\usart\Core\Src\stm32f3xx_it.c
2023-05-17 19:08:41,545 [INFO] CodeEngine:255 - oldGeneratedFile, C:\Users\Utente\Desktop\CSD\Schedino\WorkSpace\Esercizio5\usart\Core\Inc\stm32f3xx_it.h_save
2023-05-17 19:08:41,614 [INFO] CodeEngine:279 - Generated code: C:\Users\Utente\Desktop\CSD\Schedino\WorkSpace\Esercizio5\usart\Core\Inc\stm32f3xx_it.h
2023-05-17 19:08:41,645 [INFO] CodeEngine:255 - oldGeneratedFile, C:\Users\Utente\Desktop\CSD\Schedino\WorkSpace\Esercizio5\usart\Core\Src\stm32f3xx_hal_msp.c_save
2023-05-17 19:08:41,750 [INFO] CodeEngine:279 - Generated code: C:\Users\Utente\Desktop\CSD\Schedino\WorkSpace\Esercizio5\usart\Core\Src\stm32f3xx_hal_msp.c
2023-05-17 19:08:41,757 [INFO] CodeEngine:255 - oldGeneratedFile, C:\Users\Utente\Desktop\CSD\Schedino\WorkSpace\Esercizio5\usart\MXTmpFiles\system.tmp_save
2023-05-17 19:08:41,831 [INFO] CodeEngine:279 - Generated code: C:\Users\Utente\Desktop\CSD\Schedino\WorkSpace\Esercizio5\usart\MXTmpFiles\system.tmp
2023-05-17 19:08:41,848 [INFO] CodeEngine:311 - oldGeneratedFile, C:\Users\Utente\Desktop\CSD\Schedino\WorkSpace\Esercizio5\usart\Core\Inc\stm32f3xx_hal_conf.h_save
2023-05-17 19:08:41,901 [INFO] CodeEngine:335 - Generated code: C:\Users\Utente\Desktop\CSD\Schedino\WorkSpace\Esercizio5\usart\Core\Inc\stm32f3xx_hal_conf.h
2023-05-17 19:08:41,922 [INFO] CodeEngine:255 - oldGeneratedFile, C:\Users\Utente\Desktop\CSD\Schedino\WorkSpace\Esercizio5\usart\Core\Inc\main.h_save
2023-05-17 19:08:41,980 [INFO] CodeEngine:279 - Generated code: C:\Users\Utente\Desktop\CSD\Schedino\WorkSpace\Esercizio5\usart\Core\Inc\main.h
2023-05-17 19:08:41,990 [INFO] CodeEngine:255 - oldGeneratedFile, C:\Users\Utente\Desktop\CSD\Schedino\WorkSpace\Esercizio5\usart\Core\Src\main.c_save
2023-05-17 19:08:42,110 [INFO] CodeEngine:279 - Generated code: C:\Users\Utente\Desktop\CSD\Schedino\WorkSpace\Esercizio5\usart\Core\Src\main.c
2023-05-17 19:08:42,889 [INFO] ProjectBuilder:2996 - Time for Copy HAL[1] : 233mS.
2023-05-17 19:08:42,894 [INFO] ProjectBuilder:4304 - Project Generator version: 3.19.2
2023-05-17 19:08:43,305 [INFO] ConfigFileManager:1483 - The Die is : DIE422
2023-05-17 19:08:44,815 [INFO] ProjectBuilder:4505 - Time for Generating toolchain IDE Files: 1921mS.
2023-05-17 19:08:44,816 [INFO] ProjectBuilder:2867 - Time for Copy CMSIS : 1mS.
2023-05-17 19:08:44,820 [INFO] ProjectBuilder:2867 - Time for Copy CMSIS : 0mS.
