00000000                                     1  **************SottroProgramma:RICERCA_MIN**********************
00008700                                     2  			ORG		$8700
00008700  4E56 0000                          3  RICERCA_MIN		LINK 		A6,#0
00008704  226E 0004                          4  			MOVEA.L	offRtn(A6),A1
00008708  206E 000C                          5  			MOVEA.L	offMtr(A6),A0
0000870C  3C2E 000A                          6  			MOVE.W	offRg(A6),D6
00008710  3E2E 0008                          7  			MOVE.W	offCl(A6),D7
00008714                                     8  
00008714                                     9  ***************************LOGICA*********************
00008714                                    10  
00008714  3610                              11  			MOVE.W	(A0),D3
00008716  4240                              12  			CLR.W		D0
00008718  4241                              13  LOOPm		CLR.W		D1
0000871A  B670 1000                         14  LOOP2m		CMP.W	(A0,D1),D3
0000871E  6F00 0008                         15  			BLE		SKIPm
00008722  3630 1000                         16  			MOVE.W	(A0,D1),D3
00008726  3808                              17  			MOVE.W	A0,D4
00008728  5441                              18  SKIPm			ADD		#2,D1		
0000872A  B246                              19  			CMP		D6,D1
0000872C  66EC                              20  			BNE		LOOP2m
0000872E  D0C6                              21  			ADD		D6,A0
00008730  5440                              22  			ADD		#2,D0
00008732  B047                              23  			CMP		D7,D0
00008734  66E2                              24  			BNE		LOOPm
00008736                                    25  			
00008736                                    26  ***************************LOGICA*********************
00008736                                    27  
00008736  2D43 0010                         28  			MOVE.L	D3,offMin(A6)
0000873A  2D44 0014                         29  			MOVE.L	D4,offIndMin(A6)
0000873E  4240                              30  			CLR.W		D0
00008740  4241                              31  			CLR.W		D1
00008742  4242                              32  			CLR.W		D2
00008744  4243                              33  			CLR.W		D3
00008746  4244                              34  			CLR.W		D4
00008748  4245                              35  			CLR.W		D5
0000874A  4246                              36  			CLR.W		D6
0000874C  4247                              37  			CLR.W		D7
0000874E  4E5E                              38  			UNLK		A6
00008750  4E75                              39  			RTS
00008752                                    40  **************SottroProgramma:RICERCA_MAX**********************
00008800                                    41  			ORG		$8800
00008800  4E56 0000                         42  RICERCAMAX		LINK 		A6,#0
00008804  226E 0004                         43  			MOVEA.L	offRtn(A6),A1
00008808  206E 000C                         44  			MOVEA.L	offMtr(A6),A0
0000880C  3C2E 000A                         45  			MOVE.W	offRg(A6),D6
00008810  3E2E 0008                         46  			MOVE.W	offCl(A6),D7
00008814                                    47  
00008814                                    48  ***************************LOGICA*********************
00008814                                    49  
00008814  363C 0001                         50  			MOVE.W	#1,D3
00008818  4240                              51  			CLR.W		D0
0000881A  4241                              52  LOOPmx		CLR.W		D1
0000881C  B670 1000                         53  LOOP2mx		CMP.W	(A0,D1),D3
00008820  6C00 0008                         54  			BGE		SKIPmx
00008824  3630 1000                         55  			MOVE.W	(A0,D1),D3
00008828  3808                              56  			MOVE.W	A0,D4
0000882A  5441                              57  SKIPmx		ADD		#2,D1		
0000882C  B246                              58  			CMP		D6,D1
0000882E  66EC                              59  			BNE		LOOP2mx
00008830  D0C6                              60  			ADD		D6,A0
00008832  5440                              61  			ADD		#2,D0
00008834  B047                              62  			CMP		D7,D0
00008836  66E2                              63  			BNE		LOOPmx
00008838                                    64  			
00008838                                    65  ***************************LOGICA*********************
00008838                                    66  
00008838  2D43 0010                         67  			MOVE.L	D3,offMax(A6)
0000883C  2D44 0014                         68  			MOVE.L	D4,offIndMax(A6)
00008840  4240                              69  			CLR.W		D0
00008842  4241                              70  			CLR.W		D1
00008844  4242                              71  			CLR.W		D2
00008846  4243                              72  			CLR.W		D3
00008848  4244                              73  			CLR.W		D4
0000884A  4245                              74  			CLR.W		D5
0000884C  4246                              75  			CLR.W		D6
0000884E  4247                              76  			CLR.W		D7
00008850  4E5E                              77  			UNLK		A6
00008852  4E75                              78  			RTS
00008854                                    79  
00008854                                    80  **************SottroProgramma:SCAMBIA_RIGA**********************
00008900                                    81  			ORG		$8900
00008900  4E56 0000                         82  SCAMBIA_RIGA	LINK 		A6,#0
00008904  246E 0004                         83  			MOVEA.L	offRtn1(A6),A2
00008908  226E 0008                         84  			MOVEA.L	offM(A6),A1
0000890C  206E 000C                         85  			MOVEA.L	offminimo(A6),A0
00008910  382E 0010                         86  			MOVE.W	offcln(A6),D4
00008914                                    87  	
00008914                                    88  
00008914                                    89  
00008914                                    90  ***************************LOGICA*********************
00008914                                    91  
00008914  3211                              92  LOOP2			MOVE.W	(A1),D1  		
00008916  3010                              93  			MOVE.W	(A0),D0
00008918  32C0                              94  			MOVE.W	D0,(A1)+
0000891A  30C1                              95  			MOVE.W	D1,(A0)+
0000891C                                    96  
0000891C                                    97  ***************************LOGICA*********************			
0000891C  5544                              98  			SUBI		#2,D4
0000891E  66F4                              99  			BNE		LOOP2		
00008920  4E5E                             100  			UNLK		A6
00008922  4E75                             101  			RTS
00008924                                   102  
00008924                                   103  
00008924                                   104  
00008924                                   105  			
00008924                                   106  
00008924                                   107  
00008924                                   108  ***************************MAIN********************
00008924                                   109  		
00008500                                   110  			ORG		$8500
00008500  DFFC FFFFFFFC                    111  INIZIO			ADDA.L	#-4,SP
00008506  DFFC FFFFFFFC                    112  			ADDA.L	#-4,SP
0000850C  2F3C 00008000                    113  			MOVE.L	#MTR,-(SP)
00008512  3F39 00008014                    114  			MOVE.W	RG,-(SP)
00008518  3F39 00008012                    115  			MOVE.W	CL,-(SP)
0000851E  4EB9 00008700                    116  			JSR		RICERCA_MIN
00008524  DEFC 0008                        117  			ADDA		#8,SP
00008528  23DF 00008016                    118  			MOVE.L	(SP)+,MIN
0000852E  23DF 0000801A                    119  			MOVE.L	(SP)+,INDMIN
00008534  DFFC FFFFFFFC                    120  			ADDA.L	#-4,SP
0000853A  DFFC FFFFFFFC                    121  			ADDA.L	#-4,SP
00008540  2F3C 00008000                    122  			MOVE.L	#MTR,-(SP)
00008546  3F39 00008014                    123  			MOVE.W	RG,-(SP)
0000854C  3F39 00008012                    124  			MOVE.W	CL,-(SP)
00008552  4EB9 00008800                    125  			JSR		RICERCAMAX
00008558  DEFC 0008                        126  			ADDA		#8,SP
0000855C  23DF 0000801E                    127  			MOVE.L	(SP)+,MAX
00008562  23DF 00008022                    128  			MOVE.L	(SP)+,INDMAX
00008568                                   129  
00008568                                   130  			
00008568  3F39 00008012                    131  			MOVE.W	CL,-(SP)
0000856E  2F39 0000801A                    132  			MOVE.L	INDMIN,-(SP)
00008574  2F39 00008022                    133  			MOVE.L	INDMAX,-(SP)
0000857A                                   134  		
0000857A                                   135  			
0000857A  4EB9 00008900                    136  			JSR		SCAMBIA_RIGA
00008580                                   137  
00008580  DEFC 000A                        138  			ADDA		#10,SP
00008584  4EF9 00008584                    139  STOP			JMP		STOP	
0000858A                                   140  
0000858A                                   141  
0000858A                                   142  			
0000858A                                   143  			
0000858A                                   144  
0000858A                                   145  ***************************AREA   DATI********************
0000858A                                   146  		
00008000                                   147  			ORG		$8000
00008000                                   148  
00008000  000B 0002 0037                   149  MTR			DC.W		11,2,55
00008006  0004 0001 0021                   150  			DC.W		4,1,33
0000800C  0006 0005 0003                   151  			DC.W		6,5,3
00008012                                   152  		
00008012  =00000002                        153  DIM_S			EQU		2
00008012  =00000006                        154  M			EQU		DIM_S*3
00008012  =00000006                        155  M1			EQU		DIM_S*3
00008012  0006                             156  CL			DC.W		M
00008014  0006                             157  RG			DC.W		M1
00008016                                   158  MIN			DS.L		1
0000801A                                   159  INDMIN		DS.L		1
0000801E                                   160  MAX			DS.L		1
00008022                                   161  INDMAX		DS.L		1
00008026                                   162  
00008026                                   163  ***OFFSET _RICERCA_MAX_AND_MIN
00008026                                   164  
00008026  =00000004                        165  offRtn			EQU		4
00008026  =00000008                        166  offCl			EQU		8
00008026  =0000000A                        167  offRg			EQU		10
00008026  =0000000C                        168  offMtr			EQU		12
00008026  =00000010                        169  offMin			EQU		16
00008026  =00000010                        170  offMax			EQU		16
00008026  =00000014                        171  offIndMin		EQU		20
00008026  =00000014                        172  offIndMax		EQU		20
00008026                                   173  
00008026                                   174  ***OFFSET SCAMBIA_RIGA
00008026  =00000004                        175  offRtn1			EQU		4
00008026  =00000008                        176  offM			EQU		8
00008026  =0000000C                        177  offminimo		EQU		12
00008026  =00000010                        178  offcln			EQU		16		
00008026                                   179  			END		INIZIO	

No errors detected
No warnings generated
