16:27:57 **** Incremental Build of configuration Debug for project Master ****
make -j8 all 
arm-none-eabi-gcc "../Core/Src/main.c" -mcpu=cortex-m4 -std=gnu11 -g3 -DDEBUG -DUSE_HAL_DRIVER -DSTM32F303xC -c -I../Core/Inc -I../Drivers/STM32F3xx_HAL_Driver/Inc/Legacy -I../Drivers/STM32F3xx_HAL_Driver/Inc -I../Drivers/CMSIS/Device/ST/STM32F3xx/Include -I../Drivers/CMSIS/Include -O0 -ffunction-sections -fdata-sections -Wall -fstack-usage -fcyclomatic-complexity -MMD -MP -MF"Core/Src/main.d" -MT"Core/Src/main.o" --specs=nano.specs -mfpu=fpv4-sp-d16 -mfloat-abi=hard -mthumb -o "Core/Src/main.o"
In file included from ../Core/Src/main.c:24:
../Core/Src/../LIBR/pid/pid.h:93: warning: ignoring '#pragma diag_suppress ' [-Wunknown-pragmas]
   93 |  #pragma diag_suppress 177     /* Disable 'unused function' warning */
      | 
../Core/Src/main.c:125:12: warning: data definition has no type or storage class
  125 | int modo=0;StatoC=0;
      |            ^~~~~~
../Core/Src/main.c:125:12: warning: type defaults to 'int' in declaration of 'StatoC' [-Wimplicit-int]
../Core/Src/main.c: In function 'HAL_GPIO_EXTI_Callback':
../Core/Src/main.c:130:69: warning: passing argument 1 of 'strlen' makes pointer from integer without a cast [-Wint-conversion]
  130 |                         HAL_UART_Transmit(&huart1, &StartRx, strlen(StartRx), HAL_MAX_DELAY);
      |                                                                     ^~~~~~~
      |                                                                     |
      |                                                                     char
In file included from ../Core/Src/main.c:22:
c:\st\stm32cubeide_1.12.0\stm32cubeide\plugins\com.st.stm32cube.ide.mcu.externaltools.gnu-tools-for-stm32.10.3-2021.10.win32_1.0.200.202301161003\tools\arm-none-eabi\include\string.h:41:17: note: expected 'const char *' but argument is of type 'char'
   41 | size_t  strlen (const char *);
      |                 ^~~~~~~~~~~~
../Core/Src/main.c:130:52: warning: pointer targets in passing argument 2 of 'HAL_UART_Transmit' differ in signedness [-Wpointer-sign]
  130 |                         HAL_UART_Transmit(&huart1, &StartRx, strlen(StartRx), HAL_MAX_DELAY);
      |                                                    ^~~~~~~~
      |                                                    |
      |                                                    char *
In file included from ../Core/Inc/stm32f3xx_hal_conf.h:327,
                 from ../Drivers/STM32F3xx_HAL_Driver/Inc/stm32f3xx_hal.h:29,
                 from ../Core/Inc/main.h:30,
                 from ../Core/Src/main.c:20:
../Drivers/STM32F3xx_HAL_Driver/Inc/stm32f3xx_hal_uart.h:1486:79: note: expected 'const uint8_t *' {aka 'const unsigned char *'} but argument is of type 'char *'
 1486 | HAL_StatusTypeDef HAL_UART_Transmit(UART_HandleTypeDef *huart, const uint8_t *pData, uint16_t Size, uint32_t Timeout);
      |                                                                ~~~~~~~~~~~~~~~^~~~~
../Core/Src/main.c:131:69: warning: passing argument 1 of 'strlen' makes pointer from integer without a cast [-Wint-conversion]
  131 |                         HAL_UART_Transmit(&huart2, &StartRx, strlen(StartRx), HAL_MAX_DELAY);
      |                                                                     ^~~~~~~
      |                                                                     |
      |                                                                     char
In file included from ../Core/Src/main.c:22:
c:\st\stm32cubeide_1.12.0\stm32cubeide\plugins\com.st.stm32cube.ide.mcu.externaltools.gnu-tools-for-stm32.10.3-2021.10.win32_1.0.200.202301161003\tools\arm-none-eabi\include\string.h:41:17: note: expected 'const char *' but argument is of type 'char'
   41 | size_t  strlen (const char *);
      |                 ^~~~~~~~~~~~
../Core/Src/main.c:131:52: warning: pointer targets in passing argument 2 of 'HAL_UART_Transmit' differ in signedness [-Wpointer-sign]
  131 |                         HAL_UART_Transmit(&huart2, &StartRx, strlen(StartRx), HAL_MAX_DELAY);
      |                                                    ^~~~~~~~
      |                                                    |
      |                                                    char *
In file included from ../Core/Inc/stm32f3xx_hal_conf.h:327,
                 from ../Drivers/STM32F3xx_HAL_Driver/Inc/stm32f3xx_hal.h:29,
                 from ../Core/Inc/main.h:30,
                 from ../Core/Src/main.c:20:
../Drivers/STM32F3xx_HAL_Driver/Inc/stm32f3xx_hal_uart.h:1486:79: note: expected 'const uint8_t *' {aka 'const unsigned char *'} but argument is of type 'char *'
 1486 | HAL_StatusTypeDef HAL_UART_Transmit(UART_HandleTypeDef *huart, const uint8_t *pData, uint16_t Size, uint32_t Timeout);
      |                                                                ~~~~~~~~~~~~~~~^~~~~
../Core/Src/main.c: In function 'HAL_UART_RxCpltCallback':
../Core/Src/main.c:190:24: warning: passing argument 1 of 'CutString' from incompatible pointer type [-Wincompatible-pointer-types]
  190 |        valS0=CutString(&rx_buffer);
      |                        ^~~~~~~~~~
      |                        |
      |                        uint8_t (*)[50] {aka unsigned char (*)[50]}
In file included from ../Core/Src/main.c:23:
../Core/Src/../LIBR/Metodi/ManageStr.h:25:27: note: expected 'char *' but argument is of type 'uint8_t (*)[50]' {aka 'unsigned char (*)[50]'}
   25 | Stringa_TypeDef CutString(char*);
      |                           ^~~~~
../Core/Src/main.c:205:33: warning: passing argument 1 of 'CutString' from incompatible pointer type [-Wincompatible-pointer-types]
  205 |                 valS1=CutString(&rx_buffer1);
      |                                 ^~~~~~~~~~~
      |                                 |
      |                                 uint8_t (*)[50] {aka unsigned char (*)[50]}
In file included from ../Core/Src/main.c:23:
../Core/Src/../LIBR/Metodi/ManageStr.h:25:27: note: expected 'char *' but argument is of type 'uint8_t (*)[50]' {aka 'unsigned char (*)[50]'}
   25 | Stringa_TypeDef CutString(char*);
      |                           ^~~~~
../Core/Src/main.c:220:50: warning: passing argument 1 of 'AdaptSetPoint' from incompatible pointer type [-Wincompatible-pointer-types]
  220 |                       TempSetpoint=AdaptSetPoint(&rx_buffer2);
      |                                                  ^~~~~~~~~~~
      |                                                  |
      |                                                  uint8_t (*)[50] {aka unsigned char (*)[50]}
In file included from ../Core/Src/main.c:23:
../Core/Src/../LIBR/Metodi/ManageStr.h:26:21: note: expected 'char *' but argument is of type 'uint8_t (*)[50]' {aka 'unsigned char (*)[50]'}
   26 | float AdaptSetPoint(char*);
      |                     ^~~~~
../Core/Src/main.c: In function 'main':
../Core/Src/main.c:336:3: warning: implicit declaration of function 'gcvt' [-Wimplicit-function-declaration]
  336 |   gcvt(Temp, sizeof(Temp), bufferT);
      |   ^~~~
../Core/Src/main.c:290:7: warning: variable 'servomotor_angle' set but not used [-Wunused-but-set-variable]
  290 |   int servomotor_angle=0;
      |       ^~~~~~~~~~~~~~~~
arm-none-eabi-gcc -o "Master.elf" @"objects.list"   -mcpu=cortex-m4 -T"C:\Users\Utente\Desktop\CSD\Schedino\WorkSpace\Progetto\Master\Master1.0\Master\STM32F303VCTX_FLASH.ld" --specs=nosys.specs -Wl,-Map="Master.map" -Wl,--gc-sections -static --specs=nano.specs -mfpu=fpv4-sp-d16 -mfloat-abi=hard -mthumb -Wl,--start-group -lc -lm -Wl,--end-group
Finished building target: Master.elf
 
arm-none-eabi-size   Master.elf 
arm-none-eabi-objdump -h -S  Master.elf  > "Master.list"
   text	   data	    bss	    dec	    hex	filename
  42864	    492	   2320	  45676	   b26c	Master.elf
Finished building: default.size.stdout
 
Finished building: Master.list
 
16:28:51 **** Incremental Build of configuration Debug for project Master ****
make -j8 all 
arm-none-eabi-size   Master.elf 
   text	   data	    bss	    dec	    hex	filename
  42864	    492	   2320	  45676	   b26c	Master.elf
Finished building: default.size.stdout
 
16:32:37 **** Incremental Build of configuration Debug for project Master ****
make -j8 all 
arm-none-eabi-gcc "../Core/Src/main.c" -mcpu=cortex-m4 -std=gnu11 -g3 -DDEBUG -DUSE_HAL_DRIVER -DSTM32F303xC -c -I../Core/Inc -I../Drivers/STM32F3xx_HAL_Driver/Inc/Legacy -I../Drivers/STM32F3xx_HAL_Driver/Inc -I../Drivers/CMSIS/Device/ST/STM32F3xx/Include -I../Drivers/CMSIS/Include -O0 -ffunction-sections -fdata-sections -Wall -fstack-usage -fcyclomatic-complexity -MMD -MP -MF"Core/Src/main.d" -MT"Core/Src/main.o" --specs=nano.specs -mfpu=fpv4-sp-d16 -mfloat-abi=hard -mthumb -o "Core/Src/main.o"
In file included from ../Core/Src/main.c:24:
../Core/Src/../LIBR/pid/pid.h:93: warning: ignoring '#pragma diag_suppress ' [-Wunknown-pragmas]
   93 |  #pragma diag_suppress 177     /* Disable 'unused function' warning */
      | 
../Core/Src/main.c:125:12: warning: data definition has no type or storage class
  125 | int modo=0;StatoC=0;
      |            ^~~~~~
../Core/Src/main.c:125:12: warning: type defaults to 'int' in declaration of 'StatoC' [-Wimplicit-int]
../Core/Src/main.c: In function 'HAL_GPIO_EXTI_Callback':
../Core/Src/main.c:130:69: warning: passing argument 1 of 'strlen' makes pointer from integer without a cast [-Wint-conversion]
  130 |                         HAL_UART_Transmit(&huart1, &StartRx, strlen(StartRx), HAL_MAX_DELAY);
      |                                                                     ^~~~~~~
      |                                                                     |
      |                                                                     char
In file included from ../Core/Src/main.c:22:
c:\st\stm32cubeide_1.12.0\stm32cubeide\plugins\com.st.stm32cube.ide.mcu.externaltools.gnu-tools-for-stm32.10.3-2021.10.win32_1.0.200.202301161003\tools\arm-none-eabi\include\string.h:41:17: note: expected 'const char *' but argument is of type 'char'
   41 | size_t  strlen (const char *);
      |                 ^~~~~~~~~~~~
../Core/Src/main.c:130:52: warning: pointer targets in passing argument 2 of 'HAL_UART_Transmit' differ in signedness [-Wpointer-sign]
  130 |                         HAL_UART_Transmit(&huart1, &StartRx, strlen(StartRx), HAL_MAX_DELAY);
      |                                                    ^~~~~~~~
      |                                                    |
      |                                                    char *
In file included from ../Core/Inc/stm32f3xx_hal_conf.h:327,
                 from ../Drivers/STM32F3xx_HAL_Driver/Inc/stm32f3xx_hal.h:29,
                 from ../Core/Inc/main.h:30,
                 from ../Core/Src/main.c:20:
../Drivers/STM32F3xx_HAL_Driver/Inc/stm32f3xx_hal_uart.h:1486:79: note: expected 'const uint8_t *' {aka 'const unsigned char *'} but argument is of type 'char *'
 1486 | HAL_StatusTypeDef HAL_UART_Transmit(UART_HandleTypeDef *huart, const uint8_t *pData, uint16_t Size, uint32_t Timeout);
      |                                                                ~~~~~~~~~~~~~~~^~~~~
../Core/Src/main.c:131:69: warning: passing argument 1 of 'strlen' makes pointer from integer without a cast [-Wint-conversion]
  131 |                         HAL_UART_Transmit(&huart2, &StartRx, strlen(StartRx), HAL_MAX_DELAY);
      |                                                                     ^~~~~~~
      |                                                                     |
      |                                                                     char
In file included from ../Core/Src/main.c:22:
c:\st\stm32cubeide_1.12.0\stm32cubeide\plugins\com.st.stm32cube.ide.mcu.externaltools.gnu-tools-for-stm32.10.3-2021.10.win32_1.0.200.202301161003\tools\arm-none-eabi\include\string.h:41:17: note: expected 'const char *' but argument is of type 'char'
   41 | size_t  strlen (const char *);
      |                 ^~~~~~~~~~~~
../Core/Src/main.c:131:52: warning: pointer targets in passing argument 2 of 'HAL_UART_Transmit' differ in signedness [-Wpointer-sign]
  131 |                         HAL_UART_Transmit(&huart2, &StartRx, strlen(StartRx), HAL_MAX_DELAY);
      |                                                    ^~~~~~~~
      |                                                    |
      |                                                    char *
In file included from ../Core/Inc/stm32f3xx_hal_conf.h:327,
                 from ../Drivers/STM32F3xx_HAL_Driver/Inc/stm32f3xx_hal.h:29,
                 from ../Core/Inc/main.h:30,
                 from ../Core/Src/main.c:20:
../Drivers/STM32F3xx_HAL_Driver/Inc/stm32f3xx_hal_uart.h:1486:79: note: expected 'const uint8_t *' {aka 'const unsigned char *'} but argument is of type 'char *'
 1486 | HAL_StatusTypeDef HAL_UART_Transmit(UART_HandleTypeDef *huart, const uint8_t *pData, uint16_t Size, uint32_t Timeout);
      |                                                                ~~~~~~~~~~~~~~~^~~~~
../Core/Src/main.c: In function 'HAL_UART_RxCpltCallback':
../Core/Src/main.c:190:24: warning: passing argument 1 of 'CutString' from incompatible pointer type [-Wincompatible-pointer-types]
  190 |        valS0=CutString(&rx_buffer);
      |                        ^~~~~~~~~~
      |                        |
      |                        uint8_t (*)[50] {aka unsigned char (*)[50]}
In file included from ../Core/Src/main.c:23:
../Core/Src/../LIBR/Metodi/ManageStr.h:25:27: note: expected 'char *' but argument is of type 'uint8_t (*)[50]' {aka 'unsigned char (*)[50]'}
   25 | Stringa_TypeDef CutString(char*);
      |                           ^~~~~
../Core/Src/main.c:205:33: warning: passing argument 1 of 'CutString' from incompatible pointer type [-Wincompatible-pointer-types]
  205 |                 valS1=CutString(&rx_buffer1);
      |                                 ^~~~~~~~~~~
      |                                 |
      |                                 uint8_t (*)[50] {aka unsigned char (*)[50]}
In file included from ../Core/Src/main.c:23:
../Core/Src/../LIBR/Metodi/ManageStr.h:25:27: note: expected 'char *' but argument is of type 'uint8_t (*)[50]' {aka 'unsigned char (*)[50]'}
   25 | Stringa_TypeDef CutString(char*);
      |                           ^~~~~
../Core/Src/main.c:220:50: warning: passing argument 1 of 'AdaptSetPoint' from incompatible pointer type [-Wincompatible-pointer-types]
  220 |                       TempSetpoint=AdaptSetPoint(&rx_buffer2);
      |                                                  ^~~~~~~~~~~
      |                                                  |
      |                                                  uint8_t (*)[50] {aka unsigned char (*)[50]}
In file included from ../Core/Src/main.c:23:
../Core/Src/../LIBR/Metodi/ManageStr.h:26:21: note: expected 'char *' but argument is of type 'uint8_t (*)[50]' {aka 'unsigned char (*)[50]'}
   26 | float AdaptSetPoint(char*);
      |                     ^~~~~
../Core/Src/main.c: In function 'main':
../Core/Src/main.c:336:3: warning: implicit declaration of function 'gcvt' [-Wimplicit-function-declaration]
  336 |   gcvt(Temp, sizeof(Temp), bufferT);
      |   ^~~~
../Core/Src/main.c:290:7: warning: variable 'servomotor_angle' set but not used [-Wunused-but-set-variable]
  290 |   int servomotor_angle=0;
      |       ^~~~~~~~~~~~~~~~
arm-none-eabi-gcc -o "Master.elf" @"objects.list"   -mcpu=cortex-m4 -T"C:\Users\Utente\Desktop\CSD\Schedino\WorkSpace\Progetto\Master\Master1.0\Master\STM32F303VCTX_FLASH.ld" --specs=nosys.specs -Wl,-Map="Master.map" -Wl,--gc-sections -static --specs=nano.specs -mfpu=fpv4-sp-d16 -mfloat-abi=hard -mthumb -Wl,--start-group -lc -lm -Wl,--end-group
Finished building target: Master.elf
 
arm-none-eabi-size   Master.elf 
arm-none-eabi-objdump -h -S  Master.elf  > "Master.list"
   text	   data	    bss	    dec	    hex	filename
  42864	    492	   2320	  45676	   b26c	Master.elf
Finished building: default.size.stdout
 
Finished building: Master.list
 
16:35:57 **** Incremental Build of configuration Debug for project Master ****
make -j8 all 
arm-none-eabi-gcc "../Core/Src/main.c" -mcpu=cortex-m4 -std=gnu11 -g3 -DDEBUG -DUSE_HAL_DRIVER -DSTM32F303xC -c -I../Core/Inc -I../Drivers/STM32F3xx_HAL_Driver/Inc/Legacy -I../Drivers/STM32F3xx_HAL_Driver/Inc -I../Drivers/CMSIS/Device/ST/STM32F3xx/Include -I../Drivers/CMSIS/Include -O0 -ffunction-sections -fdata-sections -Wall -fstack-usage -fcyclomatic-complexity -MMD -MP -MF"Core/Src/main.d" -MT"Core/Src/main.o" --specs=nano.specs -mfpu=fpv4-sp-d16 -mfloat-abi=hard -mthumb -o "Core/Src/main.o"
In file included from ../Core/Src/main.c:24:
../Core/Src/../LIBR/pid/pid.h:93: warning: ignoring '#pragma diag_suppress ' [-Wunknown-pragmas]
   93 |  #pragma diag_suppress 177     /* Disable 'unused function' warning */
      | 
../Core/Src/main.c:125:12: warning: data definition has no type or storage class
  125 | int modo=0;StatoC=0;
      |            ^~~~~~
../Core/Src/main.c:125:12: warning: type defaults to 'int' in declaration of 'StatoC' [-Wimplicit-int]
../Core/Src/main.c: In function 'HAL_GPIO_EXTI_Callback':
../Core/Src/main.c:130:69: warning: passing argument 1 of 'strlen' makes pointer from integer without a cast [-Wint-conversion]
  130 |                         HAL_UART_Transmit(&huart1, &StartRx, strlen(StartRx), HAL_MAX_DELAY);
      |                                                                     ^~~~~~~
      |                                                                     |
      |                                                                     char
In file included from ../Core/Src/main.c:22:
c:\st\stm32cubeide_1.12.0\stm32cubeide\plugins\com.st.stm32cube.ide.mcu.externaltools.gnu-tools-for-stm32.10.3-2021.10.win32_1.0.200.202301161003\tools\arm-none-eabi\include\string.h:41:17: note: expected 'const char *' but argument is of type 'char'
   41 | size_t  strlen (const char *);
      |                 ^~~~~~~~~~~~
../Core/Src/main.c:130:52: warning: pointer targets in passing argument 2 of 'HAL_UART_Transmit' differ in signedness [-Wpointer-sign]
  130 |                         HAL_UART_Transmit(&huart1, &StartRx, strlen(StartRx), HAL_MAX_DELAY);
      |                                                    ^~~~~~~~
      |                                                    |
      |                                                    char *
In file included from ../Core/Inc/stm32f3xx_hal_conf.h:327,
                 from ../Drivers/STM32F3xx_HAL_Driver/Inc/stm32f3xx_hal.h:29,
                 from ../Core/Inc/main.h:30,
                 from ../Core/Src/main.c:20:
../Drivers/STM32F3xx_HAL_Driver/Inc/stm32f3xx_hal_uart.h:1486:79: note: expected 'const uint8_t *' {aka 'const unsigned char *'} but argument is of type 'char *'
 1486 | HAL_StatusTypeDef HAL_UART_Transmit(UART_HandleTypeDef *huart, const uint8_t *pData, uint16_t Size, uint32_t Timeout);
      |                                                                ~~~~~~~~~~~~~~~^~~~~
../Core/Src/main.c:131:69: warning: passing argument 1 of 'strlen' makes pointer from integer without a cast [-Wint-conversion]
  131 |                         HAL_UART_Transmit(&huart2, &StartRx, strlen(StartRx), HAL_MAX_DELAY);
      |                                                                     ^~~~~~~
      |                                                                     |
      |                                                                     char
In file included from ../Core/Src/main.c:22:
c:\st\stm32cubeide_1.12.0\stm32cubeide\plugins\com.st.stm32cube.ide.mcu.externaltools.gnu-tools-for-stm32.10.3-2021.10.win32_1.0.200.202301161003\tools\arm-none-eabi\include\string.h:41:17: note: expected 'const char *' but argument is of type 'char'
   41 | size_t  strlen (const char *);
      |                 ^~~~~~~~~~~~
../Core/Src/main.c:131:52: warning: pointer targets in passing argument 2 of 'HAL_UART_Transmit' differ in signedness [-Wpointer-sign]
  131 |                         HAL_UART_Transmit(&huart2, &StartRx, strlen(StartRx), HAL_MAX_DELAY);
      |                                                    ^~~~~~~~
      |                                                    |
      |                                                    char *
In file included from ../Core/Inc/stm32f3xx_hal_conf.h:327,
                 from ../Drivers/STM32F3xx_HAL_Driver/Inc/stm32f3xx_hal.h:29,
                 from ../Core/Inc/main.h:30,
                 from ../Core/Src/main.c:20:
../Drivers/STM32F3xx_HAL_Driver/Inc/stm32f3xx_hal_uart.h:1486:79: note: expected 'const uint8_t *' {aka 'const unsigned char *'} but argument is of type 'char *'
 1486 | HAL_StatusTypeDef HAL_UART_Transmit(UART_HandleTypeDef *huart, const uint8_t *pData, uint16_t Size, uint32_t Timeout);
      |                                                                ~~~~~~~~~~~~~~~^~~~~
../Core/Src/main.c: In function 'HAL_UART_RxCpltCallback':
../Core/Src/main.c:190:24: warning: passing argument 1 of 'CutString' from incompatible pointer type [-Wincompatible-pointer-types]
  190 |        valS0=CutString(&rx_buffer);
      |                        ^~~~~~~~~~
      |                        |
      |                        uint8_t (*)[50] {aka unsigned char (*)[50]}
In file included from ../Core/Src/main.c:23:
../Core/Src/../LIBR/Metodi/ManageStr.h:25:27: note: expected 'char *' but argument is of type 'uint8_t (*)[50]' {aka 'unsigned char (*)[50]'}
   25 | Stringa_TypeDef CutString(char*);
      |                           ^~~~~
../Core/Src/main.c:205:33: warning: passing argument 1 of 'CutString' from incompatible pointer type [-Wincompatible-pointer-types]
  205 |                 valS1=CutString(&rx_buffer1);
      |                                 ^~~~~~~~~~~
      |                                 |
      |                                 uint8_t (*)[50] {aka unsigned char (*)[50]}
In file included from ../Core/Src/main.c:23:
../Core/Src/../LIBR/Metodi/ManageStr.h:25:27: note: expected 'char *' but argument is of type 'uint8_t (*)[50]' {aka 'unsigned char (*)[50]'}
   25 | Stringa_TypeDef CutString(char*);
      |                           ^~~~~
../Core/Src/main.c: In function 'main':
../Core/Src/main.c:336:3: warning: implicit declaration of function 'gcvt' [-Wimplicit-function-declaration]
  336 |   gcvt(Temp, sizeof(Temp), bufferT);
      |   ^~~~
../Core/Src/main.c:290:7: warning: variable 'servomotor_angle' set but not used [-Wunused-but-set-variable]
  290 |   int servomotor_angle=0;
      |       ^~~~~~~~~~~~~~~~
arm-none-eabi-gcc -o "Master.elf" @"objects.list"   -mcpu=cortex-m4 -T"C:\Users\Utente\Desktop\CSD\Schedino\WorkSpace\Progetto\Master\Master1.0\Master\STM32F303VCTX_FLASH.ld" --specs=nosys.specs -Wl,-Map="Master.map" -Wl,--gc-sections -static --specs=nano.specs -mfpu=fpv4-sp-d16 -mfloat-abi=hard -mthumb -Wl,--start-group -lc -lm -Wl,--end-group
Finished building target: Master.elf
 
arm-none-eabi-size   Master.elf 
arm-none-eabi-objdump -h -S  Master.elf  > "Master.list"
   text	   data	    bss	    dec	    hex	filename
  42744	    504	   2312	  45560	   b1f8	Master.elf
Finished building: default.size.stdout
 
Finished building: Master.list
 
18:54:46 **** Build of configuration Debug for project Master ****
make -j8 all 
arm-none-eabi-size   Master.elf 
   text	   data	    bss	    dec	    hex	filename
  42744	    504	   2312	  45560	   b1f8	Master.elf
Finished building: default.size.stdout
 
18:59:48 **** Incremental Build of configuration Debug for project Master ****
make -j8 all 
arm-none-eabi-size   Master.elf 
   text	   data	    bss	    dec	    hex	filename
  42744	    504	   2312	  45560	   b1f8	Master.elf
Finished building: default.size.stdout
 
19:01:02 **** Incremental Build of configuration Debug for project Master ****
make -j8 all 
arm-none-eabi-size   Master.elf 
   text	   data	    bss	    dec	    hex	filename
  42744	    504	   2312	  45560	   b1f8	Master.elf
Finished building: default.size.stdout
 
